lora_mac-INFO-  2021-08-06 11:54:39,063-Init MAC
lora_phy-INFO-  2021-08-06 11:54:39,063-Init PHY
lora_phy-INFO-  2021-08-06 11:54:39,073-PHY TX:mac pause
lora_phy-INFO-  2021-08-06 11:54:39,089-PHY TX:radio set freq 868100000
lora_phy-INFO-  2021-08-06 11:54:39,104-PHY TX:radio set wdt 0
lora_phy-INFO-  2021-08-06 11:54:39,112-PHY TX:radio rx 0
main-DEBUG-  2021-08-06 11:54:40,538-[0: INFO: Main      ] Starting Contiki-NG-develop/v4.7-24-gf18a6e752-dirty
main-DEBUG-  2021-08-06 11:54:40,539-[0: INFO: Main      ] - Routing: RPL Lite
main-DEBUG-  2021-08-06 11:54:40,541-[0: INFO: Main      ] - Net: sicslowpan
main-DEBUG-  2021-08-06 11:54:40,542-[0: INFO: Main      ] - MAC: CSMA
main-DEBUG-  2021-08-06 11:54:40,544-[0: INFO: Main      ] - 802.15.4 PANID: 0xabcd
main-DEBUG-  2021-08-06 11:54:40,558-[0: INFO: Main      ] - 802.15.4 Default channel: 26
main-DEBUG-  2021-08-06 11:54:40,560-[0: INFO: Main      ] Node ID: 24859
main-DEBUG-  2021-08-06 11:54:40,569-[0: INFO: Main      ] Link-layer address: 0012.4b00.060d.611b
main-DEBUG-  2021-08-06 11:54:40,571-[0: INFO: Interface ] Welcome to LoRaMAC interface !
main-DEBUG-  2021-08-06 11:54:40,577-[0: INFO: Interface ] Init LoRaMAC Interface
main-DEBUG-  2021-08-06 11:54:40,578-[0: INFO: Interface ] Welcome !
main-DEBUG-  2021-08-06 11:54:40,580-[0: INFO: RPL       ] initializing
main-DEBUG-  2021-08-06 11:54:40,581-[0: INFO: Main      ] Tentative link-local IPv6 address: fe80::212:4b00:60d:611b
main-DEBUG-  2021-08-06 11:54:40,582-[0: INFO: Zoul      ] Zolertia RE-Mote revision B platform
main-DEBUG-  2021-08-06 11:54:40,880-[0: INFO: App       ] Welcome server
main-DEBUG-  2021-08-06 11:54:51,469-[11: INFO: Interface ] Button pushed
main-DEBUG-  2021-08-06 11:54:51,471-[11: INFO: LoRa MAC  ] Start LoRaMAC RPL root
main-DEBUG-  2021-08-06 11:54:51,474-[11: DBG : LoRa MAC  ] initial state: 0
main-DEBUG-  2021-08-06 11:54:51,475-[11: INFO: LoRa PHY  ] Init LoRa PHY
main-DEBUG-  2021-08-06 11:54:51,476-[11: DBG : LoRa PHY  ] log 1
main-DEBUG-  2021-08-06 11:54:51,476-[11: DBG : LoRa PHY  ] log 2
main-DEBUG-  2021-08-06 11:54:51,490-[11: DBG : LoRa PHY  ] log 3
main-DEBUG-  2021-08-06 11:54:51,490-[11: DBG : LoRa PHY  ] enter UART_TX
main-DEBUG-  2021-08-06 11:54:51,492-[11: DBG : LoRa PHY  ] append { cmd:mac pause resp: [4294967245, none] }[11: DBG : LoRa PHY  ]  to UART TX buffer
main-DEBUG-  2021-08-06 11:54:51,492-[11: DBG : LoRa PHY  ] enter UART_TX
main-DEBUG-  2021-08-06 11:54:51,512-[11: DBG : LoRa PHY  ] append { cmd:radio set freq  resp: [ok, none] }[11: DBG : LoRa PHY  ]  to UART TX buffer
main-DEBUG-  2021-08-06 11:54:51,512-[11: DBG : LoRa PHY  ] enter UART_TX
main-DEBUG-  2021-08-06 11:54:51,514-[11: DBG : LoRa PHY  ] append { cmd:radio set wdt  resp: [ok, none] }[11: DBG : LoRa PHY  ]  to UART TX buffer
main-DEBUG-  2021-08-06 11:54:51,533-[11: DBG : LoRa PHY  ] enter UART_TX
main-DEBUG-  2021-08-06 11:54:51,535-[11: DBG : LoRa PHY  ] with lora frame: {src:27:24859 dest:1:0 k:0 seq:0 next:0 cmd:0 data:
main-DEBUG-  2021-08-06 11:54:51,536-[11: DBG : LoRa PHY  ] append { cmd:radio tx  resp: [radio_tx_ok, radio_err] }[11: DBG : LoRa PHY  ]  to UART TX buffer
main-DEBUG-  2021-08-06 11:54:51,557-[11: DBG : LoRa PHY  ] enter UART_TX
main-DEBUG-  2021-08-06 11:54:51,558-[11: DBG : LoRa PHY  ] append { cmd:radio set wdt  resp: [ok, none] }[11: DBG : LoRa PHY  ]  to UART TX buffer
main-DEBUG-  2021-08-06 11:54:51,559-[11: DBG : LoRa PHY  ] enter UART_TX
main-DEBUG-  2021-08-06 11:54:51,579-[11: DBG : LoRa PHY  ] append { cmd:radio rx  resp: [radio_err, radio_rx] }[11: DBG : LoRa PHY  ]  to UART TX buffer
main-DEBUG-  2021-08-06 11:54:51,579-[11: DBG : LoRa MAC  ] SET retransmit timer
main-DEBUG-  2021-08-06 11:54:51,580-[11: DBG : LoRa MAC  ] initialization complete
main-DEBUG-  2021-08-06 11:54:51,581-[11: DBG : LoRa PHY  ] log 4
main-DEBUG-  2021-08-06 11:54:51,583-[11: DBG : LoRa PHY  ] log 5
main-DEBUG-  2021-08-06 11:54:51,583-[11: DBG : LoRa PHY  ] log 6
main-DEBUG-  2021-08-06 11:54:51,584-[11: DBG : LoRa PHY  ] log 7
main-DEBUG-  2021-08-06 11:54:51,601-[11: DBG : LoRa PHY  ] log 8
main-DEBUG-  2021-08-06 11:54:51,601-[11: DBG : LoRa PHY  ] log 9
main-DEBUG-  2021-08-06 11:54:51,602-[11: DBG : LoRa PHY  ] log 10
main-DEBUG-  2021-08-06 11:54:51,602-[11: DBG : LoRa PHY  ] log 11
main-DEBUG-  2021-08-06 11:54:51,602-[11: DBG : LoRa PHY  ] log 11
main-DEBUG-  2021-08-06 11:54:51,602-[11: DBG : LoRa PHY  ] log 12
main-DEBUG-  2021-08-06 11:54:51,603-[11: DBG : LoRa PHY  ] log 13
main-DEBUG-  2021-08-06 11:54:51,603-[11: DBG : LoRa PHY  ] log 14
main-DEBUG-  2021-08-06 11:54:51,623-[11: DBG : LoRa PHY  ] log 15
main-DEBUG-  2021-08-06 11:54:51,623-[11: DBG : LoRa PHY  ] will call write UART
main-DEBUG-  2021-08-06 11:54:51,624-[11: INFO: LoRa PHY  ] PHY TX:mac pause
main-DEBUG-  2021-08-06 11:54:51,626-[11: DBG : LoRa PHY  ] phy tx done
main-DEBUG-  2021-08-06 11:54:51,626-[11: DBG : LoRa PHY  ] write uart call ended
main-DEBUG-  2021-08-06 11:54:51,627-[11: DBG : LoRa PHY  ] wait can send
main-DEBUG-  2021-08-06 11:54:51,646-[11: DBG :[11: DBG : LoRa PHY  ] UART response:4294967245
main-DEBUG-  2021-08-06 11:54:51,646-[11: DBG : LoRa PHY  ] compare response with:4294967245
main-DEBUG-  2021-08-06 11:54:51,647-[11: DBG : LoRa PHY  ]  expected !
main-DEBUG-  2021-08-06 11:54:51,647-
LoRa PHY  ] wait can send
main-DEBUG-  2021-08-06 11:54:51,647-[11: DBG : LoRa PHY  ] wait can send
main-DEBUG-  2021-08-06 11:54:51,667-[11: DBG : LoRa PHY  ] wait can send
main-DEBUG-  2021-08-06 11:54:51,668-[11: DBG : LoRa PHY  ] wait can send
main-DEBUG-  2021-08-06 11:54:51,669-[11: DBG : LoRa PHY  ] wait can send
main-DEBUG-  2021-08-06 11:54:51,669-[11: DBG : LoRa PHY  ] can send !
main-DEBUG-  2021-08-06 11:54:51,670-[11: DBG : LoRa PHY  ] log 1
main-DEBUG-  2021-08-06 11:54:51,671-[11: DBG : LoRa PHY  ] log 2
main-DEBUG-  2021-08-06 11:54:51,672-[11: DBG : LoRa PHY  ] log 4
main-DEBUG-  2021-08-06 11:54:51,674-[11: DBG : LoRa PHY  ] log 5
main-DEBUG-  2021-08-06 11:54:51,691-[11: DBG : LoRa PHY  ] log 6
main-DEBUG-  2021-08-06 11:54:51,692-[11: DBG : LoRa PHY  ] log 7
main-DEBUG-  2021-08-06 11:54:51,694-[11: DBG : LoRa PHY  ] log 8
main-DEBUG-  2021-08-06 11:54:51,697-[11: DBG : LoRa PHY  ] log 9
main-DEBUG-  2021-08-06 11:54:51,700-[11: DBG : LoRa PHY  ] log 10
main-DEBUG-  2021-08-06 11:54:51,703-[11: DBG : LoRa PHY  ] log 11
main-DEBUG-  2021-08-06 11:54:51,705-[11: DBG : LoRa PHY  ] log 11
main-DEBUG-  2021-08-06 11:54:51,707-[11: DBG : LoRa PHY  ] log 12
main-DEBUG-  2021-08-06 11:54:51,708-[11: DBG : LoRa PHY  ] log 13
main-DEBUG-  2021-08-06 11:54:51,710-[11: DBG : LoRa PHY  ] log 14
main-DEBUG-  2021-08-06 11:54:51,713-[11: DBG : LoRa PHY  ] log 15
main-DEBUG-  2021-08-06 11:54:51,714-[11: DBG : LoRa PHY  ] will call write UART
main-DEBUG-  2021-08-06 11:54:51,722-[11: INFO: LoRa PHY  ] PHY TX:radio set freq 868100000
main-DEBUG-  2021-08-06 11:54:51,723-[11: DBG : LoRa PHY  ] phy tx done
main-DEBUG-  2021-08-06 11:54:51,724-[11: DBG : LoRa PHY  ] write uart call ended
main-DEBUG-  2021-08-06 11:54:51,725-[11: DBG : LoRa PHY  ] wait can send
main-DEBUG-  2021-08-06 11:54:51,742-[11: DBG : LoRa PHY  ] UART response:ok
main-DEBUG-  2021-08-06 11:54:51,744-[11: DBG : LoRa PHY  ] compare response with:ok
main-DEBUG-  2021-08-06 11:54:51,746-[11: DBG : LoRa PHY  ]  expected !
main-DEBUG-  2021-08-06 11:54:51,747-[11: DBG : LoRa PHY  ] wait can send
main-DEBUG-  2021-08-06 11:54:51,749-[11: DBG : LoRa PHY  ] can send !
main-DEBUG-  2021-08-06 11:54:51,751-[11: DBG : LoRa PHY  ] log 1
main-DEBUG-  2021-08-06 11:54:51,764-[11: DBG : LoRa PHY  ] log 2
main-DEBUG-  2021-08-06 11:54:51,764-[11: DBG : LoRa PHY  ] log 4
main-DEBUG-  2021-08-06 11:54:51,765-[11: DBG : LoRa PHY  ] log 5
main-DEBUG-  2021-08-06 11:54:51,766-[11: DBG : LoRa PHY  ] log 6
main-DEBUG-  2021-08-06 11:54:51,767-[11: DBG : LoRa PHY  ] log 7
main-DEBUG-  2021-08-06 11:54:51,769-[11: DBG : LoRa PHY  ] log 8
main-DEBUG-  2021-08-06 11:54:51,770-[11: DBG : LoRa PHY  ] log 9
main-DEBUG-  2021-08-06 11:54:51,770-[11: DBG : LoRa PHY  ] log 10
main-DEBUG-  2021-08-06 11:54:51,787-[11: DBG : LoRa PHY  ] log 11
main-DEBUG-  2021-08-06 11:54:51,787-[11: DBG : LoRa PHY  ] log 11
main-DEBUG-  2021-08-06 11:54:51,787-[11: DBG : LoRa PHY  ] log 12
main-DEBUG-  2021-08-06 11:54:51,788-[11: DBG : LoRa PHY  ] log 13
main-DEBUG-  2021-08-06 11:54:51,790-[11: DBG : LoRa PHY  ] log 19
main-DEBUG-  2021-08-06 11:54:51,791-[11: DBG : LoRa PHY  ] log 20
main-DEBUG-  2021-08-06 11:54:51,792-[11: DBG : LoRa PHY  ] will call write UART
main-DEBUG-  2021-08-06 11:54:51,809-[11: INFO: LoRa PHY  ] PHY TX:radio set wdt 0
main-DEBUG-  2021-08-06 11:54:51,809-[11: DBG : LoRa PHY  ] phy tx done
main-DEBUG-  2021-08-06 11:54:51,810-[11: DBG : LoRa PHY  ] wri[11: DBG : LoRa PHY  ] UART response:ok
main-DEBUG-  2021-08-06 11:54:51,810-[11: DBG : LoRa PHY  ] compare response with:ok
main-DEBUG-  2021-08-06 11:54:51,811-[11: DBG : LoRa PHY  ]  expected !
main-DEBUG-  2021-08-06 11:54:51,811-
e uart call ended
main-DEBUG-  2021-08-06 11:54:51,831-[11: DBG : LoRa PHY  ] wait can send
main-DEBUG-  2021-08-06 11:54:51,831-[11: DBG : LoRa PHY  ] can send !
main-DEBUG-  2021-08-06 11:54:51,832-[11: DBG : LoRa PHY  ] log 1
main-DEBUG-  2021-08-06 11:54:51,833-[11: DBG : LoRa PHY  ] log 2
main-DEBUG-  2021-08-06 11:54:51,834-[11: DBG : LoRa PHY  ] log 4
main-DEBUG-  2021-08-06 11:54:51,835-[11: DBG : LoRa PHY  ] log 5
main-DEBUG-  2021-08-06 11:54:51,836-[11: DBG : LoRa PHY  ] log 6
main-DEBUG-  2021-08-06 11:54:51,837-[11: DBG : LoRa PHY  ] log 7
main-DEBUG-  2021-08-06 11:54:51,853-[11: DBG : LoRa PHY  ] log 8
main-DEBUG-  2021-08-06 11:54:51,854-[11: DBG : LoRa PHY  ] log 9
main-DEBUG-  2021-08-06 11:54:51,855-[11: DBG : LoRa PHY  ] log 10
main-DEBUG-  2021-08-06 11:54:51,856-[11: DBG : LoRa PHY  ] log 11
main-DEBUG-  2021-08-06 11:54:51,857-[11: DBG : LoRa PHY  ] log 11
main-DEBUG-  2021-08-06 11:54:51,859-[11: DBG : LoRa PHY  ] log 12
main-DEBUG-  2021-08-06 11:54:51,860-[11: DBG : LoRa PHY  ] log 13
main-DEBUG-  2021-08-06 11:54:51,875-[11: DBG : LoRa PHY  ] log 16
main-DEBUG-  2021-08-06 11:54:51,875-[11: DBG : LoRa PHY  ] log 17
main-DEBUG-  2021-08-06 11:54:51,877-[11: DBG : LoRa PHY  ] to frame receive: {src:27:24859 dest:1:0 k:0 seq:0 next:0 cmd:0 data:
main-DEBUG-  2021-08-06 11:54:51,877-[11: DBG : LoRa PHY  ]
main-DEBUG-  2021-08-06 11:54:51,878-[11: DBG : LoRa PHY  ] src.prefix: 27
main-DEBUG-  2021-08-06 11:54:51,878-[11: DBG : LoRa PHY  ] src addr: 1B611B
main-DEBUG-  2021-08-06 11:54:51,898-[11: DBG : LoRa PHY  ] dest addr: 010000
main-DEBUG-  2021-08-06 11:54:51,898-[11: DBG : LoRa PHY  ] flags and command:00
main-DEBUG-  2021-08-06 11:54:51,899-[11: DBG : LoRa PHY  ] SN:00
main-DEBUG-  2021-08-06 11:54:51,899-[11: DBG : LoRa PHY  ] TO HEX frame: 1B611B0100000000
main-DEBUG-  2021-08-06 11:54:51,901-[11: DBG : LoRa PHY  ] log 18
main-DEBUG-  2021-08-06 11:54:51,901-[11: DBG : LoRa PHY  ] will call write UART
main-DEBUG-  2021-08-06 11:54:51,903-[11: INFO: LoRa PHY  ] PHY TX:radio tx 1B611B0100000000
main-DEBUG-  2021-08-06 11:54:51,923-[11: DBG : LoRa PHY  ] phy tx done
main-DEBUG-  2021-08-06 11:54:51,924-[11: DBG : LoRa PHY  ] write uart call ended
main-DEBUG-  2021-08-06 11:54:51,924-[11: DBG : LoRa PHY  ] UART response:ok
main-DEBUG-  2021-08-06 11:54:51,925-[11: DBG : LoRa PHY  ] compare response with:radio_tx_ok
main-DEBUG-  2021-08-06 11:54:51,925-[11: DBG : LoRa PHY  ] compare response with:radio_err
main-DEBUG-  2021-08-06 11:54:52,926-[12: DBG : LoRa PHY  ] UART response:radio_tx_ok
main-DEBUG-  2021-08-06 11:54:52,928-[12: DBG : LoRa PHY  ] compare response with:radio_tx_ok
main-DEBUG-  2021-08-06 11:54:52,930-[12: DBG : LoRa PHY  ]  expected !
main-DEBUG-  2021-08-06 11:54:52,931-[13: DBG : LoRa PHY  ] wait can send
main-DEBUG-  2021-08-06 11:54:52,932-[13: DBG : LoRa PHY  ] can send !
lora_phy-INFO-  2021-08-06 11:54:52,936-PHY RX:1B611B0100000000
lora_mac-DEBUG-  2021-08-06 11:54:52,936-RX process receive
lora_mac-DEBUG-  2021-08-06 11:54:52,936-RX process set is_listen=False
lora_mac-DEBUG-  2021-08-06 11:54:52,937-RX process: call mac_rx
lora_mac-DEBUG-  2021-08-06 11:54:52,937-MAC RX: LoraFrame(src_addr=LoraAddr(prefix=27, node_id=24859), dest_addr=LoraAddr(prefix=1, node_id=0), command=<MacCommand.JOIN: 0>, payload='', seq=0, k=False, has_next=False)
lora_mac-DEBUG-  2021-08-06 11:54:52,937-look child with prefix: 27
lora_mac-DEBUG-  2021-08-06 11:54:52,937-child is: None
lora_mac-INFO-  2021-08-06 11:54:52,937-reveive join frame LoraFrame(src_addr=LoraAddr(prefix=27, node_id=24859), dest_addr=LoraAddr(prefix=1, node_id=0), command=<MacCommand.JOIN: 0>, payload='', seq=0, k=False, has_next=False)
lora_mac-DEBUG-  2021-08-06 11:54:52,937-new child Child(2:24859) created
lora_mac-DEBUG-  2021-08-06 11:54:52,938-send join response
lora_phy-INFO-  2021-08-06 11:54:52,938-MAC send:LoraFrame(src_addr=LoraAddr(prefix=1, node_id=0), dest_addr=LoraAddr(prefix=27, node_id=24859), command=<MacCommand.JOIN_RESPONSE: 1>, payload='02', seq=0, k=False, has_next=False)
lora_mac-DEBUG-  2021-08-06 11:54:52,938-RX process: mac_rx end
lora_phy-INFO-  2021-08-06 11:54:52,938-PHY TX:radio tx 0100001B611B010002
lora_mac-DEBUG-  2021-08-06 11:54:52,938-RX process acquire lock for can_listen
lora_mac-DEBUG-  2021-08-06 11:54:52,939-can listen: True
lora_mac-DEBUG-  2021-08-06 11:54:52,939-is_listen: False
main-DEBUG-  2021-08-06 11:54:52,947-[13: DBG : LoRa PHY  ] log 1
main-DEBUG-  2021-08-06 11:54:52,948-[13: DBG : LoRa PHY  ] log 2
main-DEBUG-  2021-08-06 11:54:52,949-[13: DBG : LoRa PHY  ] log 4
main-DEBUG-  2021-08-06 11:54:52,950-[13: DBG : LoRa PHY  ] log 5
main-DEBUG-  2021-08-06 11:54:52,951-[13: DBG : LoRa PHY  ] log 6
main-DEBUG-  2021-08-06 11:54:52,951-[13: DBG : LoRa PHY  ] log 7
main-DEBUG-  2021-08-06 11:54:52,952-[13: DBG : LoRa PHY  ] log 8
main-DEBUG-  2021-08-06 11:54:52,952-[13: DBG : LoRa PHY  ] log 9
main-DEBUG-  2021-08-06 11:54:52,970-[13: DBG : LoRa PHY  ] log 10
main-DEBUG-  2021-08-06 11:54:52,973-[13: DBG : LoRa PHY  ] log 11
main-DEBUG-  2021-08-06 11:54:52,974-[13: DBG : LoRa PHY  ] log 11
main-DEBUG-  2021-08-06 11:54:52,975-[13: DBG : LoRa PHY  ] log 12
main-DEBUG-  2021-08-06 11:54:52,976-[13: DBG : LoRa PHY  ] log 13
main-DEBUG-  2021-08-06 11:54:52,977-[13: DBG : LoRa PHY  ] log 19
main-DEBUG-  2021-08-06 11:54:52,978-[13: DBG : LoRa PHY  ] log 20
main-DEBUG-  2021-08-06 11:54:52,979-[13: DBG : LoRa PHY  ] will call write UART
main-DEBUG-  2021-08-06 11:54:52,993-[13: INFO: LoRa PHY  ] PHY TX:radio set wdt 3000
main-DEBUG-  2021-08-06 11:54:52,993-[13: DBG : LoRa PHY  ] phy tx done
main-DEBUG-  2021-08-06 11:54:52,994-[13: DBG : LoRa PHY  ] write uart call ended
main-DEBUG-  2021-08-06 11:54:52,994-[13: DBG : LoRa PHY  ] UART response:ok
main-DEBUG-  2021-08-06 11:54:52,995-[13: DBG : LoRa PHY  ] compare response with:ok
main-DEBUG-  2021-08-06 11:54:53,014-[13: DBG : LoRa PHY  ]  expected !
main-DEBUG-  2021-08-06 11:54:53,015-[13: DBG : LoRa PHY  ] wait can send
main-DEBUG-  2021-08-06 11:54:53,015-[13: DBG : LoRa PHY  ] can send !
main-DEBUG-  2021-08-06 11:54:53,016-[13: DBG : LoRa PHY  ] log 1
main-DEBUG-  2021-08-06 11:54:53,017-[13: DBG : LoRa PHY  ] log 2
main-DEBUG-  2021-08-06 11:54:53,017-[13: DBG : LoRa PHY  ] log 4
main-DEBUG-  2021-08-06 11:54:53,017-[13: DBG : LoRa PHY  ] log 5
main-DEBUG-  2021-08-06 11:54:53,018-[13: DBG : LoRa PHY  ] log 6
main-DEBUG-  2021-08-06 11:54:53,037-[13: DBG : LoRa PHY  ] log 7
main-DEBUG-  2021-08-06 11:54:53,037-[13: DBG : LoRa PHY  ] log 8
main-DEBUG-  2021-08-06 11:54:53,038-[13: DBG : LoRa PHY  ] log 9
main-DEBUG-  2021-08-06 11:54:53,038-[13: DBG : LoRa PHY  ] log 10
main-DEBUG-  2021-08-06 11:54:53,039-[13: DBG : LoRa PHY  ] log 11
main-DEBUG-  2021-08-06 11:54:53,040-[13: DBG : LoRa PHY  ] log 11
main-DEBUG-  2021-08-06 11:54:53,041-[13: DBG : LoRa PHY  ] log 12
main-DEBUG-  2021-08-06 11:54:53,042-[13: DBG : LoRa PHY  ] log 13
main-DEBUG-  2021-08-06 11:54:53,060-[13: DBG : LoRa PHY  ] log 14
main-DEBUG-  2021-08-06 11:54:53,061-[13: DBG : LoRa PHY  ] log 15
main-DEBUG-  2021-08-06 11:54:53,062-[13: DBG : LoRa PHY  ] will call write UART
main-DEBUG-  2021-08-06 11:54:53,064-[13: INFO: LoRa PHY  ] PHY TX:radio rx 0
main-DEBUG-  2021-08-06 11:54:53,064-[13: DBG : LoRa PHY  ] phy tx done
main-DEBUG-  2021-08-06 11:54:53,071-[13: DBG : LoRa PHY  ] write u[13: DBG : LoRa PHY  ] UART response:ok
main-DEBUG-  2021-08-06 11:54:53,072-[13: DBG : LoRa PHY  ] compare response with:radio_err
main-DEBUG-  2021-08-06 11:54:53,074-[13: DBG : LoRa PHY  ] compare response with:radio_rx
main-DEBUG-  2021-08-06 11:54:53,075-
rt call ended
lora_phy-INFO-  2021-08-06 11:54:53,945-PHY TX:radio rx 0
main-DEBUG-  2021-08-06 11:54:54,000-[14: DBG : LoRa PHY  ] UART response:radio_rx  0100001B611B010002
main-DEBUG-  2021-08-06 11:54:54,002-[14: DBG : LoRa PHY  ] compare response with:radio_err
main-DEBUG-  2021-08-06 11:54:54,002-[14: DBG : LoRa PHY  ] compare response with:radio_rx
main-DEBUG-  2021-08-06 11:54:54,002-[14: DBG : LoRa PHY  ] created frame a LoRa frame
main-DEBUG-  2021-08-06 11:54:54,022-[14: INFO: LoRa PHY  ] PHY RX:0100001B611B010002
main-DEBUG-  2021-08-06 11:54:54,023-[14: INFO: LoRa MAC  ] RX LoRa frame: {src:1:0 dest:27:24859 k:0 seq:0 next:0 cmd:1 data:02
main-DEBUG-  2021-08-06 11:54:54,023-[14: DBG : LoRa MAC  ] JOIN RESPONSE
main-DEBUG-  2021-08-06 11:54:54,025-[14: DBG : LoRa MAC  ] state = READY
main-DEBUG-  2021-08-06 11:54:54,026-[14: DBG : LoRa MAC  ] STOP retransmit timer
main-DEBUG-  2021-08-06 11:54:54,044-[14: INFO: LoRa MAC  ] Lora Root joined
main-DEBUG-  2021-08-06 11:54:54,045-[14: INFO: LoRa MAC  ] Node addr: 2:24859
main-DEBUG-  2021-08-06 11:54:54,046-[14: DBG : LoRa MAC  ] START TX_PROCESS
main-DEBUG-  2021-08-06 11:54:54,047-[14: DBG : LoRa MAC  ] MAC_TX process started
main-DEBUG-  2021-08-06 11:54:54,048-[14: DBG : LoRa MAC  ] SET query timer
main-DEBUG-  2021-08-06 11:54:54,066-[14: DBG : LoRa PHY  ]  expected !
main-DEBUG-  2021-08-06 11:54:54,067-[14: DBG : LoRa PHY  ] wait can send
main-DEBUG-  2021-08-06 11:54:54,069-[14: INFO: Interface ] RECEIVE LORAMAC JOINED EVENT !
main-DEBUG-  2021-08-06 11:54:54,069-[14: INFO: Interface ] PREFIX: 2
main-DEBUG-  2021-08-06 11:54:54,071-[14: INFO: RPL       ] IPv6 addresses:
main-DEBUG-  2021-08-06 11:54:54,073-[14: INFO: RPL       ] -- fd00::200:212:4b00:60d:611b
main-DEBUG-  2021-08-06 11:54:54,089-[14: INFO: RPL       ] -- fe80::212:4b00:60d:611b
main-DEBUG-  2021-08-06 11:54:54,090-[14: INFO: RPL       ] reset DIO timer (Init root)
main-DEBUG-  2021-08-06 11:54:54,091-[14: INFO: RPL       ] created DAG with instance ID 0, DAG ID fd00::200:212:4b00:60d:611b, rank 128
main-DEBUG-  2021-08-06 11:54:54,092-[14: INFO: RPL       ] created a new RPL DAG
main-DEBUG-  2021-08-06 11:54:54,105-[14: DBG : LoRa PHY  ] wait can send
main-DEBUG-  2021-08-06 11:54:54,106-[14: DBG : LoRa PHY  ] wait can send
main-DEBUG-  2021-08-06 11:54:54,106-[14: DBG : LoRa PHY  ] can send !
main-DEBUG-  2021-08-06 11:54:54,106-[14: DBG : LoRa PHY  ] log 1
main-DEBUG-  2021-08-06 11:54:54,107-[14: DBG : LoRa PHY  ] log 2
main-DEBUG-  2021-08-06 11:54:54,107-[14: DBG : LoRa PHY  ] log 3
main-DEBUG-  2021-08-06 11:54:56,562-[16: INFO: RPL       ] sending a multicast-DIO with rank 128 to ff02::1a
main-DEBUG-  2021-08-06 11:54:59,850-[19: INFO: RPL       ] received a unicast-DIO from fe80::212:4b00:60d:b1f8, instance_id 0, DAG ID fd00::200:212:4b00:60d:611b, version 240, dtsn 240, rank 65535
main-DEBUG-  2021-08-06 11:55:03,091-[23: INFO: RPL       ] received a unicast-DIO from fe80::212:4b00:60d:b1f8, instance_id 0, DAG ID fd00::200:212:4b00:60d:611b, version 240, dtsn 240, rank 65535
main-DEBUG-  2021-08-06 11:55:03,999-[24: INFO: LoRa MAC  ] Query timeout !
main-DEBUG-  2021-08-06 11:55:04,000-[24: DBG : LoRa MAC  ] STOP query timer thanks to query_timeout
main-DEBUG-  2021-08-06 11:55:04,002-[24: DBG : LoRa MAC  ] query frame built
main-DEBUG-  2021-08-06 11:55:04,020-[24: DBG : LoRa MAC  ] Enter enqueue_packet with frame: {src:2:24859 dest:1:0 k:0 seq:1 next:0 cmd:6 data:
main-DEBUG-  2021-08-06 11:55:04,022-[24: INFO: LoRa MAC  ] YOOOOOO 1
main-DEBUG-  2021-08-06 11:55:04,023-[24: INFO: LoRa MAC  ] YOOOOOO 2
main-DEBUG-  2021-08-06 11:55:04,025-[24: DBG : LoRa MAC  ] append to buffer
main-DEBUG-  2021-08-06 11:55:04,027-[24: INFO: LoRa MAC  ] YOOOOOO 3
main-DEBUG-  2021-08-06 11:55:04,029-[24: DBG : LoRa MAC  ] post new_tx_frame_event to TX_PROCESS
main-DEBUG-  2021-08-06 11:55:04,042-[24: INFO: LoRa MAC  ] YOOOOOO 4
main-DEBUG-  2021-08-06 11:55:04,043-[24: DBG : LoRa MAC  ] frame from buffer: {src:2:24859 dest:1:0 k:0 seq:1 next:0 cmd:6 data:
main-DEBUG-  2021-08-06 11:55:04,044-[24: DBG : LoRa MAC  ] buffer size: 0
main-DEBUG-  2021-08-06 11:55:04,045-[24: DBG : LoRa PHY  ] enter UART_TX
main-DEBUG-  2021-08-06 11:55:04,066-[24: DBG : LoRa PHY  ] append { cmd:radio set wdt  resp: [ok, none] }[24: DBG : LoRa PHY  ]  to UART TX buffer
main-DEBUG-  2021-08-06 11:55:04,066-[24: DBG : LoRa PHY  ] enter UART_TX
main-DEBUG-  2021-08-06 11:55:04,067-[24: DBG : LoRa PHY  ] with lora frame: {src:2:24859 dest:1:0 k:0 seq:1 next:0 cmd:6 data:
main-DEBUG-  2021-08-06 11:55:04,088-[24: DBG : LoRa PHY  ] append { cmd:radio tx  resp: [radio_tx_ok, radio_err] }[24: DBG : LoRa PHY  ]  to UART TX buffer
main-DEBUG-  2021-08-06 11:55:04,088-[24: DBG : LoRa MAC  ] frame sended to PHY layer
main-DEBUG-  2021-08-06 11:55:04,089-[24: DBG : LoRa MAC  ] START retransmit timer in mac_tx process
main-DEBUG-  2021-08-06 11:55:04,090-[24: DBG : LoRa MAC  ] Listen during 3 s
main-DEBUG-  2021-08-06 11:55:04,090-[24: DBG : LoRa PHY  ] enter UART_TX
main-DEBUG-  2021-08-06 11:55:04,110-[24: DBG : LoRa PHY  ] append { cmd:radio set wdt  resp: [ok, none] }[24: DBG : LoRa PHY  ]  to UART TX buffer
main-DEBUG-  2021-08-06 11:55:04,111-[24: DBG : LoRa PHY  ] enter UART_TX
main-DEBUG-  2021-08-06 11:55:04,131-[24: DBG : LoRa PHY  ] append { cmd:radio rx  resp: [radio_err, radio_rx] }[24: DBG : LoRa PHY  ]  to UART TX buffer
main-DEBUG-  2021-08-06 11:55:04,132-[24: DBG : LoRa MAC  ] wait state change to READY
main-DEBUG-  2021-08-06 11:55:04,134-[24: DBG : LoRa PHY  ] log 4
main-DEBUG-  2021-08-06 11:55:04,135-[24: DBG : LoRa PHY  ] log 5
main-DEBUG-  2021-08-06 11:55:04,135-[24: DBG : LoRa PHY  ] log 6
main-DEBUG-  2021-08-06 11:55:04,136-[24: DBG : LoRa PHY  ] log 7
main-DEBUG-  2021-08-06 11:55:04,136-[24: DBG : LoRa PHY  ] log 8
main-DEBUG-  2021-08-06 11:55:04,137-[24: DBG : LoRa PHY  ] log 9
main-DEBUG-  2021-08-06 11:55:04,155-[24: DBG : LoRa PHY  ] log 10
main-DEBUG-  2021-08-06 11:55:04,155-[24: DBG : LoRa PHY  ] log 11
main-DEBUG-  2021-08-06 11:55:04,155-[24: DBG : LoRa PHY  ] log 11
main-DEBUG-  2021-08-06 11:55:04,157-[24: DBG : LoRa PHY  ] log 12
main-DEBUG-  2021-08-06 11:55:04,157-[24: DBG : LoRa PHY  ] log 13
main-DEBUG-  2021-08-06 11:55:04,158-[24: DBG : LoRa PHY  ] log 19
main-DEBUG-  2021-08-06 11:55:04,158-[24: DBG : LoRa PHY  ] log 20
main-DEBUG-  2021-08-06 11:55:04,177-[24: DBG : LoRa PHY  ] will call write UART
main-DEBUG-  2021-08-06 11:55:04,178-[24: INFO: LoRa PHY  ] PHY TX:radio set wdt 0
main-DEBUG-  2021-08-06 11:55:04,178-[24: DBG : LoRa PHY  ] phy tx done
main-DEBUG-  2021-08-06 11:55:04,180-[24: DBG : LoRa PHY  ] wri[24: DBG : LoRa PHY  ] UART response:ok
main-DEBUG-  2021-08-06 11:55:04,181-[24: DBG : LoRa PHY  ] compare response with:ok
main-DEBUG-  2021-08-06 11:55:04,198-[24: DBG : LoRa PHY  ]  expected !
main-DEBUG-  2021-08-06 11:55:04,199-
e uart call ended
main-DEBUG-  2021-08-06 11:55:04,199-[24: DBG : LoRa PHY  ] wait can send
main-DEBUG-  2021-08-06 11:55:04,200-[24: DBG : LoRa PHY  ] wait can send
main-DEBUG-  2021-08-06 11:55:04,201-[24: DBG : LoRa PHY  ] wait can send
main-DEBUG-  2021-08-06 11:55:04,202-[24: DBG : LoRa PHY  ] wait can send
main-DEBUG-  2021-08-06 11:55:04,203-[24: DBG : LoRa PHY  ] can send !
main-DEBUG-  2021-08-06 11:55:04,203-[24: DBG : LoRa PHY  ] log 1
main-DEBUG-  2021-08-06 11:55:04,221-[24: DBG : LoRa PHY  ] log 2
main-DEBUG-  2021-08-06 11:55:04,221-[24: DBG : LoRa PHY  ] log 4
main-DEBUG-  2021-08-06 11:55:04,221-[24: DBG : LoRa PHY  ] log 5
main-DEBUG-  2021-08-06 11:55:04,222-[24: DBG : LoRa PHY  ] log 6
main-DEBUG-  2021-08-06 11:55:04,223-[24: DBG : LoRa PHY  ] log 7
main-DEBUG-  2021-08-06 11:55:04,224-[24: DBG : LoRa PHY  ] log 8
main-DEBUG-  2021-08-06 11:55:04,225-[24: DBG : LoRa PHY  ] log 9
main-DEBUG-  2021-08-06 11:55:04,226-[24: DBG : LoRa PHY  ] log 10
main-DEBUG-  2021-08-06 11:55:04,243-[24: DBG : LoRa PHY  ] log 11
main-DEBUG-  2021-08-06 11:55:04,243-[24: DBG : LoRa PHY  ] log 11
main-DEBUG-  2021-08-06 11:55:04,243-[24: DBG : LoRa PHY  ] log 12
main-DEBUG-  2021-08-06 11:55:04,244-[24: DBG : LoRa PHY  ] log 13
main-DEBUG-  2021-08-06 11:55:04,245-[24: DBG : LoRa PHY  ] log 16
main-DEBUG-  2021-08-06 11:55:04,246-[24: DBG : LoRa PHY  ] log 17
main-DEBUG-  2021-08-06 11:55:04,266-[24: DBG : LoRa PHY  ] to frame receive: {src:2:24859 dest:1:0 k:0 seq:1 next:0 cmd:6 data:
main-DEBUG-  2021-08-06 11:55:04,266-[24: DBG : LoRa PHY  ]
main-DEBUG-  2021-08-06 11:55:04,267-[24: DBG : LoRa PHY  ] src.prefix: 2
main-DEBUG-  2021-08-06 11:55:04,268-[24: DBG : LoRa PHY  ] src addr: 02611B
main-DEBUG-  2021-08-06 11:55:04,269-[24: DBG : LoRa PHY  ] dest addr: 010000
main-DEBUG-  2021-08-06 11:55:04,270-[24: DBG : LoRa PHY  ] flags and command:06
main-DEBUG-  2021-08-06 11:55:04,283-[24: DBG : LoRa PHY  ] SN:01
main-DEBUG-  2021-08-06 11:55:04,284-[24: DBG : LoRa PHY  ] TO HEX frame: 02611B0100000601
main-DEBUG-  2021-08-06 11:55:04,285-[24: DBG : LoRa PHY  ] log 18
main-DEBUG-  2021-08-06 11:55:04,286-[24: DBG : LoRa PHY  ] will call write UART
main-DEBUG-  2021-08-06 11:55:04,287-[24: INFO: LoRa PHY  ] PHY TX:radio tx 02611B0100000601
main-DEBUG-  2021-08-06 11:55:04,309-[24: DBG : LoRa PHY  ] phy tx done
main-DEBUG-  2021-08-06 11:55:04,309-[24: DBG : LoRa PHY  ] write uart call ended
main-DEBUG-  2021-08-06 11:55:04,310-[24: DBG : LoRa PHY  ] UART response:ok
main-DEBUG-  2021-08-06 11:55:04,311-[24: DBG : LoRa PHY  ] compare response with:radio_tx_ok
main-DEBUG-  2021-08-06 11:55:04,312-[24: DBG : LoRa PHY  ] compare response with:radio_err
main-DEBUG-  2021-08-06 11:55:04,325-[24: INFO: RPL       ] received a unicast-DIO from fe80::212:4b00:60d:b1f8, instance_id 0, DAG ID fd00::200:212:4b00:60d:611b, version 240, dtsn 240, rank 65535
main-DEBUG-  2021-08-06 11:55:05,309-[25: DBG : LoRa PHY  ] UART response:radio_tx_ok
main-DEBUG-  2021-08-06 11:55:05,311-[25: DBG : LoRa PHY  ] compare response with:radio_tx_ok
main-DEBUG-  2021-08-06 11:55:05,315-[25: DBG : LoRa PHY  ]  expected !
main-DEBUG-  2021-08-06 11:55:05,315-[25: DBG : LoRa PHY  ] wait can send
main-DEBUG-  2021-08-06 11:55:05,316-[25: DBG : LoRa PHY  ] can send !
lora_phy-INFO-  2021-08-06 11:55:05,317-PHY RX:02611B0100000601
lora_mac-DEBUG-  2021-08-06 11:55:05,317-RX process receive
lora_mac-DEBUG-  2021-08-06 11:55:05,318-RX process set is_listen=False
lora_mac-DEBUG-  2021-08-06 11:55:05,318-RX process: call mac_rx
lora_mac-DEBUG-  2021-08-06 11:55:05,318-MAC RX: LoraFrame(src_addr=LoraAddr(prefix=2, node_id=24859), dest_addr=LoraAddr(prefix=1, node_id=0), command=<MacCommand.QUERY: 6>, payload='', seq=1, k=False, has_next=False)
lora_mac-DEBUG-  2021-08-06 11:55:05,318-look child with prefix: 2
lora_mac-DEBUG-  2021-08-06 11:55:05,318-child is: Child(2:24859)
lora_mac-DEBUG-  2021-08-06 11:55:05,318-In _on_query
lora_mac-DEBUG-  2021-08-06 11:55:05,319-child buffer empty -> send ack
lora_phy-INFO-  2021-08-06 11:55:05,319-MAC send:LoraFrame(src_addr=LoraAddr(prefix=1, node_id=0), dest_addr=LoraAddr(prefix=2, node_id=24859), command=<MacCommand.ACK: 3>, payload='', seq=1, k=False, has_next=False)
lora_mac-DEBUG-  2021-08-06 11:55:05,319-RX process: mac_rx end
lora_phy-INFO-  2021-08-06 11:55:05,319-PHY TX:radio tx 01000002611B0301
lora_mac-DEBUG-  2021-08-06 11:55:05,319-RX process acquire lock for can_listen
lora_mac-DEBUG-  2021-08-06 11:55:05,320-can listen: True
lora_mac-DEBUG-  2021-08-06 11:55:05,320-is_listen: False
main-DEBUG-  2021-08-06 11:55:05,330-[25: DBG : LoRa PHY  ] log 1
main-DEBUG-  2021-08-06 11:55:05,331-[25: DBG : LoRa PHY  ] log 2
main-DEBUG-  2021-08-06 11:55:05,331-[25: DBG : LoRa PHY  ] log 4
main-DEBUG-  2021-08-06 11:55:05,332-[25: DBG : LoRa PHY  ] log 5
main-DEBUG-  2021-08-06 11:55:05,333-[25: DBG : LoRa PHY  ] log 6
main-DEBUG-  2021-08-06 11:55:05,333-[25: DBG : LoRa PHY  ] log 7
main-DEBUG-  2021-08-06 11:55:05,334-[25: DBG : LoRa PHY  ] log 8
main-DEBUG-  2021-08-06 11:55:05,335-[25: DBG : LoRa PHY  ] log 9
main-DEBUG-  2021-08-06 11:55:05,351-[25: DBG : LoRa PHY  ] log 10
main-DEBUG-  2021-08-06 11:55:05,352-[25: DBG : LoRa PHY  ] log 11
main-DEBUG-  2021-08-06 11:55:05,355-[25: DBG : LoRa PHY  ] log 11
main-DEBUG-  2021-08-06 11:55:05,355-[25: DBG : LoRa PHY  ] log 12
main-DEBUG-  2021-08-06 11:55:05,357-[25: DBG : LoRa PHY  ] log 13
main-DEBUG-  2021-08-06 11:55:05,359-[25: DBG : LoRa PHY  ] log 19
main-DEBUG-  2021-08-06 11:55:05,362-[25: DBG : LoRa PHY  ] log 20
main-DEBUG-  2021-08-06 11:55:05,363-[25: DBG : LoRa PHY  ] will call write UART
main-DEBUG-  2021-08-06 11:55:05,374-[25: INFO: LoRa PHY  ] PHY TX:radio set wdt 3000
main-DEBUG-  2021-08-06 11:55:05,375-[25: DBG : LoRa PHY  ] phy tx done
main-DEBUG-  2021-08-06 11:55:05,375-[25: DBG : LoRa PHY  ] write uart call ended
main-DEBUG-  2021-08-06 11:55:05,377-[25: DBG : LoRa PHY  ] UART response:ok
main-DEBUG-  2021-08-06 11:55:05,378-[25: DBG : LoRa PHY  ] compare response with:ok
main-DEBUG-  2021-08-06 11:55:05,396-[25: DBG : LoRa PHY  ]  expected !
main-DEBUG-  2021-08-06 11:55:05,397-[25: DBG : LoRa PHY  ] wait can send
main-DEBUG-  2021-08-06 11:55:05,397-[25: DBG : LoRa PHY  ] can send !
main-DEBUG-  2021-08-06 11:55:05,398-[25: DBG : LoRa PHY  ] log 1
main-DEBUG-  2021-08-06 11:55:05,399-[25: DBG : LoRa PHY  ] log 2
main-DEBUG-  2021-08-06 11:55:05,400-[25: DBG : LoRa PHY  ] log 4
main-DEBUG-  2021-08-06 11:55:05,404-[25: DBG : LoRa PHY  ] log 5
main-DEBUG-  2021-08-06 11:55:05,406-[25: DBG : LoRa PHY  ] log 6
main-DEBUG-  2021-08-06 11:55:05,419-[25: DBG : LoRa PHY  ] log 7
main-DEBUG-  2021-08-06 11:55:05,419-[25: DBG : LoRa PHY  ] log 8
main-DEBUG-  2021-08-06 11:55:05,420-[25: DBG : LoRa PHY  ] log 9
main-DEBUG-  2021-08-06 11:55:05,421-[25: DBG : LoRa PHY  ] log 10
main-DEBUG-  2021-08-06 11:55:05,424-[25: DBG : LoRa PHY  ] log 11
main-DEBUG-  2021-08-06 11:55:05,424-[25: DBG : LoRa PHY  ] log 11
main-DEBUG-  2021-08-06 11:55:05,425-[25: DBG : LoRa PHY  ] log 12
main-DEBUG-  2021-08-06 11:55:05,425-[25: DBG : LoRa PHY  ] log 13
main-DEBUG-  2021-08-06 11:55:05,441-[25: DBG : LoRa PHY  ] log 14
main-DEBUG-  2021-08-06 11:55:05,441-[25: DBG : LoRa PHY  ] log 15
main-DEBUG-  2021-08-06 11:55:05,442-[25: DBG : LoRa PHY  ] will call write UART
main-DEBUG-  2021-08-06 11:55:05,443-[25: INFO: LoRa PHY  ] PHY TX:radio rx 0
main-DEBUG-  2021-08-06 11:55:05,443-[25: DBG : LoRa PHY  ] phy tx done
main-DEBUG-  2021-08-06 11:55:05,452-[25: DBG : LoRa PHY  ] write u[25: DBG : LoRa PHY  ] UART response:ok
main-DEBUG-  2021-08-06 11:55:05,454-[25: DBG : LoRa PHY  ] compare response with:radio_err
main-DEBUG-  2021-08-06 11:55:05,455-[25: DBG : LoRa PHY  ] compare response with:radio_rx
main-DEBUG-  2021-08-06 11:55:05,456-
rt call ended
main-DEBUG-  2021-08-06 11:55:05,654-[25: INFO: RPL       ] sending a multicast-DIO with rank 128 to ff02::1a
lora_phy-INFO-  2021-08-06 11:55:06,323-PHY TX:radio rx 0
main-DEBUG-  2021-08-06 11:55:06,378-[26: DBG : LoRa PHY  ] UART response:radio_rx  01000002611B0301
main-DEBUG-  2021-08-06 11:55:06,378-[26: DBG : LoRa PHY  ] compare response with:radio_err
main-DEBUG-  2021-08-06 11:55:06,379-[26: DBG : LoRa PHY  ] compare response with:radio_rx
main-DEBUG-  2021-08-06 11:55:06,379-[26: DBG : LoRa PHY  ] created frame a LoRa frame
main-DEBUG-  2021-08-06 11:55:06,404-[26: INFO: LoRa PHY  ] PHY RX:01000002611B0301
main-DEBUG-  2021-08-06 11:55:06,406-[26: INFO: LoRa MAC  ] RX LoRa frame: {src:1:0 dest:2:24859 k:0 seq:1 next:0 cmd:3 data:
main-DEBUG-  2021-08-06 11:55:06,406-[26: INFO: LoRa MAC  ] ACK!
main-DEBUG-  2021-08-06 11:55:06,407-[26: DBG : LoRa MAC  ] STOP retransmit timer thanks to correct ACK
main-DEBUG-  2021-08-06 11:55:06,422-[26: DBG : LoRa PHY  ]  expected !
main-DEBUG-  2021-08-06 11:55:06,423-[26: DBG : LoRa MAC  ] state is READY
main-DEBUG-  2021-08-06 11:55:06,423-[26: WARN: LoRa MAC  ] buf not empty: 0
main-DEBUG-  2021-08-06 11:55:06,424-[26: DBG : LoRa PHY  ] wait can send
main-DEBUG-  2021-08-06 11:55:06,424-[26: DBG : LoRa PHY  ] can send !
main-DEBUG-  2021-08-06 11:55:06,425-[26: DBG : LoRa PHY  ] log 1
main-DEBUG-  2021-08-06 11:55:06,425-[26: DBG : LoRa PHY  ] log 2
main-DEBUG-  2021-08-06 11:55:06,426-[26: DBG : LoRa PHY  ] log 3
main-DEBUG-  2021-08-06 11:55:07,941-[28: INFO: RPL       ] received a unicast-DIO from fe80::212:4b00:60d:b1f8, instance_id 0, DAG ID fd00::200:212:4b00:60d:611b, version 240, dtsn 240, rank 65535
main-DEBUG-  2021-08-06 11:55:11,764-[31: INFO: RPL       ] ext hdr: packet from fd00::200:212:4b00:60d:b1f8 to fd00::200:212:4b00:60d:611b going up, sender closer 0 (256 < 128), rank error 0, loop detected 0
main-DEBUG-  2021-08-06 11:55:11,785-[31: INFO: RPL       ] ext hdr: packet from fd00::200:212:4b00:60d:b1f8 to fd00::200:212:4b00:60d:611b going up, sender closer 0 (256 < 128), rank error 0, loop detected 0
main-DEBUG-  2021-08-06 11:55:11,807-[31: INFO: RPL       ] received a DAO from fd00::200:212:4b00:60d:b1f8, seqno 241, lifetime 30, prefix fd00::200:212:4b00:60d:b1f8, prefix length 128, parent fd00::200:212:4b00:60d:611b
main-DEBUG-  2021-08-06 11:55:11,808-[31: INFO: RPL       ] sending a DAO-ACK seqno 241 to fd00::200:212:4b00:60d:b1f8 with status 0
main-DEBUG-  2021-08-06 11:55:11,809-[31: INFO: RPL       ] SRH creating source routing header with destination fd00::200:212:4b00:60d:b1f8
main-DEBUG-  2021-08-06 11:55:11,812-[31: INFO: RPL       ] SRH path len: 0, ComprI 15, ComprE 15, ext len 8 (padding 0)
main-DEBUG-  2021-08-06 11:55:11,848-[31: INFO: RPL       ] packet sent to 0012.4b00.060d.b1f8, status 0, tx 1, new link metric 128
main-DEBUG-  2021-08-06 11:55:14,692-[34: INFO: RPL       ] received a multicast-DIO from fe80::212:4b00:60d:b1f8, instance_id 0, DAG ID fd00::200:212:4b00:60d:611b, version 240, dtsn 240, rank 256
main-DEBUG-  2021-08-06 11:55:16,374-[36: INFO: LoRa MAC  ] Query timeout !
main-DEBUG-  2021-08-06 11:55:16,376-[36: DBG : LoRa MAC  ] STOP query timer thanks to query_timeout
main-DEBUG-  2021-08-06 11:55:16,378-[36: DBG : LoRa MAC  ] query frame built
main-DEBUG-  2021-08-06 11:55:16,395-[36: DBG : LoRa MAC  ] Enter enqueue_packet with frame: {src:2:24859 dest:1:0 k:0 seq:2 next:0 cmd:6 data:
main-DEBUG-  2021-08-06 11:55:16,396-[36: INFO: LoRa MAC  ] YOOOOOO 1
main-DEBUG-  2021-08-06 11:55:16,396-[36: INFO: LoRa MAC  ] YOOOOOO 2
main-DEBUG-  2021-08-06 11:55:16,397-[36: DBG : LoRa MAC  ] append to buffer
main-DEBUG-  2021-08-06 11:55:16,398-[36: INFO: LoRa MAC  ] YOOOOOO 3
main-DEBUG-  2021-08-06 11:55:16,399-[36: DBG : LoRa MAC  ] post new_tx_frame_event to TX_PROCESS
main-DEBUG-  2021-08-06 11:55:16,417-[36: INFO: LoRa MAC  ] YOOOOOO 4
main-DEBUG-  2021-08-06 11:55:16,418-[36: DBG : LoRa MAC  ] frame from buffer: {src:2:24859 dest:1:0 k:0 seq:2 next:0 cmd:6 data:
main-DEBUG-  2021-08-06 11:55:16,419-[36: DBG : LoRa MAC  ] buffer size: 0
main-DEBUG-  2021-08-06 11:55:16,420-[36: DBG : LoRa PHY  ] enter UART_TX
main-DEBUG-  2021-08-06 11:55:16,441-[36: DBG : LoRa PHY  ] append { cmd:radio set wdt  resp: [ok, none] }[36: DBG : LoRa PHY  ]  to UART TX buffer
main-DEBUG-  2021-08-06 11:55:16,442-[36: DBG : LoRa PHY  ] enter UART_TX
main-DEBUG-  2021-08-06 11:55:16,443-[36: DBG : LoRa PHY  ] with lora frame: {src:2:24859 dest:1:0 k:0 seq:2 next:0 cmd:6 data:
main-DEBUG-  2021-08-06 11:55:16,463-[36: DBG : LoRa PHY  ] append { cmd:radio tx  resp: [radio_tx_ok, radio_err] }[36: DBG : LoRa PHY  ]  to UART TX buffer
main-DEBUG-  2021-08-06 11:55:16,463-[36: DBG : LoRa MAC  ] frame sended to PHY layer
main-DEBUG-  2021-08-06 11:55:16,464-[36: DBG : LoRa MAC  ] START retransmit timer in mac_tx process
main-DEBUG-  2021-08-06 11:55:16,465-[36: DBG : LoRa MAC  ] Listen during 3 s
main-DEBUG-  2021-08-06 11:55:16,465-[36: DBG : LoRa PHY  ] enter UART_TX
main-DEBUG-  2021-08-06 11:55:16,485-[36: DBG : LoRa PHY  ] append { cmd:radio set wdt  resp: [ok, none] }[36: DBG : LoRa PHY  ]  to UART TX buffer
main-DEBUG-  2021-08-06 11:55:16,486-[36: DBG : LoRa PHY  ] enter UART_TX
main-DEBUG-  2021-08-06 11:55:16,506-[36: DBG : LoRa PHY  ] append { cmd:radio rx  resp: [radio_err, radio_rx] }[36: DBG : LoRa PHY  ]  to UART TX buffer
main-DEBUG-  2021-08-06 11:55:16,508-[36: DBG : LoRa MAC  ] wait state change to READY
main-DEBUG-  2021-08-06 11:55:16,508-[36: DBG : LoRa PHY  ] log 4
main-DEBUG-  2021-08-06 11:55:16,509-[36: DBG : LoRa PHY  ] log 5
main-DEBUG-  2021-08-06 11:55:16,509-[36: DBG : LoRa PHY  ] log 6
main-DEBUG-  2021-08-06 11:55:16,510-[36: DBG : LoRa PHY  ] log 7
main-DEBUG-  2021-08-06 11:55:16,510-[36: DBG : LoRa PHY  ] log 8
main-DEBUG-  2021-08-06 11:55:16,511-[36: DBG : LoRa PHY  ] log 9
main-DEBUG-  2021-08-06 11:55:16,529-[36: DBG : LoRa PHY  ] log 10
main-DEBUG-  2021-08-06 11:55:16,529-[36: DBG : LoRa PHY  ] log 11
main-DEBUG-  2021-08-06 11:55:16,530-[36: DBG : LoRa PHY  ] log 11
main-DEBUG-  2021-08-06 11:55:16,530-[36: DBG : LoRa PHY  ] log 12
main-DEBUG-  2021-08-06 11:55:16,531-[36: DBG : LoRa PHY  ] log 13
main-DEBUG-  2021-08-06 11:55:16,531-[36: DBG : LoRa PHY  ] log 19
main-DEBUG-  2021-08-06 11:55:16,532-[36: DBG : LoRa PHY  ] log 20
main-DEBUG-  2021-08-06 11:55:16,551-[36: DBG : LoRa PHY  ] will call write UART
main-DEBUG-  2021-08-06 11:55:16,552-[36: INFO: LoRa PHY  ] PHY TX:radio set wdt 0
main-DEBUG-  2021-08-06 11:55:16,552-[36: DBG : LoRa PHY  ] phy tx done
main-DEBUG-  2021-08-06 11:55:16,553-[36: DBG : LoRa PHY  ] wri[36: DBG : LoRa PHY  ] UART response:ok
main-DEBUG-  2021-08-06 11:55:16,554-[36: DBG : LoRa PHY  ] compare response with:ok
main-DEBUG-  2021-08-06 11:55:16,573-[36: DBG : LoRa PHY  ]  expected !
main-DEBUG-  2021-08-06 11:55:16,574-
e uart call ended
main-DEBUG-  2021-08-06 11:55:16,575-[36: DBG : LoRa PHY  ] wait can send
main-DEBUG-  2021-08-06 11:55:16,575-[36: DBG : LoRa PHY  ] wait can send
main-DEBUG-  2021-08-06 11:55:16,576-[36: DBG : LoRa PHY  ] wait can send
main-DEBUG-  2021-08-06 11:55:16,577-[36: DBG : LoRa PHY  ] wait can send
main-DEBUG-  2021-08-06 11:55:16,577-[36: DBG : LoRa PHY  ] can send !
main-DEBUG-  2021-08-06 11:55:16,578-[36: DBG : LoRa PHY  ] log 1
main-DEBUG-  2021-08-06 11:55:16,596-[36: DBG : LoRa PHY  ] log 2
main-DEBUG-  2021-08-06 11:55:16,596-[36: DBG : LoRa PHY  ] log 4
main-DEBUG-  2021-08-06 11:55:16,596-[36: DBG : LoRa PHY  ] log 5
main-DEBUG-  2021-08-06 11:55:16,597-[36: DBG : LoRa PHY  ] log 6
main-DEBUG-  2021-08-06 11:55:16,597-[36: DBG : LoRa PHY  ] log 7
main-DEBUG-  2021-08-06 11:55:16,597-[36: DBG : LoRa PHY  ] log 8
main-DEBUG-  2021-08-06 11:55:16,597-[36: DBG : LoRa PHY  ] log 9
main-DEBUG-  2021-08-06 11:55:16,598-[36: DBG : LoRa PHY  ] log 10
main-DEBUG-  2021-08-06 11:55:16,618-[36: DBG : LoRa PHY  ] log 11
main-DEBUG-  2021-08-06 11:55:16,618-[36: DBG : LoRa PHY  ] log 11
main-DEBUG-  2021-08-06 11:55:16,619-[36: DBG : LoRa PHY  ] log 12
main-DEBUG-  2021-08-06 11:55:16,619-[36: DBG : LoRa PHY  ] log 13
main-DEBUG-  2021-08-06 11:55:16,620-[36: DBG : LoRa PHY  ] log 16
main-DEBUG-  2021-08-06 11:55:16,621-[36: DBG : LoRa PHY  ] log 17
main-DEBUG-  2021-08-06 11:55:16,641-[36: DBG : LoRa PHY  ] to frame receive: {src:2:24859 dest:1:0 k:0 seq:2 next:0 cmd:6 data:
main-DEBUG-  2021-08-06 11:55:16,641-[36: DBG : LoRa PHY  ]
main-DEBUG-  2021-08-06 11:55:16,642-[36: DBG : LoRa PHY  ] src.prefix: 2
main-DEBUG-  2021-08-06 11:55:16,642-[36: DBG : LoRa PHY  ] src addr: 02611B
main-DEBUG-  2021-08-06 11:55:16,643-[36: DBG : LoRa PHY  ] dest addr: 010000
main-DEBUG-  2021-08-06 11:55:16,643-[36: DBG : LoRa PHY  ] flags and command:06
main-DEBUG-  2021-08-06 11:55:16,658-[36: DBG : LoRa PHY  ] SN:02
main-DEBUG-  2021-08-06 11:55:16,659-[36: DBG : LoRa PHY  ] TO HEX frame: 02611B0100000602
main-DEBUG-  2021-08-06 11:55:16,659-[36: DBG : LoRa PHY  ] log 18
main-DEBUG-  2021-08-06 11:55:16,661-[36: DBG : LoRa PHY  ] will call write UART
main-DEBUG-  2021-08-06 11:55:16,663-[36: INFO: LoRa PHY  ] PHY TX:radio tx 02611B0100000602
main-DEBUG-  2021-08-06 11:55:16,680-[36: DBG : LoRa PHY  ] phy tx done
main-DEBUG-  2021-08-06 11:55:16,681-[36: DBG : LoRa PHY  ] write uart call ended
main-DEBUG-  2021-08-06 11:55:16,681-[36: DBG : LoRa PHY  ] UART response:ok
main-DEBUG-  2021-08-06 11:55:16,682-[36: DBG : LoRa PHY  ] compare response with:radio_tx_ok
main-DEBUG-  2021-08-06 11:55:16,683-[36: DBG : LoRa PHY  ] compare response with:radio_err
main-DEBUG-  2021-08-06 11:55:17,684-[37: DBG : LoRa PHY  ] UART response:radio_tx_ok
main-DEBUG-  2021-08-06 11:55:17,685-[37: DBG : LoRa PHY  ] compare response with:radio_tx_ok
main-DEBUG-  2021-08-06 11:55:17,687-[37: DBG : LoRa PHY  ]  expected !
main-DEBUG-  2021-08-06 11:55:17,688-[37: DBG : LoRa PHY  ] wait can send
main-DEBUG-  2021-08-06 11:55:17,689-[37: DBG : LoRa PHY  ] can send !
lora_phy-INFO-  2021-08-06 11:55:17,692-PHY RX:02611B0100000602
lora_mac-DEBUG-  2021-08-06 11:55:17,692-RX process receive
lora_mac-DEBUG-  2021-08-06 11:55:17,693-RX process set is_listen=False
lora_mac-DEBUG-  2021-08-06 11:55:17,693-RX process: call mac_rx
lora_mac-DEBUG-  2021-08-06 11:55:17,693-MAC RX: LoraFrame(src_addr=LoraAddr(prefix=2, node_id=24859), dest_addr=LoraAddr(prefix=1, node_id=0), command=<MacCommand.QUERY: 6>, payload='', seq=2, k=False, has_next=False)
lora_mac-DEBUG-  2021-08-06 11:55:17,693-look child with prefix: 2
lora_mac-DEBUG-  2021-08-06 11:55:17,693-child is: Child(2:24859)
lora_mac-DEBUG-  2021-08-06 11:55:17,693-In _on_query
lora_mac-DEBUG-  2021-08-06 11:55:17,694-child buffer empty -> send ack
lora_phy-INFO-  2021-08-06 11:55:17,694-MAC send:LoraFrame(src_addr=LoraAddr(prefix=1, node_id=0), dest_addr=LoraAddr(prefix=2, node_id=24859), command=<MacCommand.ACK: 3>, payload='', seq=2, k=False, has_next=False)
lora_mac-DEBUG-  2021-08-06 11:55:17,694-RX process: mac_rx end
lora_phy-INFO-  2021-08-06 11:55:17,694-PHY TX:radio tx 01000002611B0302
lora_mac-DEBUG-  2021-08-06 11:55:17,694-RX process acquire lock for can_listen
lora_mac-DEBUG-  2021-08-06 11:55:17,694-can listen: True
lora_mac-DEBUG-  2021-08-06 11:55:17,694-is_listen: False
main-DEBUG-  2021-08-06 11:55:17,704-[37: DBG : LoRa PHY  ] log 1
main-DEBUG-  2021-08-06 11:55:17,705-[37: DBG : LoRa PHY  ] log 2
main-DEBUG-  2021-08-06 11:55:17,705-[37: DBG : LoRa PHY  ] log 4
main-DEBUG-  2021-08-06 11:55:17,705-[37: DBG : LoRa PHY  ] log 5
main-DEBUG-  2021-08-06 11:55:17,706-[37: DBG : LoRa PHY  ] log 6
main-DEBUG-  2021-08-06 11:55:17,706-[37: DBG : LoRa PHY  ] log 7
main-DEBUG-  2021-08-06 11:55:17,707-[37: DBG : LoRa PHY  ] log 8
main-DEBUG-  2021-08-06 11:55:17,707-[37: DBG : LoRa PHY  ] log 9
main-DEBUG-  2021-08-06 11:55:17,726-[37: DBG : LoRa PHY  ] log 10
main-DEBUG-  2021-08-06 11:55:17,727-[37: DBG : LoRa PHY  ] log 11
main-DEBUG-  2021-08-06 11:55:17,728-[37: DBG : LoRa PHY  ] log 11
main-DEBUG-  2021-08-06 11:55:17,728-[37: DBG : LoRa PHY  ] log 12
main-DEBUG-  2021-08-06 11:55:17,729-[37: DBG : LoRa PHY  ] log 13
main-DEBUG-  2021-08-06 11:55:17,729-[37: DBG : LoRa PHY  ] log 19
main-DEBUG-  2021-08-06 11:55:17,730-[37: DBG : LoRa PHY  ] log 20
main-DEBUG-  2021-08-06 11:55:17,730-[37: DBG : LoRa PHY  ] will call write UART
main-DEBUG-  2021-08-06 11:55:17,749-[37: INFO: LoRa PHY  ] PHY TX:radio set wdt 3000
main-DEBUG-  2021-08-06 11:55:17,749-[37: DBG : LoRa PHY  ] phy tx done
main-DEBUG-  2021-08-06 11:55:17,750-[37: DBG : LoRa PHY  ] write uart call ended
main-DEBUG-  2021-08-06 11:55:17,752-[37: DBG : LoRa PHY  ] UART response:ok
main-DEBUG-  2021-08-06 11:55:17,753-[37: DBG : LoRa PHY  ] compare response with:ok
main-DEBUG-  2021-08-06 11:55:17,771-[37: DBG : LoRa PHY  ]  expected !
main-DEBUG-  2021-08-06 11:55:17,772-[37: DBG : LoRa PHY  ] wait can send
main-DEBUG-  2021-08-06 11:55:17,773-[37: DBG : LoRa PHY  ] can send !
main-DEBUG-  2021-08-06 11:55:17,773-[37: DBG : LoRa PHY  ] log 1
main-DEBUG-  2021-08-06 11:55:17,774-[37: DBG : LoRa PHY  ] log 2
main-DEBUG-  2021-08-06 11:55:17,774-[37: DBG : LoRa PHY  ] log 4
main-DEBUG-  2021-08-06 11:55:17,774-[37: DBG : LoRa PHY  ] log 5
main-DEBUG-  2021-08-06 11:55:17,774-[37: DBG : LoRa PHY  ] log 6
main-DEBUG-  2021-08-06 11:55:17,793-[37: DBG : LoRa PHY  ] log 7
main-DEBUG-  2021-08-06 11:55:17,794-[37: DBG : LoRa PHY  ] log 8
main-DEBUG-  2021-08-06 11:55:17,795-[37: DBG : LoRa PHY  ] log 9
main-DEBUG-  2021-08-06 11:55:17,795-[37: DBG : LoRa PHY  ] log 10
main-DEBUG-  2021-08-06 11:55:17,795-[37: DBG : LoRa PHY  ] log 11
main-DEBUG-  2021-08-06 11:55:17,796-[37: DBG : LoRa PHY  ] log 11
main-DEBUG-  2021-08-06 11:55:17,796-[37: DBG : LoRa PHY  ] log 12
main-DEBUG-  2021-08-06 11:55:17,797-[37: DBG : LoRa PHY  ] log 13
main-DEBUG-  2021-08-06 11:55:17,815-[37: DBG : LoRa PHY  ] log 14
main-DEBUG-  2021-08-06 11:55:17,817-[37: DBG : LoRa PHY  ] log 15
main-DEBUG-  2021-08-06 11:55:17,818-[37: DBG : LoRa PHY  ] will call write UART
main-DEBUG-  2021-08-06 11:55:17,819-[37: INFO: LoRa PHY  ] PHY TX:radio rx 0
main-DEBUG-  2021-08-06 11:55:17,819-[37: DBG : LoRa PHY  ] phy tx done
main-DEBUG-  2021-08-06 11:55:17,827-[37: DBG : LoRa PHY  ] write u[37: DBG : LoRa PHY  ] UART response:ok
main-DEBUG-  2021-08-06 11:55:17,828-[37: DBG : LoRa PHY  ] compare response with:radio_err
main-DEBUG-  2021-08-06 11:55:17,829-[37: DBG : LoRa PHY  ] compare response with:radio_rx
main-DEBUG-  2021-08-06 11:55:17,830-
rt call ended
lora_phy-INFO-  2021-08-06 11:55:18,698-PHY TX:radio rx 0
main-DEBUG-  2021-08-06 11:55:18,753-[38: DBG : LoRa PHY  ] UART response:radio_rx  01000002611B0302
main-DEBUG-  2021-08-06 11:55:18,753-[38: DBG : LoRa PHY  ] compare response with:radio_err
main-DEBUG-  2021-08-06 11:55:18,754-[38: DBG : LoRa PHY  ] compare response with:radio_rx
main-DEBUG-  2021-08-06 11:55:18,754-[38: DBG : LoRa PHY  ] created frame a LoRa frame
main-DEBUG-  2021-08-06 11:55:18,775-[38: INFO: LoRa PHY  ] PHY RX:01000002611B0302
main-DEBUG-  2021-08-06 11:55:18,776-[38: INFO: LoRa MAC  ] RX LoRa frame: {src:1:0 dest:2:24859 k:0 seq:2 next:0 cmd:3 data:
main-DEBUG-  2021-08-06 11:55:18,777-[38: INFO: LoRa MAC  ] ACK!
main-DEBUG-  2021-08-06 11:55:18,778-[38: DBG : LoRa MAC  ] STOP retransmit timer thanks to correct ACK
main-DEBUG-  2021-08-06 11:55:18,797-[38: DBG : LoRa PHY  ]  expected !
main-DEBUG-  2021-08-06 11:55:18,798-[38: DBG : LoRa MAC  ] state is READY
main-DEBUG-  2021-08-06 11:55:18,799-[38: WARN: LoRa MAC  ] buf not empty: 0
main-DEBUG-  2021-08-06 11:55:18,799-[38: DBG : LoRa PHY  ] wait can send
main-DEBUG-  2021-08-06 11:55:18,800-[38: DBG : LoRa PHY  ] can send !
main-DEBUG-  2021-08-06 11:55:18,801-[38: DBG : LoRa PHY  ] log 1
main-DEBUG-  2021-08-06 11:55:18,801-[38: DBG : LoRa PHY  ] log 2
main-DEBUG-  2021-08-06 11:55:18,802-[38: DBG : LoRa PHY  ] log 3
main-DEBUG-  2021-08-06 11:55:21,717-[41: INFO: RPL       ] sending a multicast-DIO with rank 128 to ff02::1a
main-DEBUG-  2021-08-06 11:55:22,801-[42: INFO: RPL       ] received a multicast-DIO from fe80::212:4b00:60d:b1f8, instance_id 0, DAG ID fd00::200:212:4b00:60d:611b, version 240, dtsn 240, rank 256
main-DEBUG-  2021-08-06 11:55:28,749-[48: INFO: LoRa MAC  ] Query timeout !
main-DEBUG-  2021-08-06 11:55:28,751-[48: DBG : LoRa MAC  ] STOP query timer thanks to query_timeout
main-DEBUG-  2021-08-06 11:55:28,753-[48: DBG : LoRa MAC  ] query frame built
main-DEBUG-  2021-08-06 11:55:28,770-[48: DBG : LoRa MAC  ] Enter enqueue_packet with frame: {src:2:24859 dest:1:0 k:0 seq:3 next:0 cmd:6 data:
main-DEBUG-  2021-08-06 11:55:28,771-[48: INFO: LoRa MAC  ] YOOOOOO 1
main-DEBUG-  2021-08-06 11:55:28,771-[48: INFO: LoRa MAC  ] YOOOOOO 2
main-DEBUG-  2021-08-06 11:55:28,772-[48: DBG : LoRa MAC  ] append to buffer
main-DEBUG-  2021-08-06 11:55:28,773-[48: INFO: LoRa MAC  ] YOOOOOO 3
main-DEBUG-  2021-08-06 11:55:28,774-[48: DBG : LoRa MAC  ] post new_tx_frame_event to TX_PROCESS
main-DEBUG-  2021-08-06 11:55:28,792-[48: INFO: LoRa MAC  ] YOOOOOO 4
main-DEBUG-  2021-08-06 11:55:28,793-[48: DBG : LoRa MAC  ] frame from buffer: {src:2:24859 dest:1:0 k:0 seq:3 next:0 cmd:6 data:
main-DEBUG-  2021-08-06 11:55:28,794-[48: DBG : LoRa MAC  ] buffer size: 0
main-DEBUG-  2021-08-06 11:55:28,794-[48: DBG : LoRa PHY  ] enter UART_TX
main-DEBUG-  2021-08-06 11:55:28,815-[48: DBG : LoRa PHY  ] append { cmd:radio set wdt  resp: [ok, none] }[48: DBG : LoRa PHY  ]  to UART TX buffer
main-DEBUG-  2021-08-06 11:55:28,815-[48: DBG : LoRa PHY  ] enter UART_TX
main-DEBUG-  2021-08-06 11:55:28,816-[48: DBG : LoRa PHY  ] with lora frame: {src:2:24859 dest:1:0 k:0 seq:3 next:0 cmd:6 data:
main-DEBUG-  2021-08-06 11:55:28,838-[48: DBG : LoRa PHY  ] append { cmd:radio tx  resp: [radio_tx_ok, radio_err] }[48: DBG : LoRa PHY  ]  to UART TX buffer
main-DEBUG-  2021-08-06 11:55:28,838-[48: DBG : LoRa MAC  ] frame sended to PHY layer
main-DEBUG-  2021-08-06 11:55:28,839-[48: DBG : LoRa MAC  ] START retransmit timer in mac_tx process
main-DEBUG-  2021-08-06 11:55:28,840-[48: DBG : LoRa MAC  ] Listen during 3 s
main-DEBUG-  2021-08-06 11:55:28,840-[48: DBG : LoRa PHY  ] enter UART_TX
main-DEBUG-  2021-08-06 11:55:28,860-[48: DBG : LoRa PHY  ] append { cmd:radio set wdt  resp: [ok, none] }[48: DBG : LoRa PHY  ]  to UART TX buffer
main-DEBUG-  2021-08-06 11:55:28,860-[48: DBG : LoRa PHY  ] enter UART_TX
main-DEBUG-  2021-08-06 11:55:28,881-[48: DBG : LoRa PHY  ] append { cmd:radio rx  resp: [radio_err, radio_rx] }[48: DBG : LoRa PHY  ]  to UART TX buffer
main-DEBUG-  2021-08-06 11:55:28,882-[48: DBG : LoRa MAC  ] wait state change to READY
main-DEBUG-  2021-08-06 11:55:28,883-[48: DBG : LoRa PHY  ] log 4
main-DEBUG-  2021-08-06 11:55:28,885-[48: DBG : LoRa PHY  ] log 5
main-DEBUG-  2021-08-06 11:55:28,888-[48: DBG : LoRa PHY  ] log 6
main-DEBUG-  2021-08-06 11:55:28,894-[48: DBG : LoRa PHY  ] log 7
main-DEBUG-  2021-08-06 11:55:28,897-[48: DBG : LoRa PHY  ] log 8
main-DEBUG-  2021-08-06 11:55:28,901-[48: DBG : LoRa PHY  ] log 9
main-DEBUG-  2021-08-06 11:55:28,908-[48: DBG : LoRa PHY  ] log 10
main-DEBUG-  2021-08-06 11:55:28,912-[48: DBG : LoRa PHY  ] log 11
main-DEBUG-  2021-08-06 11:55:28,914-[48: DBG : LoRa PHY  ] log 11
main-DEBUG-  2021-08-06 11:55:28,924-[48: DBG : LoRa PHY  ] log 12
main-DEBUG-  2021-08-06 11:55:28,926-[48: DBG : LoRa PHY  ] log 13
main-DEBUG-  2021-08-06 11:55:28,928-[48: DBG : LoRa PHY  ] log 19
main-DEBUG-  2021-08-06 11:55:28,930-[48: DBG : LoRa PHY  ] log 20
main-DEBUG-  2021-08-06 11:55:28,933-[48: DBG : LoRa PHY  ] will call write UART
main-DEBUG-  2021-08-06 11:55:28,935-[48: INFO: LoRa PHY  ] PHY TX:radio set wdt 0
main-DEBUG-  2021-08-06 11:55:28,937-[48: DBG : LoRa PHY  ] phy tx done
main-DEBUG-  2021-08-06 11:55:28,942-[48: DBG : LoRa PHY  ] wri[49: DBG : LoRa PHY  ] UART response:ok
main-DEBUG-  2021-08-06 11:55:28,949-[49: DBG : LoRa PHY  ] compare response with:ok
main-DEBUG-  2021-08-06 11:55:28,955-[49: DBG : LoRa PHY  ]  expected !
main-DEBUG-  2021-08-06 11:55:28,961-
e uart call ended
main-DEBUG-  2021-08-06 11:55:28,970-[49: DBG : LoRa PHY  ] wait can send
main-DEBUG-  2021-08-06 11:55:28,975-[49: DBG : LoRa PHY  ] wait can send
main-DEBUG-  2021-08-06 11:55:28,976-[49: DBG : LoRa PHY  ] wait can send
main-DEBUG-  2021-08-06 11:55:28,977-[49: DBG : LoRa PHY  ] wait can send
main-DEBUG-  2021-08-06 11:55:28,979-[49: DBG : LoRa PHY  ] can send !
main-DEBUG-  2021-08-06 11:55:28,980-[49: DBG : LoRa PHY  ] log 1
main-DEBUG-  2021-08-06 11:55:28,986-[49: DBG : LoRa PHY  ] log 2
main-DEBUG-  2021-08-06 11:55:28,987-[49: DBG : LoRa PHY  ] log 4
main-DEBUG-  2021-08-06 11:55:28,988-[49: DBG : LoRa PHY  ] log 5
main-DEBUG-  2021-08-06 11:55:28,988-[49: DBG : LoRa PHY  ] log 6
main-DEBUG-  2021-08-06 11:55:28,989-[49: DBG : LoRa PHY  ] log 7
main-DEBUG-  2021-08-06 11:55:28,990-[49: DBG : LoRa PHY  ] log 8
main-DEBUG-  2021-08-06 11:55:28,990-[49: DBG : LoRa PHY  ] log 9
main-DEBUG-  2021-08-06 11:55:28,991-[49: DBG : LoRa PHY  ] log 10
main-DEBUG-  2021-08-06 11:55:28,993-[49: DBG : LoRa PHY  ] log 11
main-DEBUG-  2021-08-06 11:55:28,993-[49: DBG : LoRa PHY  ] log 11
main-DEBUG-  2021-08-06 11:55:28,994-[49: DBG : LoRa PHY  ] log 12
main-DEBUG-  2021-08-06 11:55:28,997-[49: DBG : LoRa PHY  ] log 13
main-DEBUG-  2021-08-06 11:55:29,000-[49: DBG : LoRa PHY  ] log 16
main-DEBUG-  2021-08-06 11:55:29,000-[49: DBG : LoRa PHY  ] log 17
main-DEBUG-  2021-08-06 11:55:29,016-[49: DBG : LoRa PHY  ] to frame receive: {src:2:24859 dest:1:0 k:0 seq:3 next:0 cmd:6 data:
main-DEBUG-  2021-08-06 11:55:29,017-[49: DBG : LoRa PHY  ]
main-DEBUG-  2021-08-06 11:55:29,020-[49: DBG : LoRa PHY  ] src.prefix: 2
main-DEBUG-  2021-08-06 11:55:29,021-[49: DBG : LoRa PHY  ] src addr: 02611B
main-DEBUG-  2021-08-06 11:55:29,021-[49: DBG : LoRa PHY  ] dest addr: 010000
main-DEBUG-  2021-08-06 11:55:29,025-[49: DBG : LoRa PHY  ] flags and command:06
main-DEBUG-  2021-08-06 11:55:29,033-[49: DBG : LoRa PHY  ] SN:03
main-DEBUG-  2021-08-06 11:55:29,034-[49: DBG : LoRa PHY  ] TO HEX frame: 02611B0100000603
main-DEBUG-  2021-08-06 11:55:29,034-[49: DBG : LoRa PHY  ] log 18
main-DEBUG-  2021-08-06 11:55:29,035-[49: DBG : LoRa PHY  ] will call write UART
main-DEBUG-  2021-08-06 11:55:29,036-[49: INFO: LoRa PHY  ] PHY TX:radio tx 02611B0100000603
main-DEBUG-  2021-08-06 11:55:29,055-[49: DBG : LoRa PHY  ] phy tx done
main-DEBUG-  2021-08-06 11:55:29,056-[49: DBG : LoRa PHY  ] write uart call ended
main-DEBUG-  2021-08-06 11:55:29,058-[49: DBG : LoRa PHY  ] UART response:ok
main-DEBUG-  2021-08-06 11:55:29,059-[49: DBG : LoRa PHY  ] compare response with:radio_tx_ok
main-DEBUG-  2021-08-06 11:55:29,061-[49: DBG : LoRa PHY  ] compare response with:radio_err
main-DEBUG-  2021-08-06 11:55:30,058-[50: DBG : LoRa PHY  ] UART response:radio_tx_ok
main-DEBUG-  2021-08-06 11:55:30,061-[50: DBG : LoRa PHY  ] compare response with:radio_tx_ok
main-DEBUG-  2021-08-06 11:55:30,062-[50: DBG : LoRa PHY  ]  expected !
main-DEBUG-  2021-08-06 11:55:30,063-[50: DBG : LoRa PHY  ] wait can send
main-DEBUG-  2021-08-06 11:55:30,064-[50: DBG : LoRa PHY  ] can send !
lora_phy-INFO-  2021-08-06 11:55:30,067-PHY RX:02611B0100000603
lora_mac-DEBUG-  2021-08-06 11:55:30,068-RX process receive
lora_mac-DEBUG-  2021-08-06 11:55:30,068-RX process set is_listen=False
lora_mac-DEBUG-  2021-08-06 11:55:30,068-RX process: call mac_rx
lora_mac-DEBUG-  2021-08-06 11:55:30,068-MAC RX: LoraFrame(src_addr=LoraAddr(prefix=2, node_id=24859), dest_addr=LoraAddr(prefix=1, node_id=0), command=<MacCommand.QUERY: 6>, payload='', seq=3, k=False, has_next=False)
lora_mac-DEBUG-  2021-08-06 11:55:30,068-look child with prefix: 2
lora_mac-DEBUG-  2021-08-06 11:55:30,068-child is: Child(2:24859)
lora_mac-DEBUG-  2021-08-06 11:55:30,069-In _on_query
lora_mac-DEBUG-  2021-08-06 11:55:30,069-child buffer empty -> send ack
lora_phy-INFO-  2021-08-06 11:55:30,069-MAC send:LoraFrame(src_addr=LoraAddr(prefix=1, node_id=0), dest_addr=LoraAddr(prefix=2, node_id=24859), command=<MacCommand.ACK: 3>, payload='', seq=3, k=False, has_next=False)
lora_mac-DEBUG-  2021-08-06 11:55:30,069-RX process: mac_rx end
lora_phy-INFO-  2021-08-06 11:55:30,069-PHY TX:radio tx 01000002611B0303
lora_mac-DEBUG-  2021-08-06 11:55:30,069-RX process acquire lock for can_listen
lora_mac-DEBUG-  2021-08-06 11:55:30,070-can listen: True
lora_mac-DEBUG-  2021-08-06 11:55:30,070-is_listen: False
main-DEBUG-  2021-08-06 11:55:30,081-[50: DBG : LoRa PHY  ] log 1
main-DEBUG-  2021-08-06 11:55:30,081-[50: DBG : LoRa PHY  ] log 2
main-DEBUG-  2021-08-06 11:55:30,082-[50: DBG : LoRa PHY  ] log 4
main-DEBUG-  2021-08-06 11:55:30,082-[50: DBG : LoRa PHY  ] log 5
main-DEBUG-  2021-08-06 11:55:30,082-[50: DBG : LoRa PHY  ] log 6
main-DEBUG-  2021-08-06 11:55:30,083-[50: DBG : LoRa PHY  ] log 7
main-DEBUG-  2021-08-06 11:55:30,083-[50: DBG : LoRa PHY  ] log 8
main-DEBUG-  2021-08-06 11:55:30,084-[50: DBG : LoRa PHY  ] log 9
main-DEBUG-  2021-08-06 11:55:30,101-[50: DBG : LoRa PHY  ] log 10
main-DEBUG-  2021-08-06 11:55:30,102-[50: DBG : LoRa PHY  ] log 11
main-DEBUG-  2021-08-06 11:55:30,103-[50: DBG : LoRa PHY  ] log 11
main-DEBUG-  2021-08-06 11:55:30,103-[50: DBG : LoRa PHY  ] log 12
main-DEBUG-  2021-08-06 11:55:30,104-[50: DBG : LoRa PHY  ] log 13
main-DEBUG-  2021-08-06 11:55:30,104-[50: DBG : LoRa PHY  ] log 19
main-DEBUG-  2021-08-06 11:55:30,105-[50: DBG : LoRa PHY  ] log 20
main-DEBUG-  2021-08-06 11:55:30,106-[50: DBG : LoRa PHY  ] will call write UART
main-DEBUG-  2021-08-06 11:55:30,124-[50: INFO: LoRa PHY  ] PHY TX:radio set wdt 3000
main-DEBUG-  2021-08-06 11:55:30,124-[50: DBG : LoRa PHY  ] phy tx done
main-DEBUG-  2021-08-06 11:55:30,126-[50: DBG : LoRa PHY  ] write uart call ended
main-DEBUG-  2021-08-06 11:55:30,126-[50: DBG : LoRa PHY  ] UART response:ok
main-DEBUG-  2021-08-06 11:55:30,127-[50: DBG : LoRa PHY  ] compare response with:ok
main-DEBUG-  2021-08-06 11:55:30,146-[50: DBG : LoRa PHY  ]  expected !
main-DEBUG-  2021-08-06 11:55:30,147-[50: DBG : LoRa PHY  ] wait can send
main-DEBUG-  2021-08-06 11:55:30,149-[50: DBG : LoRa PHY  ] can send !
main-DEBUG-  2021-08-06 11:55:30,150-[50: DBG : LoRa PHY  ] log 1
main-DEBUG-  2021-08-06 11:55:30,151-[50: DBG : LoRa PHY  ] log 2
main-DEBUG-  2021-08-06 11:55:30,152-[50: DBG : LoRa PHY  ] log 4
main-DEBUG-  2021-08-06 11:55:30,153-[50: DBG : LoRa PHY  ] log 5
main-DEBUG-  2021-08-06 11:55:30,154-[50: DBG : LoRa PHY  ] log 6
main-DEBUG-  2021-08-06 11:55:30,169-[50: DBG : LoRa PHY  ] log 7
main-DEBUG-  2021-08-06 11:55:30,170-[50: DBG : LoRa PHY  ] log 8
main-DEBUG-  2021-08-06 11:55:30,171-[50: DBG : LoRa PHY  ] log 9
main-DEBUG-  2021-08-06 11:55:30,172-[50: DBG : LoRa PHY  ] log 10
main-DEBUG-  2021-08-06 11:55:30,173-[50: DBG : LoRa PHY  ] log 11
main-DEBUG-  2021-08-06 11:55:30,174-[50: DBG : LoRa PHY  ] log 11
main-DEBUG-  2021-08-06 11:55:30,175-[50: DBG : LoRa PHY  ] log 12
main-DEBUG-  2021-08-06 11:55:30,176-[50: DBG : LoRa PHY  ] log 13
main-DEBUG-  2021-08-06 11:55:30,192-[50: DBG : LoRa PHY  ] log 14
main-DEBUG-  2021-08-06 11:55:30,196-[50: DBG : LoRa PHY  ] log 15
main-DEBUG-  2021-08-06 11:55:30,198-[50: DBG : LoRa PHY  ] will call write UART
main-DEBUG-  2021-08-06 11:55:30,199-[50: INFO: LoRa PHY  ] PHY TX:radio rx 0
main-DEBUG-  2021-08-06 11:55:30,202-[50: DBG : LoRa PHY  ] phy tx done
main-DEBUG-  2021-08-06 11:55:30,203-[50: DBG : LoRa PHY  ] write u[50: DBG : LoRa PHY  ] UART response:ok
main-DEBUG-  2021-08-06 11:55:30,203-[50: DBG : LoRa PHY  ] compare response with:radio_err
main-DEBUG-  2021-08-06 11:55:30,205-[50: DBG : LoRa PHY  ] compare response with:radio_rx
main-DEBUG-  2021-08-06 11:55:30,205-
rt call ended
lora_phy-INFO-  2021-08-06 11:55:31,074-PHY TX:radio rx 0
main-DEBUG-  2021-08-06 11:55:31,129-[51: DBG : LoRa PHY  ] UART response:radio_rx  01000002611B0303
main-DEBUG-  2021-08-06 11:55:31,129-[51: DBG : LoRa PHY  ] compare response with:radio_err
main-DEBUG-  2021-08-06 11:55:31,130-[51: DBG : LoRa PHY  ] compare response with:radio_rx
main-DEBUG-  2021-08-06 11:55:31,131-[51: DBG : LoRa PHY  ] created frame a LoRa frame
main-DEBUG-  2021-08-06 11:55:31,151-[51: INFO: LoRa PHY  ] PHY RX:01000002611B0303
main-DEBUG-  2021-08-06 11:55:31,152-[51: INFO: LoRa MAC  ] RX LoRa frame: {src:1:0 dest:2:24859 k:0 seq:3 next:0 cmd:3 data:
main-DEBUG-  2021-08-06 11:55:31,154-[51: INFO: LoRa MAC  ] ACK!
main-DEBUG-  2021-08-06 11:55:31,155-[51: DBG : LoRa MAC  ] STOP retransmit timer thanks to correct ACK
main-DEBUG-  2021-08-06 11:55:31,174-[51: DBG : LoRa PHY  ]  expected !
main-DEBUG-  2021-08-06 11:55:31,176-[51: DBG : LoRa MAC  ] state is READY
main-DEBUG-  2021-08-06 11:55:31,180-[51: WARN: LoRa MAC  ] buf not empty: 0
main-DEBUG-  2021-08-06 11:55:31,183-[51: DBG : LoRa PHY  ] wait can send
main-DEBUG-  2021-08-06 11:55:31,186-[51: DBG : LoRa PHY  ] can send !
main-DEBUG-  2021-08-06 11:55:31,188-[51: DBG : LoRa PHY  ] log 1
main-DEBUG-  2021-08-06 11:55:31,189-[51: DBG : LoRa PHY  ] log 2
main-DEBUG-  2021-08-06 11:55:31,189-[51: DBG : LoRa PHY  ] log 3
main-DEBUG-  2021-08-06 11:55:34,333-[54: INFO: RPL       ] ext hdr: packet from fd00::200:212:4b00:60d:b1f8 to 5f:756d:6f6e:735f:6172:6e61:7564:: going up, sender closer 0 (256 < 128), rank error 0, loop detected 0
main-DEBUG-  2021-08-06 11:55:34,347-[54: INFO: RPL       ] SRH creating source routing header with destination 5f:756d:6f6e:735f:6172:6e61:7564::
main-DEBUG-  2021-08-06 11:55:34,348-[54: INFO: RPL       ] SRH destination not in our DAG, skip SRH insertion
main-DEBUG-  2021-08-06 11:55:34,349-[54: INFO: Interface ] Receive data for loramac whouhouuuuuu
main-DEBUG-  2021-08-06 11:55:34,422-[54: DBG : LoRa MAC  ] Enter enqueue_packet with frame: {src:2:63665 dest:1:0 k:1 seq:0 next:0 cmd:2 data:60000000000F113F223D162E000FB18768656C6C6F20308768656C6C6F203000060D611B040E00080C00040000800001001E003C081E4040FFFFFFFFFFFFFFFF00000000FD00000000000200000000000000000000000000000000000000000000000000000000000000000000000000000000000000000000000000000000000000000000000000000000000000000000000000000000000000000000000000000000000000000000000000000000000000000000000000000000000000000000000000000000000000000000000000000000000000000000000000000000000000000000000000000000000000000000000000000000
main-DEBUG-  2021-08-06 11:55:34,423-[54: INFO: LoRa MAC  ] YOOOOOO 1
main-DEBUG-  2021-08-06 11:55:34,423-[54: INFO: LoRa MAC  ] YOOOOOO 2
main-DEBUG-  2021-08-06 11:55:34,424-[54: DBG : LoRa MAC  ] append to buffer
main-DEBUG-  2021-08-06 11:55:34,424-[54: INFO: LoRa MAC  ] YOOOOOO 3
main-DEBUG-  2021-08-06 11:55:34,444-[54: DBG : LoRa MAC  ] post new_tx_frame_event to TX_PROCESS
main-DEBUG-  2021-08-06 11:55:34,444-[54: INFO: LoRa MAC  ] YOOOOOO 4
main-DEBUG-  2021-08-06 11:55:34,489-[54: DBG : LoRa MAC  ] frame from buffer: {src:2:63665 dest:1:0 k:1 seq:0 next:0 cmd:2 data:              60000000000F113F223D162E000FB18768656C6C6F20308768656C6C6F203000060D611B040E00080C00040000800001001E003C081E4040FFFFFFFFFFFFFFFF00000000FD00000000000200000000000000000000000000000000000000000000000000000000000000000000000000000000000000000000000000000000000000000000000000000000000000000000000000000000000000000000000000000000000000000000000000000000000000000000000000000000000000000000000000000000000000000000000000000000000000000000000000000000000000000000000000
main-DEBUG-  2021-08-06 11:55:34,490-[54: DBG : LoRa MAC  ] buffer size: 0
main-DEBUG-  2021-08-06 11:55:34,490-[54: DBG : LoRa PHY  ] enter UART_TX
main-DEBUG-  2021-08-06 11:55:34,511-[54: DBG : LoRa PHY  ] append { cmd:radio set wdt  resp: [ok, none] }[54: DBG : LoRa PHY  ]  to UART TX buffer
main-DEBUG-  2021-08-06 11:55:34,513-[54: DBG : LoRa PHY  ] enter UART_TX
main-DEBUG-  2021-08-06 11:55:34,555-[54: DBG : LoRa PHY  ] with lora frame: {src:2:63665 dest:1:0 k:1 seq:4 next:0 cmd:2 data:                60000000000F113F223D162E000FB18768656C6C6F20308768656C6C6F203000060D611B040E00080C00040000800001001E003C081E4040FFFFFFFFFFFFFFFF00000000FD00000000000200000000000000000000000000000000000000000000000000000000000000000000000000000000000000000000000000000000000000000000000000000000000000000000000000000000000000000000000000000000000000000000000000
main-DEBUG-  2021-08-06 11:55:34,556-[54: DBG : LoRa PHY  ] append { cmd:radio tx  resp: [radio_tx_ok, radio_err] }[54: DBG : LoRa PHY  ]  to UART TX buffer
main-DEBUG-  2021-08-06 11:55:34,556-[54: DBG : LoRa MAC  ] frame sended to PHY layer
main-DEBUG-  2021-08-06 11:55:34,577-[54: DBG : LoRa MAC  ] START retransmit timer in mac_tx process
main-DEBUG-  2021-08-06 11:55:34,578-[54: DBG : LoRa MAC  ] Listen during 3 s
main-DEBUG-  2021-08-06 11:55:34,578-[54: DBG : LoRa PHY  ] enter UART_TX
main-DEBUG-  2021-08-06 11:55:34,579-[54: DBG : LoRa PHY  ] append { cmd:radio set wdt  resp: [ok, none] }[54: DBG : LoRa PHY  ]  to UART TX buffer
main-DEBUG-  2021-08-06 11:55:34,599-[54: DBG : LoRa PHY  ] enter UART_TX
main-DEBUG-  2021-08-06 11:55:34,602-[54: DBG : LoRa PHY  ] append { cmd:radio rx  resp: [radio_err, radio_rx] }[54: DBG : LoRa PHY  ]  to UART TX buffer
main-DEBUG-  2021-08-06 11:55:34,602-[54: DBG : LoRa MAC  ] wait state change to READY
main-DEBUG-  2021-08-06 11:55:34,603-[54: DBG : LoRa PHY  ] log 4
main-DEBUG-  2021-08-06 11:55:34,603-[54: DBG : LoRa PHY  ] log 5
main-DEBUG-  2021-08-06 11:55:34,621-[54: DBG : LoRa PHY  ] log 6
main-DEBUG-  2021-08-06 11:55:34,622-[54: DBG : LoRa PHY  ] log 7
main-DEBUG-  2021-08-06 11:55:34,622-[54: DBG : LoRa PHY  ] log 8
main-DEBUG-  2021-08-06 11:55:34,623-[54: DBG : LoRa PHY  ] log 9
main-DEBUG-  2021-08-06 11:55:34,623-[54: DBG : LoRa PHY  ] log 10
main-DEBUG-  2021-08-06 11:55:34,623-[54: DBG : LoRa PHY  ] log 11
main-DEBUG-  2021-08-06 11:55:34,624-[54: DBG : LoRa PHY  ] log 11
main-DEBUG-  2021-08-06 11:55:34,625-[54: DBG : LoRa PHY  ] log 12
main-DEBUG-  2021-08-06 11:55:34,644-[54: DBG : LoRa PHY  ] log 13
main-DEBUG-  2021-08-06 11:55:34,644-[54: DBG : LoRa PHY  ] log 19
main-DEBUG-  2021-08-06 11:55:34,645-[54: DBG : LoRa PHY  ] log 20
main-DEBUG-  2021-08-06 11:55:34,646-[54: DBG : LoRa PHY  ] will call write UART
main-DEBUG-  2021-08-06 11:55:34,646-[54: INFO: LoRa PHY  ] PHY TX:radio set wdt 0
main-DEBUG-  2021-08-06 11:55:34,647-[54: DBG : LoRa PHY  ] phy tx done
main-DEBUG-  2021-08-06 11:55:34,666-[54: DBG : LoRa PHY  ] writ[54: DBG : LoRa PHY  ] UART response:ok
main-DEBUG-  2021-08-06 11:55:34,666-[54: DBG : LoRa PHY  ] compare response with:ok
main-DEBUG-  2021-08-06 11:55:34,667-[54: DBG : LoRa PHY  ]  expected !
main-DEBUG-  2021-08-06 11:55:34,667-
 uart call ended
main-DEBUG-  2021-08-06 11:55:34,668-[54: DBG : LoRa PHY  ] wait can send
main-DEBUG-  2021-08-06 11:55:34,668-[54: DBG : LoRa PHY  ] wait can send
main-DEBUG-  2021-08-06 11:55:34,688-[54: DBG : LoRa PHY  ] wait can send
main-DEBUG-  2021-08-06 11:55:34,689-[54: DBG : LoRa PHY  ] wait can send
main-DEBUG-  2021-08-06 11:55:34,689-[54: DBG : LoRa PHY  ] can send !
main-DEBUG-  2021-08-06 11:55:34,690-[54: DBG : LoRa PHY  ] log 1
main-DEBUG-  2021-08-06 11:55:34,690-[54: DBG : LoRa PHY  ] log 2
main-DEBUG-  2021-08-06 11:55:34,691-[54: DBG : LoRa PHY  ] log 4
main-DEBUG-  2021-08-06 11:55:34,691-[54: DBG : LoRa PHY  ] log 5
main-DEBUG-  2021-08-06 11:55:34,691-[54: DBG : LoRa PHY  ] log 6
main-DEBUG-  2021-08-06 11:55:34,711-[54: DBG : LoRa PHY  ] log 7
main-DEBUG-  2021-08-06 11:55:34,712-[54: DBG : LoRa PHY  ] log 8
main-DEBUG-  2021-08-06 11:55:34,717-[54: DBG : LoRa PHY  ] log 9
main-DEBUG-  2021-08-06 11:55:34,717-[54: DBG : LoRa PHY  ] log 10
main-DEBUG-  2021-08-06 11:55:34,723-[54: DBG : LoRa PHY  ] log 11
main-DEBUG-  2021-08-06 11:55:34,725-[54: DBG : LoRa PHY  ] log 11
main-DEBUG-  2021-08-06 11:55:34,726-[54: DBG : LoRa PHY  ] log 12
main-DEBUG-  2021-08-06 11:55:34,726-[54: DBG : LoRa PHY  ] log 13
main-DEBUG-  2021-08-06 11:55:34,739-[54: DBG : LoRa PHY  ] log 16
main-DEBUG-  2021-08-06 11:55:34,741-[54: DBG : LoRa PHY  ] log 17
main-DEBUG-  2021-08-06 11:55:34,748-[54: DBG : LoRa PHY  ] to frame receive: {src:2:63665 dest:1:0 k:1 seq:4 next:0 cmd:2 data:
main-DEBUG-  2021-08-06 11:55:34,749-[54: DBG : LoRa PHY  ]
main-DEBUG-  2021-08-06 11:55:34,751-[54: DBG : LoRa PHY  ] src.prefix: 2
main-DEBUG-  2021-08-06 11:55:34,754-[54: DBG : LoRa PHY  ] src addr: 02F8B1
main-DEBUG-  2021-08-06 11:55:34,755-[54: DBG : LoRa PHY  ] dest addr: 010000
main-DEBUG-  2021-08-06 11:55:34,756-[54: DBG : LoRa PHY  ] flags and command:82
main-DEBUG-  2021-08-06 11:55:34,758-[54: DBG : LoRa PHY  ] SN:04
main-DEBUG-  2021-08-06 11:55:34,759-[54: DBG : LoRa PHY  ] TO HEX frame: 02F8B10100008204
main-DEBUG-  2021-08-06 11:55:34,760-[54: DBG : LoRa PHY  ] log 18
main-DEBUG-  2021-08-06 11:55:34,761-[54: DBG : LoRa PHY  ] will call write UART
main-DEBUG-  2021-08-06 11:55:34,762-[54: INFO: LoRa PHY  ] PHY TX:radio tx 02F8B10100008204
main-DEBUG-  2021-08-06 11:55:34,784-[54: DBG : LoRa PHY  ] phy tx done
main-DEBUG-  2021-08-06 11:55:34,784-[54: DBG : LoRa PHY  ] write uart call ended
main-DEBUG-  2021-08-06 11:55:34,785-[54: DBG : LoRa PHY  ] UART response:ok
main-DEBUG-  2021-08-06 11:55:34,786-[54: DBG : LoRa PHY  ] compare response with:radio_tx_ok
main-DEBUG-  2021-08-06 11:55:34,786-[54: DBG : LoRa PHY  ] compare response with:radio_err
main-DEBUG-  2021-08-06 11:55:35,786-[55: DBG : LoRa PHY  ] UART response:radio_tx_ok
main-DEBUG-  2021-08-06 11:55:35,787-[55: DBG : LoRa PHY  ] compare response with:radio_tx_ok
main-DEBUG-  2021-08-06 11:55:35,789-[55: DBG : LoRa PHY  ]  expected !
main-DEBUG-  2021-08-06 11:55:35,790-[55: DBG : LoRa PHY  ] wait can send
main-DEBUG-  2021-08-06 11:55:35,791-[55: DBG : LoRa PHY  ] can send !
lora_phy-INFO-  2021-08-06 11:55:35,796-PHY RX:02F8B10100008204
lora_mac-DEBUG-  2021-08-06 11:55:35,796-RX process receive
lora_mac-DEBUG-  2021-08-06 11:55:35,796-RX process set is_listen=False
lora_mac-DEBUG-  2021-08-06 11:55:35,796-RX process: call mac_rx
lora_mac-DEBUG-  2021-08-06 11:55:35,796-MAC RX: LoraFrame(src_addr=LoraAddr(prefix=2, node_id=63665), dest_addr=LoraAddr(prefix=1, node_id=0), command=<MacCommand.DATA: 2>, payload='', seq=4, k=True, has_next=False)
lora_mac-DEBUG-  2021-08-06 11:55:35,797-look child with prefix: 2
lora_mac-DEBUG-  2021-08-06 11:55:35,797-child is: Child(2:24859)
lora_mac-DEBUG-  2021-08-06 11:55:35,797-Data ! 
lora_mac-DEBUG-  2021-08-06 11:55:35,797-expected sn: 4
lora_mac-DEBUG-  2021-08-06 11:55:35,798-frame want ack -> send ack
lora_phy-INFO-  2021-08-06 11:55:35,798-MAC send:LoraFrame(src_addr=LoraAddr(prefix=1, node_id=0), dest_addr=LoraAddr(prefix=2, node_id=63665), command=<MacCommand.ACK: 3>, payload='', seq=4, k=False, has_next=False)
lora_mac-DEBUG-  2021-08-06 11:55:35,798-RX process: mac_rx end
lora_phy-INFO-  2021-08-06 11:55:35,798-PHY TX:radio tx 01000002F8B10304
lora_mac-DEBUG-  2021-08-06 11:55:35,798-RX process acquire lock for can_listen
lora_mac-DEBUG-  2021-08-06 11:55:35,798-can listen: True
lora_mac-DEBUG-  2021-08-06 11:55:35,798-is_listen: False
main-DEBUG-  2021-08-06 11:55:35,808-[55: DBG : LoRa PHY  ] log 1
main-DEBUG-  2021-08-06 11:55:35,808-[55: DBG : LoRa PHY  ] log 2
main-DEBUG-  2021-08-06 11:55:35,810-[55: DBG : LoRa PHY  ] log 4
main-DEBUG-  2021-08-06 11:55:35,810-[55: DBG : LoRa PHY  ] log 5
main-DEBUG-  2021-08-06 11:55:35,810-[55: DBG : LoRa PHY  ] log 6
main-DEBUG-  2021-08-06 11:55:35,811-[55: DBG : LoRa PHY  ] log 7
main-DEBUG-  2021-08-06 11:55:35,812-[55: DBG : LoRa PHY  ] log 8
main-DEBUG-  2021-08-06 11:55:35,813-[55: DBG : LoRa PHY  ] log 9
main-DEBUG-  2021-08-06 11:55:35,830-[55: DBG : LoRa PHY  ] log 10
main-DEBUG-  2021-08-06 11:55:35,831-[55: DBG : LoRa PHY  ] log 11
main-DEBUG-  2021-08-06 11:55:35,831-[55: DBG : LoRa PHY  ] log 11
main-DEBUG-  2021-08-06 11:55:35,832-[55: DBG : LoRa PHY  ] log 12
main-DEBUG-  2021-08-06 11:55:35,833-[55: DBG : LoRa PHY  ] log 13
main-DEBUG-  2021-08-06 11:55:35,833-[55: DBG : LoRa PHY  ] log 19
main-DEBUG-  2021-08-06 11:55:35,834-[55: DBG : LoRa PHY  ] log 20
main-DEBUG-  2021-08-06 11:55:35,836-[55: DBG : LoRa PHY  ] will call write UART
main-DEBUG-  2021-08-06 11:55:35,853-[55: INFO: LoRa PHY  ] PHY TX:radio set wdt 3000
main-DEBUG-  2021-08-06 11:55:35,855-[55: DBG : LoRa PHY  ] phy tx done
main-DEBUG-  2021-08-06 11:55:35,856-[55: DBG : LoRa PHY  ] write uart call ended
main-DEBUG-  2021-08-06 11:55:35,857-[55: DBG : LoRa PHY  ] UART response:ok
main-DEBUG-  2021-08-06 11:55:35,859-[55: DBG : LoRa PHY  ] compare response with:ok
main-DEBUG-  2021-08-06 11:55:35,874-[55: DBG : LoRa PHY  ]  expected !
main-DEBUG-  2021-08-06 11:55:35,875-[55: DBG : LoRa PHY  ] wait can send
main-DEBUG-  2021-08-06 11:55:35,875-[55: DBG : LoRa PHY  ] can send !
main-DEBUG-  2021-08-06 11:55:35,876-[55: DBG : LoRa PHY  ] log 1
main-DEBUG-  2021-08-06 11:55:35,876-[55: DBG : LoRa PHY  ] log 2
main-DEBUG-  2021-08-06 11:55:35,877-[55: DBG : LoRa PHY  ] log 4
main-DEBUG-  2021-08-06 11:55:35,877-[55: DBG : LoRa PHY  ] log 5
main-DEBUG-  2021-08-06 11:55:35,878-[55: DBG : LoRa PHY  ] log 6
main-DEBUG-  2021-08-06 11:55:35,896-[55: DBG : LoRa PHY  ] log 7
main-DEBUG-  2021-08-06 11:55:35,897-[55: DBG : LoRa PHY  ] log 8
main-DEBUG-  2021-08-06 11:55:35,898-[55: DBG : LoRa PHY  ] log 9
main-DEBUG-  2021-08-06 11:55:35,899-[55: DBG : LoRa PHY  ] log 10
main-DEBUG-  2021-08-06 11:55:35,900-[55: DBG : LoRa PHY  ] log 11
main-DEBUG-  2021-08-06 11:55:35,900-[55: DBG : LoRa PHY  ] log 11
main-DEBUG-  2021-08-06 11:55:35,901-[55: DBG : LoRa PHY  ] log 12
main-DEBUG-  2021-08-06 11:55:35,902-[55: DBG : LoRa PHY  ] log 13
main-DEBUG-  2021-08-06 11:55:35,920-[55: DBG : LoRa PHY  ] log 14
main-DEBUG-  2021-08-06 11:55:35,921-[55: DBG : LoRa PHY  ] log 15
main-DEBUG-  2021-08-06 11:55:35,922-[55: DBG : LoRa PHY  ] will call write UART
main-DEBUG-  2021-08-06 11:55:35,923-[55: INFO: LoRa PHY  ] PHY TX:radio rx 0
main-DEBUG-  2021-08-06 11:55:35,924-[55: DBG : LoRa PHY  ] phy tx done
main-DEBUG-  2021-08-06 11:55:35,931-[55: DBG : LoRa PHY  ] write u[56: DBG : LoRa PHY  ] UART response:ok
main-DEBUG-  2021-08-06 11:55:35,932-[56: DBG : LoRa PHY  ] compare response with:radio_err
main-DEBUG-  2021-08-06 11:55:35,936-[56: DBG : LoRa PHY  ] compare response with:radio_rx
main-DEBUG-  2021-08-06 11:55:35,937-
rt call ended
main-DEBUG-  2021-08-06 11:55:36,199-[56: INFO: RPL       ] received a multicast-DIO from fe80::212:4b00:60d:b1f8, instance_id 0, DAG ID fd00::200:212:4b00:60d:611b, version 240, dtsn 240, rank 256
lora_phy-INFO-  2021-08-06 11:55:36,802-PHY TX:radio rx 0
main-DEBUG-  2021-08-06 11:55:36,857-[56: DBG : LoRa PHY  ] UART response:radio_rx  01000002F8B10304
main-DEBUG-  2021-08-06 11:55:36,857-[56: DBG : LoRa PHY  ] compare response with:radio_err
main-DEBUG-  2021-08-06 11:55:36,858-[56: DBG : LoRa PHY  ] compare response with:radio_rx
main-DEBUG-  2021-08-06 11:55:36,858-[56: DBG : LoRa PHY  ] created frame a LoRa frame
main-DEBUG-  2021-08-06 11:55:36,879-[56: INFO: LoRa PHY  ] PHY RX:01000002F8B10304
main-DEBUG-  2021-08-06 11:55:36,880-[56: INFO: LoRa MAC  ] RX LoRa frame: {src:1:0 dest:2:63665 k:0 seq:4 next:0 cmd:3 data:
main-DEBUG-  2021-08-06 11:55:36,881-[56: INFO: LoRa MAC  ] ACK!
main-DEBUG-  2021-08-06 11:55:36,881-[56: DBG : LoRa MAC  ] STOP retransmit timer thanks to correct ACK
main-DEBUG-  2021-08-06 11:55:36,901-[56: DBG : LoRa PHY  ]  expected !
main-DEBUG-  2021-08-06 11:55:36,902-[56: DBG : LoRa MAC  ] state is READY
main-DEBUG-  2021-08-06 11:55:36,903-[56: WARN: LoRa MAC  ] buf not empty: 0
main-DEBUG-  2021-08-06 11:55:36,905-[56: DBG : LoRa PHY  ] wait can send
main-DEBUG-  2021-08-06 11:55:36,906-[56: DBG : LoRa PHY  ] can send !
main-DEBUG-  2021-08-06 11:55:36,908-[56: DBG : LoRa PHY  ] log 1
main-DEBUG-  2021-08-06 11:55:36,910-[56: DBG : LoRa PHY  ] log 2
main-DEBUG-  2021-08-06 11:55:36,911-[56: DBG : LoRa PHY  ] log 3
main-DEBUG-  2021-08-06 11:55:40,588-[60: INFO: RPL       ] nbr: own state, addr fd00::200:212:4b00:60d:611b, DAG state: reachable, MOP 1 OCP 1 rank 128 max-rank 65535, dioint 15, nbr count 1 (Periodic)
main-DEBUG-  2021-08-06 11:55:40,608-[60: INFO: RPL       ] nbr: fe80::212:4b00:60d:b1f8  256,   128 =>   384 --  1  ba   (last tx 0 min ago)
main-DEBUG-  2021-08-06 11:55:40,611-[60: INFO: RPL       ] nbr: end of list
main-DEBUG-  2021-08-06 11:55:40,612-[60: INFO: RPL       ] links: 2 routing links in total (Periodic)
main-DEBUG-  2021-08-06 11:55:40,612-[60: INFO: RPL       ] links: fd00::200:212:4b00:60d:611b  (DODAG root) (lifetime: infinite)
main-DEBUG-  2021-08-06 11:55:40,619-[60: INFO: RPL       ] links: fd00::200:212:4b00:60d:b1f8  to fd00::200:212:4b00:60d:611b (lifetime: 1740 seconds)
main-DEBUG-  2021-08-06 11:55:40,619-[60: INFO: RPL       ] links: end of list
main-DEBUG-  2021-08-06 11:55:41,124-[61: INFO: LoRa MAC  ] Query timeout !
main-DEBUG-  2021-08-06 11:55:41,124-[61: DBG : LoRa MAC  ] STOP query timer thanks to query_timeout
main-DEBUG-  2021-08-06 11:55:41,125-[61: DBG : LoRa MAC  ] query frame built
main-DEBUG-  2021-08-06 11:55:41,145-[61: DBG : LoRa MAC  ] Enter enqueue_packet with frame: {src:2:24859 dest:1:0 k:0 seq:5 next:0 cmd:6 data:
main-DEBUG-  2021-08-06 11:55:41,146-[61: INFO: LoRa MAC  ] YOOOOOO 1
main-DEBUG-  2021-08-06 11:55:41,147-[61: INFO: LoRa MAC  ] YOOOOOO 2
main-DEBUG-  2021-08-06 11:55:41,149-[61: DBG : LoRa MAC  ] append to buffer
main-DEBUG-  2021-08-06 11:55:41,149-[61: INFO: LoRa MAC  ] YOOOOOO 3
main-DEBUG-  2021-08-06 11:55:41,150-[61: DBG : LoRa MAC  ] post new_tx_frame_event to TX_PROCESS
main-DEBUG-  2021-08-06 11:55:41,167-[61: INFO: LoRa MAC  ] YOOOOOO 4
main-DEBUG-  2021-08-06 11:55:41,169-[61: DBG : LoRa MAC  ] frame from buffer: {src:2:24859 dest:1:0 k:0 seq:5 next:0 cmd:6 data:
main-DEBUG-  2021-08-06 11:55:41,169-[61: DBG : LoRa MAC  ] buffer size: 0
main-DEBUG-  2021-08-06 11:55:41,170-[61: DBG : LoRa PHY  ] enter UART_TX
main-DEBUG-  2021-08-06 11:55:41,190-[61: DBG : LoRa PHY  ] append { cmd:radio set wdt  resp: [ok, none] }[61: DBG : LoRa PHY  ]  to UART TX buffer
main-DEBUG-  2021-08-06 11:55:41,190-[61: DBG : LoRa PHY  ] enter UART_TX
main-DEBUG-  2021-08-06 11:55:41,191-[61: DBG : LoRa PHY  ] with lora frame: {src:2:24859 dest:1:0 k:0 seq:5 next:0 cmd:6 data:
main-DEBUG-  2021-08-06 11:55:41,212-[61: DBG : LoRa PHY  ] append { cmd:radio tx  resp: [radio_tx_ok, radio_err] }[61: DBG : LoRa PHY  ]  to UART TX buffer
main-DEBUG-  2021-08-06 11:55:41,213-[61: DBG : LoRa MAC  ] frame sended to PHY layer
main-DEBUG-  2021-08-06 11:55:41,214-[61: DBG : LoRa MAC  ] START retransmit timer in mac_tx process
main-DEBUG-  2021-08-06 11:55:41,214-[61: DBG : LoRa MAC  ] Listen during 3 s
main-DEBUG-  2021-08-06 11:55:41,215-[61: DBG : LoRa PHY  ] enter UART_TX
main-DEBUG-  2021-08-06 11:55:41,235-[61: DBG : LoRa PHY  ] append { cmd:radio set wdt  resp: [ok, none] }[61: DBG : LoRa PHY  ]  to UART TX buffer
main-DEBUG-  2021-08-06 11:55:41,235-[61: DBG : LoRa PHY  ] enter UART_TX
main-DEBUG-  2021-08-06 11:55:41,256-[61: DBG : LoRa PHY  ] append { cmd:radio rx  resp: [radio_err, radio_rx] }[61: DBG : LoRa PHY  ]  to UART TX buffer
main-DEBUG-  2021-08-06 11:55:41,257-[61: DBG : LoRa MAC  ] wait state change to READY
main-DEBUG-  2021-08-06 11:55:41,258-[61: DBG : LoRa PHY  ] log 4
main-DEBUG-  2021-08-06 11:55:41,259-[61: DBG : LoRa PHY  ] log 5
main-DEBUG-  2021-08-06 11:55:41,260-[61: DBG : LoRa PHY  ] log 6
main-DEBUG-  2021-08-06 11:55:41,262-[61: DBG : LoRa PHY  ] log 7
main-DEBUG-  2021-08-06 11:55:41,264-[61: DBG : LoRa PHY  ] log 8
main-DEBUG-  2021-08-06 11:55:41,266-[61: DBG : LoRa PHY  ] log 9
main-DEBUG-  2021-08-06 11:55:41,279-[61: DBG : LoRa PHY  ] log 10
main-DEBUG-  2021-08-06 11:55:41,284-[61: DBG : LoRa PHY  ] log 11
main-DEBUG-  2021-08-06 11:55:41,284-[61: DBG : LoRa PHY  ] log 11
main-DEBUG-  2021-08-06 11:55:41,285-[61: DBG : LoRa PHY  ] log 12
main-DEBUG-  2021-08-06 11:55:41,285-[61: DBG : LoRa PHY  ] log 13
main-DEBUG-  2021-08-06 11:55:41,286-[61: DBG : LoRa PHY  ] log 19
main-DEBUG-  2021-08-06 11:55:41,286-[61: DBG : LoRa PHY  ] log 20
main-DEBUG-  2021-08-06 11:55:41,301-[61: DBG : LoRa PHY  ] will call write UART
main-DEBUG-  2021-08-06 11:55:41,302-[61: INFO: LoRa PHY  ] PHY TX:radio set wdt 0
main-DEBUG-  2021-08-06 11:55:41,302-[61: DBG : LoRa PHY  ] phy tx done
main-DEBUG-  2021-08-06 11:55:41,303-[61: DBG : LoRa PHY  ] wri[61: DBG : LoRa PHY  ] UART response:ok
main-DEBUG-  2021-08-06 11:55:41,304-[61: DBG : LoRa PHY  ] compare response with:ok
main-DEBUG-  2021-08-06 11:55:41,323-[61: DBG : LoRa PHY  ]  expected !
main-DEBUG-  2021-08-06 11:55:41,324-
e uart call ended
main-DEBUG-  2021-08-06 11:55:41,324-[61: DBG : LoRa PHY  ] wait can send
main-DEBUG-  2021-08-06 11:55:41,325-[61: DBG : LoRa PHY  ] wait can send
main-DEBUG-  2021-08-06 11:55:41,325-[61: DBG : LoRa PHY  ] wait can send
main-DEBUG-  2021-08-06 11:55:41,325-[61: DBG : LoRa PHY  ] wait can send
main-DEBUG-  2021-08-06 11:55:41,326-[61: DBG : LoRa PHY  ] can send !
main-DEBUG-  2021-08-06 11:55:41,327-[61: DBG : LoRa PHY  ] log 1
main-DEBUG-  2021-08-06 11:55:41,346-[61: DBG : LoRa PHY  ] log 2
main-DEBUG-  2021-08-06 11:55:41,346-[61: DBG : LoRa PHY  ] log 4
main-DEBUG-  2021-08-06 11:55:41,347-[61: DBG : LoRa PHY  ] log 5
main-DEBUG-  2021-08-06 11:55:41,348-[61: DBG : LoRa PHY  ] log 6
main-DEBUG-  2021-08-06 11:55:41,349-[61: DBG : LoRa PHY  ] log 7
main-DEBUG-  2021-08-06 11:55:41,349-[61: DBG : LoRa PHY  ] log 8
main-DEBUG-  2021-08-06 11:55:41,350-[61: DBG : LoRa PHY  ] log 9
main-DEBUG-  2021-08-06 11:55:41,351-[61: DBG : LoRa PHY  ] log 10
main-DEBUG-  2021-08-06 11:55:41,367-[61: DBG : LoRa PHY  ] log 11
main-DEBUG-  2021-08-06 11:55:41,369-[61: DBG : LoRa PHY  ] log 11
main-DEBUG-  2021-08-06 11:55:41,370-[61: DBG : LoRa PHY  ] log 12
main-DEBUG-  2021-08-06 11:55:41,370-[61: DBG : LoRa PHY  ] log 13
main-DEBUG-  2021-08-06 11:55:41,370-[61: DBG : LoRa PHY  ] log 16
main-DEBUG-  2021-08-06 11:55:41,371-[61: DBG : LoRa PHY  ] log 17
main-DEBUG-  2021-08-06 11:55:41,391-[61: DBG : LoRa PHY  ] to frame receive: {src:2:24859 dest:1:0 k:0 seq:5 next:0 cmd:6 data:
main-DEBUG-  2021-08-06 11:55:41,391-[61: DBG : LoRa PHY  ]
main-DEBUG-  2021-08-06 11:55:41,391-[61: DBG : LoRa PHY  ] src.prefix: 2
main-DEBUG-  2021-08-06 11:55:41,392-[61: DBG : LoRa PHY  ] src addr: 02611B
main-DEBUG-  2021-08-06 11:55:41,393-[61: DBG : LoRa PHY  ] dest addr: 010000
main-DEBUG-  2021-08-06 11:55:41,393-[61: DBG : LoRa PHY  ] flags and command:06
main-DEBUG-  2021-08-06 11:55:41,408-[61: DBG : LoRa PHY  ] SN:05
main-DEBUG-  2021-08-06 11:55:41,408-[61: DBG : LoRa PHY  ] TO HEX frame: 02611B0100000605
main-DEBUG-  2021-08-06 11:55:41,409-[61: DBG : LoRa PHY  ] log 18
main-DEBUG-  2021-08-06 11:55:41,410-[61: DBG : LoRa PHY  ] will call write UART
main-DEBUG-  2021-08-06 11:55:41,411-[61: INFO: LoRa PHY  ] PHY TX:radio tx 02611B0100000605
main-DEBUG-  2021-08-06 11:55:41,432-[61: DBG : LoRa PHY  ] phy tx done
main-DEBUG-  2021-08-06 11:55:41,433-[61: DBG : LoRa PHY  ] write uart call ended
main-DEBUG-  2021-08-06 11:55:41,434-[61: DBG : LoRa PHY  ] UART response:ok
main-DEBUG-  2021-08-06 11:55:41,435-[61: DBG : LoRa PHY  ] compare response with:radio_tx_ok
main-DEBUG-  2021-08-06 11:55:41,436-[61: DBG : LoRa PHY  ] compare response with:radio_err
main-DEBUG-  2021-08-06 11:55:42,433-[62: DBG : LoRa PHY  ] UART response:radio_tx_ok
main-DEBUG-  2021-08-06 11:55:42,436-[62: DBG : LoRa PHY  ] compare response with:radio_tx_ok
main-DEBUG-  2021-08-06 11:55:42,437-[62: DBG : LoRa PHY  ]  expected !
main-DEBUG-  2021-08-06 11:55:42,439-[62: DBG : LoRa PHY  ] wait can send
main-DEBUG-  2021-08-06 11:55:42,441-[62: DBG : LoRa PHY  ] can send !
lora_phy-INFO-  2021-08-06 11:55:42,442-PHY RX:02611B0100000605
lora_mac-DEBUG-  2021-08-06 11:55:42,442-RX process receive
lora_mac-DEBUG-  2021-08-06 11:55:42,443-RX process set is_listen=False
lora_mac-DEBUG-  2021-08-06 11:55:42,443-RX process: call mac_rx
lora_mac-DEBUG-  2021-08-06 11:55:42,443-MAC RX: LoraFrame(src_addr=LoraAddr(prefix=2, node_id=24859), dest_addr=LoraAddr(prefix=1, node_id=0), command=<MacCommand.QUERY: 6>, payload='', seq=5, k=False, has_next=False)
lora_mac-DEBUG-  2021-08-06 11:55:42,443-look child with prefix: 2
lora_mac-DEBUG-  2021-08-06 11:55:42,443-child is: Child(2:24859)
lora_mac-DEBUG-  2021-08-06 11:55:42,443-In _on_query
lora_mac-DEBUG-  2021-08-06 11:55:42,443-child buffer empty -> send ack
lora_phy-INFO-  2021-08-06 11:55:42,444-MAC send:LoraFrame(src_addr=LoraAddr(prefix=1, node_id=0), dest_addr=LoraAddr(prefix=2, node_id=24859), command=<MacCommand.ACK: 3>, payload='', seq=5, k=False, has_next=False)
lora_mac-DEBUG-  2021-08-06 11:55:42,444-RX process: mac_rx end
lora_phy-INFO-  2021-08-06 11:55:42,444-PHY TX:radio tx 01000002611B0305
lora_mac-DEBUG-  2021-08-06 11:55:42,444-RX process acquire lock for can_listen
lora_mac-DEBUG-  2021-08-06 11:55:42,444-can listen: True
lora_mac-DEBUG-  2021-08-06 11:55:42,445-is_listen: False
main-DEBUG-  2021-08-06 11:55:42,454-[62: DBG : LoRa PHY  ] log 1
main-DEBUG-  2021-08-06 11:55:42,455-[62: DBG : LoRa PHY  ] log 2
main-DEBUG-  2021-08-06 11:55:42,455-[62: DBG : LoRa PHY  ] log 4
main-DEBUG-  2021-08-06 11:55:42,455-[62: DBG : LoRa PHY  ] log 5
main-DEBUG-  2021-08-06 11:55:42,456-[62: DBG : LoRa PHY  ] log 6
main-DEBUG-  2021-08-06 11:55:42,456-[62: DBG : LoRa PHY  ] log 7
main-DEBUG-  2021-08-06 11:55:42,458-[62: DBG : LoRa PHY  ] log 8
main-DEBUG-  2021-08-06 11:55:42,459-[62: DBG : LoRa PHY  ] log 9
main-DEBUG-  2021-08-06 11:55:42,476-[62: DBG : LoRa PHY  ] log 10
main-DEBUG-  2021-08-06 11:55:42,477-[62: DBG : LoRa PHY  ] log 11
main-DEBUG-  2021-08-06 11:55:42,478-[62: DBG : LoRa PHY  ] log 11
main-DEBUG-  2021-08-06 11:55:42,478-[62: DBG : LoRa PHY  ] log 12
main-DEBUG-  2021-08-06 11:55:42,478-[62: DBG : LoRa PHY  ] log 13
main-DEBUG-  2021-08-06 11:55:42,479-[62: DBG : LoRa PHY  ] log 19
main-DEBUG-  2021-08-06 11:55:42,479-[62: DBG : LoRa PHY  ] log 20
main-DEBUG-  2021-08-06 11:55:42,483-[62: DBG : LoRa PHY  ] will call write UART
main-DEBUG-  2021-08-06 11:55:42,499-[62: INFO: LoRa PHY  ] PHY TX:radio set wdt 3000
main-DEBUG-  2021-08-06 11:55:42,501-[62: DBG : LoRa PHY  ] phy tx done
main-DEBUG-  2021-08-06 11:55:42,502-[62: DBG : LoRa PHY  ] write uart call ended
main-DEBUG-  2021-08-06 11:55:42,503-[62: DBG : LoRa PHY  ] UART response:ok
main-DEBUG-  2021-08-06 11:55:42,505-[62: DBG : LoRa PHY  ] compare response with:ok
main-DEBUG-  2021-08-06 11:55:42,521-[62: DBG : LoRa PHY  ]  expected !
main-DEBUG-  2021-08-06 11:55:42,523-[62: DBG : LoRa PHY  ] wait can send
main-DEBUG-  2021-08-06 11:55:42,524-[62: DBG : LoRa PHY  ] can send !
main-DEBUG-  2021-08-06 11:55:42,524-[62: DBG : LoRa PHY  ] log 1
main-DEBUG-  2021-08-06 11:55:42,524-[62: DBG : LoRa PHY  ] log 2
main-DEBUG-  2021-08-06 11:55:42,525-[62: DBG : LoRa PHY  ] log 4
main-DEBUG-  2021-08-06 11:55:42,525-[62: DBG : LoRa PHY  ] log 5
main-DEBUG-  2021-08-06 11:55:42,526-[62: DBG : LoRa PHY  ] log 6
main-DEBUG-  2021-08-06 11:55:42,543-[62: DBG : LoRa PHY  ] log 7
main-DEBUG-  2021-08-06 11:55:42,544-[62: DBG : LoRa PHY  ] log 8
main-DEBUG-  2021-08-06 11:55:42,545-[62: DBG : LoRa PHY  ] log 9
main-DEBUG-  2021-08-06 11:55:42,545-[62: DBG : LoRa PHY  ] log 10
main-DEBUG-  2021-08-06 11:55:42,546-[62: DBG : LoRa PHY  ] log 11
main-DEBUG-  2021-08-06 11:55:42,546-[62: DBG : LoRa PHY  ] log 11
main-DEBUG-  2021-08-06 11:55:42,547-[62: DBG : LoRa PHY  ] log 12
main-DEBUG-  2021-08-06 11:55:42,548-[62: DBG : LoRa PHY  ] log 13
main-DEBUG-  2021-08-06 11:55:42,565-[62: DBG : LoRa PHY  ] log 14
main-DEBUG-  2021-08-06 11:55:42,566-[62: DBG : LoRa PHY  ] log 15
main-DEBUG-  2021-08-06 11:55:42,567-[62: DBG : LoRa PHY  ] will call write UART
main-DEBUG-  2021-08-06 11:55:42,569-[62: INFO: LoRa PHY  ] PHY TX:radio rx 0
main-DEBUG-  2021-08-06 11:55:42,570-[62: DBG : LoRa PHY  ] phy tx done
main-DEBUG-  2021-08-06 11:55:42,577-[62: DBG : LoRa PHY  ] write u[62: DBG : LoRa PHY  ] UART response:ok
main-DEBUG-  2021-08-06 11:55:42,578-[62: DBG : LoRa PHY  ] compare response with:radio_err
main-DEBUG-  2021-08-06 11:55:42,580-[62: DBG : LoRa PHY  ] compare response with:radio_rx
main-DEBUG-  2021-08-06 11:55:42,580-
rt call ended
lora_phy-INFO-  2021-08-06 11:55:43,448-PHY TX:radio rx 0
main-DEBUG-  2021-08-06 11:55:43,503-[63: DBG : LoRa PHY  ] UART response:radio_rx  01000002611B0305
main-DEBUG-  2021-08-06 11:55:43,504-[63: DBG : LoRa PHY  ] compare response with:radio_err
main-DEBUG-  2021-08-06 11:55:43,504-[63: DBG : LoRa PHY  ] compare response with:radio_rx
main-DEBUG-  2021-08-06 11:55:43,507-[63: DBG : LoRa PHY  ] created frame a LoRa frame
main-DEBUG-  2021-08-06 11:55:43,525-[63: INFO: LoRa PHY  ] PHY RX:01000002611B0305
main-DEBUG-  2021-08-06 11:55:43,526-[63: INFO: LoRa MAC  ] RX LoRa frame: {src:1:0 dest:2:24859 k:0 seq:5 next:0 cmd:3 data:
main-DEBUG-  2021-08-06 11:55:43,527-[63: INFO: LoRa MAC  ] ACK!
main-DEBUG-  2021-08-06 11:55:43,530-[63: DBG : LoRa MAC  ] STOP retransmit timer thanks to correct ACK
main-DEBUG-  2021-08-06 11:55:43,547-[63: DBG : LoRa PHY  ]  expected !
main-DEBUG-  2021-08-06 11:55:43,547-[63: DBG : LoRa MAC  ] state is READY
main-DEBUG-  2021-08-06 11:55:43,548-[63: WARN: LoRa MAC  ] buf not empty: 0
main-DEBUG-  2021-08-06 11:55:43,548-[63: DBG : LoRa PHY  ] wait can send
main-DEBUG-  2021-08-06 11:55:43,550-[63: DBG : LoRa PHY  ] can send !
main-DEBUG-  2021-08-06 11:55:43,550-[63: DBG : LoRa PHY  ] log 1
main-DEBUG-  2021-08-06 11:55:43,550-[63: DBG : LoRa PHY  ] log 2
main-DEBUG-  2021-08-06 11:55:43,551-[63: DBG : LoRa PHY  ] log 3
