lora_mac-INFO-  2021-07-29 14:15:24,797-Init MAC
lora_phy-INFO-  2021-07-29 14:15:24,797-Init PHY
lora_phy-DEBUG-  2021-07-29 14:15:24,800-append UartFrame(expected_response=[<UartResponse.U_INT: '4294967245'>], data='', cmd=<UartCommand.MAC_PAUSE: 'mac pause'>) to tx_buf
lora_phy-DEBUG-  2021-07-29 14:15:24,800-append UartFrame(expected_response=[<UartResponse.OK: 'ok'>], data='868100000', cmd=<UartCommand.SET_FREQ: 'radio set freq '>) to tx_buf
lora_phy-INFO-  2021-07-29 14:15:24,805-Send UART data:UartFrame(expected_response=[<UartResponse.U_INT: '4294967245'>], data='', cmd=<UartCommand.MAC_PAUSE: 'mac pause'>)
lora_phy-DEBUG-  2021-07-29 14:15:24,805-append UartFrame(expected_response=[<UartResponse.OK: 'ok'>], data='0', cmd=<UartCommand.SET_WDT: 'radio set wdt '>) to tx_buf
lora_phy-DEBUG-  2021-07-29 14:15:24,806-append UartFrame(expected_response=[<UartResponse.RADIO_ERR: 'radio_err'>, <UartResponse.RADIO_RX: 'radio_rx'>], data='0', cmd=<UartCommand.RX: 'radio rx '>) to tx_buf
lora_phy-INFO-  2021-07-29 14:15:24,819-process uart response: 4294967245
lora_phy-INFO-  2021-07-29 14:15:24,819-Send UART data:UartFrame(expected_response=[<UartResponse.OK: 'ok'>], data='868100000', cmd=<UartCommand.SET_FREQ: 'radio set freq '>)
lora_phy-INFO-  2021-07-29 14:15:24,834-process uart response: ok
lora_phy-INFO-  2021-07-29 14:15:24,834-Send UART data:UartFrame(expected_response=[<UartResponse.OK: 'ok'>], data='0', cmd=<UartCommand.SET_WDT: 'radio set wdt '>)
lora_phy-INFO-  2021-07-29 14:15:24,841-process uart response: ok
lora_phy-INFO-  2021-07-29 14:15:24,841-Send UART data:UartFrame(expected_response=[<UartResponse.RADIO_ERR: 'radio_err'>, <UartResponse.RADIO_RX: 'radio_rx'>], data='0', cmd=<UartCommand.RX: 'radio rx '>)
lora_phy-INFO-  2021-07-29 14:15:24,847-process uart response: ok
lora_phy-DEBUG-  2021-07-29 14:15:24,848-unexpected response
main-DEBUG-  2021-07-29 14:15:26,844-[7: INFO: Interface ] Button pushed
main-DEBUG-  2021-07-29 14:15:26,846-[7: INFO: LoRa MAC  ] Init LoRa MAC
main-DEBUG-  2021-07-29 14:15:26,848-[7: INFO: LoRa MAC  ] Node ID: 24859
main-DEBUG-  2021-07-29 14:15:26,852-[7: INFO: LoRa MAC  ] New Link-layer address: 5f75.6d6f.6e73.611b[7: INFO: LoRa MAC  ]
main-DEBUG-  2021-07-29 14:15:26,853-[7: DBG : LoRa MAC  ] initial state: 0
main-DEBUG-  2021-07-29 14:15:26,866-[7: INFO: LoRa PHY  ] Init LoRa PHY
main-DEBUG-  2021-07-29 14:15:26,866-[7: DBG : LoRa PHY  ] enter UART_TX
main-DEBUG-  2021-07-29 14:15:26,869-[7: DBG : LoRa PHY  ] append { cmd:mac pause resp: [4294967245, none] }[7: DBG : LoRa PHY  ]  to UART TX buffer
main-DEBUG-  2021-07-29 14:15:26,871-[7: DBG : LoRa PHY  ] enter UART_TX
main-DEBUG-  2021-07-29 14:15:26,888-[7: DBG : LoRa PHY  ] append { cmd:radio set freq  resp: [ok, none] }[7: DBG : LoRa PHY  ]  to UART TX buffer
main-DEBUG-  2021-07-29 14:15:26,888-[7: DBG : LoRa PHY  ] enter UART_TX
main-DEBUG-  2021-07-29 14:15:26,890-[7: DBG : LoRa PHY  ] append { cmd:radio set wdt  resp: [ok, none] }[7: DBG : LoRa PHY  ]  to UART TX buffer
main-DEBUG-  2021-07-29 14:15:26,909-[7: DBG : LoRa PHY  ] enter UART_TX
main-DEBUG-  2021-07-29 14:15:26,911-[7: DBG : LoRa PHY  ] append { cmd:radio tx  resp: [radio_tx_ok, radio_err] }[7: DBG : LoRa PHY  ]  to UART TX buffer
main-DEBUG-  2021-07-29 14:15:26,912-[7: DBG : LoRa PHY  ] enter UART_TX
main-DEBUG-  2021-07-29 14:15:26,933-[7: DBG : LoRa PHY  ] append { cmd:radio set wdt  resp: [ok, none] }[7: DBG : LoRa PHY  ]  to UART TX buffer
main-DEBUG-  2021-07-29 14:15:26,935-[7: DBG : LoRa PHY  ] enter UART_TX
main-DEBUG-  2021-07-29 14:15:26,937-[7: DBG : LoRa PHY  ] append { cmd:radio rx  resp: [radio_err, radio_rx] }[7: DBG : LoRa PHY  ]  to UART TX buffer
main-DEBUG-  2021-07-29 14:15:26,939-[7: DBG : LoRa MAC  ] SET retransmit timer
main-DEBUG-  2021-07-29 14:15:26,939-[7: DBG : LoRa MAC  ] initialization complete
main-DEBUG-  2021-07-29 14:15:26,941-[7: INFO: LoRa PHY  ] Write UART:mac pause
main-DEBUG-  2021-07-29 14:15:26,967-[7: INFO: LoRa PHY  ] UART response:4294967245
main-DEBUG-  2021-07-29 14:15:26,969-[7: DBG : LoRa PHY  ] compare response with:4294967245
main-DEBUG-  2021-07-29 14:15:26,970-[7: DBG : LoRa PHY  ]  expected !
main-DEBUG-  2021-07-29 14:15:26,971-[7: INFO: LoRa PHY  ] Write UART:radio set freq 868100000
main-DEBUG-  2021-07-29 14:15:26,995-[7: INFO: LoRa PHY  ] UART response:ok
main-DEBUG-  2021-07-29 14:15:26,997-[7: DBG : LoRa PHY  ] compare response with:ok
main-DEBUG-  2021-07-29 14:15:26,999-[7: DBG : LoRa PHY  ]  expected !
main-DEBUG-  2021-07-29 14:15:27,001-[7: INFO: LoRa PHY  ] Write UART:radio set wdt 0
main-DEBUG-  2021-07-29 14:15:27,022-[7: INFO: LoRa PHY  ] UART response:ok
main-DEBUG-  2021-07-29 14:15:27,022-[7: DBG : LoRa PHY  ] compare response with:ok
main-DEBUG-  2021-07-29 14:15:27,024-[7: DBG : LoRa PHY  ]  expected !
main-DEBUG-  2021-07-29 14:15:27,026-[7: DBG : LoRa PHY  ] to frame receive: {src:27:24859 dest:1:0 k:0 seq:0 next:0 cmd:0 data:
main-DEBUG-  2021-07-29 14:15:27,028-[7: DBG : LoRa PHY  ]
main-DEBUG-  2021-07-29 14:15:27,044-[7: DBG : LoRa PHY  ] src.prefix: 27
main-DEBUG-  2021-07-29 14:15:27,044-[7: DBG : LoRa PHY  ] src addr: 1B611B
main-DEBUG-  2021-07-29 14:15:27,045-[7: DBG : LoRa PHY  ] dest addr: 010000
main-DEBUG-  2021-07-29 14:15:27,046-[7: DBG : LoRa PHY  ] flags and command:00
main-DEBUG-  2021-07-29 14:15:27,047-[7: DBG : LoRa PHY  ] SN:00
main-DEBUG-  2021-07-29 14:15:27,051-[7: DBG : LoRa PHY  ] TO HEX frame: 1B611B0100000000
main-DEBUG-  2021-07-29 14:15:27,053-[7: INFO: LoRa PHY  ] Write UART:radio tx 1B611B0100000000
main-DEBUG-  2021-07-29 14:15:27,070-[7: INFO: LoRa PHY  ] UART response:ok
main-DEBUG-  2021-07-29 14:15:27,071-[7: DBG : LoRa PHY  ] compare response with:radio_tx_ok
main-DEBUG-  2021-07-29 14:15:27,072-[7: DBG : LoRa PHY  ] compare response with:radio_err
main-DEBUG-  2021-07-29 14:15:28,068-[8: INFO: LoRa PHY  ] UART response:radio_tx_ok
main-DEBUG-  2021-07-29 14:15:28,070-[8: DBG : LoRa PHY  ] compare response with:radio_tx_ok
main-DEBUG-  2021-07-29 14:15:28,072-[8: DBG : LoRa PHY  ]  expected !
main-DEBUG-  2021-07-29 14:15:28,074-[8: INFO: LoRa PHY  ] Write UART:radio set wdt 3000
lora_phy-INFO-  2021-07-29 14:15:28,083-process uart response: radio_rx  1B611B0100000000
lora_phy-DEBUG-  2021-07-29 14:15:28,083-build frame receive data: 1B611B0100000000
lora_mac-DEBUG-  2021-07-29 14:15:28,083-MAC RX: LoraFrame(src_addr=LoraAddr(prefix=27, node_id=24859), dest_addr=LoraAddr(prefix=1, node_id=0), command=<MacCommand.JOIN: 0>, payload='', seq=0, k=False, has_next=False)
lora_mac-DEBUG-  2021-07-29 14:15:28,083-look child with prefix: 27
lora_mac-DEBUG-  2021-07-29 14:15:28,084-child is: None
lora_mac-INFO-  2021-07-29 14:15:28,084-reveive join frame LoraFrame(src_addr=LoraAddr(prefix=27, node_id=24859), dest_addr=LoraAddr(prefix=1, node_id=0), command=<MacCommand.JOIN: 0>, payload='', seq=0, k=False, has_next=False)
lora_mac-DEBUG-  2021-07-29 14:15:28,084-new child Child(2:24859) created
lora_mac-DEBUG-  2021-07-29 14:15:28,084-send join response
lora_phy-DEBUG-  2021-07-29 14:15:28,085-append UartFrame(expected_response=[<UartResponse.RADIO_TX_OK: 'radio_tx_ok'>, <UartResponse.RADIO_ERR: 'radio_err'>], data='0100001B611B010002', cmd=<UartCommand.TX: 'radio tx '>) to tx_buf
lora_phy-INFO-  2021-07-29 14:15:28,085-Send UART data:UartFrame(expected_response=[<UartResponse.RADIO_TX_OK: 'radio_tx_ok'>, <UartResponse.RADIO_ERR: 'radio_err'>], data='0100001B611B010002', cmd=<UartCommand.TX: 'radio tx '>)
main-DEBUG-  2021-07-29 14:15:28,090-[8: INFO: LoRa PHY  ] UART response:ok
main-DEBUG-  2021-07-29 14:15:28,091-[8: DBG : LoRa PHY  ] compare response with:ok
main-DEBUG-  2021-07-29 14:15:28,092-[8: DBG : LoRa PHY  ]  expected !
main-DEBUG-  2021-07-29 14:15:28,093-[8: INFO: LoRa PHY  ] Write UART:radio rx 0
lora_phy-INFO-  2021-07-29 14:15:28,097-process uart response: ok
lora_phy-DEBUG-  2021-07-29 14:15:28,098-unexpected response
main-DEBUG-  2021-07-29 14:15:28,109-[8: INFO: LoRa PHY  ] UART response:ok
main-DEBUG-  2021-07-29 14:15:28,109-[8: DBG : LoRa PHY  ] compare response with:radio_err
main-DEBUG-  2021-07-29 14:15:28,110-[8: DBG : LoRa PHY  ] compare response with:radio_rx
lora_phy-INFO-  2021-07-29 14:15:29,090-process uart response: radio_tx_ok
main-DEBUG-  2021-07-29 14:15:29,146-[9: INFO: LoRa PHY  ] UART response:radio_rx  0100001B611B010002
main-DEBUG-  2021-07-29 14:15:29,146-[9: DBG : LoRa PHY  ] compare response with:radio_err
main-DEBUG-  2021-07-29 14:15:29,147-[9: DBG : LoRa PHY  ] compare response with:radio_rx
main-DEBUG-  2021-07-29 14:15:29,148-[9: DBG : LoRa PHY  ] created frame a LoRa frame
main-DEBUG-  2021-07-29 14:15:29,168-[9: INFO: LoRa MAC  ] RX LoRa frame: {src:1:0 dest:27:24859 k:0 seq:0 next:0 cmd:1 data:02
main-DEBUG-  2021-07-29 14:15:29,168-[9: DBG : LoRa MAC  ] JOIN RESPONSE
main-DEBUG-  2021-07-29 14:15:29,170-[9: DBG : LoRa MAC  ] state = READY
main-DEBUG-  2021-07-29 14:15:29,171-[9: DBG : LoRa MAC  ] STOP retransmit timer
main-DEBUG-  2021-07-29 14:15:29,172-[9: INFO: LoRa MAC  ] Lora Root joined
main-DEBUG-  2021-07-29 14:15:29,184-[9: INFO: LoRa MAC  ] Node addr: 2:24859
main-DEBUG-  2021-07-29 14:15:29,185-[9: DBG : LoRa MAC  ] START TX_PROCESS
main-DEBUG-  2021-07-29 14:15:29,186-[9: DBG : LoRa MAC  ] MAC_TX process started
main-DEBUG-  2021-07-29 14:15:29,187-[9: DBG : LoRa MAC  ] SET query timer
main-DEBUG-  2021-07-29 14:15:29,188-[9: DBG : LoRa PHY  ]  expected !
----------------------------------------------------------------------------------------------------------------
main-DEBUG-  2021-07-29 14:15:39,140-[19: INFO: LoRa MAC  ] Query timeout !
main-DEBUG-  2021-07-29 14:15:39,143-[19: DBG : LoRa MAC  ] STOP query timer thanks to query_timeout
main-DEBUG-  2021-07-29 14:15:39,148-[19: DBG : LoRa MAC  ] query frame built
main-DEBUG-  2021-07-29 14:15:39,162-[19: DBG : LoRa MAC  ] Enter enqueue_packet with frame: {src:2:24859 dest:1:0 k:0 seq:1 next:0 cmd:6 data:
main-DEBUG-  2021-07-29 14:15:39,164-[19: DBG : LoRa MAC  ] append to buffer
main-DEBUG-  2021-07-29 14:15:39,165-[19: DBG : LoRa MAC  ] post new_tx_frame_event to TX_PROCESS
main-DEBUG-  2021-07-29 14:15:39,166-[19: DBG : LoRa MAC  ] frame from buffer: {src:2:24859 dest:1:0 k:0 seq:1 next:0 cmd:6 data:
main-DEBUG-  2021-07-29 14:15:39,167-[19: DBG : LoRa MAC  ] buffer size: 0
main-DEBUG-  2021-07-29 14:15:39,184-[19: DBG : LoRa PHY  ] enter UART_TX
main-DEBUG-  2021-07-29 14:15:39,186-[19: DBG : LoRa PHY  ] append { cmd:radio set wdt  resp: [ok, none] }[19: DBG : LoRa PHY  ]  to UART TX buffer
main-DEBUG-  2021-07-29 14:15:39,186-[19: DBG : LoRa PHY  ] enter UART_TX
main-DEBUG-  2021-07-29 14:15:39,207-[19: DBG : LoRa PHY  ] append { cmd:radio tx  resp: [radio_tx_ok, radio_err] }[19: DBG : LoRa PHY  ]  to UART TX buffer
main-DEBUG-  2021-07-29 14:15:39,213-[19: DBG : LoRa MAC  ] frame sended to PHY layer
main-DEBUG-  2021-07-29 14:15:39,218-[19: DBG : LoRa MAC  ] START retransmit timer in mac_tx process
main-DEBUG-  2021-07-29 14:15:39,221-[19: DBG : LoRa MAC  ] Listen during 3 s
main-DEBUG-  2021-07-29 14:15:39,228-[19: DBG : LoRa PHY  ] enter UART_TX
main-DEBUG-  2021-07-29 14:15:39,229-[19: DBG : LoRa PHY  ] append { cmd:radio set wdt  resp: [ok, none] }[19: DBG : LoRa PHY  ]  to UART TX buffer
main-DEBUG-  2021-07-29 14:15:39,230-[19: DBG : LoRa PHY  ] enter UART_TX
main-DEBUG-  2021-07-29 14:15:39,240-[19: DBG : LoRa PHY  ] append { cmd:radio rx  resp: [radio_err, radio_rx] }[19: DBG : LoRa PHY  ]  to UART TX buffer
main-DEBUG-  2021-07-29 14:15:39,241-[19: DBG : LoRa MAC  ] wait state change to READY
main-DEBUG-  2021-07-29 14:15:39,247-[19: INFO: LoRa PHY  ] Write UART:radio set wdt 0
main-DEBUG-  2021-07-29 14:15:39,267-[19: INFO: LoRa PHY  ] UART response:ok
main-DEBUG-  2021-07-29 14:15:39,270-[19: DBG : LoRa PHY  ] compare response with:ok
main-DEBUG-  2021-07-29 14:15:39,273-[19: DBG : LoRa PHY  ]  expected !
main-DEBUG-  2021-07-29 14:15:39,276-[19: DBG : LoRa PHY  ] to frame receive: {src:2:24859 dest:1:0 k:0 seq:1 next:0 cmd:6 data:
main-DEBUG-  2021-07-29 14:15:39,279-[19: DBG : LoRa PHY  ]
main-DEBUG-  2021-07-29 14:15:39,289-[19: DBG : LoRa PHY  ] src.prefix: 2
main-DEBUG-  2021-07-29 14:15:39,289-[19: DBG : LoRa PHY  ] src addr: 02611B
main-DEBUG-  2021-07-29 14:15:39,290-[19: DBG : LoRa PHY  ] dest addr: 010000
main-DEBUG-  2021-07-29 14:15:39,290-[19: DBG : LoRa PHY  ] flags and command:06
main-DEBUG-  2021-07-29 14:15:39,291-[19: DBG : LoRa PHY  ] SN:01
main-DEBUG-  2021-07-29 14:15:39,294-[19: DBG : LoRa PHY  ] TO HEX frame: 02611B0100000601
main-DEBUG-  2021-07-29 14:15:39,295-[19: INFO: LoRa PHY  ] Write UART:radio tx 02611B0100000601
main-DEBUG-  2021-07-29 14:15:39,320-[19: INFO: LoRa PHY  ] UART response:ok
main-DEBUG-  2021-07-29 14:15:39,320-[19: DBG : LoRa PHY  ] compare response with:radio_tx_ok
main-DEBUG-  2021-07-29 14:15:39,321-[19: DBG : LoRa PHY  ] compare response with:radio_err
main-DEBUG-  2021-07-29 14:15:40,314-[20: INFO: LoRa PHY  ] UART response:radio_tx_ok
main-DEBUG-  2021-07-29 14:15:40,317-[20: DBG : LoRa PHY  ] compare response with:radio_tx_ok
main-DEBUG-  2021-07-29 14:15:40,318-[20: DBG : LoRa PHY  ]  expected !
main-DEBUG-  2021-07-29 14:15:40,319-[20: INFO: LoRa PHY  ] Write UART:radio set wdt 3000
main-DEBUG-  2021-07-29 14:15:40,337-[20: INFO: LoRa PHY  ] UART response:ok
main-DEBUG-  2021-07-29 14:15:40,338-[20: DBG : LoRa PHY  ] compare response with:ok
main-DEBUG-  2021-07-29 14:15:40,339-[20: DBG : LoRa PHY  ]  expected !
main-DEBUG-  2021-07-29 14:15:40,340-[20: INFO: LoRa PHY  ] Write UART:radio rx 0
main-DEBUG-  2021-07-29 14:15:40,355-[20: INFO: LoRa PHY  ] UART response:ok
main-DEBUG-  2021-07-29 14:15:40,357-[20: DBG : LoRa PHY  ] compare response with:radio_err
main-DEBUG-  2021-07-29 14:15:40,357-[20: DBG : LoRa PHY  ] compare response with:radio_rx
main-DEBUG-  2021-07-29 14:15:43,356-[23: INFO: LoRa PHY  ] UART response:radio_err
main-DEBUG-  2021-07-29 14:15:43,358-[23: DBG : LoRa PHY  ] compare response with:radio_err
main-DEBUG-  2021-07-29 14:15:43,359-[23: DBG : LoRa PHY  ]  expected !
main-DEBUG-  2021-07-29 14:15:44,218-[24: INFO: LoRa MAC  ] retransmit timeout !
main-DEBUG-  2021-07-29 14:15:44,222-[24: ERR : LoRa MAC  ] STOP retransmit timer thanks to retransmit_timeout
main-DEBUG-  2021-07-29 14:15:44,223-[24: DBG : LoRa MAC  ] retransmit frame: {src:2:24859 dest:1:0 k:0 seq:1 next:0 cmd:6 data:
main-DEBUG-  2021-07-29 14:15:44,240-[24: DBG : LoRa PHY  ] enter UART_TX
main-DEBUG-  2021-07-29 14:15:44,242-[24: DBG : LoRa PHY  ] append { cmd:radio set wdt  resp: [ok, none] }[24: DBG : LoRa PHY  ]  to UART TX buffer
main-DEBUG-  2021-07-29 14:15:44,243-[24: DBG : LoRa PHY  ] enter UART_TX
main-DEBUG-  2021-07-29 14:15:44,263-[24: DBG : LoRa PHY  ] append { cmd:radio tx  resp: [radio_tx_ok, radio_err] }[24: DBG : LoRa PHY  ]  to UART TX buffer
main-DEBUG-  2021-07-29 14:15:44,264-[24: ERR : LoRa MAC  ] RESTART retransmit timer because a frame was retransmit
main-DEBUG-  2021-07-29 14:15:44,265-[24: DBG : LoRa PHY  ] enter UART_TX
main-DEBUG-  2021-07-29 14:15:44,281-[24: DBG : LoRa PHY  ] append { cmd:radio set wdt  resp: [ok, none] }[24: DBG : LoRa PHY  ]  to UART TX buffer
main-DEBUG-  2021-07-29 14:15:44,283-[24: DBG : LoRa PHY  ] enter UART_TX
main-DEBUG-  2021-07-29 14:15:44,285-[24: DBG : LoRa PHY  ] append { cmd:radio rx  resp: [radio_err, radio_rx] }[24: DBG : LoRa PHY  ]  to UART TX buffer
main-DEBUG-  2021-07-29 14:15:44,285-[24: INFO: LoRa PHY  ] Write UART:radio set wdt 0
main-DEBUG-  2021-07-29 14:15:44,308-[24: INFO: LoRa PHY  ] UART response:ok
main-DEBUG-  2021-07-29 14:15:44,310-[24: DBG : LoRa PHY  ] compare response with:ok
main-DEBUG-  2021-07-29 14:15:44,312-[24: DBG : LoRa PHY  ]  expected !
main-DEBUG-  2021-07-29 14:15:44,314-[24: DBG : LoRa PHY  ] to frame receive: {src:2:24859 dest:1:0 k:0 seq:1 next:0 cmd:6 data:
main-DEBUG-  2021-07-29 14:15:44,316-[24: DBG : LoRa PHY  ]
main-DEBUG-  2021-07-29 14:15:44,331-[24: DBG : LoRa PHY  ] src.prefix: 2
main-DEBUG-  2021-07-29 14:15:44,333-[24: DBG : LoRa PHY  ] src addr: 02611B
main-DEBUG-  2021-07-29 14:15:44,333-[24: DBG : LoRa PHY  ] dest addr: 010000
main-DEBUG-  2021-07-29 14:15:44,334-[24: DBG : LoRa PHY  ] flags and command:06
main-DEBUG-  2021-07-29 14:15:44,335-[24: DBG : LoRa PHY  ] SN:01
main-DEBUG-  2021-07-29 14:15:44,336-[24: DBG : LoRa PHY  ] TO HEX frame: 02611B0100000601
main-DEBUG-  2021-07-29 14:15:44,338-[24: INFO: LoRa PHY  ] Write UART:radio tx 02611B0100000601
main-DEBUG-  2021-07-29 14:15:44,358-[24: INFO: LoRa PHY  ] UART response:ok
main-DEBUG-  2021-07-29 14:15:44,360-[24: DBG : LoRa PHY  ] compare response with:radio_tx_ok
main-DEBUG-  2021-07-29 14:15:44,362-[24: DBG : LoRa PHY  ] compare response with:radio_err
main-DEBUG-  2021-07-29 14:15:45,356-[25: INFO: LoRa PHY  ] UART response:radio_tx_ok
main-DEBUG-  2021-07-29 14:15:45,359-[25: DBG : LoRa PHY  ] compare response with:radio_tx_ok
main-DEBUG-  2021-07-29 14:15:45,361-[25: DBG : LoRa PHY  ]  expected !
main-DEBUG-  2021-07-29 14:15:45,364-[25: INFO: LoRa PHY  ] Write UART:radio set wdt 3000
main-DEBUG-  2021-07-29 14:15:45,378-[25: INFO: LoRa PHY  ] UART response:ok
main-DEBUG-  2021-07-29 14:15:45,379-[25: DBG : LoRa PHY  ] compare response with:ok
main-DEBUG-  2021-07-29 14:15:45,379-[25: DBG : LoRa PHY  ]  expected !
main-DEBUG-  2021-07-29 14:15:45,380-[25: INFO: LoRa PHY  ] Write UART:radio rx 0
main-DEBUG-  2021-07-29 14:15:45,397-[25: INFO: LoRa PHY  ] UART response:ok
main-DEBUG-  2021-07-29 14:15:45,398-[25: DBG : LoRa PHY  ] compare response with:radio_err
main-DEBUG-  2021-07-29 14:15:45,399-[25: DBG : LoRa PHY  ] compare response with:radio_rx
main-DEBUG-  2021-07-29 14:15:48,398-[28: INFO: LoRa PHY  ] UART response:radio_err
main-DEBUG-  2021-07-29 14:15:48,400-[28: DBG : LoRa PHY  ] compare response with:radio_err
main-DEBUG-  2021-07-29 14:15:48,403-[28: DBG : LoRa PHY  ]  expected !
main-DEBUG-  2021-07-29 14:15:49,297-[29: INFO: LoRa MAC  ] retransmit timeout !
main-DEBUG-  2021-07-29 14:15:49,300-[29: ERR : LoRa MAC  ] STOP retransmit timer thanks to retransmit_timeout
main-DEBUG-  2021-07-29 14:15:49,302-[29: DBG : LoRa MAC  ] retransmit frame: {src:2:24859 dest:1:0 k:0 seq:1 next:0 cmd:6 data:
main-DEBUG-  2021-07-29 14:15:49,318-[29: DBG : LoRa PHY  ] enter UART_TX
main-DEBUG-  2021-07-29 14:15:49,320-[29: DBG : LoRa PHY  ] append { cmd:radio set wdt  resp: [ok, none] }[29: DBG : LoRa PHY  ]  to UART TX buffer
main-DEBUG-  2021-07-29 14:15:49,321-[29: DBG : LoRa PHY  ] enter UART_TX
main-DEBUG-  2021-07-29 14:15:49,341-[29: DBG : LoRa PHY  ] append { cmd:radio tx  resp: [radio_tx_ok, radio_err] }[29: DBG : LoRa PHY  ]  to UART TX buffer
main-DEBUG-  2021-07-29 14:15:49,342-[29: ERR : LoRa MAC  ] RESTART retransmit timer because a frame was retransmit
main-DEBUG-  2021-07-29 14:15:49,343-[29: DBG : LoRa PHY  ] enter UART_TX
main-DEBUG-  2021-07-29 14:15:49,359-[29: DBG : LoRa PHY  ] append { cmd:radio set wdt  resp: [ok, none] }[29: DBG : LoRa PHY  ]  to UART TX buffer
main-DEBUG-  2021-07-29 14:15:49,360-[29: DBG : LoRa PHY  ] enter UART_TX
main-DEBUG-  2021-07-29 14:15:49,363-[29: DBG : LoRa PHY  ] append { cmd:radio rx  resp: [radio_err, radio_rx] }[29: DBG : LoRa PHY  ]  to UART TX buffer
main-DEBUG-  2021-07-29 14:15:49,363-[29: INFO: LoRa PHY  ] Write UART:radio set wdt 0
main-DEBUG-  2021-07-29 14:15:49,393-[29: INFO: LoRa PHY  ] UART response:ok
main-DEBUG-  2021-07-29 14:15:49,396-[29: DBG : LoRa PHY  ] compare response with:ok
main-DEBUG-  2021-07-29 14:15:49,398-[29: DBG : LoRa PHY  ]  expected !
main-DEBUG-  2021-07-29 14:15:49,401-[29: DBG : LoRa PHY  ] to frame receive: {src:2:24859 dest:1:0 k:0 seq:1 next:0 cmd:6 data:
main-DEBUG-  2021-07-29 14:15:49,402-[29: DBG : LoRa PHY  ]
main-DEBUG-  2021-07-29 14:15:49,409-[29: DBG : LoRa PHY  ] src.prefix: 2
main-DEBUG-  2021-07-29 14:15:49,411-[29: DBG : LoRa PHY  ] src addr: 02611B
main-DEBUG-  2021-07-29 14:15:49,413-[29: DBG : LoRa PHY  ] dest addr: 010000
main-DEBUG-  2021-07-29 14:15:49,415-[29: DBG : LoRa PHY  ] flags and command:06
main-DEBUG-  2021-07-29 14:15:49,416-[29: DBG : LoRa PHY  ] SN:01
main-DEBUG-  2021-07-29 14:15:49,418-[29: DBG : LoRa PHY  ] TO HEX frame: 02611B0100000601
main-DEBUG-  2021-07-29 14:15:49,420-[29: INFO: LoRa PHY  ] Write UART:radio tx 02611B0100000601
main-DEBUG-  2021-07-29 14:15:49,436-[29: INFO: LoRa PHY  ] UART response:ok
main-DEBUG-  2021-07-29 14:15:49,439-[29: DBG : LoRa PHY  ] compare response with:radio_tx_ok
main-DEBUG-  2021-07-29 14:15:49,444-[29: DBG : LoRa PHY  ] compare response with:radio_err
main-DEBUG-  2021-07-29 14:15:50,434-[30: INFO: LoRa PHY  ] UART response:radio_tx_ok
main-DEBUG-  2021-07-29 14:15:50,437-[30: DBG : LoRa PHY  ] compare response with:radio_tx_ok
main-DEBUG-  2021-07-29 14:15:50,438-[30: DBG : LoRa PHY  ]  expected !
main-DEBUG-  2021-07-29 14:15:50,441-[30: INFO: LoRa PHY  ] Write UART:radio set wdt 3000
main-DEBUG-  2021-07-29 14:15:50,456-[30: INFO: LoRa PHY  ] UART response:ok
main-DEBUG-  2021-07-29 14:15:50,457-[30: DBG : LoRa PHY  ] compare response with:ok
main-DEBUG-  2021-07-29 14:15:50,458-[30: DBG : LoRa PHY  ]  expected !
main-DEBUG-  2021-07-29 14:15:50,458-[30: INFO: LoRa PHY  ] Write UART:radio rx 0
main-DEBUG-  2021-07-29 14:15:50,475-[30: INFO: LoRa PHY  ] UART response:ok
main-DEBUG-  2021-07-29 14:15:50,475-[30: DBG : LoRa PHY  ] compare response with:radio_err
main-DEBUG-  2021-07-29 14:15:50,477-[30: DBG : LoRa PHY  ] compare response with:radio_rx
main-ERROR-  2021-07-29 14:15:51,172-
 Type:<class 'KeyboardInterrupt'>
 Value:
 Traceback:<traceback object at 0x7f1e5c682fc0>
NoneType: None
