'lora_mac-INFO-  2021-07-26 20:21:14,975-Init MAC'
'lora_phy-INFO-  2021-07-26 20:21:14,976-Init PHY'
'lora_phy-DEBUG-  2021-07-26 20:21:14,984-append UartFrame(expected_response=[<UartResponse.U_INT: '4294967245'>], data='', cmd=<UartCommand.MAC_PAUSE: 'mac pause'>) to tx_buf'
'lora_phy-DEBUG-  2021-07-26 20:21:14,985-append UartFrame(expected_response=[<UartResponse.OK: 'ok'>], data='868100000', cmd=<UartCommand.SET_FREQ: 'radio set freq '>) to tx_buf'
'lora_phy-INFO-  2021-07-26 20:21:15,009-Send UART data:UartFrame(expected_response=[<UartResponse.U_INT: '4294967245'>], data='', cmd=<UartCommand.MAC_PAUSE: 'mac pause'>)'
'lora_phy-DEBUG-  2021-07-26 20:21:15,010-append UartFrame(expected_response=[<UartResponse.OK: 'ok'>], data='0', cmd=<UartCommand.SET_WDT: 'radio set wdt '>) to tx_buf'
'lora_phy-DEBUG-  2021-07-26 20:21:15,012-append UartFrame(expected_response=[<UartResponse.RADIO_ERR: 'radio_err'>, <UartResponse.RADIO_RX: 'radio_rx'>], data='0', cmd=<UartCommand.RX: 'radio rx '>) to tx_buf'
'lora_phy-INFO-  2021-07-26 20:21:15,027-process uart response: 4294967245'
'lora_phy-INFO-  2021-07-26 20:21:15,027-Send UART data:UartFrame(expected_response=[<UartResponse.OK: 'ok'>], data='868100000', cmd=<UartCommand.SET_FREQ: 'radio set freq '>)'
'lora_phy-INFO-  2021-07-26 20:21:15,042-process uart response: ok'
'lora_phy-INFO-  2021-07-26 20:21:15,044-Send UART data:UartFrame(expected_response=[<UartResponse.OK: 'ok'>], data='0', cmd=<UartCommand.SET_WDT: 'radio set wdt '>)'
'lora_phy-INFO-  2021-07-26 20:21:15,050-process uart response: ok'
'lora_phy-INFO-  2021-07-26 20:21:15,051-Send UART data:UartFrame(expected_response=[<UartResponse.RADIO_ERR: 'radio_err'>, <UartResponse.RADIO_RX: 'radio_rx'>], data='0', cmd=<UartCommand.RX: 'radio rx '>)'
'lora_phy-INFO-  2021-07-26 20:21:15,058-process uart response: ok'
'lora_phy-DEBUG-  2021-07-26 20:21:15,060-unexpected response'
'main-DEBUG-  2021-07-26 20:21:20,619-[22: INFO: Interface ] Button pushed'
'main-DEBUG-  2021-07-26 20:21:20,620-[22: INFO: LoRa MAC  ] Init LoRa MAC'
'main-DEBUG-  2021-07-26 20:21:20,622-[22: INFO: LoRa MAC  ] Node ID: 24859'
'main-DEBUG-  2021-07-26 20:21:20,623-[22: INFO: LoRa MAC  ] New Link-layer address: 5f75.6d6f.6e73.611b[22: INFO: LoRa MAC  ]'
'main-DEBUG-  2021-07-26 20:21:20,624-[22: DBG : LoRa MAC  ] initial state: 0'
'main-DEBUG-  2021-07-26 20:21:20,641-[22: INFO: LoRa PHY  ] Init LoRa PHY'
'main-DEBUG-  2021-07-26 20:21:20,642-[22: DBG : LoRa PHY  ] enter UART_TX'
'main-DEBUG-  2021-07-26 20:21:20,643-[22: DBG : LoRa PHY  ] append { cmd:mac pause resp: [4294967245, none] }[22: DBG : LoRa PHY  ]  to UART TX buffer'
'main-DEBUG-  2021-07-26 20:21:20,644-[22: DBG : LoRa PHY  ] enter UART_TX'
'main-DEBUG-  2021-07-26 20:21:20,663-[22: DBG : LoRa PHY  ] append { cmd:radio set freq  resp: [ok, none] }[22: DBG : LoRa PHY  ]  to UART TX buffer'
'main-DEBUG-  2021-07-26 20:21:20,664-[22: DBG : LoRa PHY  ] enter UART_TX'
'main-DEBUG-  2021-07-26 20:21:20,665-[22: DBG : LoRa PHY  ] append { cmd:radio set wdt  resp: [ok, none] }[22: DBG : LoRa PHY  ]  to UART TX buffer'
'main-DEBUG-  2021-07-26 20:21:20,685-[22: DBG : LoRa PHY  ] enter UART_TX'
'main-DEBUG-  2021-07-26 20:21:20,686-[22: DBG : LoRa PHY  ] append { cmd:radio tx  resp: [radio_tx_ok, radio_err] }[22: DBG : LoRa PHY  ]  to UART TX buffer'
'main-DEBUG-  2021-07-26 20:21:20,689-[22: DBG : LoRa PHY  ] enter UART_TX'
'main-DEBUG-  2021-07-26 20:21:20,708-[22: DBG : LoRa PHY  ] append { cmd:radio set wdt  resp: [ok, none] }[22: DBG : LoRa PHY  ]  to UART TX buffer'
'main-DEBUG-  2021-07-26 20:21:20,709-[22: DBG : LoRa PHY  ] enter UART_TX'
'main-DEBUG-  2021-07-26 20:21:20,710-[22: DBG : LoRa PHY  ] append { cmd:radio rx  resp: [radio_err, radio_rx] }[22: DBG : LoRa PHY  ]  to UART TX buffer'
'main-DEBUG-  2021-07-26 20:21:20,716-[22: DBG : LoRa MAC  ] SET retransmit timer'
'main-DEBUG-  2021-07-26 20:21:20,717-[22: DBG : LoRa MAC  ] initialization complete'
'main-DEBUG-  2021-07-26 20:21:20,717-[22: INFO: LoRa PHY  ] Write UART:mac pause'
'main-DEBUG-  2021-07-26 20:21:20,745-[22: INFO: LoRa PHY  ] UART response:4294967245'
'main-DEBUG-  2021-07-26 20:21:20,746-[22: DBG : LoRa PHY  ] compare response with:4294967245'
'main-DEBUG-  2021-07-26 20:21:20,746-[22: DBG : LoRa PHY  ]  expected !'
'main-DEBUG-  2021-07-26 20:21:20,747-[22: INFO: LoRa PHY  ] Write UART:radio set freq 868100000'
'main-DEBUG-  2021-07-26 20:21:20,773-[22: INFO: LoRa PHY  ] UART response:ok'
'main-DEBUG-  2021-07-26 20:21:20,774-[22: DBG : LoRa PHY  ] compare response with:ok'
'main-DEBUG-  2021-07-26 20:21:20,774-[22: DBG : LoRa PHY  ]  expected !'
'main-DEBUG-  2021-07-26 20:21:20,775-[22: INFO: LoRa PHY  ] Write UART:radio set wdt 0'
'main-DEBUG-  2021-07-26 20:21:20,800-[22: INFO: LoRa PHY  ] UART response:ok'
'main-DEBUG-  2021-07-26 20:21:20,800-[22: DBG : LoRa PHY  ] compare response with:ok'
'main-DEBUG-  2021-07-26 20:21:20,801-[22: DBG : LoRa PHY  ]  expected !'
'main-DEBUG-  2021-07-26 20:21:20,804-[22: DBG : LoRa PHY  ] to frame receive: {src:27:24859 dest:1:0 k:0 seq:0 next:0 cmd:0 data:'
'main-DEBUG-  2021-07-26 20:21:20,805-[22: DBG : LoRa PHY  ]'
'main-DEBUG-  2021-07-26 20:21:20,822-[22: DBG : LoRa PHY  ] src.prefix: 27'
'main-DEBUG-  2021-07-26 20:21:20,822-[22: DBG : LoRa PHY  ] src addr: 1B611B'
'main-DEBUG-  2021-07-26 20:21:20,823-[22: DBG : LoRa PHY  ] dest addr: 010000'
'main-DEBUG-  2021-07-26 20:21:20,824-[22: DBG : LoRa PHY  ] flags and command:00'
'main-DEBUG-  2021-07-26 20:21:20,824-[22: DBG : LoRa PHY  ] SN:00'
'main-DEBUG-  2021-07-26 20:21:20,828-[22: DBG : LoRa PHY  ] TO HEX frame: 1B611B0100000000'
'main-DEBUG-  2021-07-26 20:21:20,829-[22: INFO: LoRa PHY  ] Write UART:radio tx 1B611B0100000000'
'main-DEBUG-  2021-07-26 20:21:20,850-[22: INFO: LoRa PHY  ] UART response:ok'
'main-DEBUG-  2021-07-26 20:21:20,850-[22: DBG : LoRa PHY  ] compare response with:radio_tx_ok'
'main-DEBUG-  2021-07-26 20:21:20,851-[22: DBG : LoRa PHY  ] compare response with:radio_err'
'main-DEBUG-  2021-07-26 20:21:21,848-[23: INFO: LoRa PHY  ] UART response:radio_tx_ok'
'main-DEBUG-  2021-07-26 20:21:21,850-[23: DBG : LoRa PHY  ] compare response with:radio_tx_ok'
'main-DEBUG-  2021-07-26 20:21:21,851-[23: DBG : LoRa PHY  ]  expected !'
'main-DEBUG-  2021-07-26 20:21:21,852-[23: INFO: LoRa PHY  ] Write UART:radio set wdt 3000'
'lora_phy-INFO-  2021-07-26 20:21:21,862-process uart response: radio_rx  1B611B0100000000'
'lora_phy-DEBUG-  2021-07-26 20:21:21,862-build frame receive data: 1B611B0100000000'
'lora_mac-DEBUG-  2021-07-26 20:21:21,863-MAC RX: LoraFrame(src_addr=LoraAddr(prefix=27, node_id=24859), dest_addr=LoraAddr(prefix=1, node_id=0), command=<MacCommand.JOIN: 0>, payload='', seq=0, k=False, has_next=False)'
'lora_mac-DEBUG-  2021-07-26 20:21:21,863-look child with prefix: 27'
'lora_mac-DEBUG-  2021-07-26 20:21:21,863-child is: None'
'lora_mac-INFO-  2021-07-26 20:21:21,863-reveive join frame LoraFrame(src_addr=LoraAddr(prefix=27, node_id=24859), dest_addr=LoraAddr(prefix=1, node_id=0), command=<MacCommand.JOIN: 0>, payload='', seq=0, k=False, has_next=False)'
'lora_mac-INFO-  2021-07-26 20:21:21,863-new child:LoraAddr(prefix=27, node_id=24859)'
'main-DEBUG-  2021-07-26 20:21:21,871-[23: INFO: LoRa PHY  ] UART response:ok'
'main-DEBUG-  2021-07-26 20:21:21,871-[23: DBG : LoRa PHY  ] compare response with:ok'
'main-DEBUG-  2021-07-26 20:21:21,872-[23: DBG : LoRa PHY  ]  expected !'
'main-DEBUG-  2021-07-26 20:21:21,873-[23: INFO: LoRa PHY  ] Write UART:radio rx 0'
'main-DEBUG-  2021-07-26 20:21:21,889-[23: INFO: LoRa PHY  ] UART response:ok'
'main-DEBUG-  2021-07-26 20:21:21,890-[23: DBG : LoRa PHY  ] compare response with:radio_err'
'main-DEBUG-  2021-07-26 20:21:21,890-[23: DBG : LoRa PHY  ] compare response with:radio_rx'
'main-DEBUG-  2021-07-26 20:21:24,890-[26: INFO: LoRa PHY  ] UART response:radio_err'
'main-DEBUG-  2021-07-26 20:21:24,892-[26: DBG : LoRa PHY  ] compare response with:radio_err'
'main-DEBUG-  2021-07-26 20:21:24,894-[26: DBG : LoRa PHY  ]  expected !'
'main-DEBUG-  2021-07-26 20:21:25,729-[27: INFO: LoRa MAC  ] retransmit timeout !'
'main-DEBUG-  2021-07-26 20:21:25,731-[27: ERR : LoRa MAC  ] STOP retransmit timer thanks to retransmit_timeout'
'main-DEBUG-  2021-07-26 20:21:25,735-[27: DBG : LoRa MAC  ] retransmit frame: {src:27:24859 dest:1:0 k:0 seq:0 next:0 cmd:0 data:'
'main-DEBUG-  2021-07-26 20:21:25,750-[27: DBG : LoRa PHY  ] enter UART_TX'
'main-DEBUG-  2021-07-26 20:21:25,751-[27: DBG : LoRa PHY  ] append { cmd:radio set wdt  resp: [ok, none] }[27: DBG : LoRa PHY  ]  to UART TX buffer'
'main-DEBUG-  2021-07-26 20:21:25,752-[27: DBG : LoRa PHY  ] enter UART_TX'
'main-DEBUG-  2021-07-26 20:21:25,772-[27: DBG : LoRa PHY  ] append { cmd:radio tx  resp: [radio_tx_ok, radio_err] }[27: DBG : LoRa PHY  ]  to UART TX buffer'
'main-DEBUG-  2021-07-26 20:21:25,773-[27: ERR : LoRa MAC  ] RESTART retransmit timer because a frame was retransmit'
'main-DEBUG-  2021-07-26 20:21:25,773-[27: DBG : LoRa PHY  ] enter UART_TX'
'main-DEBUG-  2021-07-26 20:21:25,791-[27: DBG : LoRa PHY  ] append { cmd:radio set wdt  resp: [ok, none] }[27: DBG : LoRa PHY  ]  to UART TX buffer'
'main-DEBUG-  2021-07-26 20:21:25,792-[27: DBG : LoRa PHY  ] enter UART_TX'
'main-DEBUG-  2021-07-26 20:21:25,793-[27: DBG : LoRa PHY  ] append { cmd:radio rx  resp: [radio_err, radio_rx] }[27: DBG : LoRa PHY  ]  to UART TX buffer'
'main-DEBUG-  2021-07-26 20:21:25,794-[27: INFO: LoRa PHY  ] Write UART:radio set wdt 0'
'main-DEBUG-  2021-07-26 20:21:25,818-[27: INFO: LoRa PHY  ] UART response:ok'
'main-DEBUG-  2021-07-26 20:21:25,819-[27: DBG : LoRa PHY  ] compare response with:ok'
'main-DEBUG-  2021-07-26 20:21:25,819-[27: DBG : LoRa PHY  ]  expected !'
'main-DEBUG-  2021-07-26 20:21:25,820-[27: DBG : LoRa PHY  ] to frame receive: {src:27:24859 dest:1:0 k:0 seq:0 next:0 cmd:0 data:'
'main-DEBUG-  2021-07-26 20:21:25,821-[27: DBG : LoRa PHY  ]'
'main-DEBUG-  2021-07-26 20:21:25,840-[27: DBG : LoRa PHY  ] src.prefix: 27'
'main-DEBUG-  2021-07-26 20:21:25,842-[27: DBG : LoRa PHY  ] src addr: 1B611B'
'main-DEBUG-  2021-07-26 20:21:25,843-[27: DBG : LoRa PHY  ] dest addr: 010000'
'main-DEBUG-  2021-07-26 20:21:25,844-[27: DBG : LoRa PHY  ] flags and command:00'
'main-DEBUG-  2021-07-26 20:21:25,845-[27: DBG : LoRa PHY  ] SN:00'
'main-DEBUG-  2021-07-26 20:21:25,846-[27: DBG : LoRa PHY  ] TO HEX frame: 1B611B0100000000'
'main-DEBUG-  2021-07-26 20:21:25,848-[27: INFO: LoRa PHY  ] Write UART:radio tx 1B611B0100000000'
'main-DEBUG-  2021-07-26 20:21:25,868-[27: INFO: LoRa PHY  ] UART response:ok'
'main-DEBUG-  2021-07-26 20:21:25,869-[27: DBG : LoRa PHY  ] compare response with:radio_tx_ok'
'main-DEBUG-  2021-07-26 20:21:25,870-[27: DBG : LoRa PHY  ] compare response with:radio_err'
'main-DEBUG-  2021-07-26 20:21:26,866-[28: INFO: LoRa PHY  ] UART response:radio_tx_ok'
'main-DEBUG-  2021-07-26 20:21:26,868-[28: DBG : LoRa PHY  ] compare response with:radio_tx_ok'
'main-DEBUG-  2021-07-26 20:21:26,870-[28: DBG : LoRa PHY  ]  expected !'
'main-DEBUG-  2021-07-26 20:21:26,871-[28: INFO: LoRa PHY  ] Write UART:radio set wdt 3000'
'main-DEBUG-  2021-07-26 20:21:26,888-[28: INFO: LoRa PHY  ] UART response:ok'
'main-DEBUG-  2021-07-26 20:21:26,889-[28: DBG : LoRa PHY  ] compare response with:ok'
'main-DEBUG-  2021-07-26 20:21:26,890-[28: DBG : LoRa PHY  ]  expected !'
'main-DEBUG-  2021-07-26 20:21:26,891-[28: INFO: LoRa PHY  ] Write UART:radio rx 0'
'main-DEBUG-  2021-07-26 20:21:26,907-[28: INFO: LoRa PHY  ] UART response:ok'
'main-DEBUG-  2021-07-26 20:21:26,907-[28: DBG : LoRa PHY  ] compare response with:radio_err'
'main-DEBUG-  2021-07-26 20:21:26,908-[28: DBG : LoRa PHY  ] compare response with:radio_rx'
'main-ERROR-  2021-07-26 20:21:27,986-Type:<class 'KeyboardInterrupt'>
 Value:
 Traceback:<traceback object at 0x7faada1be940>'
NoneType: None
