lora_mac-INFO-  2021-08-06 10:22:00,284-Init MAC
lora_phy-INFO-  2021-08-06 10:22:00,284-Init PHY
lora_phy-INFO-  2021-08-06 10:22:00,295-PHY TX:mac pause
lora_phy-INFO-  2021-08-06 10:22:00,316-PHY TX:radio set freq 868100000
lora_phy-INFO-  2021-08-06 10:22:00,332-PHY TX:radio set wdt 0
lora_phy-INFO-  2021-08-06 10:22:00,339-PHY TX:radio rx 0
main-DEBUG-  2021-08-06 10:22:07,125-[0: INFO: Main      ] Starting Contiki-NG-develop/v4.7-23-g8118b245d-dirty
main-DEBUG-  2021-08-06 10:22:07,127-[0: INFO: Main      ] - Routing: RPL Lite
main-DEBUG-  2021-08-06 10:22:07,128-[0: INFO: Main      ] - Net: sicslowpan
main-DEBUG-  2021-08-06 10:22:07,129-[0: INFO: Main      ] - MAC: CSMA
main-DEBUG-  2021-08-06 10:22:07,132-[0: INFO: Main      ] - 802.15.4 PANID: 0xabcd
main-DEBUG-  2021-08-06 10:22:07,145-[0: INFO: Main      ] - 802.15.4 Default channel: 26
main-DEBUG-  2021-08-06 10:22:07,146-[0: INFO: Main      ] Node ID: 24859
main-DEBUG-  2021-08-06 10:22:07,148-[0: INFO: Main      ] Link-layer address: 0012.4b00.060d.611b
main-DEBUG-  2021-08-06 10:22:07,149-[0: INFO: Interface ] Welcome to LoRaMAC interface !
main-DEBUG-  2021-08-06 10:22:07,165-[0: INFO: Interface ] Init LoRaMAC Interface
main-DEBUG-  2021-08-06 10:22:07,165-[0: INFO: Interface ] Welcome !
main-DEBUG-  2021-08-06 10:22:07,166-[0: INFO: RPL       ] initializing
main-DEBUG-  2021-08-06 10:22:07,167-[0: INFO: Main      ] Tentative link-local IPv6 address: fe80::212:4b00:60d:611b
main-DEBUG-  2021-08-06 10:22:07,167-[0: INFO: Zoul      ] Zolertia RE-Mote revision B platform
main-DEBUG-  2021-08-06 10:22:07,468-[0: INFO: App       ] Welcome server
main-DEBUG-  2021-08-06 10:22:11,368-[0: INFO: Main      ] Starting Contiki-NG-develop/v4.7-24-gf18a6e752-dirty
main-DEBUG-  2021-08-06 10:22:11,370-[0: INFO: Main      ] - Routing: RPL Lite
main-DEBUG-  2021-08-06 10:22:11,371-[0: INFO: Main      ] - Net: sicslowpan
main-DEBUG-  2021-08-06 10:22:11,375-[0: INFO: Main      ] - MAC: CSMA
main-DEBUG-  2021-08-06 10:22:11,376-[0: INFO: Main      ] - 802.15.4 PANID: 0xabcd
main-DEBUG-  2021-08-06 10:22:11,392-[0: INFO: Main      ] - 802.15.4 Default channel: 26
main-DEBUG-  2021-08-06 10:22:11,392-[0: INFO: Main      ] Node ID: 45560
main-DEBUG-  2021-08-06 10:22:11,393-[0: INFO: Main      ] Link-layer address: 0012.4b00.060d.b1f8
main-DEBUG-  2021-08-06 10:22:11,394-[0: INFO: Interface ] Welcome to LoRaMAC interface !
main-DEBUG-  2021-08-06 10:22:11,406-[0: INFO: Interface ] Not the root -> Do nothing for LoRaMAC
main-DEBUG-  2021-08-06 10:22:11,407-[0: INFO: RPL       ] initializing
main-DEBUG-  2021-08-06 10:22:11,423-[0: INFO: Main      ] Tentative link-local IPv6 address: fe80::212:4b00:60d:b1f8
main-DEBUG-  2021-08-06 10:22:11,424-[0: INFO: Zoul      ] Zolertia RE-Mote revision B platform
main-DEBUG-  2021-08-06 10:22:11,729-[1: INFO: App       ] UDP CLIENT
main-DEBUG-  2021-08-06 10:22:20,814-[14: INFO: Interface ] Button pushed
main-DEBUG-  2021-08-06 10:22:20,815-[14: INFO: LoRa MAC  ] Start LoRaMAC RPL root
main-DEBUG-  2021-08-06 10:22:20,817-[14: DBG : LoRa MAC  ] initial state: 0
main-DEBUG-  2021-08-06 10:22:20,819-[14: INFO: LoRa PHY  ] Init LoRa PHY
main-DEBUG-  2021-08-06 10:22:20,820-[14: DBG : LoRa MAC  ] SET retransmit timer
main-DEBUG-  2021-08-06 10:22:20,821-[14: DBG : LoRa MAC  ] initialization complete
main-DEBUG-  2021-08-06 10:22:20,822-[14: INFO: LoRa PHY  ] PHY TX:mac pause
main-DEBUG-  2021-08-06 10:22:20,837-[14: INFO: LoRa PHY  ] PHY TX:radio set freq 868100000
main-DEBUG-  2021-08-06 10:22:20,850-[14: INFO: LoRa PHY  ] PHY TX:radio set wdt 0
main-DEBUG-  2021-08-06 10:22:20,860-[14: INFO: LoRa PHY  ] PHY TX:radio tx 1B611B0100000000
main-DEBUG-  2021-08-06 10:22:21,867-[15: INFO: LoRa PHY  ] PHY TX:radio set wdt 3000
main-DEBUG-  2021-08-06 10:22:21,878-[15: INFO: LoRa PHY  ] PHY TX:radio rx 0
lora_phy-INFO-  2021-08-06 10:22:21,894-PHY RX:1B611B0100000000
lora_mac-DEBUG-  2021-08-06 10:22:21,894-RX process receive
lora_mac-DEBUG-  2021-08-06 10:22:21,894-RX process set is_listen=False
lora_mac-DEBUG-  2021-08-06 10:22:21,894-RX process: call mac_rx
lora_mac-DEBUG-  2021-08-06 10:22:21,894-MAC RX: LoraFrame(src_addr=LoraAddr(prefix=27, node_id=24859), dest_addr=LoraAddr(prefix=1, node_id=0), command=<MacCommand.JOIN: 0>, payload='', seq=0, k=False, has_next=False)
lora_mac-DEBUG-  2021-08-06 10:22:21,895-look child with prefix: 27
lora_mac-DEBUG-  2021-08-06 10:22:21,895-child is: None
lora_mac-INFO-  2021-08-06 10:22:21,895-reveive join frame LoraFrame(src_addr=LoraAddr(prefix=27, node_id=24859), dest_addr=LoraAddr(prefix=1, node_id=0), command=<MacCommand.JOIN: 0>, payload='', seq=0, k=False, has_next=False)
lora_mac-DEBUG-  2021-08-06 10:22:21,895-new child Child(2:24859) created
lora_mac-DEBUG-  2021-08-06 10:22:21,895-send join response
lora_phy-INFO-  2021-08-06 10:22:21,895-MAC send:LoraFrame(src_addr=LoraAddr(prefix=1, node_id=0), dest_addr=LoraAddr(prefix=27, node_id=24859), command=<MacCommand.JOIN_RESPONSE: 1>, payload='02', seq=0, k=False, has_next=False)
lora_mac-DEBUG-  2021-08-06 10:22:21,895-RX process: mac_rx end
lora_mac-DEBUG-  2021-08-06 10:22:21,896-RX process acquire lock for can_listen
lora_mac-DEBUG-  2021-08-06 10:22:21,896-can listen: True
lora_mac-DEBUG-  2021-08-06 10:22:21,896-is_listen: False
lora_phy-INFO-  2021-08-06 10:22:21,896-PHY TX:radio tx 0100001B611B010002
lora_phy-INFO-  2021-08-06 10:22:22,900-PHY TX:radio rx 0
main-DEBUG-  2021-08-06 10:22:22,956-[16: INFO: LoRa PHY  ] PHY RX:0100001B611B010002
main-DEBUG-  2021-08-06 10:22:22,957-[16: INFO: LoRa MAC  ] RX LoRa frame: {src:1:0 dest:27:24859 k:0 seq:0 next:0 cmd:1 data:02
main-DEBUG-  2021-08-06 10:22:22,958-[16: DBG : LoRa MAC  ] JOIN RESPONSE
main-DEBUG-  2021-08-06 10:22:22,958-[16: DBG : LoRa MAC  ] state = READY
main-DEBUG-  2021-08-06 10:22:22,979-[16: DBG : LoRa MAC  ] STOP retransmit timer
main-DEBUG-  2021-08-06 10:22:22,980-[16: INFO: LoRa MAC  ] Lora Root joined
main-DEBUG-  2021-08-06 10:22:22,981-[16: INFO: LoRa MAC  ] Node addr: 2:24859
main-DEBUG-  2021-08-06 10:22:22,981-[16: DBG : LoRa MAC  ] START TX_PROCESS
main-DEBUG-  2021-08-06 10:22:22,982-[16: DBG : LoRa MAC  ] MAC_TX process started
main-DEBUG-  2021-08-06 10:22:22,982-[16: DBG : LoRa MAC  ] SET query timer
main-DEBUG-  2021-08-06 10:22:23,001-[16: INFO: Interface ] RECEIVE LORAMAC JOINED EVENT !
main-DEBUG-  2021-08-06 10:22:23,001-[16: INFO: Interface ] PREFIX: 2
main-DEBUG-  2021-08-06 10:22:23,002-[16: INFO: RPL       ] IPv6 addresses:
main-DEBUG-  2021-08-06 10:22:23,002-[16: INFO: RPL       ] -- fd00::200:212:4b00:60d:611b
main-DEBUG-  2021-08-06 10:22:23,003-[16: INFO: RPL       ] -- fe80::212:4b00:60d:611b
main-DEBUG-  2021-08-06 10:22:23,016-[16: INFO: RPL       ] reset DIO timer (Init root)
main-DEBUG-  2021-08-06 10:22:23,016-[16: INFO: RPL       ] created DAG with instance ID 0, DAG ID fd00::200:212:4b00:60d:611b, rank 128
main-DEBUG-  2021-08-06 10:22:23,017-[16: INFO: RPL       ] created a new RPL DAG
main-DEBUG-  2021-08-06 10:22:26,580-[20: INFO: RPL       ] sending a multicast-DIO with rank 128 to ff02::1a
main-DEBUG-  2021-08-06 10:22:26,639-[15: INFO: RPL       ] received a multicast-DIO from fe80::212:4b00:60d:611b, instance_id 0, DAG ID fd00::200:212:4b00:60d:611b, version 240, dtsn 240, rank 128
main-DEBUG-  2021-08-06 10:22:26,640-[15: INFO: RPL       ] adding global IP address fd00::200:212:4b00:60d:b1f8
main-DEBUG-  2021-08-06 10:22:26,661-[15: INFO: RPL       ] reset MRHOF
main-DEBUG-  2021-08-06 10:22:26,662-[15: INFO: RPL       ] initialized DAG with instance ID 0, DAG ID fd00::200:212:4b00:60d:611b, prexix fd00::200:0:0:0:0/64, rank 65535
main-DEBUG-  2021-08-06 10:22:26,663-[15: WARN: RPL       ] just joined, no parent yet, setting timer for leaving
main-DEBUG-  2021-08-06 10:22:26,672-[15: INFO: RPL       ] refreshing lifetime
main-DEBUG-  2021-08-06 10:22:26,673-[15: INFO: RPL       ] best parent is not fresh, schedule urgent probing to fe80::212:4b00:60d:611b
main-DEBUG-  2021-08-06 10:22:28,179-[17: INFO: RPL       ] probing fe80::212:4b00:60d:611b (urgent) last tx 0 min ago
main-DEBUG-  2021-08-06 10:22:28,180-[17: INFO: RPL       ] sending a unicast-DIO with rank 65535 to fe80::212:4b00:60d:611b
main-DEBUG-  2021-08-06 10:22:28,206-[21: INFO: RPL       ] received a unicast-DIO from fe80::212:4b00:60d:b1f8, instance_id 0, DAG ID fd00::200:212:4b00:60d:611b, version 240, dtsn 240, rank 65535
main-DEBUG-  2021-08-06 10:22:28,209-[17: INFO: RPL       ] packet sent to 0012.4b00.060d.611b, status 0, tx 1, new link metric 128
main-DEBUG-  2021-08-06 10:22:28,209-[17: INFO: RPL       ] best parent is not fresh, schedule urgent probing to fe80::212:4b00:60d:611b
main-DEBUG-  2021-08-06 10:22:29,570-[18: INFO: RPL       ] probing fe80::212:4b00:60d:611b (urgent) last tx 0 min ago
main-DEBUG-  2021-08-06 10:22:29,573-[18: INFO: RPL       ] sending a unicast-DIO with rank 65535 to fe80::212:4b00:60d:611b
main-DEBUG-  2021-08-06 10:22:29,587-[23: INFO: RPL       ] received a unicast-DIO from fe80::212:4b00:60d:b1f8, instance_id 0, DAG ID fd00::200:212:4b00:60d:611b, version 240, dtsn 240, rank 65535
main-DEBUG-  2021-08-06 10:22:29,595-[18: INFO: RPL       ] packet sent to 0012.4b00.060d.611b, status 0, tx 1, new link metric 128
main-DEBUG-  2021-08-06 10:22:29,597-[18: INFO: RPL       ] best parent is not fresh, schedule urgent probing to fe80::212:4b00:60d:611b
main-DEBUG-  2021-08-06 10:22:30,124-[19: INFO: RPL       ] probing fe80::212:4b00:60d:611b (urgent) last tx 0 min ago
main-DEBUG-  2021-08-06 10:22:30,125-[19: INFO: RPL       ] sending a unicast-DIO with rank 65535 to fe80::212:4b00:60d:611b
main-DEBUG-  2021-08-06 10:22:30,152-[23: INFO: RPL       ] received a unicast-DIO from fe80::212:4b00:60d:b1f8, instance_id 0, DAG ID fd00::200:212:4b00:60d:611b, version 240, dtsn 240, rank 65535
main-DEBUG-  2021-08-06 10:22:30,155-[19: INFO: RPL       ] packet sent to 0012.4b00.060d.611b, status 0, tx 1, new link metric 128
main-DEBUG-  2021-08-06 10:22:30,156-[19: INFO: RPL       ] best parent is not fresh, schedule urgent probing to fe80::212:4b00:60d:611b
main-DEBUG-  2021-08-06 10:22:30,781-[20: INFO: RPL       ] probing fe80::212:4b00:60d:611b (urgent) last tx 0 min ago
main-DEBUG-  2021-08-06 10:22:30,784-[20: INFO: RPL       ] sending a unicast-DIO with rank 65535 to fe80::212:4b00:60d:611b
main-DEBUG-  2021-08-06 10:22:30,801-[24: INFO: RPL       ] received a unicast-DIO from fe80::212:4b00:60d:b1f8, instance_id 0, DAG ID fd00::200:212:4b00:60d:611b, version 240, dtsn 240, rank 65535
main-DEBUG-  2021-08-06 10:22:30,807-[20: INFO: RPL       ] packet sent to 0012.4b00.060d.611b, status 0, tx 1, new link metric 128
main-DEBUG-  2021-08-06 10:22:30,808-[20: INFO: RPL       ] parent switch: (NULL IP addr) -> fe80::212:4b00:60d:611b
main-DEBUG-  2021-08-06 10:22:30,830-[20: WARN: RPL       ] found parent: fe80::212:4b00:60d:611b, staying in DAG
main-DEBUG-  2021-08-06 10:22:30,831-[20: INFO: RPL       ] nbr: own state, addr fd00::200:212:4b00:60d:b1f8, DAG state: joined, MOP 1 OCP 1 rank 256 max-rank 1280, dioint 0, nbr count 1 (Parent switch)
main-DEBUG-  2021-08-06 10:22:30,835-[20: INFO: RPL       ] nbr: fe80::212:4b00:60d:611b  128,   128 =>   256 --  4 rbafp (last tx 0 min ago)
main-DEBUG-  2021-08-06 10:22:30,836-[20: INFO: RPL       ] nbr: end of list
main-DEBUG-  2021-08-06 10:22:31,541-[25: INFO: RPL       ] sending a multicast-DIO with rank 128 to ff02::1a
main-DEBUG-  2021-08-06 10:22:31,587-[20: INFO: RPL       ] received a multicast-DIO from fe80::212:4b00:60d:611b, instance_id 0, DAG ID fd00::200:212:4b00:60d:611b, version 240, dtsn 240, rank 128
main-DEBUG-  2021-08-06 10:22:31,588-[20: INFO: RPL       ] refreshing lifetime
main-DEBUG-  2021-08-06 10:22:32,954-[26: INFO: LoRa MAC  ] Query timeout !
main-DEBUG-  2021-08-06 10:22:32,956-[26: DBG : LoRa MAC  ] STOP query timer thanks to query_timeout
main-DEBUG-  2021-08-06 10:22:32,957-[26: DBG : LoRa MAC  ] query frame built
main-DEBUG-  2021-08-06 10:22:32,977-[26: DBG : LoRa MAC  ] Enter enqueue_packet with frame: {src:2:24859 dest:1:0 k:0 seq:1 next:0 cmd:6 data:
main-DEBUG-  2021-08-06 10:22:32,977-[26: INFO: LoRa MAC  ] YOOOOOO 1
main-DEBUG-  2021-08-06 10:22:32,978-[26: INFO: LoRa MAC  ] YOOOOOO 2
main-DEBUG-  2021-08-06 10:22:32,979-[26: DBG : LoRa MAC  ] append to buffer
main-DEBUG-  2021-08-06 10:22:32,980-[26: INFO: LoRa MAC  ] YOOOOOO 3
main-DEBUG-  2021-08-06 10:22:32,981-[26: DBG : LoRa MAC  ] post new_tx_frame_event to TX_PROCESS
main-DEBUG-  2021-08-06 10:22:32,999-[26: INFO: LoRa MAC  ] YOOOOOO 4
main-DEBUG-  2021-08-06 10:22:33,000-[26: DBG : LoRa MAC  ] frame from buffer: {src:2:24859 dest:1:0 k:0 seq:1 next:0 cmd:6 data:
main-DEBUG-  2021-08-06 10:22:33,000-[26: DBG : LoRa MAC  ] buffer size: 0
main-DEBUG-  2021-08-06 10:22:33,001-[26: DBG : LoRa MAC  ] frame sended to PHY layer
main-DEBUG-  2021-08-06 10:22:33,011-[26: DBG : LoRa MAC  ] START retransmit timer in mac_tx process
main-DEBUG-  2021-08-06 10:22:33,012-[26: DBG : LoRa MAC  ] Listen during 3 s
main-DEBUG-  2021-08-06 10:22:33,012-[26: DBG : LoRa MAC  ] wait state change to READY
main-DEBUG-  2021-08-06 10:22:33,013-[26: INFO: LoRa PHY  ] PHY TX:radio set wdt 0
main-DEBUG-  2021-08-06 10:22:33,021-[26: INFO: LoRa PHY  ] PHY TX:radio tx 02611B0100000601
main-DEBUG-  2021-08-06 10:22:34,028-[27: INFO: LoRa PHY  ] PHY TX:radio set wdt 3000
main-DEBUG-  2021-08-06 10:22:34,039-[27: INFO: LoRa PHY  ] PHY TX:radio rx 0
lora_phy-INFO-  2021-08-06 10:22:34,055-PHY RX:02611B0100000601
lora_mac-DEBUG-  2021-08-06 10:22:34,055-RX process receive
lora_mac-DEBUG-  2021-08-06 10:22:34,055-RX process set is_listen=False
lora_mac-DEBUG-  2021-08-06 10:22:34,055-RX process: call mac_rx
lora_mac-DEBUG-  2021-08-06 10:22:34,056-MAC RX: LoraFrame(src_addr=LoraAddr(prefix=2, node_id=24859), dest_addr=LoraAddr(prefix=1, node_id=0), command=<MacCommand.QUERY: 6>, payload='', seq=1, k=False, has_next=False)
lora_mac-DEBUG-  2021-08-06 10:22:34,056-look child with prefix: 2
lora_mac-DEBUG-  2021-08-06 10:22:34,056-child is: Child(2:24859)
lora_mac-DEBUG-  2021-08-06 10:22:34,056-In _on_query
lora_mac-DEBUG-  2021-08-06 10:22:34,056-child buffer empty -> send ack
lora_phy-INFO-  2021-08-06 10:22:34,056-MAC send:LoraFrame(src_addr=LoraAddr(prefix=1, node_id=0), dest_addr=LoraAddr(prefix=2, node_id=24859), command=<MacCommand.ACK: 3>, payload='', seq=1, k=False, has_next=False)
lora_mac-DEBUG-  2021-08-06 10:22:34,056-RX process: mac_rx end
lora_mac-DEBUG-  2021-08-06 10:22:34,056-RX process acquire lock for can_listen
lora_mac-DEBUG-  2021-08-06 10:22:34,057-can listen: True
lora_mac-DEBUG-  2021-08-06 10:22:34,057-is_listen: False
lora_phy-INFO-  2021-08-06 10:22:34,057-PHY TX:radio tx 01000002611B0301
main-DEBUG-  2021-08-06 10:22:34,822-[24: INFO: RPL       ] sending a DAO seqno 241, tx count 1, lifetime 30, prefix fd00::200:212:4b00:60d:b1f8 to fd00::200:212:4b00:60d:611b, parent fe80::212:4b00:60d:611b
main-DEBUG-  2021-08-06 10:22:34,825-[24: INFO: RPL       ] creating hop-by-hop option
main-DEBUG-  2021-08-06 10:22:34,826-[24: DBG : RPL       ] no SRH found
main-DEBUG-  2021-08-06 10:22:34,849-[24: INFO: RPL       ] packet sent to 0012.4b00.060d.611b, status 0, tx 1, new link metric 128
main-DEBUG-  2021-08-06 10:22:34,863-[28: INFO: RPL       ] ext hdr: packet from fd00::200:212:4b00:60d:b1f8 to fd00::200:212:4b00:60d:611b going up, sender closer 0 (256 < 128), rank error 0, loop detected 0
main-DEBUG-  2021-08-06 10:22:34,884-[28: INFO: RPL       ] ext hdr: packet from fd00::200:212:4b00:60d:b1f8 to fd00::200:212:4b00:60d:611b going up, sender closer 0 (256 < 128), rank error 0, loop detected 0
main-DEBUG-  2021-08-06 10:22:34,907-[28: INFO: RPL       ] received a DAO from fd00::200:212:4b00:60d:b1f8, seqno 241, lifetime 30, prefix fd00::200:212:4b00:60d:b1f8, prefix length 128, parent fd00::200:212:4b00:60d:611b
main-DEBUG-  2021-08-06 10:22:34,908-[28: INFO: RPL       ] sending a DAO-ACK seqno 241 to fd00::200:212:4b00:60d:b1f8 with status 0
main-DEBUG-  2021-08-06 10:22:34,912-[28: INFO: RPL       ] SRH creating source routing header with destination fd00::200:212:4b00:60d:b1f8
main-DEBUG-  2021-08-06 10:22:34,914-[28: INFO: RPL       ] SRH path len: 0, ComprI 15, ComprE 15, ext len 8 (padding 0)
main-DEBUG-  2021-08-06 10:22:34,960-[28: INFO: RPL       ] packet sent to 0012.4b00.060d.b1f8, status 0, tx 1, new link metric 128
main-DEBUG-  2021-08-06 10:22:34,966-[24: INFO: RPL       ] received a DAO-ACK with seqno 241 (241 241) and status 0 from fd00::200:212:4b00:60d:611b
main-DEBUG-  2021-08-06 10:22:34,971-[24: INFO: RPL       ] reset DIO timer (Reachable)
lora_phy-INFO-  2021-08-06 10:22:35,060-PHY TX:radio rx 0
main-DEBUG-  2021-08-06 10:22:35,116-[28: INFO: LoRa PHY  ] PHY RX:01000002611B0301
main-DEBUG-  2021-08-06 10:22:35,117-[28: INFO: LoRa MAC  ] RX LoRa frame: {src:1:0 dest:2:24859 k:0 seq:1 next:0 cmd:3 data:
main-DEBUG-  2021-08-06 10:22:35,117-[28: INFO: LoRa MAC  ] ACK!
main-DEBUG-  2021-08-06 10:22:35,118-[28: DBG : LoRa MAC  ] STOP retransmit timer thanks to correct ACK
main-DEBUG-  2021-08-06 10:22:35,121-[28: DBG : LoRa MAC  ] state is READY
main-DEBUG-  2021-08-06 10:22:35,122-[28: WARN: LoRa MAC  ] buf not empty: 0
main-DEBUG-  2021-08-06 10:22:35,788-[25: INFO: App       ] Sending request 0 to 5f:756d:6f6e:735f:6172:6e61:7564::
main-DEBUG-  2021-08-06 10:22:35,789-[25: INFO: RPL       ] creating hop-by-hop option
main-DEBUG-  2021-08-06 10:22:35,790-[25: INFO: App       ] UDP CLIENT
main-DEBUG-  2021-08-06 10:22:35,824-[25: INFO: RPL       ] packet sent to 0012.4b00.060d.611b, status 0, tx 1, new link metric 128
main-DEBUG-  2021-08-06 10:22:35,838-[29: INFO: RPL       ] ext hdr: packet from fd00::200:212:4b00:60d:b1f8 to 5f:756d:6f6e:735f:6172:6e61:7564:: going up, sender closer 0 (256 < 128), rank error 0, loop detected 0
main-DEBUG-  2021-08-06 10:22:35,853-[29: INFO: RPL       ] SRH creating source routing header with destination 5f:756d:6f6e:735f:6172:6e61:7564::
main-DEBUG-  2021-08-06 10:22:35,854-[29: INFO: RPL       ] SRH destination not in our DAG, skip SRH insertion
main-DEBUG-  2021-08-06 10:22:35,855-[29: INFO: Interface ] Receive data for loramac whouhouuuuuu
main-DEBUG-  2021-08-06 10:22:35,928-[29: DBG : LoRa MAC  ] Enter enqueue_packet with frame: {src:2:63665 dest:1:0 k:1 seq:0 next:0 cmd:2 data:60000000000F113F223D162E000FB18768656C6C6F20308768656C6C6F2030000000020002124B00060DB1F806140000001EFD0000000000020002124B00060D611B0000FD00000000000200000000000000000000000000000000000000000000000000000000000000000000000000000000000000000000000000000000000000000000000000000000000000000000000000000000000000000000000000000000000000000000000000000000000000000000000000000000000000000000000000000000000000000000000000000000000000000000000000000000000000000000000000000000000000000000000000000000
main-DEBUG-  2021-08-06 10:22:35,929-[29: INFO: LoRa MAC  ] YOOOOOO 1
main-DEBUG-  2021-08-06 10:22:35,929-[29: INFO: LoRa MAC  ] YOOOOOO 2
main-DEBUG-  2021-08-06 10:22:35,930-[29: DBG : LoRa MAC  ] append to buffer
main-DEBUG-  2021-08-06 10:22:35,930-[29: INFO: LoRa MAC  ] YOOOOOO 3
main-DEBUG-  2021-08-06 10:22:35,950-[29: DBG : LoRa MAC  ] post new_tx_frame_event to TX_PROCESS
main-DEBUG-  2021-08-06 10:22:35,950-[29: INFO: LoRa MAC  ] YOOOOOO 4
main-DEBUG-  2021-08-06 10:22:35,994-[29: DBG : LoRa MAC  ] frame from buffer: {src:2:63665 dest:1:0 k:1 seq:0 next:0 cmd:2 data:60000000000F113F223D162E000FB18768656C6C6F20308768656C6C6F2030000000020002124B00060DB1F806140000001EFD0000000000020002124B00060D611B0000FD00000000000200000000000000000000000000000000000000000000000000000000000000000000000000000000000000000000000000000000000000000000000000000000000000000000000000000000000000000000000000000000000000000000000000000000000000000000000000000000000000000000000000000000000000000000000000000000000000000000000000000000000000000000000000
main-DEBUG-  2021-08-06 10:22:35,995-[29: DBG : LoRa MAC  ] buffer size: 0
main-DEBUG-  2021-08-06 10:22:35,995-[29: DBG : LoRa MAC  ] frame sended to PHY layer
main-DEBUG-  2021-08-06 10:22:36,010-[29: DBG : LoRa MAC  ] START retransmit timer in mac_tx process
main-DEBUG-  2021-08-06 10:22:36,011-[29: DBG : LoRa MAC  ] Listen during 3 s
main-DEBUG-  2021-08-06 10:22:36,011-[29: DBG : LoRa MAC  ] wait state change to READY
main-DEBUG-  2021-08-06 10:22:36,012-[29: INFO: LoRa PHY  ] PHY TX:radio set wdt 0
main-DEBUG-  2021-08-06 10:22:37,123-[26: INFO: RPL       ] sending a multicast-DIO with rank 256 to ff02::1a
main-DEBUG-  2021-08-06 10:22:37,140-[0: INFO: Main      ] Starting Contiki-NG-develop/v4.7-23-g8118b245d-dirty
main-DEBUG-  2021-08-06 10:22:37,141-[0: INFO: Main      ] - Routing: RPL Lite
main-DEBUG-  2021-08-06 10:22:37,143-[0: INFO: Main      ] - Net: sicslowpan
main-DEBUG-  2021-08-06 10:22:37,144-[0: INFO: Main      ] - MAC: CSMA
main-DEBUG-  2021-08-06 10:22:37,145-[0: INFO: Main      ] - 802.15.4 PANID: 0xabcd
main-DEBUG-  2021-08-06 10:22:37,163-[0: INFO: Main      ] - 802.15.4 Default channel: 26
main-DEBUG-  2021-08-06 10:22:37,164-[0: INFO: Main      ] Node ID: 24859
main-DEBUG-  2021-08-06 10:22:37,164-[0: INFO: Main      ] Link-layer address: 0012.4b00.060d.611b
main-DEBUG-  2021-08-06 10:22:37,165-[0: INFO: Interface ] Welcome to LoRaMAC interface !
main-DEBUG-  2021-08-06 10:22:37,181-[0: INFO: Interface ] Init LoRaMAC Interface
main-DEBUG-  2021-08-06 10:22:37,182-[0: INFO: Interface ] Welcome !
main-DEBUG-  2021-08-06 10:22:37,182-[0: INFO: RPL       ] initializing
main-DEBUG-  2021-08-06 10:22:37,183-[0: INFO: Main      ] Tentative link-local IPv6 address: fe80::212:4b00:60d:611b
main-DEBUG-  2021-08-06 10:22:37,184-[0: INFO: Zoul      ] Zolertia RE-Mote revision B platform
main-DEBUG-  2021-08-06 10:22:37,503-[0: INFO: App       ] Welcome server
main-DEBUG-  2021-08-06 10:22:37,504-[0: INFO: RPL       ] received a multicast-DIO from fe80::212:4b00:60d:b1f8, instance_id 0, DAG ID fd00::200:212:4b00:60d:611b, version 240, dtsn 240, rank 256
main-DEBUG-  2021-08-06 10:22:37,525-[0: INFO: RPL       ] adding global IP address fd00::200:212:4b00:60d:611b
main-DEBUG-  2021-08-06 10:22:37,531-[0: INFO: RPL       ] reset MRHOF
main-DEBUG-  2021-08-06 10:22:37,533-[0: INFO: RPL       ] initialized DAG with instance ID 0, DAG ID fd00::200:212:4b00:60d:611b, prexix fd00::200:0:0:0:0/64, rank 65535
main-DEBUG-  2021-08-06 10:22:37,540-[1: WARN: RPL       ] just joined, no parent yet, setting timer for leaving
main-DEBUG-  2021-08-06 10:22:37,540-[1: INFO: RPL       ] refreshing lifetime
main-DEBUG-  2021-08-06 10:22:37,541-[1: INFO: RPL       ] best parent is not fresh, schedule urgent probing to fe80::212:4b00:60d:b1f8
main-DEBUG-  2021-08-06 10:22:39,629-[3: INFO: RPL       ] probing fe80::212:4b00:60d:b1f8 (urgent) last tx 0 min ago
main-DEBUG-  2021-08-06 10:22:39,632-[3: INFO: RPL       ] sending a unicast-DIO with rank 65535 to fe80::212:4b00:60d:b1f8
main-DEBUG-  2021-08-06 10:22:39,682-[3: INFO: RPL       ] packet sent to 0012.4b00.060d.b1f8, status 0, tx 1, new link metric 293
main-DEBUG-  2021-08-06 10:22:39,683-[3: INFO: RPL       ] best parent is not fresh, schedule urgent probing to fe80::212:4b00:60d:b1f8
main-DEBUG-  2021-08-06 10:22:39,686-[28: INFO: RPL       ] received a unicast-DIO from fe80::212:4b00:60d:611b, instance_id 0, DAG ID fd00::200:212:4b00:60d:611b, version 240, dtsn 240, rank 65535
main-DEBUG-  2021-08-06 10:22:39,687-[28: INFO: RPL       ] refreshing lifetime
main-DEBUG-  2021-08-06 10:22:39,709-[28: INFO: RPL       ] parent switch: fe80::212:4b00:60d:611b -> (NULL IP addr)
main-DEBUG-  2021-08-06 10:22:39,710-[28: WARN: RPL       ] no parent, scheduling periodic DIS, will leave if no parent is found
main-DEBUG-  2021-08-06 10:22:39,726-[28: INFO: RPL       ] nbr: own state, addr fd00::200:212:4b00:60d:b1f8, DAG state: initialized, MOP 1 OCP 1 rank 65535 max-rank 1280, dioint 13, nbr count 1 (Parent switch)
main-DEBUG-  2021-08-06 10:22:39,727-[29: INFO: RPL       ] nbr: fe80::212:4b00:60d:611b65535,   128 => 65535 --  6    f  (last tx 0 min ago)
main-DEBUG-  2021-08-06 10:22:39,728-[29: INFO: RPL       ] nbr: end of list
main-DEBUG-  2021-08-06 10:22:41,355-[4: INFO: RPL       ] probing fe80::212:4b00:60d:b1f8 (urgent) last tx 0 min ago
main-DEBUG-  2021-08-06 10:22:41,358-[4: INFO: RPL       ] sending a unicast-DIO with rank 65535 to fe80::212:4b00:60d:b1f8
main-DEBUG-  2021-08-06 10:22:41,405-[30: INFO: RPL       ] received a unicast-DIO from fe80::212:4b00:60d:611b, instance_id 0, DAG ID fd00::200:212:4b00:60d:611b, version 240, dtsn 240, rank 65535
main-DEBUG-  2021-08-06 10:22:41,408-[4: INFO: RPL       ] packet sent to 0012.4b00.060d.b1f8, status 0, tx 1, new link metric 251
main-DEBUG-  2021-08-06 10:22:41,409-[4: INFO: RPL       ] best parent is not fresh, schedule urgent probing to fe80::212:4b00:60d:b1f8
main-DEBUG-  2021-08-06 10:22:43,113-[6: INFO: RPL       ] probing fe80::212:4b00:60d:b1f8 (urgent) last tx 0 min ago
main-DEBUG-  2021-08-06 10:22:43,116-[6: INFO: RPL       ] sending a unicast-DIO with rank 65535 to fe80::212:4b00:60d:b1f8
main-DEBUG-  2021-08-06 10:22:43,132-[32: INFO: RPL       ] received a unicast-DIO from fe80::212:4b00:60d:611b, instance_id 0, DAG ID fd00::200:212:4b00:60d:611b, version 240, dtsn 240, rank 65535
main-DEBUG-  2021-08-06 10:22:43,135-[6: INFO: RPL       ] packet sent to 0012.4b00.060d.b1f8, status 0, tx 1, new link metric 220
main-DEBUG-  2021-08-06 10:22:43,136-[6: INFO: RPL       ] best parent is not fresh, schedule urgent probing to fe80::212:4b00:60d:b1f8
main-DEBUG-  2021-08-06 10:22:43,526-[6: INFO: RPL       ] probing fe80::212:4b00:60d:b1f8 (urgent) last tx 0 min ago
main-DEBUG-  2021-08-06 10:22:43,527-[6: INFO: RPL       ] sending a unicast-DIO with rank 65535 to fe80::212:4b00:60d:b1f8
main-DEBUG-  2021-08-06 10:22:43,553-[32: INFO: RPL       ] received a unicast-DIO from fe80::212:4b00:60d:611b, instance_id 0, DAG ID fd00::200:212:4b00:60d:611b, version 240, dtsn 240, rank 65535
main-DEBUG-  2021-08-06 10:22:43,562-[7: INFO: RPL       ] packet sent to 0012.4b00.060d.b1f8, status 0, tx 1, new link metric 210
main-DEBUG-  2021-08-06 10:22:43,567-[7: INFO: RPL       ] parent switch: (NULL IP addr) -> fe80::212:4b00:60d:b1f8
main-DEBUG-  2021-08-06 10:22:43,584-[7: WARN: RPL       ] found parent: fe80::212:4b00:60d:b1f8, staying in DAG
main-DEBUG-  2021-08-06 10:22:43,585-[7: INFO: RPL       ] nbr: own state, addr fd00::200:212:4b00:60d:611b, DAG state: joined, MOP 1 OCP 1 rank 466 max-rank 1490, dioint 0, nbr count 1 (Parent switch)
main-DEBUG-  2021-08-06 10:22:43,589-[7: INFO: RPL       ] nbr: fe80::212:4b00:60d:b1f8  256,   210 =>   466 --  4  bafp (last tx 0 min ago)
main-DEBUG-  2021-08-06 10:22:43,589-[7: INFO: RPL       ] nbr: end of list
main-DEBUG-  2021-08-06 10:22:45,684-[9: INFO: RPL       ] sending a DAO seqno 241, tx count 1, lifetime 30, prefix fd00::200:212:4b00:60d:611b to fd00::200:212:4b00:60d:611b, parent fe80::212:4b00:60d:b1f8
main-DEBUG-  2021-08-06 10:22:45,686-[9: INFO: RPL       ] creating hop-by-hop option
main-DEBUG-  2021-08-06 10:22:45,705-[9: INFO: RPL       ] ext hdr: packet from fd00::200:212:4b00:60d:611b to fd00::200:212:4b00:60d:611b going up, sender closer 0 (466 < 466), rank error 0, loop detected 0
main-DEBUG-  2021-08-06 10:22:45,727-[9: INFO: RPL       ] ext hdr: packet from fd00::200:212:4b00:60d:611b to fd00::200:212:4b00:60d:611b going up, sender closer 0 (466 < 466), rank error 0, loop detected 0
main-DEBUG-  2021-08-06 10:22:45,730-[9: INFO: RPL       ] received a DAO from fd00::200:212:4b00:60d:611b, seqno 241, lifetime 30, prefix fd00::200:212:4b00:60d:611b, prefix length 128, parent fd00::200:212:4b00:60d:b1f8
main-DEBUG-  2021-08-06 10:22:45,749-[9: INFO: RPL       ] sending a DAO-ACK seqno 241 to fd00::200:212:4b00:60d:611b with status 0
main-DEBUG-  2021-08-06 10:22:45,750-[9: INFO: RPL       ] creating hop-by-hop option
main-DEBUG-  2021-08-06 10:22:45,771-[9: INFO: RPL       ] ext hdr: packet from fd00::200:212:4b00:60d:611b to fd00::200:212:4b00:60d:611b going up, sender closer 0 (466 < 466), rank error 0, loop detected 0
main-DEBUG-  2021-08-06 10:22:45,772-[9: INFO: RPL       ] ext hdr: packet from fd00::200:212:4b00:60d:611b to fd00::200:212:4b00:60d:611b going up, sender closer 0 (466 < 466), rank error 0, loop detected 0
main-DEBUG-  2021-08-06 10:22:45,784-[9: INFO: RPL       ] received a DAO-ACK with seqno 241 (241 241) and status 0 from fd00::200:212:4b00:60d:611b
main-DEBUG-  2021-08-06 10:22:45,786-[9: INFO: RPL       ] reset DIO timer (Reachable)
main-DEBUG-  2021-08-06 10:22:49,113-[12: INFO: RPL       ] sending a multicast-DIO with rank 466 to ff02::1a
main-DEBUG-  2021-08-06 10:22:49,138-[38: INFO: RPL       ] received a multicast-DIO from fe80::212:4b00:60d:611b, instance_id 0, DAG ID fd00::200:212:4b00:60d:611b, version 240, dtsn 240, rank 466
main-DEBUG-  2021-08-06 10:22:49,139-[38: INFO: RPL       ] parent switch: (NULL IP addr) -> fe80::212:4b00:60d:611b
main-DEBUG-  2021-08-06 10:22:49,160-[38: WARN: RPL       ] found parent: fe80::212:4b00:60d:611b, staying in DAG
main-DEBUG-  2021-08-06 10:22:49,161-[38: INFO: RPL       ] nbr: own state, addr fd00::200:212:4b00:60d:b1f8, DAG state: joined, MOP 1 OCP 1 rank 594 max-rank 1618, dioint 13, nbr count 1 (Parent switch)
main-DEBUG-  2021-08-06 10:22:49,171-[38: INFO: RPL       ] nbr: fe80::212:4b00:60d:611b  466,   128 =>   594 --  6  bafp (last tx 0 min ago)
main-DEBUG-  2021-08-06 10:22:49,172-[38: INFO: RPL       ] nbr: end of list
main-DEBUG-  2021-08-06 10:22:53,337-[42: INFO: RPL       ] sending a DAO seqno 242, tx count 1, lifetime 30, prefix fd00::200:212:4b00:60d:b1f8 to fd00::200:212:4b00:60d:611b, parent fe80::212:4b00:60d:611b
main-DEBUG-  2021-08-06 10:22:53,340-[42: INFO: RPL       ] creating hop-by-hop option
main-DEBUG-  2021-08-06 10:22:53,343-[42: DBG : RPL       ] no SRH found
main-DEBUG-  2021-08-06 10:22:53,372-[42: INFO: RPL       ] packet sent to 0012.4b00.060d.611b, status 0, tx 1, new link metric 128
main-DEBUG-  2021-08-06 10:22:53,387-[16: INFO: RPL       ] ext hdr: packet from fd00::200:212:4b00:60d:b1f8 to fd00::200:212:4b00:60d:611b going up, sender closer 0 (594 < 466), rank error 0, loop detected 0
main-DEBUG-  2021-08-06 10:22:53,408-[16: INFO: RPL       ] ext hdr: packet from fd00::200:212:4b00:60d:b1f8 to fd00::200:212:4b00:60d:611b going up, sender closer 0 (594 < 466), rank error 0, loop detected 0
main-DEBUG-  2021-08-06 10:22:53,423-[16: INFO: RPL       ] received a DAO from fd00::200:212:4b00:60d:b1f8, seqno 242, lifetime 30, prefix fd00::200:212:4b00:60d:b1f8, prefix length 128, parent fd00::200:212:4b00:60d:611b
main-DEBUG-  2021-08-06 10:22:53,424-[16: INFO: RPL       ] sending a DAO-ACK seqno 242 to fd00::200:212:4b00:60d:b1f8 with status 0
main-DEBUG-  2021-08-06 10:22:53,425-[16: INFO: RPL       ] creating hop-by-hop option
main-DEBUG-  2021-08-06 10:22:53,437-[16: INFO: RPL       ] packet sent to 0012.4b00.060d.b1f8, status 0, tx 1, new link metric 201
main-DEBUG-  2021-08-06 10:22:53,452-[42: INFO: RPL       ] ext hdr: packet from fd00::200:212:4b00:60d:611b to fd00::200:212:4b00:60d:b1f8 going up, sender closer 1 (466 < 594), rank error 0, loop detected 1
main-DEBUG-  2021-08-06 10:22:53,473-[42: INFO: RPL       ] ext hdr: packet from fd00::200:212:4b00:60d:611b to fd00::200:212:4b00:60d:b1f8 going up, sender closer 1 (466 < 594), rank error 1, loop detected 1
main-DEBUG-  2021-08-06 10:22:53,475-[42: INFO: RPL       ] received a DAO-ACK with seqno 242 (242 242) and status 0 from fd00::200:212:4b00:60d:611b
main-DEBUG-  2021-08-06 10:22:53,481-[42: INFO: RPL       ] reset DIO timer (Reachable)
main-DEBUG-  2021-08-06 10:22:53,482-[42: INFO: RPL       ] sending a unicast-DIO with rank 594 to fe80::212:4b00:60d:611b
main-DEBUG-  2021-08-06 10:22:53,536-[42: INFO: RPL       ] packet sent to 0012.4b00.060d.611b, status 0, tx 1, new link metric 128
main-DEBUG-  2021-08-06 10:22:53,546-[17: INFO: RPL       ] received a unicast-DIO from fe80::212:4b00:60d:b1f8, instance_id 0, DAG ID fd00::200:212:4b00:60d:611b, version 240, dtsn 240, rank 594
main-DEBUG-  2021-08-06 10:22:53,546-[17: INFO: RPL       ] refreshing lifetime
main-DEBUG-  2021-08-06 10:22:54,378-[17: INFO: RPL       ] sending a multicast-DIO with rank 795 to ff02::1a
main-DEBUG-  2021-08-06 10:22:54,445-[43: INFO: RPL       ] received a multicast-DIO from fe80::212:4b00:60d:611b, instance_id 0, DAG ID fd00::200:212:4b00:60d:611b, version 240, dtsn 240, rank 795
main-DEBUG-  2021-08-06 10:22:54,445-[43: INFO: RPL       ] refreshing lifetime
main-DEBUG-  2021-08-06 10:22:54,446-[43: WARN: RPL       ] significant rank update 256->923
main-DEBUG-  2021-08-06 10:22:56,562-[45: INFO: RPL       ] sending a multicast-DIO with rank 923 to ff02::1a
main-DEBUG-  2021-08-06 10:22:56,624-[20: INFO: RPL       ] received a multicast-DIO from fe80::212:4b00:60d:b1f8, instance_id 0, DAG ID fd00::200:212:4b00:60d:611b, version 240, dtsn 240, rank 923
main-DEBUG-  2021-08-06 10:22:56,624-[20: INFO: RPL       ] refreshing lifetime
main-DEBUG-  2021-08-06 10:23:03,554-[52: INFO: RPL       ] sending a multicast-DIO with rank 923 to ff02::1a
main-DEBUG-  2021-08-06 10:23:03,616-[27: INFO: RPL       ] received a multicast-DIO from fe80::212:4b00:60d:b1f8, instance_id 0, DAG ID fd00::200:212:4b00:60d:611b, version 240, dtsn 240, rank 923
main-DEBUG-  2021-08-06 10:23:03,617-[27: INFO: RPL       ] refreshing lifetime
main-DEBUG-  2021-08-06 10:23:05,609-[54: INFO: App       ] Sending request 1 to 5f:756d:6f6e:735f:6172:6e61:7564::
main-DEBUG-  2021-08-06 10:23:05,611-[54: INFO: RPL       ] creating hop-by-hop option
main-DEBUG-  2021-08-06 10:23:05,613-[54: INFO: App       ] UDP CLIENT
main-DEBUG-  2021-08-06 10:23:05,645-[54: INFO: RPL       ] packet sent to 0012.4b00.060d.611b, status 0, tx 1, new link metric 128
main-DEBUG-  2021-08-06 10:23:05,652-[29: INFO: RPL       ] ext hdr: packet from fd00::200:212:4b00:60d:b1f8 to 5f:756d:6f6e:735f:6172:6e61:7564:: going up, sender closer 1 (923 < 1124), rank error 0, loop detected 1
main-DEBUG-  2021-08-06 10:23:05,670-[54: INFO: RPL       ] ext hdr: packet from fd00::200:212:4b00:60d:b1f8 to 5f:756d:6f6e:735f:6172:6e61:7564:: going up, sender closer 0 (1124 < 923), rank error 1, loop detected 0
main-DEBUG-  2021-08-06 10:23:05,671-[29: INFO: RPL       ] packet sent to 0012.4b00.060d.b1f8, status 0, tx 1, new link metric 193
main-DEBUG-  2021-08-06 10:23:05,673-[29: INFO: RPL       ] sending a unicast-DIO with rank 1116 to fe80::212:4b00:60d:b1f8
main-DEBUG-  2021-08-06 10:23:05,684-[54: INFO: RPL       ] packet sent to 0012.4b00.060d.611b, status 0, tx 1, new link metric 128
main-DEBUG-  2021-08-06 10:23:05,699-[29: INFO: RPL       ] ext hdr: packet from fd00::200:212:4b00:60d:b1f8 to 5f:756d:6f6e:735f:6172:6e61:7564:: going up, sender closer 0 (1252 < 1116), rank error 1, loop detected 0
main-DEBUG-  2021-08-06 10:23:05,700-[29: WARN: RPL       ] significant rank update 795->1445
main-DEBUG-  2021-08-06 10:23:05,702-[29: INFO: RPL       ] reset DIO timer (Significant rank update)
main-DEBUG-  2021-08-06 10:23:05,714-[29: INFO: RPL       ] packet sent to 0012.4b00.060d.b1f8, status 0, tx 1, new link metric 186
main-DEBUG-  2021-08-06 10:23:05,724-[54: INFO: RPL       ] received a unicast-DIO from fe80::212:4b00:60d:611b, instance_id 0, DAG ID fd00::200:212:4b00:60d:611b, version 240, dtsn 240, rank 1116
main-DEBUG-  2021-08-06 10:23:05,725-[55: INFO: RPL       ] refreshing lifetime
main-DEBUG-  2021-08-06 10:23:05,742-[29: INFO: RPL       ] packet sent to 0012.4b00.060d.b1f8, status 0, tx 1, new link metric 180
main-DEBUG-  2021-08-06 10:23:05,757-[55: INFO: RPL       ] ext hdr: packet from fd00::200:212:4b00:60d:b1f8 to 5f:756d:6f6e:735f:6172:6e61:7564:: going up, sender closer 0 (1445 < 1244), rank error 1, loop detected 0
main-DEBUG-  2021-08-06 10:23:05,758-[55: WARN: RPL       ] significant rank update 923->1573
main-DEBUG-  2021-08-06 10:23:05,761-[55: INFO: RPL       ] reset DIO timer (Significant rank update)
main-DEBUG-  2021-08-06 10:23:05,772-[55: INFO: RPL       ] packet sent to 0012.4b00.060d.611b, status 0, tx 1, new link metric 128
main-DEBUG-  2021-08-06 10:23:05,786-[29: INFO: RPL       ] ext hdr: packet from fd00::200:212:4b00:60d:b1f8 to 5f:756d:6f6e:735f:6172:6e61:7564:: going up, sender closer 0 (1573 < 1432), rank error 1, loop detected 0
main-DEBUG-  2021-08-06 10:23:05,807-[29: INFO: RPL       ] parent switch: fe80::212:4b00:60d:b1f8 -> (NULL IP addr)
main-DEBUG-  2021-08-06 10:23:05,808-[29: WARN: RPL       ] no parent, scheduling periodic DIS, will leave if no parent is found
main-DEBUG-  2021-08-06 10:23:05,830-[29: INFO: RPL       ] nbr: own state, addr fd00::200:212:4b00:60d:611b, DAG state: initialized, MOP 1 OCP 1 rank 65535 max-rank 1481, dioint 12, nbr count 1 (Parent switch)
main-DEBUG-  2021-08-06 10:23:05,832-[29: INFO: RPL       ] nbr: fe80::212:4b00:60d:b1f8 1573,   180 =>  1753 --  8    f  (last tx 0 min ago, better since 0 min)
main-DEBUG-  2021-08-06 10:23:05,832-[29: INFO: RPL       ] nbr: end of list
main-DEBUG-  2021-08-06 10:23:05,833-[29: INFO: Interface ] Receive data for loramac whouhouuuuuu
main-DEBUG-  2021-08-06 10:23:05,910-[29: DBG : LoRa MAC  ] Enter enqueue_packet with frame: {src:2:63665 dest:1:0 k:1 seq:0 next:0 cmd:2 data:60000000000F113B223D162E000FB08768656C6C6F20318768656C6C6F203100060D611B040E00080C00040000800001001E003C081E4040FFFFFFFFFFFFFFFF00000000FD00000000000200000000000000000000000000000000000000000000000000000000000000000000000000000000000000000000000000000000000000000000000000000000000000000000000000000000000000000000000000000000000000000000000000000000000000000000000000000000000000000000000000000000000000000000000000000000000000000000000000000000000000000000000000000000000000000000000000000000
main-DEBUG-  2021-08-06 10:23:05,911-[29: INFO: LoRa MAC  ] YOOOOOO 1
main-DEBUG-  2021-08-06 10:23:05,912-[29: INFO: LoRa MAC  ] YOOOOOO 2
main-DEBUG-  2021-08-06 10:23:05,913-[29: DBG : LoRa MAC  ] append to buffer
main-DEBUG-  2021-08-06 10:23:05,914-[29: INFO: LoRa MAC  ] YOOOOOO 3
main-DEBUG-  2021-08-06 10:23:05,914-[29: DBG : LoRa MAC  ] post new_tx_frame_event to TX_PROCESS
main-DEBUG-  2021-08-06 10:23:05,915-[29: INFO: LoRa MAC  ] YOOOOOO 4
main-DEBUG-  2021-08-06 10:23:08,007-[57: INFO: RPL       ] sending a multicast-DIO with rank 1573 to ff02::1a
main-DEBUG-  2021-08-06 10:23:08,049-[31: INFO: RPL       ] received a multicast-DIO from fe80::212:4b00:60d:b1f8, instance_id 0, DAG ID fd00::200:212:4b00:60d:611b, version 240, dtsn 240, rank 1573
main-DEBUG-  2021-08-06 10:23:11,415-[60: INFO: RPL       ] nbr: own state, addr fd00::200:212:4b00:60d:b1f8, DAG state: reachable, MOP 1 OCP 1 rank 1573 max-rank 1618, dioint 13, nbr count 1 (Periodic)
main-DEBUG-  2021-08-06 10:23:11,418-[60: INFO: RPL       ] nbr: fe80::212:4b00:60d:611b 1445,   128 =>  1573 -- 11  bafp (last tx 0 min ago)
main-DEBUG-  2021-08-06 10:23:11,419-[60: INFO: RPL       ] nbr: end of list
main-DEBUG-  2021-08-06 10:23:16,383-[65: INFO: RPL       ] sending a multicast-DIO with rank 1573 to ff02::1a
main-DEBUG-  2021-08-06 10:23:16,417-[39: INFO: RPL       ] received a multicast-DIO from fe80::212:4b00:60d:b1f8, instance_id 0, DAG ID fd00::200:212:4b00:60d:611b, version 240, dtsn 240, rank 1573
main-DEBUG-  2021-08-06 10:23:16,418-[39: INFO: RPL       ] parent switch: (NULL IP addr) -> fe80::212:4b00:60d:b1f8
main-DEBUG-  2021-08-06 10:23:16,439-[39: WARN: RPL       ] found parent: fe80::212:4b00:60d:b1f8, staying in DAG
main-DEBUG-  2021-08-06 10:23:16,440-[39: INFO: RPL       ] nbr: own state, addr fd00::200:212:4b00:60d:611b, DAG state: joined, MOP 1 OCP 1 rank 1753 max-rank 2777, dioint 12, nbr count 1 (Parent switch)
main-DEBUG-  2021-08-06 10:23:16,451-[39: INFO: RPL       ] nbr: fe80::212:4b00:60d:b1f8 1573,   180 =>  1753 --  8  bafp (last tx 0 min ago)
main-DEBUG-  2021-08-06 10:23:16,451-[39: INFO: RPL       ] nbr: end of list
main-DEBUG-  2021-08-06 10:23:20,434-[69: INFO: RPL       ] no neighbor needs probing
main-DEBUG-  2021-08-06 10:23:20,646-[44: INFO: RPL       ] sending a DAO seqno 242, tx count 1, lifetime 30, prefix fd00::200:212:4b00:60d:611b to fd00::200:212:4b00:60d:611b, parent fe80::212:4b00:60d:b1f8
main-DEBUG-  2021-08-06 10:23:20,648-[44: INFO: RPL       ] creating hop-by-hop option
main-DEBUG-  2021-08-06 10:23:20,666-[44: INFO: RPL       ] ext hdr: packet from fd00::200:212:4b00:60d:611b to fd00::200:212:4b00:60d:611b going up, sender closer 0 (1753 < 1753), rank error 0, loop detected 0
main-DEBUG-  2021-08-06 10:23:20,688-[44: INFO: RPL       ] ext hdr: packet from fd00::200:212:4b00:60d:611b to fd00::200:212:4b00:60d:611b going up, sender closer 0 (1753 < 1753), rank error 0, loop detected 0
main-DEBUG-  2021-08-06 10:23:20,710-[44: INFO: RPL       ] received a DAO from fd00::200:212:4b00:60d:611b, seqno 242, lifetime 30, prefix fd00::200:212:4b00:60d:611b, prefix length 128, parent fd00::200:212:4b00:60d:b1f8
main-DEBUG-  2021-08-06 10:23:20,711-[44: INFO: RPL       ] sending a DAO-ACK seqno 242 to fd00::200:212:4b00:60d:611b with status 0
main-DEBUG-  2021-08-06 10:23:20,712-[44: INFO: RPL       ] creating hop-by-hop option
main-DEBUG-  2021-08-06 10:23:20,733-[44: INFO: RPL       ] ext hdr: packet from fd00::200:212:4b00:60d:611b to fd00::200:212:4b00:60d:611b going up, sender closer 0 (1753 < 1753), rank error 0, loop detected 0
main-DEBUG-  2021-08-06 10:23:20,734-[44: INFO: RPL       ] ext hdr: packet from fd00::200:212:4b00:60d:611b to fd00::200:212:4b00:60d:611b going up, sender closer 0 (1753 < 1753), rank error 0, loop detected 0
main-DEBUG-  2021-08-06 10:23:20,742-[44: INFO: RPL       ] received a DAO-ACK with seqno 242 (242 242) and status 0 from fd00::200:212:4b00:60d:611b
main-DEBUG-  2021-08-06 10:23:32,608-[81: INFO: RPL       ] sending a multicast-DIO with rank 1573 to ff02::1a
main-DEBUG-  2021-08-06 10:23:32,640-[56: INFO: RPL       ] received a multicast-DIO from fe80::212:4b00:60d:b1f8, instance_id 0, DAG ID fd00::200:212:4b00:60d:611b, version 240, dtsn 240, rank 1573
main-DEBUG-  2021-08-06 10:23:32,644-[56: INFO: RPL       ] refreshing lifetime
main-DEBUG-  2021-08-06 10:23:34,392-[57: INFO: RPL       ] no neighbor needs probing
main-DEBUG-  2021-08-06 10:23:36,265-[85: INFO: App       ] Sending request 2 to 5f:756d:6f6e:735f:6172:6e61:7564::
main-DEBUG-  2021-08-06 10:23:36,267-[85: INFO: RPL       ] creating hop-by-hop option
main-DEBUG-  2021-08-06 10:23:36,269-[85: INFO: App       ] UDP CLIENT
main-DEBUG-  2021-08-06 10:23:36,301-[85: INFO: RPL       ] packet sent to 0012.4b00.060d.611b, status 0, tx 1, new link metric 128
main-DEBUG-  2021-08-06 10:23:36,316-[59: INFO: RPL       ] ext hdr: packet from fd00::200:212:4b00:60d:b1f8 to 5f:756d:6f6e:735f:6172:6e61:7564:: going up, sender closer 1 (1573 < 1753), rank error 0, loop detected 1
main-DEBUG-  2021-08-06 10:23:36,317-[59: INFO: RPL       ] sending a unicast-DIO with rank 1753 to fe80::212:4b00:60d:b1f8
main-DEBUG-  2021-08-06 10:23:36,360-[59: INFO: RPL       ] packet sent to 0012.4b00.060d.b1f8, status 0, tx 1, new link metric 174
main-DEBUG-  2021-08-06 10:23:36,372-[59: INFO: RPL       ] packet sent to 0012.4b00.060d.b1f8, status 0, tx 1, new link metric 169
main-DEBUG-  2021-08-06 10:23:36,375-[85: INFO: RPL       ] ext hdr: packet from fd00::200:212:4b00:60d:b1f8 to 5f:756d:6f6e:735f:6172:6e61:7564:: going up, sender closer 0 (1753 < 1573), rank error 1, loop detected 0
main-DEBUG-  2021-08-06 10:23:36,396-[85: INFO: RPL       ] parent switch: fe80::212:4b00:60d:611b -> (NULL IP addr)
main-DEBUG-  2021-08-06 10:23:36,397-[85: WARN: RPL       ] no parent, scheduling periodic DIS, will leave if no parent is found
main-DEBUG-  2021-08-06 10:23:36,418-[85: INFO: RPL       ] nbr: own state, addr fd00::200:212:4b00:60d:b1f8, DAG state: initialized, MOP 1 OCP 1 rank 65535 max-rank 1618, dioint 15, nbr count 1 (Parent switch)
main-DEBUG-  2021-08-06 10:23:36,420-[85: INFO: RPL       ] nbr: fe80::212:4b00:60d:611b 1753,   128 =>  1881 -- 12    f  (last tx 0 min ago, better since 0 min)
main-DEBUG-  2021-08-06 10:23:36,423-[85: INFO: RPL       ] nbr: end of list
main-DEBUG-  2021-08-06 10:23:36,424-[85: INFO: Interface ] Receive data for loramac whouhouuuuuu
main-DEBUG-  2021-08-06 10:23:36,493-[85: DBG : LoRa MAC  ] Enter enqueue_packet with frame: {src:2:63665 dest:1:0 k:1 seq:0 next:0 cmd:2 data:60000000000F113E223D162E000FAF8768656C6C6F20328768656C6C6F203200060D611B040E00080C00040000800001001E003C081E4040FFFFFFFFFFFFFFFF00000000FD00000000000200000000000000000000000000000000000000000000000000000000000000000000000000000000000000000000000000000000000000000000000000000000000000000000000000000000000000000000000000000000000000000000000000000000000000000000000000000000000000000000000000000000000000000000000000000000000000000000000000000000000000000000000000000000000000000000000000000000
main-DEBUG-  2021-08-06 10:23:36,493-[85: INFO: LoRa MAC  ] YOOOOOO 1
main-DEBUG-  2021-08-06 10:23:36,494-[85: INFO: LoRa MAC  ] YOOOOOO 2
main-DEBUG-  2021-08-06 10:23:36,497-[85: DBG : LoRa MAC  ] append to buffer
main-DEBUG-  2021-08-06 10:23:36,497-[85: INFO: LoRa MAC  ] YOOOOOO 3
main-DEBUG-  2021-08-06 10:23:36,514-[85: DBG : LoRa MAC  ] post new_tx_frame_event to TX_PROCESS
main-DEBUG-  2021-08-06 10:23:36,514-[85: INFO: LoRa MAC  ] YOOOOOO 4
main-DEBUG-  2021-08-06 10:23:36,516-[85: INFO: RPL       ] received a unicast-DIO from fe80::212:4b00:60d:611b, instance_id 0, DAG ID fd00::200:212:4b00:60d:611b, version 240, dtsn 240, rank 1753
main-DEBUG-  2021-08-06 10:23:37,193-[60: INFO: RPL       ] nbr: own state, addr fd00::200:212:4b00:60d:611b, DAG state: reachable, MOP 1 OCP 1 rank 1742 max-rank 2766, dioint 12, nbr count 1 (Periodic)
main-DEBUG-  2021-08-06 10:23:37,200-[60: INFO: RPL       ] nbr: fe80::212:4b00:60d:b1f8 1573,   169 =>  1742 -- 10  bafp (last tx 0 min ago)
main-DEBUG-  2021-08-06 10:23:37,205-[60: INFO: RPL       ] nbr: end of list
