lora_ip-INFO-  2021-08-06 20:06:44,041-Init IP layer
lora_mac-INFO-  2021-08-06 20:06:44,041-Init MAC
lora_phy-INFO-  2021-08-06 20:06:44,041-Init PHY
lora_phy-INFO-  2021-08-06 20:06:44,049-PHY TX:mac pause
lora_ip-DEBUG-  2021-08-06 20:06:44,050-listener registered !
lora_phy-INFO-  2021-08-06 20:06:44,062-PHY TX:radio set freq 868100000
lora_phy-INFO-  2021-08-06 20:06:44,077-PHY TX:radio set wdt 0
lora_phy-INFO-  2021-08-06 20:06:44,084-PHY TX:radio rx 0
main-DEBUG-  2021-08-06 20:06:46,796-[4: INFO: Interface ] Button pushed
main-DEBUG-  2021-08-06 20:06:46,798-[4: INFO: LoRa MAC  ] Start LoRaMAC RPL root
main-DEBUG-  2021-08-06 20:06:46,800-[4: DBG : LoRa MAC  ] initial state: 0
main-DEBUG-  2021-08-06 20:06:46,801-[4: INFO: LoRa PHY  ] Init LoRa PHY
main-DEBUG-  2021-08-06 20:06:46,803-[4: DBG : LoRa MAC  ] SET retransmit timer
main-DEBUG-  2021-08-06 20:06:46,804-[4: DBG : LoRa MAC  ] initialization complete
main-DEBUG-  2021-08-06 20:06:46,805-[4: INFO: LoRa PHY  ] PHY TX:mac pause
main-DEBUG-  2021-08-06 20:06:46,815-[4: INFO: LoRa PHY  ] PHY TX:radio set freq 868100000
main-DEBUG-  2021-08-06 20:06:46,831-[4: INFO: LoRa PHY  ] PHY TX:radio set wdt 0
main-DEBUG-  2021-08-06 20:06:46,841-[4: INFO: LoRa PHY  ] PHY TX:radio tx 1B611B0100000000
main-DEBUG-  2021-08-06 20:06:47,848-[5: INFO: LoRa PHY  ] PHY TX:radio set wdt 3000
main-DEBUG-  2021-08-06 20:06:47,859-[5: INFO: LoRa PHY  ] PHY TX:radio rx 0
lora_phy-INFO-  2021-08-06 20:06:47,875-PHY RX:1B611B0100000000
lora_mac-DEBUG-  2021-08-06 20:06:47,875-RX process receive
lora_mac-DEBUG-  2021-08-06 20:06:47,875-RX process set is_listen=False
lora_mac-DEBUG-  2021-08-06 20:06:47,875-RX process: call mac_rx
lora_mac-DEBUG-  2021-08-06 20:06:47,875-MAC RX: LoraFrame(src_addr=LoraAddr(prefix=27, node_id=24859), dest_addr=LoraAddr(prefix=1, node_id=0), command=<MacCommand.JOIN: 0>, payload='', seq=0, k=False, has_next=False)
lora_mac-DEBUG-  2021-08-06 20:06:47,875-look child with prefix: 27
lora_mac-DEBUG-  2021-08-06 20:06:47,876-child is: None
lora_mac-INFO-  2021-08-06 20:06:47,876-reveive join frame LoraFrame(src_addr=LoraAddr(prefix=27, node_id=24859), dest_addr=LoraAddr(prefix=1, node_id=0), command=<MacCommand.JOIN: 0>, payload='', seq=0, k=False, has_next=False)
lora_mac-DEBUG-  2021-08-06 20:06:47,876-new child Child(2:24859) created
lora_mac-DEBUG-  2021-08-06 20:06:47,876-send join response
lora_phy-INFO-  2021-08-06 20:06:47,876-MAC send:LoraFrame(src_addr=LoraAddr(prefix=1, node_id=0), dest_addr=LoraAddr(prefix=27, node_id=24859), command=<MacCommand.JOIN_RESPONSE: 1>, payload='02', seq=0, k=False, has_next=False)
lora_mac-DEBUG-  2021-08-06 20:06:47,876-RX process: mac_rx end
lora_mac-DEBUG-  2021-08-06 20:06:47,876-RX process acquire lock for can_listen
lora_mac-DEBUG-  2021-08-06 20:06:47,876-can listen: True
lora_mac-DEBUG-  2021-08-06 20:06:47,877-is_listen: False
lora_phy-INFO-  2021-08-06 20:06:47,877-PHY TX:radio tx 0100001B611B010002
lora_phy-INFO-  2021-08-06 20:06:48,881-PHY TX:radio rx 0
main-DEBUG-  2021-08-06 20:06:48,937-[6: INFO: LoRa PHY  ] PHY RX:0100001B611B010002
main-DEBUG-  2021-08-06 20:06:48,940-[6: INFO: LoRa MAC  ] RX LoRa frame: {src:1:0 dest:27:24859 k:0 seq:0 next:0 cmd:1 data:02
main-DEBUG-  2021-08-06 20:06:48,940-[6: DBG : LoRa MAC  ] JOIN RESPONSE
main-DEBUG-  2021-08-06 20:06:48,941-[6: DBG : LoRa MAC  ] state = READY
main-DEBUG-  2021-08-06 20:06:48,959-[6: DBG : LoRa MAC  ] STOP retransmit timer
main-DEBUG-  2021-08-06 20:06:48,960-[6: INFO: LoRa MAC  ] Lora Root joined
main-DEBUG-  2021-08-06 20:06:48,960-[6: INFO: LoRa MAC  ] Node addr: 2:24859
main-DEBUG-  2021-08-06 20:06:48,961-[6: DBG : LoRa MAC  ] START TX_PROCESS
main-DEBUG-  2021-08-06 20:06:48,961-[6: DBG : LoRa MAC  ] MAC_TX process started
main-DEBUG-  2021-08-06 20:06:48,962-[6: DBG : LoRa MAC  ] SET query timer
main-DEBUG-  2021-08-06 20:06:48,981-[6: INFO: Interface ] RECEIVE LORAMAC JOINED EVENT !
main-DEBUG-  2021-08-06 20:06:48,982-[6: INFO: Interface ] PREFIX: 2
main-DEBUG-  2021-08-06 20:06:48,983-[6: INFO: RPL       ] IPv6 addresses:
main-DEBUG-  2021-08-06 20:06:48,985-[6: INFO: RPL       ] -- fd00::200:212:4b00:60d:611b
main-DEBUG-  2021-08-06 20:06:48,986-[6: INFO: RPL       ] -- fe80::212:4b00:60d:611b
main-DEBUG-  2021-08-06 20:06:48,995-[6: INFO: RPL       ] reset DIO timer (Init root)
main-DEBUG-  2021-08-06 20:06:48,997-[6: INFO: RPL       ] created DAG with instance ID 0, DAG ID fd00::200:212:4b00:60d:611b, rank 128
main-DEBUG-  2021-08-06 20:06:48,998-[6: INFO: RPL       ] created a new RPL DAG
main-DEBUG-  2021-08-06 20:06:52,632-[10: INFO: RPL       ] sending a multicast-DIO with rank 128 to ff02::1a
main-DEBUG-  2021-08-06 20:06:55,600-[13: INFO: RPL       ] received a unicast-DIO from fe80::212:4b00:60d:b1f8, instance_id 0, DAG ID fd00::200:212:4b00:60d:611b, version 240, dtsn 240, rank 65535
main-DEBUG-  2021-08-06 20:06:57,560-[15: INFO: RPL       ] received a unicast-DIO from fe80::212:4b00:60d:b1f8, instance_id 0, DAG ID fd00::200:212:4b00:60d:611b, version 240, dtsn 240, rank 65535
main-DEBUG-  2021-08-06 20:06:58,795-[16: INFO: RPL       ] sending a multicast-DIO with rank 128 to ff02::1a
main-DEBUG-  2021-08-06 20:06:58,935-[16: INFO: LoRa MAC  ] Query timeout !
main-DEBUG-  2021-08-06 20:06:58,939-[16: DBG : LoRa MAC  ] STOP query timer thanks to query_timeout
main-DEBUG-  2021-08-06 20:06:58,942-[16: DBG : LoRa MAC  ] query frame built
main-DEBUG-  2021-08-06 20:06:58,958-[16: DBG : LoRa MAC  ] Enter enqueue_packet with frame: {src:2:24859 dest:1:0 k:0 seq:1 next:0 cmd:6 data:
main-DEBUG-  2021-08-06 20:06:58,959-[16: INFO: LoRa MAC  ] YOOOOOO 1
main-DEBUG-  2021-08-06 20:06:58,960-[16: INFO: LoRa MAC  ] YOOOOOO 2
main-DEBUG-  2021-08-06 20:06:58,961-[16: DBG : LoRa MAC  ] append to buffer
main-DEBUG-  2021-08-06 20:06:58,961-[16: INFO: LoRa MAC  ] YOOOOOO 3
main-DEBUG-  2021-08-06 20:06:58,962-[16: DBG : LoRa MAC  ] post new_tx_frame_event to TX_PROCESS
main-DEBUG-  2021-08-06 20:06:58,980-[16: INFO: LoRa MAC  ] YOOOOOO 4
main-DEBUG-  2021-08-06 20:06:58,985-[16: DBG : LoRa MAC  ] frame from buffer: {src:2:24859 dest:1:0 k:0 seq:1 next:0 cmd:6 data:
main-DEBUG-  2021-08-06 20:06:58,987-[16: DBG : LoRa MAC  ] buffer size: 0
main-DEBUG-  2021-08-06 20:06:58,989-[16: DBG : LoRa MAC  ] frame sended to PHY layer
main-DEBUG-  2021-08-06 20:06:58,996-[16: DBG : LoRa MAC  ] START retransmit timer in mac_tx process
main-DEBUG-  2021-08-06 20:06:59,001-[16: DBG : LoRa MAC  ] Listen during 3 s
main-DEBUG-  2021-08-06 20:06:59,002-[16: DBG : LoRa MAC  ] wait state change to READY
main-DEBUG-  2021-08-06 20:06:59,003-[16: INFO: LoRa PHY  ] PHY TX:radio set wdt 0
main-DEBUG-  2021-08-06 20:06:59,004-[16: INFO: LoRa PHY  ] PHY TX:radio tx 02611B0100000601
main-DEBUG-  2021-08-06 20:06:59,044-[16: INFO: RPL       ] received a unicast-DIO from fe80::212:4b00:60d:b1f8, instance_id 0, DAG ID fd00::200:212:4b00:60d:611b, version 240, dtsn 240, rank 65535
main-DEBUG-  2021-08-06 20:07:00,009-[17: INFO: LoRa PHY  ] PHY TX:radio set wdt 3000
main-DEBUG-  2021-08-06 20:07:00,020-[17: INFO: LoRa PHY  ] PHY TX:radio rx 0
lora_phy-INFO-  2021-08-06 20:07:00,036-PHY RX:02611B0100000601
lora_mac-DEBUG-  2021-08-06 20:07:00,038-RX process receive
lora_mac-DEBUG-  2021-08-06 20:07:00,038-RX process set is_listen=False
lora_mac-DEBUG-  2021-08-06 20:07:00,039-RX process: call mac_rx
lora_mac-DEBUG-  2021-08-06 20:07:00,039-MAC RX: LoraFrame(src_addr=LoraAddr(prefix=2, node_id=24859), dest_addr=LoraAddr(prefix=1, node_id=0), command=<MacCommand.QUERY: 6>, payload='', seq=1, k=False, has_next=False)
lora_mac-DEBUG-  2021-08-06 20:07:00,039-look child with prefix: 2
lora_mac-DEBUG-  2021-08-06 20:07:00,039-child is: Child(2:24859)
lora_mac-DEBUG-  2021-08-06 20:07:00,039-In _on_query
lora_mac-DEBUG-  2021-08-06 20:07:00,039-child buffer empty -> send ack
lora_phy-INFO-  2021-08-06 20:07:00,039-MAC send:LoraFrame(src_addr=LoraAddr(prefix=1, node_id=0), dest_addr=LoraAddr(prefix=2, node_id=24859), command=<MacCommand.ACK: 3>, payload='', seq=1, k=False, has_next=False)
lora_mac-DEBUG-  2021-08-06 20:07:00,039-RX process: mac_rx end
lora_phy-INFO-  2021-08-06 20:07:00,039-PHY TX:radio tx 01000002611B0301
lora_mac-DEBUG-  2021-08-06 20:07:00,040-RX process acquire lock for can_listen
lora_mac-DEBUG-  2021-08-06 20:07:00,040-can listen: True
lora_mac-DEBUG-  2021-08-06 20:07:00,040-is_listen: False
main-DEBUG-  2021-08-06 20:07:01,038-[18: INFO: RPL       ] received a unicast-DIO from fe80::212:4b00:60d:b1f8, instance_id 0, DAG ID fd00::200:212:4b00:60d:611b, version 240, dtsn 240, rank 65535
lora_phy-INFO-  2021-08-06 20:07:01,047-PHY TX:radio rx 0
main-DEBUG-  2021-08-06 20:07:01,100-[18: INFO: LoRa PHY  ] PHY RX:01000002611B0301
main-DEBUG-  2021-08-06 20:07:01,101-[18: INFO: LoRa MAC  ] RX LoRa frame: {src:1:0 dest:2:24859 k:0 seq:1 next:0 cmd:3 data:
main-DEBUG-  2021-08-06 20:07:01,101-[18: INFO: LoRa MAC  ] ACK!
main-DEBUG-  2021-08-06 20:07:01,104-[18: DBG : LoRa MAC  ] STOP retransmit timer thanks to correct ACK
main-DEBUG-  2021-08-06 20:07:01,106-[18: DBG : LoRa MAC  ] state is READY
main-DEBUG-  2021-08-06 20:07:01,107-[18: WARN: LoRa MAC  ] buf not empty: 0
main-DEBUG-  2021-08-06 20:07:06,334-[24: INFO: RPL       ] ext hdr: packet from fd00::200:212:4b00:60d:b1f8 to fd00::200:212:4b00:60d:611b going up, sender closer 0 (256 < 128), rank error 0, loop detected 0
main-DEBUG-  2021-08-06 20:07:06,355-[24: INFO: RPL       ] ext hdr: packet from fd00::200:212:4b00:60d:b1f8 to fd00::200:212:4b00:60d:611b going up, sender closer 0 (256 < 128), rank error 0, loop detected 0
main-DEBUG-  2021-08-06 20:07:06,376-[24: INFO: RPL       ] received a DAO from fd00::200:212:4b00:60d:b1f8, seqno 241, lifetime 30, prefix fd00::200:212:4b00:60d:b1f8, prefix length 128, parent fd00::200:212:4b00:60d:611b
main-DEBUG-  2021-08-06 20:07:06,377-[24: INFO: RPL       ] sending a DAO-ACK seqno 241 to fd00::200:212:4b00:60d:b1f8 with status 0
main-DEBUG-  2021-08-06 20:07:06,378-[24: INFO: RPL       ] SRH creating source routing header with destination fd00::200:212:4b00:60d:b1f8
main-DEBUG-  2021-08-06 20:07:06,381-[24: INFO: RPL       ] SRH path len: 0, ComprI 15, ComprE 15, ext len 8 (padding 0)
main-DEBUG-  2021-08-06 20:07:06,394-[24: INFO: RPL       ] packet sent to 0012.4b00.060d.b1f8, status 0, tx 1, new link metric 128
main-DEBUG-  2021-08-06 20:07:09,233-[27: INFO: RPL       ] received a multicast-DIO from fe80::212:4b00:60d:b1f8, instance_id 0, DAG ID fd00::200:212:4b00:60d:611b, version 240, dtsn 240, rank 256
main-DEBUG-  2021-08-06 20:07:11,100-[28: INFO: LoRa MAC  ] Query timeout !
main-DEBUG-  2021-08-06 20:07:11,103-[28: DBG : LoRa MAC  ] STOP query timer thanks to query_timeout
main-DEBUG-  2021-08-06 20:07:11,105-[28: DBG : LoRa MAC  ] query frame built
main-DEBUG-  2021-08-06 20:07:11,122-[28: DBG : LoRa MAC  ] Enter enqueue_packet with frame: {src:2:24859 dest:1:0 k:0 seq:2 next:0 cmd:6 data:
main-DEBUG-  2021-08-06 20:07:11,122-[28: INFO: LoRa MAC  ] YOOOOOO 1
main-DEBUG-  2021-08-06 20:07:11,123-[28: INFO: LoRa MAC  ] YOOOOOO 2
main-DEBUG-  2021-08-06 20:07:11,123-[28: DBG : LoRa MAC  ] append to buffer
main-DEBUG-  2021-08-06 20:07:11,124-[28: INFO: LoRa MAC  ] YOOOOOO 3
main-DEBUG-  2021-08-06 20:07:11,125-[28: DBG : LoRa MAC  ] post new_tx_frame_event to TX_PROCESS
main-DEBUG-  2021-08-06 20:07:11,144-[28: INFO: LoRa MAC  ] YOOOOOO 4
main-DEBUG-  2021-08-06 20:07:11,145-[28: DBG : LoRa MAC  ] frame from buffer: {src:2:24859 dest:1:0 k:0 seq:2 next:0 cmd:6 data:
main-DEBUG-  2021-08-06 20:07:11,145-[28: DBG : LoRa MAC  ] buffer size: 0
main-DEBUG-  2021-08-06 20:07:11,146-[29: DBG : LoRa MAC  ] frame sended to PHY layer
main-DEBUG-  2021-08-06 20:07:11,156-[29: DBG : LoRa MAC  ] START retransmit timer in mac_tx process
main-DEBUG-  2021-08-06 20:07:11,157-[29: DBG : LoRa MAC  ] Listen during 3 s
main-DEBUG-  2021-08-06 20:07:11,158-[29: DBG : LoRa MAC  ] wait state change to READY
main-DEBUG-  2021-08-06 20:07:11,158-[29: INFO: LoRa PHY  ] PHY TX:radio set wdt 0
main-DEBUG-  2021-08-06 20:07:11,167-[29: INFO: LoRa PHY  ] PHY TX:radio tx 02611B0100000602
main-DEBUG-  2021-08-06 20:07:12,066-[29: INFO: RPL       ] ext hdr: packet from fd00::200:212:4b00:60d:b1f8 to 5f:756d:6f6e:735f:6172:6e61:7564:: going up, sender closer 0 (256 < 128), rank error 0, loop detected 0
main-DEBUG-  2021-08-06 20:07:12,088-[29: INFO: RPL       ] SRH creating source routing header with destination 5f:756d:6f6e:735f:6172:6e61:7564::
main-DEBUG-  2021-08-06 20:07:12,089-[29: INFO: RPL       ] SRH destination not in our DAG, skip SRH insertion
main-DEBUG-  2021-08-06 20:07:12,090-[29: INFO: Interface ] Receive data for loramac whouhouuuuuu
main-DEBUG-  2021-08-06 20:07:12,110-[29: DBG : LoRa MAC  ] Enter enqueue_packet with frame: {src:0:45560 dest:1:0 k:1 seq:0 next:0 cmd:2 data:60000000000F113F223D162E000FB18768656C6C6F2030
main-DEBUG-  2021-08-06 20:07:12,111-[29: INFO: LoRa MAC  ] YOOOOOO 1
main-DEBUG-  2021-08-06 20:07:12,111-[29: INFO: LoRa MAC  ] YOOOOOO 2
main-DEBUG-  2021-08-06 20:07:12,112-[29: DBG : LoRa MAC  ] append to buffer
main-DEBUG-  2021-08-06 20:07:12,112-[29: INFO: LoRa MAC  ] YOOOOOO 3
main-DEBUG-  2021-08-06 20:07:12,116-[29: DBG : LoRa MAC  ] post new_tx_frame_event to TX_PROCESS
main-DEBUG-  2021-08-06 20:07:12,117-[29: INFO: LoRa MAC  ] YOOOOOO 4
main-DEBUG-  2021-08-06 20:07:12,173-[30: INFO: LoRa PHY  ] PHY TX:radio set wdt 3000
main-DEBUG-  2021-08-06 20:07:12,184-[30: INFO: LoRa PHY  ] PHY TX:radio rx 0
lora_phy-INFO-  2021-08-06 20:07:12,200-PHY RX:02611B0100000602
lora_mac-DEBUG-  2021-08-06 20:07:12,201-RX process receive
lora_mac-DEBUG-  2021-08-06 20:07:12,201-RX process set is_listen=False
lora_mac-DEBUG-  2021-08-06 20:07:12,201-RX process: call mac_rx
lora_mac-DEBUG-  2021-08-06 20:07:12,201-MAC RX: LoraFrame(src_addr=LoraAddr(prefix=2, node_id=24859), dest_addr=LoraAddr(prefix=1, node_id=0), command=<MacCommand.QUERY: 6>, payload='', seq=2, k=False, has_next=False)
lora_mac-DEBUG-  2021-08-06 20:07:12,201-look child with prefix: 2
lora_mac-DEBUG-  2021-08-06 20:07:12,202-child is: Child(2:24859)
lora_mac-DEBUG-  2021-08-06 20:07:12,203-In _on_query
lora_mac-DEBUG-  2021-08-06 20:07:12,203-child buffer empty -> send ack
lora_phy-INFO-  2021-08-06 20:07:12,203-MAC send:LoraFrame(src_addr=LoraAddr(prefix=1, node_id=0), dest_addr=LoraAddr(prefix=2, node_id=24859), command=<MacCommand.ACK: 3>, payload='', seq=2, k=False, has_next=False)
lora_mac-DEBUG-  2021-08-06 20:07:12,203-RX process: mac_rx end
lora_phy-INFO-  2021-08-06 20:07:12,204-PHY TX:radio tx 01000002611B0302
lora_mac-DEBUG-  2021-08-06 20:07:12,204-RX process acquire lock for can_listen
lora_mac-DEBUG-  2021-08-06 20:07:12,204-can listen: True
lora_mac-DEBUG-  2021-08-06 20:07:12,204-is_listen: False
main-DEBUG-  2021-08-06 20:07:13,006-[30: INFO: RPL       ] sending a multicast-DIO with rank 128 to ff02::1a
lora_phy-INFO-  2021-08-06 20:07:13,208-PHY TX:radio rx 0
main-DEBUG-  2021-08-06 20:07:13,263-[31: INFO: LoRa PHY  ] PHY RX:01000002611B0302
main-DEBUG-  2021-08-06 20:07:13,264-[31: INFO: LoRa MAC  ] RX LoRa frame: {src:1:0 dest:2:24859 k:0 seq:2 next:0 cmd:3 data:
main-DEBUG-  2021-08-06 20:07:13,266-[31: INFO: LoRa MAC  ] ACK!
main-DEBUG-  2021-08-06 20:07:13,266-[31: DBG : LoRa MAC  ] STOP retransmit timer thanks to correct ACK
main-DEBUG-  2021-08-06 20:07:13,286-[31: DBG : LoRa MAC  ] state is READY
main-DEBUG-  2021-08-06 20:07:13,287-[31: WARN: LoRa MAC  ] buf not empty: 1
main-DEBUG-  2021-08-06 20:07:13,288-[31: DBG : LoRa MAC  ] frame from buffer: {src:0:45560 dest:1:0 k:1 seq:0 next:0 cmd:2 data:60000000000F113F223D162E000FB18768656C6C6F2030
main-DEBUG-  2021-08-06 20:07:13,288-[31: DBG : LoRa MAC  ] buffer size: 0
main-DEBUG-  2021-08-06 20:07:13,308-[31: DBG : LoRa MAC  ] frame sended to PHY layer
main-DEBUG-  2021-08-06 20:07:13,309-[31: DBG : LoRa MAC  ] START retransmit timer in mac_tx process
main-DEBUG-  2021-08-06 20:07:13,309-[31: DBG : LoRa MAC  ] Listen during 3 s
main-DEBUG-  2021-08-06 20:07:13,311-[31: DBG : LoRa MAC  ] wait state change to READY
main-DEBUG-  2021-08-06 20:07:13,311-[31: INFO: LoRa PHY  ] PHY TX:radio set wdt 0
main-DEBUG-  2021-08-06 20:07:13,322-[31: INFO: LoRa PHY  ] PHY TX:radio tx 00B1F8010000820360000000000F113F223D162E000FB18768656C6C6F2030
main-DEBUG-  2021-08-06 20:07:15,160-[33: INFO: LoRa PHY  ] PHY TX:radio set wdt 3000
main-DEBUG-  2021-08-06 20:07:15,171-[33: INFO: LoRa PHY  ] PHY TX:radio rx 0
lora_phy-INFO-  2021-08-06 20:07:15,204-PHY RX:00B1F8010000820360000000000F113F223D162E000FB18768656C6C6F2030
lora_mac-DEBUG-  2021-08-06 20:07:15,205-RX process receive
lora_mac-DEBUG-  2021-08-06 20:07:15,205-RX process set is_listen=False
lora_mac-DEBUG-  2021-08-06 20:07:15,205-RX process: call mac_rx
lora_mac-DEBUG-  2021-08-06 20:07:15,205-MAC RX: LoraFrame(src_addr=LoraAddr(prefix=0, node_id=45560), dest_addr=LoraAddr(prefix=1, node_id=0), command=<MacCommand.DATA: 2>, payload='60000000000F113F223D162E000FB18768656C6C6F2030', seq=3, k=True, has_next=False)
lora_mac-DEBUG-  2021-08-06 20:07:15,205-look child with prefix: 0
lora_mac-DEBUG-  2021-08-06 20:07:15,205-child is: None
lora_mac-DEBUG-  2021-08-06 20:07:15,206-Data ! 
main-DEBUG-  2021-08-06 20:07:15,757-[33: INFO: RPL       ] received a multicast-DIO from fe80::212:4b00:60d:b1f8, instance_id 0, DAG ID fd00::200:212:4b00:60d:611b, version 240, dtsn 240, rank 256
main-DEBUG-  2021-08-06 20:07:18,311-[36: INFO: LoRa MAC  ] retransmit timeout !
main-DEBUG-  2021-08-06 20:07:18,314-[36: ERR : LoRa MAC  ] STOP retransmit timer thanks to retransmit_timeout
main-DEBUG-  2021-08-06 20:07:18,322-[36: DBG : LoRa MAC  ] retransmit frame: {src:0:45560 dest:1:0 k:1 seq:3 next:0 cmd:2 data:60000000000F113F223D162E000FB18768656C6C6F2030
main-DEBUG-  2021-08-06 20:07:18,323-[36: ERR : LoRa MAC  ] RESTART retransmit timer because a frame was retransmit
main-DEBUG-  2021-08-06 20:07:18,324-[36: INFO: LoRa PHY  ] PHY TX:radio set wdt 0
main-DEBUG-  2021-08-06 20:07:18,337-[36: INFO: LoRa PHY  ] PHY TX:radio tx 00B1F8010000820360000000000F113F223D162E000FB18768656C6C6F2030
main-DEBUG-  2021-08-06 20:07:20,175-[38: INFO: LoRa PHY  ] PHY TX:radio set wdt 3000
main-DEBUG-  2021-08-06 20:07:20,185-[38: INFO: LoRa PHY  ] PHY TX:radio rx 0
