lora_ip-INFO-  2021-08-06 20:09:28,488-Init IP layer
lora_mac-INFO-  2021-08-06 20:09:28,489-Init MAC
lora_phy-INFO-  2021-08-06 20:09:28,489-Init PHY
lora_phy-INFO-  2021-08-06 20:09:28,491-PHY TX:mac pause
lora_ip-DEBUG-  2021-08-06 20:09:28,492-listener registered !
lora_phy-INFO-  2021-08-06 20:09:28,505-PHY TX:radio set freq 868100000
lora_phy-INFO-  2021-08-06 20:09:28,519-PHY TX:radio set wdt 0
lora_phy-INFO-  2021-08-06 20:09:28,526-PHY TX:radio rx 0
main-DEBUG-  2021-08-06 20:09:30,277-[3: INFO: Interface ] Button pushed
main-DEBUG-  2021-08-06 20:09:30,278-[3: INFO: LoRa MAC  ] Start LoRaMAC RPL root
main-DEBUG-  2021-08-06 20:09:30,281-[3: DBG : LoRa MAC  ] initial state: 0
main-DEBUG-  2021-08-06 20:09:30,282-[3: INFO: LoRa PHY  ] Init LoRa PHY
main-DEBUG-  2021-08-06 20:09:30,283-[3: DBG : LoRa MAC  ] SET retransmit timer
main-DEBUG-  2021-08-06 20:09:30,285-[3: DBG : LoRa MAC  ] initialization complete
main-DEBUG-  2021-08-06 20:09:30,287-[3: INFO: LoRa PHY  ] PHY TX:mac pause
main-DEBUG-  2021-08-06 20:09:30,305-[3: INFO: LoRa PHY  ] PHY TX:radio set freq 868100000
main-DEBUG-  2021-08-06 20:09:30,313-[3: INFO: LoRa PHY  ] PHY TX:radio set wdt 0
main-DEBUG-  2021-08-06 20:09:30,323-[3: INFO: LoRa PHY  ] PHY TX:radio tx 1B611B0100000000
main-DEBUG-  2021-08-06 20:09:31,329-[4: INFO: LoRa PHY  ] PHY TX:radio set wdt 3000
main-DEBUG-  2021-08-06 20:09:31,340-[4: INFO: LoRa PHY  ] PHY TX:radio rx 0
lora_phy-INFO-  2021-08-06 20:09:31,356-PHY RX:1B611B0100000000
lora_mac-DEBUG-  2021-08-06 20:09:31,357-RX process receive
lora_mac-DEBUG-  2021-08-06 20:09:31,357-RX process set is_listen=False
lora_mac-DEBUG-  2021-08-06 20:09:31,357-RX process: call mac_rx
lora_mac-DEBUG-  2021-08-06 20:09:31,357-MAC RX: LoraFrame(src_addr=LoraAddr(prefix=27, node_id=24859), dest_addr=LoraAddr(prefix=1, node_id=0), command=<MacCommand.JOIN: 0>, payload='', seq=0, k=False, has_next=False)
lora_mac-DEBUG-  2021-08-06 20:09:31,357-look child with prefix: 27
lora_mac-DEBUG-  2021-08-06 20:09:31,358-child is: None
lora_mac-INFO-  2021-08-06 20:09:31,358-reveive join frame LoraFrame(src_addr=LoraAddr(prefix=27, node_id=24859), dest_addr=LoraAddr(prefix=1, node_id=0), command=<MacCommand.JOIN: 0>, payload='', seq=0, k=False, has_next=False)
lora_mac-DEBUG-  2021-08-06 20:09:31,358-new child Child(2:24859) created
lora_mac-DEBUG-  2021-08-06 20:09:31,358-send join response
lora_phy-INFO-  2021-08-06 20:09:31,358-MAC send:LoraFrame(src_addr=LoraAddr(prefix=1, node_id=0), dest_addr=LoraAddr(prefix=27, node_id=24859), command=<MacCommand.JOIN_RESPONSE: 1>, payload='02', seq=0, k=False, has_next=False)
lora_mac-DEBUG-  2021-08-06 20:09:31,358-RX process: mac_rx end
lora_phy-INFO-  2021-08-06 20:09:31,358-PHY TX:radio tx 0100001B611B010002
lora_mac-DEBUG-  2021-08-06 20:09:31,359-RX process acquire lock for can_listen
lora_mac-DEBUG-  2021-08-06 20:09:31,359-can listen: True
lora_mac-DEBUG-  2021-08-06 20:09:31,359-is_listen: False
lora_phy-INFO-  2021-08-06 20:09:32,363-PHY TX:radio rx 0
main-DEBUG-  2021-08-06 20:09:32,419-[5: INFO: LoRa PHY  ] PHY RX:0100001B611B010002
main-DEBUG-  2021-08-06 20:09:32,420-[5: INFO: LoRa MAC  ] RX LoRa frame: {src:1:0 dest:27:24859 k:0 seq:0 next:0 cmd:1 data:02
main-DEBUG-  2021-08-06 20:09:32,421-[5: DBG : LoRa MAC  ] JOIN RESPONSE
main-DEBUG-  2021-08-06 20:09:32,421-[5: DBG : LoRa MAC  ] state = READY
main-DEBUG-  2021-08-06 20:09:32,440-[5: DBG : LoRa MAC  ] STOP retransmit timer
main-DEBUG-  2021-08-06 20:09:32,441-[5: INFO: LoRa MAC  ] Lora Root joined
main-DEBUG-  2021-08-06 20:09:32,441-[5: INFO: LoRa MAC  ] Node addr: 2:24859
main-DEBUG-  2021-08-06 20:09:32,442-[5: DBG : LoRa MAC  ] START TX_PROCESS
main-DEBUG-  2021-08-06 20:09:32,442-[5: DBG : LoRa MAC  ] MAC_TX process started
main-DEBUG-  2021-08-06 20:09:32,443-[5: DBG : LoRa MAC  ] SET query timer
main-DEBUG-  2021-08-06 20:09:32,463-[5: INFO: Interface ] RECEIVE LORAMAC JOINED EVENT !
main-DEBUG-  2021-08-06 20:09:32,464-[5: INFO: Interface ] PREFIX: 2
main-DEBUG-  2021-08-06 20:09:32,465-[5: INFO: RPL       ] IPv6 addresses:
main-DEBUG-  2021-08-06 20:09:32,466-[5: INFO: RPL       ] -- fd00::200:212:4b00:60d:611b
main-DEBUG-  2021-08-06 20:09:32,467-[5: INFO: RPL       ] -- fe80::212:4b00:60d:611b
main-DEBUG-  2021-08-06 20:09:32,477-[5: INFO: RPL       ] reset DIO timer (Init root)
main-DEBUG-  2021-08-06 20:09:32,477-[5: INFO: RPL       ] created DAG with instance ID 0, DAG ID fd00::200:212:4b00:60d:611b, rank 128
main-DEBUG-  2021-08-06 20:09:32,478-[5: INFO: RPL       ] created a new RPL DAG
main-DEBUG-  2021-08-06 20:09:35,739-[9: INFO: RPL       ] sending a multicast-DIO with rank 128 to ff02::1a
main-DEBUG-  2021-08-06 20:09:36,718-[10: INFO: RPL       ] received a unicast-DIO from fe80::212:4b00:60d:b1f8, instance_id 0, DAG ID fd00::200:212:4b00:60d:611b, version 240, dtsn 240, rank 65535
main-DEBUG-  2021-08-06 20:09:38,060-[11: INFO: RPL       ] received a unicast-DIO from fe80::212:4b00:60d:b1f8, instance_id 0, DAG ID fd00::200:212:4b00:60d:611b, version 240, dtsn 240, rank 65535
main-DEBUG-  2021-08-06 20:09:40,732-[14: INFO: RPL       ] received a unicast-DIO from fe80::212:4b00:60d:b1f8, instance_id 0, DAG ID fd00::200:212:4b00:60d:611b, version 240, dtsn 240, rank 65535
main-DEBUG-  2021-08-06 20:09:42,418-[15: INFO: LoRa MAC  ] Query timeout !
main-DEBUG-  2021-08-06 20:09:42,422-[15: DBG : LoRa MAC  ] STOP query timer thanks to query_timeout
main-DEBUG-  2021-08-06 20:09:42,424-[15: DBG : LoRa MAC  ] query frame built
main-DEBUG-  2021-08-06 20:09:42,439-[15: DBG : LoRa MAC  ] Enter enqueue_packet with frame: {src:2:24859 dest:1:0 k:0 seq:1 next:0 cmd:6 data:
main-DEBUG-  2021-08-06 20:09:42,441-[15: INFO: LoRa MAC  ] YOOOOOO 1
main-DEBUG-  2021-08-06 20:09:42,441-[15: INFO: LoRa MAC  ] YOOOOOO 2
main-DEBUG-  2021-08-06 20:09:42,442-[15: DBG : LoRa MAC  ] append to buffer
main-DEBUG-  2021-08-06 20:09:42,442-[15: INFO: LoRa MAC  ] YOOOOOO 3
main-DEBUG-  2021-08-06 20:09:42,443-[15: DBG : LoRa MAC  ] post new_tx_frame_event to TX_PROCESS
main-DEBUG-  2021-08-06 20:09:42,461-[15: INFO: LoRa MAC  ] YOOOOOO 4
main-DEBUG-  2021-08-06 20:09:42,462-[15: DBG : LoRa MAC  ] frame from buffer: {src:2:24859 dest:1:0 k:0 seq:1 next:0 cmd:6 data:
main-DEBUG-  2021-08-06 20:09:42,463-[15: DBG : LoRa MAC  ] buffer size: 0
main-DEBUG-  2021-08-06 20:09:42,463-[15: DBG : LoRa MAC  ] frame sended to PHY layer
main-DEBUG-  2021-08-06 20:09:42,481-[15: DBG : LoRa MAC  ] START retransmit timer in mac_tx process
main-DEBUG-  2021-08-06 20:09:42,481-[15: DBG : LoRa MAC  ] Listen during 3 s
main-DEBUG-  2021-08-06 20:09:42,482-[15: DBG : LoRa MAC  ] wait state change to READY
main-DEBUG-  2021-08-06 20:09:42,482-[15: INFO: RPL       ] sending a multicast-DIO with rank 128 to ff02::1a
main-DEBUG-  2021-08-06 20:09:42,484-[15: INFO: LoRa PHY  ] PHY TX:radio set wdt 0
main-DEBUG-  2021-08-06 20:09:42,501-[15: INFO: RPL       ] received a unicast-DIO from fe80::212:4b00:60d:b1f8, instance_id 0, DAG ID fd00::200:212:4b00:60d:611b, version 240, dtsn 240, rank 65535
main-DEBUG-  2021-08-06 20:09:42,502-[15: INFO: LoRa PHY  ] PHY TX:radio tx 02611B0100000601
main-DEBUG-  2021-08-06 20:09:43,508-[16: INFO: LoRa PHY  ] PHY TX:radio set wdt 3000
main-DEBUG-  2021-08-06 20:09:43,518-[16: INFO: LoRa PHY  ] PHY TX:radio rx 0
lora_phy-INFO-  2021-08-06 20:09:43,535-PHY RX:02611B0100000601
lora_mac-DEBUG-  2021-08-06 20:09:43,535-RX process receive
lora_mac-DEBUG-  2021-08-06 20:09:43,535-RX process set is_listen=False
lora_mac-DEBUG-  2021-08-06 20:09:43,535-RX process: call mac_rx
lora_mac-DEBUG-  2021-08-06 20:09:43,535-MAC RX: LoraFrame(src_addr=LoraAddr(prefix=2, node_id=24859), dest_addr=LoraAddr(prefix=1, node_id=0), command=<MacCommand.QUERY: 6>, payload='', seq=1, k=False, has_next=False)
lora_mac-DEBUG-  2021-08-06 20:09:43,535-look child with prefix: 2
lora_mac-DEBUG-  2021-08-06 20:09:43,536-child is: Child(2:24859)
lora_mac-DEBUG-  2021-08-06 20:09:43,536-In _on_query
lora_mac-DEBUG-  2021-08-06 20:09:43,536-child buffer empty -> send ack
lora_phy-INFO-  2021-08-06 20:09:43,536-MAC send:LoraFrame(src_addr=LoraAddr(prefix=1, node_id=0), dest_addr=LoraAddr(prefix=2, node_id=24859), command=<MacCommand.ACK: 3>, payload='', seq=1, k=False, has_next=False)
lora_mac-DEBUG-  2021-08-06 20:09:43,536-RX process: mac_rx end
lora_phy-INFO-  2021-08-06 20:09:43,536-PHY TX:radio tx 01000002611B0301
lora_mac-DEBUG-  2021-08-06 20:09:43,536-RX process acquire lock for can_listen
lora_mac-DEBUG-  2021-08-06 20:09:43,536-can listen: True
lora_mac-DEBUG-  2021-08-06 20:09:43,536-is_listen: False
lora_phy-INFO-  2021-08-06 20:09:44,541-PHY TX:radio rx 0
main-DEBUG-  2021-08-06 20:09:44,596-[17: INFO: LoRa PHY  ] PHY RX:01000002611B0301
main-DEBUG-  2021-08-06 20:09:44,597-[17: INFO: LoRa MAC  ] RX LoRa frame: {src:1:0 dest:2:24859 k:0 seq:1 next:0 cmd:3 data:
main-DEBUG-  2021-08-06 20:09:44,598-[17: INFO: LoRa MAC  ] ACK!
main-DEBUG-  2021-08-06 20:09:44,598-[17: DBG : LoRa MAC  ] STOP retransmit timer thanks to correct ACK
main-DEBUG-  2021-08-06 20:09:44,601-[17: DBG : LoRa MAC  ] state is READY
main-DEBUG-  2021-08-06 20:09:44,603-[17: WARN: LoRa MAC  ] buf not empty: 0
main-DEBUG-  2021-08-06 20:09:44,951-[18: INFO: RPL       ] ext hdr: packet from fd00::200:212:4b00:60d:b1f8 to fd00::200:212:4b00:60d:611b going up, sender closer 0 (256 < 128), rank error 0, loop detected 0
main-DEBUG-  2021-08-06 20:09:44,972-[18: INFO: RPL       ] ext hdr: packet from fd00::200:212:4b00:60d:b1f8 to fd00::200:212:4b00:60d:611b going up, sender closer 0 (256 < 128), rank error 0, loop detected 0
main-DEBUG-  2021-08-06 20:09:44,994-[18: INFO: RPL       ] received a DAO from fd00::200:212:4b00:60d:b1f8, seqno 241, lifetime 30, prefix fd00::200:212:4b00:60d:b1f8, prefix length 128, parent fd00::200:212:4b00:60d:611b
main-DEBUG-  2021-08-06 20:09:44,996-[18: INFO: RPL       ] sending a DAO-ACK seqno 241 to fd00::200:212:4b00:60d:b1f8 with status 0
main-DEBUG-  2021-08-06 20:09:45,000-[18: INFO: RPL       ] SRH creating source routing header with destination fd00::200:212:4b00:60d:b1f8
main-DEBUG-  2021-08-06 20:09:45,003-[18: INFO: RPL       ] SRH path len: 0, ComprI 15, ComprE 15, ext len 8 (padding 0)
main-DEBUG-  2021-08-06 20:09:45,040-[18: INFO: RPL       ] packet sent to 0012.4b00.060d.b1f8, status 0, tx 1, new link metric 128
main-DEBUG-  2021-08-06 20:09:49,194-[22: INFO: RPL       ] received a multicast-DIO from fe80::212:4b00:60d:b1f8, instance_id 0, DAG ID fd00::200:212:4b00:60d:611b, version 240, dtsn 240, rank 256
main-DEBUG-  2021-08-06 20:09:54,589-[27: INFO: LoRa MAC  ] Query timeout !
main-DEBUG-  2021-08-06 20:09:54,592-[27: DBG : LoRa MAC  ] STOP query timer thanks to query_timeout
main-DEBUG-  2021-08-06 20:09:54,593-[27: DBG : LoRa MAC  ] query frame built
main-DEBUG-  2021-08-06 20:09:54,614-[27: DBG : LoRa MAC  ] Enter enqueue_packet with frame: {src:2:24859 dest:1:0 k:0 seq:2 next:0 cmd:6 data:
main-DEBUG-  2021-08-06 20:09:54,615-[27: INFO: LoRa MAC  ] YOOOOOO 1
main-DEBUG-  2021-08-06 20:09:54,615-[27: INFO: LoRa MAC  ] YOOOOOO 2
main-DEBUG-  2021-08-06 20:09:54,616-[27: DBG : LoRa MAC  ] append to buffer
main-DEBUG-  2021-08-06 20:09:54,617-[27: INFO: LoRa MAC  ] YOOOOOO 3
main-DEBUG-  2021-08-06 20:09:54,618-[27: DBG : LoRa MAC  ] post new_tx_frame_event to TX_PROCESS
main-DEBUG-  2021-08-06 20:09:54,633-[28: INFO: LoRa MAC  ] YOOOOOO 4
main-DEBUG-  2021-08-06 20:09:54,635-[28: DBG : LoRa MAC  ] frame from buffer: {src:2:24859 dest:1:0 k:0 seq:2 next:0 cmd:6 data:
main-DEBUG-  2021-08-06 20:09:54,635-[28: DBG : LoRa MAC  ] buffer size: 0
main-DEBUG-  2021-08-06 20:09:54,636-[28: DBG : LoRa MAC  ] frame sended to PHY layer
main-DEBUG-  2021-08-06 20:09:54,646-[28: DBG : LoRa MAC  ] START retransmit timer in mac_tx process
main-DEBUG-  2021-08-06 20:09:54,647-[28: DBG : LoRa MAC  ] Listen during 3 s
main-DEBUG-  2021-08-06 20:09:54,648-[28: DBG : LoRa MAC  ] wait state change to READY
main-DEBUG-  2021-08-06 20:09:54,649-[28: INFO: LoRa PHY  ] PHY TX:radio set wdt 0
main-DEBUG-  2021-08-06 20:09:54,656-[28: INFO: LoRa PHY  ] PHY TX:radio tx 02611B0100000602
main-DEBUG-  2021-08-06 20:09:55,663-[29: INFO: LoRa PHY  ] PHY TX:radio set wdt 3000
main-DEBUG-  2021-08-06 20:09:55,674-[29: INFO: LoRa PHY  ] PHY TX:radio rx 0
lora_phy-INFO-  2021-08-06 20:09:55,690-PHY RX:02611B0100000602
lora_mac-DEBUG-  2021-08-06 20:09:55,690-RX process receive
lora_mac-DEBUG-  2021-08-06 20:09:55,690-RX process set is_listen=False
lora_mac-DEBUG-  2021-08-06 20:09:55,690-RX process: call mac_rx
lora_mac-DEBUG-  2021-08-06 20:09:55,690-MAC RX: LoraFrame(src_addr=LoraAddr(prefix=2, node_id=24859), dest_addr=LoraAddr(prefix=1, node_id=0), command=<MacCommand.QUERY: 6>, payload='', seq=2, k=False, has_next=False)
lora_mac-DEBUG-  2021-08-06 20:09:55,691-look child with prefix: 2
lora_mac-DEBUG-  2021-08-06 20:09:55,691-child is: Child(2:24859)
lora_mac-DEBUG-  2021-08-06 20:09:55,691-In _on_query
lora_mac-DEBUG-  2021-08-06 20:09:55,691-child buffer empty -> send ack
lora_phy-INFO-  2021-08-06 20:09:55,691-MAC send:LoraFrame(src_addr=LoraAddr(prefix=1, node_id=0), dest_addr=LoraAddr(prefix=2, node_id=24859), command=<MacCommand.ACK: 3>, payload='', seq=2, k=False, has_next=False)
lora_mac-DEBUG-  2021-08-06 20:09:55,692-RX process: mac_rx end
lora_mac-DEBUG-  2021-08-06 20:09:55,692-RX process acquire lock for can_listen
lora_phy-INFO-  2021-08-06 20:09:55,692-PHY TX:radio tx 01000002611B0302
lora_mac-DEBUG-  2021-08-06 20:09:55,692-can listen: True
lora_mac-DEBUG-  2021-08-06 20:09:55,693-is_listen: False
main-DEBUG-  2021-08-06 20:09:55,715-[29: INFO: RPL       ] received a multicast-DIO from fe80::212:4b00:60d:b1f8, instance_id 0, DAG ID fd00::200:212:4b00:60d:611b, version 240, dtsn 240, rank 256
lora_phy-INFO-  2021-08-06 20:09:56,697-PHY TX:radio rx 0
main-DEBUG-  2021-08-06 20:09:56,752-[30: INFO: LoRa PHY  ] PHY RX:01000002611B0302
main-DEBUG-  2021-08-06 20:09:56,753-[30: INFO: LoRa MAC  ] RX LoRa frame: {src:1:0 dest:2:24859 k:0 seq:2 next:0 cmd:3 data:
main-DEBUG-  2021-08-06 20:09:56,753-[30: INFO: LoRa MAC  ] ACK!
main-DEBUG-  2021-08-06 20:09:56,754-[30: DBG : LoRa MAC  ] STOP retransmit timer thanks to correct ACK
main-DEBUG-  2021-08-06 20:09:56,757-[30: DBG : LoRa MAC  ] state is READY
main-DEBUG-  2021-08-06 20:09:56,758-[30: WARN: LoRa MAC  ] buf not empty: 0
main-DEBUG-  2021-08-06 20:10:00,574-[33: INFO: RPL       ] sending a multicast-DIO with rank 128 to ff02::1a
main-DEBUG-  2021-08-06 20:10:06,746-[40: INFO: LoRa MAC  ] Query timeout !
main-DEBUG-  2021-08-06 20:10:06,749-[40: DBG : LoRa MAC  ] STOP query timer thanks to query_timeout
main-DEBUG-  2021-08-06 20:10:06,750-[40: DBG : LoRa MAC  ] query frame built
main-DEBUG-  2021-08-06 20:10:06,773-[40: DBG : LoRa MAC  ] Enter enqueue_packet with frame: {src:2:24859 dest:1:0 k:0 seq:3 next:0 cmd:6 data:
main-DEBUG-  2021-08-06 20:10:06,774-[40: INFO: LoRa MAC  ] YOOOOOO 1
main-DEBUG-  2021-08-06 20:10:06,775-[40: INFO: LoRa MAC  ] YOOOOOO 2
main-DEBUG-  2021-08-06 20:10:06,776-[40: DBG : LoRa MAC  ] append to buffer
main-DEBUG-  2021-08-06 20:10:06,777-[40: INFO: LoRa MAC  ] YOOOOOO 3
main-DEBUG-  2021-08-06 20:10:06,778-[40: DBG : LoRa MAC  ] post new_tx_frame_event to TX_PROCESS
main-DEBUG-  2021-08-06 20:10:06,789-[40: INFO: LoRa MAC  ] YOOOOOO 4
main-DEBUG-  2021-08-06 20:10:06,791-[40: DBG : LoRa MAC  ] frame from buffer: {src:2:24859 dest:1:0 k:0 seq:3 next:0 cmd:6 data:
main-DEBUG-  2021-08-06 20:10:06,792-[40: DBG : LoRa MAC  ] buffer size: 0
main-DEBUG-  2021-08-06 20:10:06,794-[40: DBG : LoRa MAC  ] frame sended to PHY layer
main-DEBUG-  2021-08-06 20:10:06,802-[40: DBG : LoRa MAC  ] START retransmit timer in mac_tx process
main-DEBUG-  2021-08-06 20:10:06,802-[40: DBG : LoRa MAC  ] Listen during 3 s
main-DEBUG-  2021-08-06 20:10:06,803-[40: DBG : LoRa MAC  ] wait state change to READY
main-DEBUG-  2021-08-06 20:10:06,804-[40: INFO: LoRa PHY  ] PHY TX:radio set wdt 0
main-DEBUG-  2021-08-06 20:10:06,812-[40: INFO: LoRa PHY  ] PHY TX:radio tx 02611B0100000603
main-DEBUG-  2021-08-06 20:10:07,820-[41: INFO: LoRa PHY  ] PHY TX:radio set wdt 3000
main-DEBUG-  2021-08-06 20:10:07,830-[41: INFO: LoRa PHY  ] PHY TX:radio rx 0
lora_phy-INFO-  2021-08-06 20:10:07,846-PHY RX:02611B0100000603
lora_mac-DEBUG-  2021-08-06 20:10:07,846-RX process receive
lora_mac-DEBUG-  2021-08-06 20:10:07,846-RX process set is_listen=False
lora_mac-DEBUG-  2021-08-06 20:10:07,846-RX process: call mac_rx
lora_mac-DEBUG-  2021-08-06 20:10:07,847-MAC RX: LoraFrame(src_addr=LoraAddr(prefix=2, node_id=24859), dest_addr=LoraAddr(prefix=1, node_id=0), command=<MacCommand.QUERY: 6>, payload='', seq=3, k=False, has_next=False)
lora_mac-DEBUG-  2021-08-06 20:10:07,847-look child with prefix: 2
lora_mac-DEBUG-  2021-08-06 20:10:07,847-child is: Child(2:24859)
lora_mac-DEBUG-  2021-08-06 20:10:07,847-In _on_query
lora_mac-DEBUG-  2021-08-06 20:10:07,847-child buffer empty -> send ack
lora_phy-INFO-  2021-08-06 20:10:07,847-MAC send:LoraFrame(src_addr=LoraAddr(prefix=1, node_id=0), dest_addr=LoraAddr(prefix=2, node_id=24859), command=<MacCommand.ACK: 3>, payload='', seq=3, k=False, has_next=False)
lora_mac-DEBUG-  2021-08-06 20:10:07,847-RX process: mac_rx end
lora_phy-INFO-  2021-08-06 20:10:07,848-PHY TX:radio tx 01000002611B0303
lora_mac-DEBUG-  2021-08-06 20:10:07,848-RX process acquire lock for can_listen
lora_mac-DEBUG-  2021-08-06 20:10:07,848-can listen: True
lora_mac-DEBUG-  2021-08-06 20:10:07,848-is_listen: False
lora_phy-INFO-  2021-08-06 20:10:08,852-PHY TX:radio rx 0
main-DEBUG-  2021-08-06 20:10:08,907-[42: INFO: LoRa PHY  ] PHY RX:01000002611B0303
main-DEBUG-  2021-08-06 20:10:08,907-[42: INFO: LoRa MAC  ] RX LoRa frame: {src:1:0 dest:2:24859 k:0 seq:3 next:0 cmd:3 data:
main-DEBUG-  2021-08-06 20:10:08,908-[42: INFO: LoRa MAC  ] ACK!
main-DEBUG-  2021-08-06 20:10:08,909-[42: DBG : LoRa MAC  ] STOP retransmit timer thanks to correct ACK
main-DEBUG-  2021-08-06 20:10:08,913-[42: DBG : LoRa MAC  ] state is READY
main-DEBUG-  2021-08-06 20:10:08,913-[42: WARN: LoRa MAC  ] buf not empty: 0
main-DEBUG-  2021-08-06 20:10:10,660-[44: INFO: RPL       ] ext hdr: packet from fd00::200:212:4b00:60d:b1f8 to 5f:756d:6f6e:735f:6172:6e61:7564:: going up, sender closer 0 (256 < 128), rank error 0, loop detected 0
main-DEBUG-  2021-08-06 20:10:10,679-[44: INFO: RPL       ] SRH creating source routing header with destination 5f:756d:6f6e:735f:6172:6e61:7564::
main-DEBUG-  2021-08-06 20:10:10,680-[44: INFO: RPL       ] SRH destination not in our DAG, skip SRH insertion
main-DEBUG-  2021-08-06 20:10:10,680-[44: INFO: Interface ] Receive data for loramac whouhouuuuuu
main-DEBUG-  2021-08-06 20:10:10,701-[44: INFO: Interface ] CONVERT SRC ADDR:fd00::200:212:4b00:60d:b1f8[44: DBG : LoRa MAC  ] Enter enqueue_packet with frame: {src:0:45560 dest:1:0 k:1 seq:0 next:0 cmd:2 data:60000000000F113F223D162E000FB18768656C6C6F2030
main-DEBUG-  2021-08-06 20:10:10,702-[44: INFO: LoRa MAC  ] YOOOOOO 1
main-DEBUG-  2021-08-06 20:10:10,702-[44: INFO: LoRa MAC  ] YOOOOOO 2
main-DEBUG-  2021-08-06 20:10:10,722-[44: DBG : LoRa MAC  ] append to buffer
main-DEBUG-  2021-08-06 20:10:10,723-[44: INFO: LoRa MAC  ] YOOOOOO 3
main-DEBUG-  2021-08-06 20:10:10,724-[44: DBG : LoRa MAC  ] post new_tx_frame_event to TX_PROCESS
main-DEBUG-  2021-08-06 20:10:10,725-[44: INFO: LoRa MAC  ] YOOOOOO 4
main-DEBUG-  2021-08-06 20:10:10,746-[44: DBG : LoRa MAC  ] frame from buffer: {src:0:45560 dest:1:0 k:1 seq:0 next:0 cmd:2 data:60000000000F113F223D162E000FB18768656C6C6F2030
main-DEBUG-  2021-08-06 20:10:10,746-[44: DBG : LoRa MAC  ] buffer size: 0
main-DEBUG-  2021-08-06 20:10:10,747-[44: DBG : LoRa MAC  ] frame sended to PHY layer
main-DEBUG-  2021-08-06 20:10:10,748-[44: DBG : LoRa MAC  ] START retransmit timer in mac_tx process
main-DEBUG-  2021-08-06 20:10:10,748-[44: DBG : LoRa MAC  ] Listen during 3 s
main-DEBUG-  2021-08-06 20:10:10,766-[44: DBG : LoRa MAC  ] wait state change to READY
main-DEBUG-  2021-08-06 20:10:10,767-[44: INFO: RPL       ] received a multicast-DIO from fe80::212:4b00:60d:b1f8, instance_id 0, DAG ID fd00::200:212:4b00:60d:611b, version 240, dtsn 240, rank 256
main-DEBUG-  2021-08-06 20:10:10,769-[44: INFO: LoRa PHY  ] PHY TX:radio set wdt 0
main-DEBUG-  2021-08-06 20:10:10,780-[44: INFO: LoRa PHY  ] PHY TX:radio tx 00B1F8010000820460000000000F113F223D162E000FB18768656C6C6F2030
main-DEBUG-  2021-08-06 20:10:12,618-[46: INFO: LoRa PHY  ] PHY TX:radio set wdt 3000
main-DEBUG-  2021-08-06 20:10:12,628-[46: INFO: LoRa PHY  ] PHY TX:radio rx 0
lora_phy-INFO-  2021-08-06 20:10:12,662-PHY RX:00B1F8010000820460000000000F113F223D162E000FB18768656C6C6F2030
lora_mac-DEBUG-  2021-08-06 20:10:12,662-RX process receive
lora_mac-DEBUG-  2021-08-06 20:10:12,663-RX process set is_listen=False
lora_mac-DEBUG-  2021-08-06 20:10:12,663-RX process: call mac_rx
lora_mac-DEBUG-  2021-08-06 20:10:12,664-MAC RX: LoraFrame(src_addr=LoraAddr(prefix=0, node_id=45560), dest_addr=LoraAddr(prefix=1, node_id=0), command=<MacCommand.DATA: 2>, payload='60000000000F113F223D162E000FB18768656C6C6F2030', seq=4, k=True, has_next=False)
lora_mac-DEBUG-  2021-08-06 20:10:12,664-look child with prefix: 0
lora_mac-DEBUG-  2021-08-06 20:10:12,664-child is: None
lora_mac-DEBUG-  2021-08-06 20:10:12,665-Data ! 
main-DEBUG-  2021-08-06 20:10:15,753-[49: INFO: LoRa MAC  ] retransmit timeout !
main-DEBUG-  2021-08-06 20:10:15,756-[49: ERR : LoRa MAC  ] STOP retransmit timer thanks to retransmit_timeout
main-DEBUG-  2021-08-06 20:10:15,765-[49: DBG : LoRa MAC  ] retransmit frame: {src:0:45560 dest:1:0 k:1 seq:4 next:0 cmd:2 data:60000000000F113F223D162E000FB18768656C6C6F2030
main-DEBUG-  2021-08-06 20:10:15,765-[49: ERR : LoRa MAC  ] RESTART retransmit timer because a frame was retransmit
main-DEBUG-  2021-08-06 20:10:15,766-[49: INFO: LoRa PHY  ] PHY TX:radio set wdt 0
main-DEBUG-  2021-08-06 20:10:15,779-[49: INFO: LoRa PHY  ] PHY TX:radio tx 00B1F8010000820460000000000F113F223D162E000FB18768656C6C6F2030
main-DEBUG-  2021-08-06 20:10:17,617-[51: INFO: LoRa PHY  ] PHY TX:radio set wdt 3000
main-DEBUG-  2021-08-06 20:10:17,628-[51: INFO: LoRa PHY  ] PHY TX:radio rx 0
