lora_mac-INFO-  2021-08-04 18:35:48,296-Init MAC
lora_phy-INFO-  2021-08-04 18:35:48,299-Init PHY
lora_phy-INFO-  2021-08-04 18:35:48,325-PHY TX:mac pause
lora_phy-INFO-  2021-08-04 18:35:48,339-PHY TX:radio set freq 868100000
lora_phy-INFO-  2021-08-04 18:35:48,356-PHY TX:radio set wdt 0
lora_phy-INFO-  2021-08-04 18:35:48,365-PHY TX:radio rx 0
lora_phy-INFO-  2021-08-04 18:35:53,689-PHY RX:1B611B0100000000
lora_mac-DEBUG-  2021-08-04 18:35:53,690-RX process receive
lora_mac-DEBUG-  2021-08-04 18:35:53,690-RX process set is_listen=False
lora_mac-DEBUG-  2021-08-04 18:35:53,690-RX process: call mac_rx
lora_mac-DEBUG-  2021-08-04 18:35:53,690-MAC RX: LoraFrame(src_addr=LoraAddr(prefix=27, node_id=24859), dest_addr=LoraAddr(prefix=1, node_id=0), command=<MacCommand.JOIN: 0>, payload='', seq=0, k=False, has_next=False)
lora_mac-DEBUG-  2021-08-04 18:35:53,691-look child with prefix: 27
lora_mac-DEBUG-  2021-08-04 18:35:53,692-child is: None
lora_mac-INFO-  2021-08-04 18:35:53,693-reveive join frame LoraFrame(src_addr=LoraAddr(prefix=27, node_id=24859), dest_addr=LoraAddr(prefix=1, node_id=0), command=<MacCommand.JOIN: 0>, payload='', seq=0, k=False, has_next=False)
lora_mac-DEBUG-  2021-08-04 18:35:53,693-new child Child(2:24859) created
lora_mac-DEBUG-  2021-08-04 18:35:53,693-send join response
lora_phy-INFO-  2021-08-04 18:35:53,694-MAC send:LoraFrame(src_addr=LoraAddr(prefix=1, node_id=0), dest_addr=LoraAddr(prefix=27, node_id=24859), command=<MacCommand.JOIN_RESPONSE: 1>, payload='02', seq=0, k=False, has_next=False)
lora_mac-DEBUG-  2021-08-04 18:35:53,694-RX process: mac_rx end
lora_phy-INFO-  2021-08-04 18:35:53,694-PHY TX:radio tx 0100001B611B010002
lora_mac-DEBUG-  2021-08-04 18:35:53,694-RX process acquire lock for can_listen
lora_mac-DEBUG-  2021-08-04 18:35:53,694-can listen: True
lora_mac-DEBUG-  2021-08-04 18:35:53,694-is_listen: False
lora_phy-INFO-  2021-08-04 18:35:54,700-PHY TX:radio rx 0
lora_phy-INFO-  2021-08-04 18:36:05,852-PHY RX:02611B0100000601
lora_mac-DEBUG-  2021-08-04 18:36:05,853-RX process receive
lora_mac-DEBUG-  2021-08-04 18:36:05,853-RX process set is_listen=False
lora_mac-DEBUG-  2021-08-04 18:36:05,853-RX process: call mac_rx
lora_mac-DEBUG-  2021-08-04 18:36:05,853-MAC RX: LoraFrame(src_addr=LoraAddr(prefix=2, node_id=24859), dest_addr=LoraAddr(prefix=1, node_id=0), command=<MacCommand.QUERY: 6>, payload='', seq=1, k=False, has_next=False)
lora_mac-DEBUG-  2021-08-04 18:36:05,853-look child with prefix: 2
lora_mac-DEBUG-  2021-08-04 18:36:05,853-child is: Child(2:24859)
lora_mac-DEBUG-  2021-08-04 18:36:05,853-In _on_query
lora_mac-DEBUG-  2021-08-04 18:36:05,854-child buffer empty -> send ack
lora_phy-INFO-  2021-08-04 18:36:05,854-MAC send:LoraFrame(src_addr=LoraAddr(prefix=1, node_id=0), dest_addr=LoraAddr(prefix=2, node_id=24859), command=<MacCommand.ACK: 3>, payload='', seq=1, k=False, has_next=False)
lora_mac-DEBUG-  2021-08-04 18:36:05,854-RX process: mac_rx end
lora_mac-DEBUG-  2021-08-04 18:36:05,854-RX process acquire lock for can_listen
lora_mac-DEBUG-  2021-08-04 18:36:05,854-can listen: True
lora_mac-DEBUG-  2021-08-04 18:36:05,854-is_listen: False
lora_phy-INFO-  2021-08-04 18:36:05,854-PHY TX:radio tx 01000002611B0301
lora_phy-INFO-  2021-08-04 18:36:06,858-PHY TX:radio rx 0
lora_phy-INFO-  2021-08-04 18:36:18,008-PHY RX:02611B0100000602
lora_mac-DEBUG-  2021-08-04 18:36:18,009-RX process receive
lora_mac-DEBUG-  2021-08-04 18:36:18,009-RX process set is_listen=False
lora_mac-DEBUG-  2021-08-04 18:36:18,010-RX process: call mac_rx
lora_mac-DEBUG-  2021-08-04 18:36:18,010-MAC RX: LoraFrame(src_addr=LoraAddr(prefix=2, node_id=24859), dest_addr=LoraAddr(prefix=1, node_id=0), command=<MacCommand.QUERY: 6>, payload='', seq=2, k=False, has_next=False)
lora_mac-DEBUG-  2021-08-04 18:36:18,010-look child with prefix: 2
lora_mac-DEBUG-  2021-08-04 18:36:18,010-child is: Child(2:24859)
lora_mac-DEBUG-  2021-08-04 18:36:18,011-In _on_query
lora_mac-DEBUG-  2021-08-04 18:36:18,011-child buffer empty -> send ack
lora_phy-INFO-  2021-08-04 18:36:18,011-MAC send:LoraFrame(src_addr=LoraAddr(prefix=1, node_id=0), dest_addr=LoraAddr(prefix=2, node_id=24859), command=<MacCommand.ACK: 3>, payload='', seq=2, k=False, has_next=False)
lora_mac-DEBUG-  2021-08-04 18:36:18,012-RX process: mac_rx end
lora_mac-DEBUG-  2021-08-04 18:36:18,012-RX process acquire lock for can_listen
lora_mac-DEBUG-  2021-08-04 18:36:18,012-can listen: True
lora_mac-DEBUG-  2021-08-04 18:36:18,012-is_listen: False
lora_phy-INFO-  2021-08-04 18:36:18,013-PHY TX:radio tx 01000002611B0302
lora_phy-INFO-  2021-08-04 18:36:19,017-PHY TX:radio rx 0
lora_phy-INFO-  2021-08-04 18:36:30,172-PHY RX:02611B0100000603
lora_mac-DEBUG-  2021-08-04 18:36:30,173-RX process receive
lora_mac-DEBUG-  2021-08-04 18:36:30,173-RX process set is_listen=False
lora_mac-DEBUG-  2021-08-04 18:36:30,174-RX process: call mac_rx
lora_mac-DEBUG-  2021-08-04 18:36:30,174-MAC RX: LoraFrame(src_addr=LoraAddr(prefix=2, node_id=24859), dest_addr=LoraAddr(prefix=1, node_id=0), command=<MacCommand.QUERY: 6>, payload='', seq=3, k=False, has_next=False)
lora_mac-DEBUG-  2021-08-04 18:36:30,174-look child with prefix: 2
lora_mac-DEBUG-  2021-08-04 18:36:30,174-child is: Child(2:24859)
lora_mac-DEBUG-  2021-08-04 18:36:30,175-In _on_query
lora_mac-DEBUG-  2021-08-04 18:36:30,175-child buffer empty -> send ack
lora_phy-INFO-  2021-08-04 18:36:30,176-MAC send:LoraFrame(src_addr=LoraAddr(prefix=1, node_id=0), dest_addr=LoraAddr(prefix=2, node_id=24859), command=<MacCommand.ACK: 3>, payload='', seq=3, k=False, has_next=False)
lora_mac-DEBUG-  2021-08-04 18:36:30,176-RX process: mac_rx end
lora_phy-INFO-  2021-08-04 18:36:30,176-PHY TX:radio tx 01000002611B0303
lora_mac-DEBUG-  2021-08-04 18:36:30,177-RX process acquire lock for can_listen
lora_mac-DEBUG-  2021-08-04 18:36:30,177-can listen: True
lora_mac-DEBUG-  2021-08-04 18:36:30,177-is_listen: False
lora_phy-INFO-  2021-08-04 18:36:31,181-PHY TX:radio rx 0
lora_phy-INFO-  2021-08-04 18:36:42,337-PHY RX:02611B0100000604
lora_mac-DEBUG-  2021-08-04 18:36:42,337-RX process receive
lora_mac-DEBUG-  2021-08-04 18:36:42,338-RX process set is_listen=False
lora_mac-DEBUG-  2021-08-04 18:36:42,338-RX process: call mac_rx
lora_mac-DEBUG-  2021-08-04 18:36:42,339-MAC RX: LoraFrame(src_addr=LoraAddr(prefix=2, node_id=24859), dest_addr=LoraAddr(prefix=1, node_id=0), command=<MacCommand.QUERY: 6>, payload='', seq=4, k=False, has_next=False)
lora_mac-DEBUG-  2021-08-04 18:36:42,339-look child with prefix: 2
lora_mac-DEBUG-  2021-08-04 18:36:42,340-child is: Child(2:24859)
lora_mac-DEBUG-  2021-08-04 18:36:42,340-In _on_query
lora_mac-DEBUG-  2021-08-04 18:36:42,340-child buffer empty -> send ack
lora_phy-INFO-  2021-08-04 18:36:42,341-MAC send:LoraFrame(src_addr=LoraAddr(prefix=1, node_id=0), dest_addr=LoraAddr(prefix=2, node_id=24859), command=<MacCommand.ACK: 3>, payload='', seq=4, k=False, has_next=False)
lora_mac-DEBUG-  2021-08-04 18:36:42,341-RX process: mac_rx end
lora_phy-INFO-  2021-08-04 18:36:42,341-PHY TX:radio tx 01000002611B0304
lora_mac-DEBUG-  2021-08-04 18:36:42,341-RX process acquire lock for can_listen
lora_mac-DEBUG-  2021-08-04 18:36:42,342-can listen: True
lora_mac-DEBUG-  2021-08-04 18:36:42,342-is_listen: False
lora_phy-INFO-  2021-08-04 18:36:43,345-PHY TX:radio rx 0
lora_phy-INFO-  2021-08-04 18:36:54,500-PHY RX:02611B0100000605
lora_mac-DEBUG-  2021-08-04 18:36:54,501-RX process receive
lora_mac-DEBUG-  2021-08-04 18:36:54,501-RX process set is_listen=False
lora_mac-DEBUG-  2021-08-04 18:36:54,501-RX process: call mac_rx
lora_mac-DEBUG-  2021-08-04 18:36:54,502-MAC RX: LoraFrame(src_addr=LoraAddr(prefix=2, node_id=24859), dest_addr=LoraAddr(prefix=1, node_id=0), command=<MacCommand.QUERY: 6>, payload='', seq=5, k=False, has_next=False)
lora_mac-DEBUG-  2021-08-04 18:36:54,502-look child with prefix: 2
lora_mac-DEBUG-  2021-08-04 18:36:54,503-child is: Child(2:24859)
lora_mac-DEBUG-  2021-08-04 18:36:54,503-In _on_query
lora_mac-DEBUG-  2021-08-04 18:36:54,503-child buffer empty -> send ack
lora_phy-INFO-  2021-08-04 18:36:54,503-MAC send:LoraFrame(src_addr=LoraAddr(prefix=1, node_id=0), dest_addr=LoraAddr(prefix=2, node_id=24859), command=<MacCommand.ACK: 3>, payload='', seq=5, k=False, has_next=False)
lora_mac-DEBUG-  2021-08-04 18:36:54,504-RX process: mac_rx end
lora_mac-DEBUG-  2021-08-04 18:36:54,504-RX process acquire lock for can_listen
lora_mac-DEBUG-  2021-08-04 18:36:54,504-can listen: True
lora_mac-DEBUG-  2021-08-04 18:36:54,504-is_listen: False
lora_phy-INFO-  2021-08-04 18:36:54,505-PHY TX:radio tx 01000002611B0305
lora_phy-INFO-  2021-08-04 18:36:55,509-PHY TX:radio rx 0
lora_phy-INFO-  2021-08-04 18:37:06,657-PHY RX:02611B0100000606
lora_mac-DEBUG-  2021-08-04 18:37:06,657-RX process receive
lora_mac-DEBUG-  2021-08-04 18:37:06,658-RX process set is_listen=False
lora_mac-DEBUG-  2021-08-04 18:37:06,658-RX process: call mac_rx
lora_mac-DEBUG-  2021-08-04 18:37:06,658-MAC RX: LoraFrame(src_addr=LoraAddr(prefix=2, node_id=24859), dest_addr=LoraAddr(prefix=1, node_id=0), command=<MacCommand.QUERY: 6>, payload='', seq=6, k=False, has_next=False)
lora_mac-DEBUG-  2021-08-04 18:37:06,658-look child with prefix: 2
lora_mac-DEBUG-  2021-08-04 18:37:06,659-child is: Child(2:24859)
lora_mac-DEBUG-  2021-08-04 18:37:06,660-In _on_query
lora_mac-DEBUG-  2021-08-04 18:37:06,660-child buffer empty -> send ack
lora_phy-INFO-  2021-08-04 18:37:06,660-MAC send:LoraFrame(src_addr=LoraAddr(prefix=1, node_id=0), dest_addr=LoraAddr(prefix=2, node_id=24859), command=<MacCommand.ACK: 3>, payload='', seq=6, k=False, has_next=False)
lora_mac-DEBUG-  2021-08-04 18:37:06,660-RX process: mac_rx end
lora_mac-DEBUG-  2021-08-04 18:37:06,660-RX process acquire lock for can_listen
lora_mac-DEBUG-  2021-08-04 18:37:06,661-can listen: True
lora_mac-DEBUG-  2021-08-04 18:37:06,661-is_listen: False
lora_phy-INFO-  2021-08-04 18:37:06,661-PHY TX:radio tx 01000002611B0306
lora_phy-INFO-  2021-08-04 18:37:07,665-PHY TX:radio rx 0
lora_phy-INFO-  2021-08-04 18:37:18,820-PHY RX:02611B0100000607
lora_mac-DEBUG-  2021-08-04 18:37:18,822-RX process receive
lora_mac-DEBUG-  2021-08-04 18:37:18,822-RX process set is_listen=False
lora_mac-DEBUG-  2021-08-04 18:37:18,822-RX process: call mac_rx
lora_mac-DEBUG-  2021-08-04 18:37:18,823-MAC RX: LoraFrame(src_addr=LoraAddr(prefix=2, node_id=24859), dest_addr=LoraAddr(prefix=1, node_id=0), command=<MacCommand.QUERY: 6>, payload='', seq=7, k=False, has_next=False)
lora_mac-DEBUG-  2021-08-04 18:37:18,823-look child with prefix: 2
lora_mac-DEBUG-  2021-08-04 18:37:18,824-child is: Child(2:24859)
lora_mac-DEBUG-  2021-08-04 18:37:18,824-In _on_query
lora_mac-DEBUG-  2021-08-04 18:37:18,825-child buffer empty -> send ack
lora_phy-INFO-  2021-08-04 18:37:18,825-MAC send:LoraFrame(src_addr=LoraAddr(prefix=1, node_id=0), dest_addr=LoraAddr(prefix=2, node_id=24859), command=<MacCommand.ACK: 3>, payload='', seq=7, k=False, has_next=False)
lora_mac-DEBUG-  2021-08-04 18:37:18,827-RX process: mac_rx end
lora_phy-INFO-  2021-08-04 18:37:18,827-PHY TX:radio tx 01000002611B0307
lora_mac-DEBUG-  2021-08-04 18:37:18,829-RX process acquire lock for can_listen
lora_mac-DEBUG-  2021-08-04 18:37:18,830-can listen: True
lora_mac-DEBUG-  2021-08-04 18:37:18,831-is_listen: False
lora_phy-INFO-  2021-08-04 18:37:19,835-PHY TX:radio rx 0
lora_phy-INFO-  2021-08-04 18:37:30,985-PHY RX:02611B0100000608
lora_mac-DEBUG-  2021-08-04 18:37:30,987-RX process receive
lora_mac-DEBUG-  2021-08-04 18:37:30,987-RX process set is_listen=False
lora_mac-DEBUG-  2021-08-04 18:37:30,987-RX process: call mac_rx
lora_mac-DEBUG-  2021-08-04 18:37:30,988-MAC RX: LoraFrame(src_addr=LoraAddr(prefix=2, node_id=24859), dest_addr=LoraAddr(prefix=1, node_id=0), command=<MacCommand.QUERY: 6>, payload='', seq=8, k=False, has_next=False)
lora_mac-DEBUG-  2021-08-04 18:37:30,988-look child with prefix: 2
lora_mac-DEBUG-  2021-08-04 18:37:30,988-child is: Child(2:24859)
lora_mac-DEBUG-  2021-08-04 18:37:30,989-In _on_query
lora_mac-DEBUG-  2021-08-04 18:37:30,989-child buffer empty -> send ack
lora_phy-INFO-  2021-08-04 18:37:30,989-MAC send:LoraFrame(src_addr=LoraAddr(prefix=1, node_id=0), dest_addr=LoraAddr(prefix=2, node_id=24859), command=<MacCommand.ACK: 3>, payload='', seq=8, k=False, has_next=False)
lora_mac-DEBUG-  2021-08-04 18:37:30,989-RX process: mac_rx end
lora_mac-DEBUG-  2021-08-04 18:37:30,989-RX process acquire lock for can_listen
lora_mac-DEBUG-  2021-08-04 18:37:30,989-can listen: True
lora_mac-DEBUG-  2021-08-04 18:37:30,990-is_listen: False
lora_phy-INFO-  2021-08-04 18:37:30,990-PHY TX:radio tx 01000002611B0308
lora_phy-INFO-  2021-08-04 18:37:31,994-PHY TX:radio rx 0
lora_phy-INFO-  2021-08-04 18:37:43,150-PHY RX:02611B0100000609
lora_mac-DEBUG-  2021-08-04 18:37:43,152-RX process receive
lora_mac-DEBUG-  2021-08-04 18:37:43,153-RX process set is_listen=False
lora_mac-DEBUG-  2021-08-04 18:37:43,153-RX process: call mac_rx
lora_mac-DEBUG-  2021-08-04 18:37:43,154-MAC RX: LoraFrame(src_addr=LoraAddr(prefix=2, node_id=24859), dest_addr=LoraAddr(prefix=1, node_id=0), command=<MacCommand.QUERY: 6>, payload='', seq=9, k=False, has_next=False)
lora_mac-DEBUG-  2021-08-04 18:37:43,155-look child with prefix: 2
lora_mac-DEBUG-  2021-08-04 18:37:43,155-child is: Child(2:24859)
lora_mac-DEBUG-  2021-08-04 18:37:43,156-In _on_query
lora_mac-DEBUG-  2021-08-04 18:37:43,156-child buffer empty -> send ack
lora_phy-INFO-  2021-08-04 18:37:43,156-MAC send:LoraFrame(src_addr=LoraAddr(prefix=1, node_id=0), dest_addr=LoraAddr(prefix=2, node_id=24859), command=<MacCommand.ACK: 3>, payload='', seq=9, k=False, has_next=False)
lora_mac-DEBUG-  2021-08-04 18:37:43,156-RX process: mac_rx end
lora_mac-DEBUG-  2021-08-04 18:37:43,156-RX process acquire lock for can_listen
lora_mac-DEBUG-  2021-08-04 18:37:43,157-can listen: True
lora_mac-DEBUG-  2021-08-04 18:37:43,157-is_listen: False
lora_phy-INFO-  2021-08-04 18:37:43,158-PHY TX:radio tx 01000002611B0309
lora_phy-INFO-  2021-08-04 18:37:44,162-PHY TX:radio rx 0
lora_phy-INFO-  2021-08-04 18:37:55,313-PHY RX:02611B010000060A
lora_mac-DEBUG-  2021-08-04 18:37:55,313-RX process receive
lora_mac-DEBUG-  2021-08-04 18:37:55,314-RX process set is_listen=False
lora_mac-DEBUG-  2021-08-04 18:37:55,314-RX process: call mac_rx
lora_mac-DEBUG-  2021-08-04 18:37:55,315-MAC RX: LoraFrame(src_addr=LoraAddr(prefix=2, node_id=24859), dest_addr=LoraAddr(prefix=1, node_id=0), command=<MacCommand.QUERY: 6>, payload='', seq=10, k=False, has_next=False)
lora_mac-DEBUG-  2021-08-04 18:37:55,317-look child with prefix: 2
lora_mac-DEBUG-  2021-08-04 18:37:55,318-child is: Child(2:24859)
lora_mac-DEBUG-  2021-08-04 18:37:55,318-In _on_query
lora_mac-DEBUG-  2021-08-04 18:37:55,318-child buffer empty -> send ack
lora_phy-INFO-  2021-08-04 18:37:55,319-MAC send:LoraFrame(src_addr=LoraAddr(prefix=1, node_id=0), dest_addr=LoraAddr(prefix=2, node_id=24859), command=<MacCommand.ACK: 3>, payload='', seq=10, k=False, has_next=False)
lora_mac-DEBUG-  2021-08-04 18:37:55,320-RX process: mac_rx end
lora_phy-INFO-  2021-08-04 18:37:55,320-PHY TX:radio tx 01000002611B030A
lora_mac-DEBUG-  2021-08-04 18:37:55,321-RX process acquire lock for can_listen
lora_mac-DEBUG-  2021-08-04 18:37:55,321-can listen: True
lora_mac-DEBUG-  2021-08-04 18:37:55,322-is_listen: False
lora_phy-INFO-  2021-08-04 18:37:56,325-PHY TX:radio rx 0
lora_phy-INFO-  2021-08-04 18:38:07,477-PHY RX:02611B010000060B
lora_mac-DEBUG-  2021-08-04 18:38:07,477-RX process receive
lora_mac-DEBUG-  2021-08-04 18:38:07,477-RX process set is_listen=False
lora_mac-DEBUG-  2021-08-04 18:38:07,478-RX process: call mac_rx
lora_mac-DEBUG-  2021-08-04 18:38:07,478-MAC RX: LoraFrame(src_addr=LoraAddr(prefix=2, node_id=24859), dest_addr=LoraAddr(prefix=1, node_id=0), command=<MacCommand.QUERY: 6>, payload='', seq=11, k=False, has_next=False)
lora_mac-DEBUG-  2021-08-04 18:38:07,478-look child with prefix: 2
lora_mac-DEBUG-  2021-08-04 18:38:07,479-child is: Child(2:24859)
lora_mac-DEBUG-  2021-08-04 18:38:07,479-In _on_query
lora_mac-DEBUG-  2021-08-04 18:38:07,479-child buffer empty -> send ack
lora_phy-INFO-  2021-08-04 18:38:07,479-MAC send:LoraFrame(src_addr=LoraAddr(prefix=1, node_id=0), dest_addr=LoraAddr(prefix=2, node_id=24859), command=<MacCommand.ACK: 3>, payload='', seq=11, k=False, has_next=False)
lora_mac-DEBUG-  2021-08-04 18:38:07,480-RX process: mac_rx end
lora_mac-DEBUG-  2021-08-04 18:38:07,480-RX process acquire lock for can_listen
lora_mac-DEBUG-  2021-08-04 18:38:07,480-can listen: True
lora_mac-DEBUG-  2021-08-04 18:38:07,480-is_listen: False
lora_phy-INFO-  2021-08-04 18:38:07,481-PHY TX:radio tx 01000002611B030B
lora_phy-INFO-  2021-08-04 18:38:08,485-PHY TX:radio rx 0
lora_phy-INFO-  2021-08-04 18:38:19,641-PHY RX:02611B010000060C
lora_mac-DEBUG-  2021-08-04 18:38:19,642-RX process receive
lora_mac-DEBUG-  2021-08-04 18:38:19,642-RX process set is_listen=False
lora_mac-DEBUG-  2021-08-04 18:38:19,644-RX process: call mac_rx
lora_mac-DEBUG-  2021-08-04 18:38:19,645-MAC RX: LoraFrame(src_addr=LoraAddr(prefix=2, node_id=24859), dest_addr=LoraAddr(prefix=1, node_id=0), command=<MacCommand.QUERY: 6>, payload='', seq=12, k=False, has_next=False)
lora_mac-DEBUG-  2021-08-04 18:38:19,645-look child with prefix: 2
lora_mac-DEBUG-  2021-08-04 18:38:19,645-child is: Child(2:24859)
lora_mac-DEBUG-  2021-08-04 18:38:19,645-In _on_query
lora_mac-DEBUG-  2021-08-04 18:38:19,645-child buffer empty -> send ack
lora_phy-INFO-  2021-08-04 18:38:19,646-MAC send:LoraFrame(src_addr=LoraAddr(prefix=1, node_id=0), dest_addr=LoraAddr(prefix=2, node_id=24859), command=<MacCommand.ACK: 3>, payload='', seq=12, k=False, has_next=False)
lora_mac-DEBUG-  2021-08-04 18:38:19,646-RX process: mac_rx end
lora_phy-INFO-  2021-08-04 18:38:19,646-PHY TX:radio tx 01000002611B030C
lora_mac-DEBUG-  2021-08-04 18:38:19,649-RX process acquire lock for can_listen
lora_mac-DEBUG-  2021-08-04 18:38:19,650-can listen: True
lora_mac-DEBUG-  2021-08-04 18:38:19,653-is_listen: False
lora_phy-INFO-  2021-08-04 18:38:20,654-PHY TX:radio rx 0
