'lora_mac-INFO-  2021-07-26 20:27:21,809-Init MAC'
'lora_phy-INFO-  2021-07-26 20:27:21,810-Init PHY'
'lora_phy-DEBUG-  2021-07-26 20:27:21,812-append UartFrame(expected_response=[<UartResponse.U_INT: '4294967245'>], data='', cmd=<UartCommand.MAC_PAUSE: 'mac pause'>) to tx_buf'
'lora_phy-DEBUG-  2021-07-26 20:27:21,812-append UartFrame(expected_response=[<UartResponse.OK: 'ok'>], data='868100000', cmd=<UartCommand.SET_FREQ: 'radio set freq '>) to tx_buf'
'lora_phy-INFO-  2021-07-26 20:27:21,812-Send UART data:UartFrame(expected_response=[<UartResponse.U_INT: '4294967245'>], data='', cmd=<UartCommand.MAC_PAUSE: 'mac pause'>)'
'lora_phy-DEBUG-  2021-07-26 20:27:21,813-append UartFrame(expected_response=[<UartResponse.OK: 'ok'>], data='0', cmd=<UartCommand.SET_WDT: 'radio set wdt '>) to tx_buf'
'lora_phy-DEBUG-  2021-07-26 20:27:21,813-append UartFrame(expected_response=[<UartResponse.RADIO_ERR: 'radio_err'>, <UartResponse.RADIO_RX: 'radio_rx'>], data='0', cmd=<UartCommand.RX: 'radio rx '>) to tx_buf'
'lora_phy-INFO-  2021-07-26 20:27:21,826-process uart response: 4294967245'
'lora_phy-INFO-  2021-07-26 20:27:21,826-Send UART data:UartFrame(expected_response=[<UartResponse.OK: 'ok'>], data='868100000', cmd=<UartCommand.SET_FREQ: 'radio set freq '>)'
'lora_phy-INFO-  2021-07-26 20:27:21,841-process uart response: ok'
'lora_phy-INFO-  2021-07-26 20:27:21,842-Send UART data:UartFrame(expected_response=[<UartResponse.OK: 'ok'>], data='0', cmd=<UartCommand.SET_WDT: 'radio set wdt '>)'
'lora_phy-INFO-  2021-07-26 20:27:21,849-process uart response: ok'
'lora_phy-INFO-  2021-07-26 20:27:21,850-Send UART data:UartFrame(expected_response=[<UartResponse.RADIO_ERR: 'radio_err'>, <UartResponse.RADIO_RX: 'radio_rx'>], data='0', cmd=<UartCommand.RX: 'radio rx '>)'
'lora_phy-INFO-  2021-07-26 20:27:21,857-process uart response: ok'
'lora_phy-DEBUG-  2021-07-26 20:27:21,857-unexpected response'
'main-DEBUG-  2021-07-26 20:27:24,888-[21: INFO: Interface ] Button pushed'
'main-DEBUG-  2021-07-26 20:27:24,890-[21: INFO: LoRa MAC  ] Init LoRa MAC'
'main-DEBUG-  2021-07-26 20:27:24,892-[21: INFO: LoRa MAC  ] Node ID: 24859'
'main-DEBUG-  2021-07-26 20:27:24,894-[21: INFO: LoRa MAC  ] New Link-layer address: 5f75.6d6f.6e73.611b[21: INFO: LoRa MAC  ]'
'main-DEBUG-  2021-07-26 20:27:24,896-[21: DBG : LoRa MAC  ] initial state: 0'
'main-DEBUG-  2021-07-26 20:27:24,910-[21: INFO: LoRa PHY  ] Init LoRa PHY'
'main-DEBUG-  2021-07-26 20:27:24,910-[21: DBG : LoRa PHY  ] enter UART_TX'
'main-DEBUG-  2021-07-26 20:27:24,913-[21: DBG : LoRa PHY  ] append { cmd:mac pause resp: [4294967245, none] }[22: DBG : LoRa PHY  ]  to UART TX buffer'
'main-DEBUG-  2021-07-26 20:27:24,914-[22: DBG : LoRa PHY  ] enter UART_TX'
'main-DEBUG-  2021-07-26 20:27:24,932-[22: DBG : LoRa PHY  ] append { cmd:radio set freq  resp: [ok, none] }[22: DBG : LoRa PHY  ]  to UART TX buffer'
'main-DEBUG-  2021-07-26 20:27:24,933-[22: DBG : LoRa PHY  ] enter UART_TX'
'main-DEBUG-  2021-07-26 20:27:24,935-[22: DBG : LoRa PHY  ] append { cmd:radio set wdt  resp: [ok, none] }[22: DBG : LoRa PHY  ]  to UART TX buffer'
'main-DEBUG-  2021-07-26 20:27:24,954-[22: DBG : LoRa PHY  ] enter UART_TX'
'main-DEBUG-  2021-07-26 20:27:24,957-[22: DBG : LoRa PHY  ] append { cmd:radio tx  resp: [radio_tx_ok, radio_err] }[22: DBG : LoRa PHY  ]  to UART TX buffer'
'main-DEBUG-  2021-07-26 20:27:24,958-[22: DBG : LoRa PHY  ] enter UART_TX'
'main-DEBUG-  2021-07-26 20:27:24,976-[22: DBG : LoRa PHY  ] append { cmd:radio set wdt  resp: [ok, none] }[22: DBG : LoRa PHY  ]  to UART TX buffer'
'main-DEBUG-  2021-07-26 20:27:24,976-[22: DBG : LoRa PHY  ] enter UART_TX'
'main-DEBUG-  2021-07-26 20:27:24,980-[22: DBG : LoRa PHY  ] append { cmd:radio rx  resp: [radio_err, radio_rx] }[22: DBG : LoRa PHY  ]  to UART TX buffer'
'main-DEBUG-  2021-07-26 20:27:24,984-[22: DBG : LoRa MAC  ] SET retransmit timer'
'main-DEBUG-  2021-07-26 20:27:24,985-[22: DBG : LoRa MAC  ] initialization complete'
'main-DEBUG-  2021-07-26 20:27:24,986-[22: INFO: LoRa PHY  ] Write UART:mac pause'
'main-DEBUG-  2021-07-26 20:27:25,013-[22: INFO: LoRa PHY  ] UART response:4294967245'
'main-DEBUG-  2021-07-26 20:27:25,014-[22: DBG : LoRa PHY  ] compare response with:4294967245'
'main-DEBUG-  2021-07-26 20:27:25,015-[22: DBG : LoRa PHY  ]  expected !'
'main-DEBUG-  2021-07-26 20:27:25,015-[22: INFO: LoRa PHY  ] Write UART:radio set freq 868100000'
'main-DEBUG-  2021-07-26 20:27:25,229-[22: INFO: LoRa PHY  ] UART response:RN2483 1.0.3 Mar 22 2017 06:00:42'
'main-DEBUG-  2021-07-26 20:27:25,231-[22: DBG : LoRa PHY  ] compare response with:ok'
'main-DEBUG-  2021-07-26 20:27:25,233-[22: DBG : LoRa PHY  ] compare response with:none'
'main-DEBUG-  2021-07-26 20:27:25,470-[22: INFO: App       ] Not reachable yet'
'main-DEBUG-  2021-07-26 20:27:29,997-[27: INFO: LoRa MAC  ] retransmit timeout !'
'main-DEBUG-  2021-07-26 20:27:30,000-[27: ERR : LoRa MAC  ] STOP retransmit timer thanks to retransmit_timeout'
'main-DEBUG-  2021-07-26 20:27:30,002-[27: DBG : LoRa MAC  ] retransmit frame: {src:27:24859 dest:1:0 k:0 seq:0 next:0 cmd:0 data:'
'main-DEBUG-  2021-07-26 20:27:30,018-[27: DBG : LoRa PHY  ] enter UART_TX'
'main-DEBUG-  2021-07-26 20:27:30,020-[27: DBG : LoRa PHY  ] append { cmd:radio set wdt  resp: [ok, none] }[27: DBG : LoRa PHY  ]  to UART TX buffer'
'main-DEBUG-  2021-07-26 20:27:30,020-[27: DBG : LoRa PHY  ] enter UART_TX'
'main-DEBUG-  2021-07-26 20:27:30,041-[27: DBG : LoRa PHY  ] append { cmd:radio tx  resp: [radio_tx_ok, radio_err] }[27: DBG : LoRa PHY  ]  to UART TX buffer'
'main-DEBUG-  2021-07-26 20:27:30,042-[27: ERR : LoRa MAC  ] RESTART retransmit timer because a frame was retransmit'
'main-DEBUG-  2021-07-26 20:27:30,042-[27: DBG : LoRa PHY  ] enter UART_TX'
'main-DEBUG-  2021-07-26 20:27:30,055-[27: DBG : LoRa PHY  ] append { cmd:radio set wdt  resp: [ok, none] }[27: DBG : LoRa PHY  ]  to UART TX buffer'
'main-DEBUG-  2021-07-26 20:27:30,056-[27: DBG : LoRa PHY  ] enter UART_TX'
'main-DEBUG-  2021-07-26 20:27:30,061-[27: DBG : LoRa PHY  ] append { cmd:radio rx  resp: [radio_err, radio_rx] }[27: DBG : LoRa PHY  ]  to UART TX buffer'
'main-DEBUG-  2021-07-26 20:27:35,076-[32: INFO: LoRa MAC  ] retransmit timeout !'
'main-DEBUG-  2021-07-26 20:27:35,078-[32: ERR : LoRa MAC  ] STOP retransmit timer thanks to retransmit_timeout'
'main-DEBUG-  2021-07-26 20:27:35,082-[32: DBG : LoRa MAC  ] retransmit frame: {src:27:24859 dest:1:0 k:0 seq:0 next:0 cmd:0 data:'
'main-DEBUG-  2021-07-26 20:27:35,098-[32: DBG : LoRa PHY  ] enter UART_TX'
'main-DEBUG-  2021-07-26 20:27:35,100-[32: DBG : LoRa PHY  ] append { cmd:radio set wdt  resp: [ok, none] }[32: DBG : LoRa PHY  ]  to UART TX buffer'
'main-DEBUG-  2021-07-26 20:27:35,100-[32: DBG : LoRa PHY  ] enter UART_TX'
'main-DEBUG-  2021-07-26 20:27:35,114-[32: DBG : LoRa PHY  ] append { cmd:radio tx  resp: [radio_tx_ok, radio_err] }[32: DBG : LoRa PHY  ]  to UART TX buffer'
'main-DEBUG-  2021-07-26 20:27:35,116-[32: ERR : LoRa MAC  ] RESTART retransmit timer because a frame was retransmit'
'main-DEBUG-  2021-07-26 20:27:35,116-[32: DBG : LoRa PHY  ] enter UART_TX'
'main-DEBUG-  2021-07-26 20:27:35,117-[32: DBG : LoRa PHY  ] enter UART_TX'
'main-DEBUG-  2021-07-26 20:27:38,108-[0: INFO: Main      ] Starting Contiki-NG-develop/v4.7-8-gc4cf1a08e-dirty'
'main-DEBUG-  2021-07-26 20:27:38,110-[0: INFO: Main      ] - Routing: RPL Lite'
'main-DEBUG-  2021-07-26 20:27:38,112-[0: INFO: Main      ] - Net: sicslowpan'
'main-DEBUG-  2021-07-26 20:27:38,113-[0: INFO: Main      ] - MAC: CSMA'
'main-DEBUG-  2021-07-26 20:27:38,115-[0: INFO: Main      ] - 802.15.4 PANID: 0xabcd'
'main-DEBUG-  2021-07-26 20:27:38,129-[0: INFO: Main      ] - 802.15.4 Default channel: 26'
'main-DEBUG-  2021-07-26 20:27:38,129-[0: INFO: Main      ] Node ID: 24859'
'main-DEBUG-  2021-07-26 20:27:38,130-[0: INFO: Main      ] Link-layer address: 0012.4b00.060d.611b'
'main-DEBUG-  2021-07-26 20:27:38,131-[0: INFO: Interface ] Init LoRaMAC Interface'
'main-DEBUG-  2021-07-26 20:27:38,131-[0: INFO: Interface ] Welcome !'
'main-DEBUG-  2021-07-26 20:27:38,141-[0: INFO: Main      ] Tentative link-local IPv6 address: fe80::212:4b00:60d:611b'
'main-DEBUG-  2021-07-26 20:27:38,142-[0: INFO: Zoul      ] Zolertia RE-Mote revision B platform'
'main-DEBUG-  2021-07-26 20:27:41,555-[4: INFO: Interface ] Button pushed'
'main-DEBUG-  2021-07-26 20:27:41,556-[4: INFO: LoRa MAC  ] Init LoRa MAC'
'main-DEBUG-  2021-07-26 20:27:41,558-[4: INFO: LoRa MAC  ] Node ID: 24859'
'main-DEBUG-  2021-07-26 20:27:41,559-[4: INFO: LoRa MAC  ] New Link-layer address: 5f75.6d6f.6e73.611b[4: INFO: LoRa MAC  ]'
'main-DEBUG-  2021-07-26 20:27:41,561-[4: DBG : LoRa MAC  ] initial state: 0'
'main-DEBUG-  2021-07-26 20:27:41,577-[4: INFO: LoRa PHY  ] Init LoRa PHY'
'main-DEBUG-  2021-07-26 20:27:41,578-[4: DBG : LoRa PHY  ] enter UART_TX'
'main-DEBUG-  2021-07-26 20:27:41,579-[4: DBG : LoRa PHY  ] append { cmd:mac pause resp: [4294967245, none] }[4: DBG : LoRa PHY  ]  to UART TX buffer'
'main-DEBUG-  2021-07-26 20:27:41,579-[4: DBG : LoRa PHY  ] enter UART_TX'
'main-DEBUG-  2021-07-26 20:27:41,599-[4: DBG : LoRa PHY  ] append { cmd:radio set freq  resp: [ok, none] }[4: DBG : LoRa PHY  ]  to UART TX buffer'
'main-DEBUG-  2021-07-26 20:27:41,600-[4: DBG : LoRa PHY  ] enter UART_TX'
'main-DEBUG-  2021-07-26 20:27:41,601-[4: DBG : LoRa PHY  ] append { cmd:radio set wdt  resp: [ok, none] }[4: DBG : LoRa PHY  ]  to UART TX buffer'
'main-DEBUG-  2021-07-26 20:27:41,621-[4: DBG : LoRa PHY  ] enter UART_TX'
'main-DEBUG-  2021-07-26 20:27:41,624-[4: DBG : LoRa PHY  ] append { cmd:radio tx  resp: [radio_tx_ok, radio_err] }[4: DBG : LoRa PHY  ]  to UART TX buffer'
'main-DEBUG-  2021-07-26 20:27:41,625-[4: DBG : LoRa PHY  ] enter UART_TX'
'main-DEBUG-  2021-07-26 20:27:41,644-[4: DBG : LoRa PHY  ] append { cmd:radio set wdt  resp: [ok, none] }[4: DBG : LoRa PHY  ]  to UART TX buffer'
'main-DEBUG-  2021-07-26 20:27:41,644-[4: DBG : LoRa PHY  ] enter UART_TX'
'main-DEBUG-  2021-07-26 20:27:41,645-[4: DBG : LoRa PHY  ] append { cmd:radio rx  resp: [radio_err, radio_rx] }[4: DBG : LoRa PHY  ]  to UART TX buffer'
'main-DEBUG-  2021-07-26 20:27:41,646-[4: DBG : LoRa MAC  ] SET retransmit timer'
'main-DEBUG-  2021-07-26 20:27:41,650-[4: DBG : LoRa MAC  ] initialization complete'
'main-DEBUG-  2021-07-26 20:27:41,650-[4: INFO: LoRa PHY  ] Write UART:mac pause'
'main-DEBUG-  2021-07-26 20:27:41,678-[4: INFO: LoRa PHY  ] UART response:4294967245'
'main-DEBUG-  2021-07-26 20:27:41,679-[4: DBG : LoRa PHY  ] compare response with:4294967245'
'main-DEBUG-  2021-07-26 20:27:41,680-[4: DBG : LoRa PHY  ]  expected !'
'main-DEBUG-  2021-07-26 20:27:41,681-[4: INFO: LoRa PHY  ] Write UART:radio set freq 868100000'
'main-DEBUG-  2021-07-26 20:27:41,706-[4: INFO: LoRa PHY  ] UART response:ok'
'main-DEBUG-  2021-07-26 20:27:41,707-[4: DBG : LoRa PHY  ] compare response with:ok'
'main-DEBUG-  2021-07-26 20:27:41,707-[4: DBG : LoRa PHY  ]  expected !'
'main-DEBUG-  2021-07-26 20:27:41,708-[4: INFO: LoRa PHY  ] Write UART:radio set wdt 0'
'main-DEBUG-  2021-07-26 20:27:41,733-[4: INFO: LoRa PHY  ] UART response:ok'
'main-DEBUG-  2021-07-26 20:27:41,734-[4: DBG : LoRa PHY  ] compare response with:ok'
'main-DEBUG-  2021-07-26 20:27:41,735-[4: DBG : LoRa PHY  ]  expected !'
'main-DEBUG-  2021-07-26 20:27:41,736-[4: DBG : LoRa PHY  ] to frame receive: {src:27:24859 dest:1:0 k:0 seq:0 next:0 cmd:0 data:'
'main-DEBUG-  2021-07-26 20:27:41,737-[4: DBG : LoRa PHY  ]'
'main-DEBUG-  2021-07-26 20:27:41,756-[4: DBG : LoRa PHY  ] src.prefix: 27'
'main-DEBUG-  2021-07-26 20:27:41,756-[4: DBG : LoRa PHY  ] src addr: 1B611B'
'main-DEBUG-  2021-07-26 20:27:41,757-[4: DBG : LoRa PHY  ] dest addr: 010000'
'main-DEBUG-  2021-07-26 20:27:41,757-[4: DBG : LoRa PHY  ] flags and command:00'
'main-DEBUG-  2021-07-26 20:27:41,758-[4: DBG : LoRa PHY  ] SN:00'
'main-DEBUG-  2021-07-26 20:27:41,758-[4: DBG : LoRa PHY  ] TO HEX frame: 1B611B0100000000'
'main-DEBUG-  2021-07-26 20:27:41,760-[4: INFO: LoRa PHY  ] Write UART:radio tx 1B611B0100000000'
'main-DEBUG-  2021-07-26 20:27:41,781-[4: INFO: LoRa PHY  ] UART response:ok'
'main-DEBUG-  2021-07-26 20:27:41,782-[4: DBG : LoRa PHY  ] compare response with:radio_tx_ok'
'main-DEBUG-  2021-07-26 20:27:41,783-[4: DBG : LoRa PHY  ] compare response with:radio_err'
'main-DEBUG-  2021-07-26 20:27:42,780-[5: INFO: LoRa PHY  ] UART response:radio_tx_ok'
'main-DEBUG-  2021-07-26 20:27:42,782-[5: DBG : LoRa PHY  ] compare response with:radio_tx_ok'
'main-DEBUG-  2021-07-26 20:27:42,783-[5: DBG : LoRa PHY  ]  expected !'
'main-DEBUG-  2021-07-26 20:27:42,785-[5: INFO: LoRa PHY  ] Write UART:radio set wdt 3000'
'lora_phy-INFO-  2021-07-26 20:27:42,794-process uart response: radio_rx  1B611B0100000000'
'lora_phy-DEBUG-  2021-07-26 20:27:42,794-build frame receive data: 1B611B0100000000'
'lora_mac-DEBUG-  2021-07-26 20:27:42,794-MAC RX: LoraFrame(src_addr=LoraAddr(prefix=27, node_id=24859), dest_addr=LoraAddr(prefix=1, node_id=0), command=<MacCommand.JOIN: 0>, payload='', seq=0, k=False, has_next=False)'
'lora_mac-DEBUG-  2021-07-26 20:27:42,794-look child with prefix: 27'
'lora_mac-DEBUG-  2021-07-26 20:27:42,794-child is: None'
'lora_mac-INFO-  2021-07-26 20:27:42,795-reveive join frame LoraFrame(src_addr=LoraAddr(prefix=27, node_id=24859), dest_addr=LoraAddr(prefix=1, node_id=0), command=<MacCommand.JOIN: 0>, payload='', seq=0, k=False, has_next=False)'
'lora_mac-INFO-  2021-07-26 20:27:42,795-new child:LoraAddr(prefix=27, node_id=24859)'
'lora_mac-DEBUG-  2021-07-26 20:27:42,795-child created'
'lora_mac-DEBUG-  2021-07-26 20:27:42,795-send join response'
'lora_phy-DEBUG-  2021-07-26 20:27:42,795-append UartFrame(expected_response=[<UartResponse.RADIO_TX_OK: 'radio_tx_ok'>, <UartResponse.RADIO_ERR: 'radio_err'>], data='0100001B611B010002', cmd=<UartCommand.TX: 'radio tx '>) to tx_buf'
'lora_phy-INFO-  2021-07-26 20:27:42,795-Send UART data:UartFrame(expected_response=[<UartResponse.RADIO_TX_OK: 'radio_tx_ok'>, <UartResponse.RADIO_ERR: 'radio_err'>], data='0100001B611B010002', cmd=<UartCommand.TX: 'radio tx '>)'
'main-DEBUG-  2021-07-26 20:27:42,802-[5: INFO: LoRa PHY  ] UART response:ok'
'main-DEBUG-  2021-07-26 20:27:42,804-[5: DBG : LoRa PHY  ] compare response with:ok'
'main-DEBUG-  2021-07-26 20:27:42,804-[5: DBG : LoRa PHY  ]  expected !'
'lora_phy-INFO-  2021-07-26 20:27:42,806-process uart response: ok'
'lora_phy-DEBUG-  2021-07-26 20:27:42,806-unexpected response'
'main-DEBUG-  2021-07-26 20:27:42,807-[5: INFO: LoRa PHY  ] Write UART:radio rx 0'
'main-DEBUG-  2021-07-26 20:27:42,820-[5: INFO: LoRa PHY  ] UART response:ok'
'main-DEBUG-  2021-07-26 20:27:42,821-[5: DBG : LoRa PHY  ] compare response with:radio_err'
'main-DEBUG-  2021-07-26 20:27:42,821-[5: DBG : LoRa PHY  ] compare response with:radio_rx'
'lora_phy-INFO-  2021-07-26 20:27:43,799-process uart response: radio_tx_ok'
'main-DEBUG-  2021-07-26 20:27:43,856-[6: INFO: LoRa PHY  ] UART response:radio_rx  0100001B611B010002'
'main-DEBUG-  2021-07-26 20:27:43,857-[6: DBG : LoRa PHY  ] compare response with:radio_err'
'main-DEBUG-  2021-07-26 20:27:43,857-[6: DBG : LoRa PHY  ] compare response with:radio_rx'
'main-DEBUG-  2021-07-26 20:27:43,858-[6: DBG : LoRa PHY  ] created frame a LoRa frame'
'main-DEBUG-  2021-07-26 20:27:43,878-[6: INFO: LoRa MAC  ] RX LoRa frame: {src:1:0 dest:27:24859 k:0 seq:0 next:0 cmd:1 data:02'
'main-DEBUG-  2021-07-26 20:27:43,879-[6: DBG : LoRa MAC  ] JOIN RESPONSE'
'main-DEBUG-  2021-07-26 20:27:43,881-[6: DBG : LoRa MAC  ] state = READY'
'main-DEBUG-  2021-07-26 20:27:43,882-[6: DBG : LoRa MAC  ] STOP retransmit timer'
'main-DEBUG-  2021-07-26 20:27:43,882-[6: INFO: LoRa MAC  ] Lora Root joined'
'main-DEBUG-  2021-07-26 20:27:43,885-[6: INFO: LoRa MAC  ] Node addr: 2:24859[6: INFO: LoRa MAC  ]'
'main-DEBUG-  2021-07-26 20:27:43,885-[6: DBG : LoRa PHY  ]  expected !'
