lora_mac-INFO-  2021-07-26 20:00:59,578-Init MAC'
lora_phy-INFO-  2021-07-26 20:00:59,579-Init PHY'
lora_phy-DEBUG-  2021-07-26 20:00:59,581-append UartFrame(expected_response=[<UartResponse.U_INT: '4294967245'>], data='', cmd=<UartCommand.MAC_PAUSE: 'mac pause'>) to tx_buf'
lora_phy-DEBUG-  2021-07-26 20:00:59,581-append UartFrame(expected_response=[<UartResponse.OK: 'ok'>], data='868100000', cmd=<UartCommand.SET_FREQ: 'radio set freq '>) to tx_buf'
lora_phy-INFO-  2021-07-26 20:00:59,582-Send UART data:UartFrame(expected_response=[<UartResponse.U_INT: '4294967245'>], data='', cmd=<UartCommand.MAC_PAUSE: 'mac pause'>)'
lora_phy-DEBUG-  2021-07-26 20:00:59,583-append UartFrame(expected_response=[<UartResponse.OK: 'ok'>], data='0', cmd=<UartCommand.SET_WDT: 'radio set wdt '>) to tx_buf'
lora_phy-DEBUG-  2021-07-26 20:00:59,583-append UartFrame(expected_response=[<UartResponse.RADIO_ERR: 'radio_err'>, <UartResponse.RADIO_RX: 'radio_rx'>], data='0', cmd=<UartCommand.RX: 'radio rx '>) to tx_buf'
lora_phy-INFO-  2021-07-26 20:00:59,595-process uart response: 4294967245'
lora_phy-INFO-  2021-07-26 20:00:59,596-Send UART data:UartFrame(expected_response=[<UartResponse.OK: 'ok'>], data='868100000', cmd=<UartCommand.SET_FREQ: 'radio set freq '>)'
lora_phy-INFO-  2021-07-26 20:00:59,610-process uart response: ok'
lora_phy-INFO-  2021-07-26 20:00:59,611-Send UART data:UartFrame(expected_response=[<UartResponse.OK: 'ok'>], data='0', cmd=<UartCommand.SET_WDT: 'radio set wdt '>)'
lora_phy-INFO-  2021-07-26 20:00:59,617-process uart response: ok'
lora_phy-INFO-  2021-07-26 20:00:59,617-Send UART data:UartFrame(expected_response=[<UartResponse.RADIO_ERR: 'radio_err'>, <UartResponse.RADIO_RX: 'radio_rx'>], data='0', cmd=<UartCommand.RX: 'radio rx '>)'
lora_phy-INFO-  2021-07-26 20:00:59,624-process uart response: ok'
lora_phy-DEBUG-  2021-07-26 20:00:59,624-unexpected response'
main-DEBUG-  2021-07-26 20:01:10,075-[31: INFO: Interface ] Button pushed'
main-DEBUG-  2021-07-26 20:01:10,075-[31: INFO: LoRa MAC  ] Init LoRa MAC'
main-DEBUG-  2021-07-26 20:01:10,077-[31: INFO: LoRa MAC  ] Node ID: 24859'
main-DEBUG-  2021-07-26 20:01:10,079-[31: INFO: LoRa MAC  ] New Link-layer address: 5f75.6d6f.6e73.611b[31: INFO: LoRa MAC  ]'
main-DEBUG-  2021-07-26 20:01:10,080-[31: DBG : LoRa MAC  ] initial state: 0'
main-DEBUG-  2021-07-26 20:01:10,097-[31: INFO: LoRa PHY  ] Init LoRa PHY'
main-DEBUG-  2021-07-26 20:01:10,098-[31: DBG : LoRa PHY  ] enter UART_TX'
main-DEBUG-  2021-07-26 20:01:10,100-[31: DBG : LoRa PHY  ] append { cmd:mac pause resp: [4294967245, none] }[31: DBG : LoRa PHY  ]  to UART TX buffer'
main-DEBUG-  2021-07-26 20:01:10,102-[31: DBG : LoRa PHY  ] enter UART_TX'
main-DEBUG-  2021-07-26 20:01:10,119-[31: DBG : LoRa PHY  ] append { cmd:radio set freq  resp: [ok, none] }[31: DBG : LoRa PHY  ]  to UART TX buffer'
main-DEBUG-  2021-07-26 20:01:10,120-[31: DBG : LoRa PHY  ] enter UART_TX'
main-DEBUG-  2021-07-26 20:01:10,122-[31: DBG : LoRa PHY  ] append { cmd:radio set wdt  resp: [ok, none] }[31: DBG : LoRa PHY  ]  to UART TX buffer'
main-DEBUG-  2021-07-26 20:01:10,141-[31: DBG : LoRa PHY  ] enter UART_TX'
main-DEBUG-  2021-07-26 20:01:10,143-[31: DBG : LoRa PHY  ] append { cmd:radio tx  resp: [radio_tx_ok, radio_err] }[31: DBG : LoRa PHY  ]  to UART TX buffer'
main-DEBUG-  2021-07-26 20:01:10,143-[31: DBG : LoRa PHY  ] enter UART_TX'
main-DEBUG-  2021-07-26 20:01:10,163-[31: DBG : LoRa PHY  ] append { cmd:radio set wdt  resp: [ok, none] }[31: DBG : LoRa PHY  ]  to UART TX buffer'
main-DEBUG-  2021-07-26 20:01:10,164-[31: DBG : LoRa PHY  ] enter UART_TX'
main-DEBUG-  2021-07-26 20:01:10,165-[31: DBG : LoRa PHY  ] append { cmd:radio rx  resp: [radio_err, radio_rx] }[31: DBG : LoRa PHY  ]  to UART TX buffer'
main-DEBUG-  2021-07-26 20:01:10,172-[31: DBG : LoRa MAC  ] SET retransmit timer'
main-DEBUG-  2021-07-26 20:01:10,173-[31: DBG : LoRa MAC  ] initialization complete'
main-DEBUG-  2021-07-26 20:01:10,173-[31: INFO: LoRa PHY  ] Write UART:mac pause'
main-DEBUG-  2021-07-26 20:01:10,201-[31: INFO: LoRa PHY  ] UART response:4294967245'
main-DEBUG-  2021-07-26 20:01:10,202-[31: DBG : LoRa PHY  ] compare response with:4294967245'
main-DEBUG-  2021-07-26 20:01:10,203-[31: DBG : LoRa PHY  ]  expected !'
main-DEBUG-  2021-07-26 20:01:10,204-[31: INFO: LoRa PHY  ] Write UART:radio set freq 868100000'
main-DEBUG-  2021-07-26 20:01:10,229-[31: INFO: LoRa PHY  ] UART response:ok'
main-DEBUG-  2021-07-26 20:01:10,230-[31: DBG : LoRa PHY  ] compare response with:ok'
main-DEBUG-  2021-07-26 20:01:10,230-[31: DBG : LoRa PHY  ]  expected !'
main-DEBUG-  2021-07-26 20:01:10,231-[31: INFO: LoRa PHY  ] Write UART:radio set wdt 0'
main-DEBUG-  2021-07-26 20:01:10,256-[31: INFO: LoRa PHY  ] UART response:ok'
main-DEBUG-  2021-07-26 20:01:10,257-[31: DBG : LoRa PHY  ] compare response with:ok'
main-DEBUG-  2021-07-26 20:01:10,258-[31: DBG : LoRa PHY  ]  expected !'
main-DEBUG-  2021-07-26 20:01:10,260-[31: DBG : LoRa PHY  ] to frame receive: {src:27:24859 dest:1:0 k:0 seq:0 next:0 cmd:0 data:'
main-DEBUG-  2021-07-26 20:01:10,262-[31: DBG : LoRa PHY  ]'
main-DEBUG-  2021-07-26 20:01:10,278-[31: DBG : LoRa PHY  ] src.prefix: 27'
main-DEBUG-  2021-07-26 20:01:10,280-[31: DBG : LoRa PHY  ] src addr: 1B611B'
main-DEBUG-  2021-07-26 20:01:10,282-[31: DBG : LoRa PHY  ] dest addr: 010000'
main-DEBUG-  2021-07-26 20:01:10,287-[31: DBG : LoRa PHY  ] flags and command:00'
main-DEBUG-  2021-07-26 20:01:10,289-[31: DBG : LoRa PHY  ] SN:00'
main-DEBUG-  2021-07-26 20:01:10,291-[31: DBG : LoRa PHY  ] TO HEX frame: 1B611B0100000000'
main-DEBUG-  2021-07-26 20:01:10,293-[31: INFO: LoRa PHY  ] Write UART:radio tx 1B611B010000000'
main-DEBUG-  2021-07-26 20:01:10,305-[31: INFO: LoRa PHY  ] UART response:ok'
main-DEBUG-  2021-07-26 20:01:10,308-[31: DBG : LoRa PHY  ] compare response with:radio_tx_ok'
main-DEBUG-  2021-07-26 20:01:10,310-[31: DBG : LoRa PHY  ] compare response with:radio_err'
main-DEBUG-  2021-07-26 20:01:11,304-[32: INFO: LoRa PHY  ] UART response:radio_tx_ok'
main-DEBUG-  2021-07-26 20:01:11,306-[32: DBG : LoRa PHY  ] compare response with:radio_tx_ok'
main-DEBUG-  2021-07-26 20:01:11,307-[32: DBG : LoRa PHY  ]  expected !'
main-DEBUG-  2021-07-26 20:01:11,309-[32: INFO: LoRa PHY  ] Write UART:radio set wdt 3000'
lora_phy-INFO-  2021-07-26 20:01:11,318-process uart response: radio_rx  01B611B010000000'
lora_phy-DEBUG-  2021-07-26 20:01:11,318-build frame receive data: 01B611B010000000'
lora_mac-DEBUG-  2021-07-26 20:01:11,318-MAC RX: LoraFrame(src_addr=LoraAddr(prefix=1, node_id=46609), dest_addr=LoraAddr(prefix=176, node_id=4096), command=<MacCommand.JOIN: 0>, payload='', seq=0, k=False, has_next=False)'
lora_mac-DEBUG-  2021-07-26 20:01:11,318-frame not for me'
main-DEBUG-  2021-07-26 20:01:11,326-[32: INFO: LoRa PHY  ] UART response:ok'
main-DEBUG-  2021-07-26 20:01:11,329-[32: DBG : LoRa PHY  ] compare response with:ok'
main-DEBUG-  2021-07-26 20:01:11,330-[32: DBG : LoRa PHY  ]  expected !'
main-DEBUG-  2021-07-26 20:01:11,333-[32: INFO: LoRa PHY  ] Write UART:radio rx 0'
main-DEBUG-  2021-07-26 20:01:11,345-[32: INFO: LoRa PHY  ] UART response:ok'
main-DEBUG-  2021-07-26 20:01:11,348-[32: DBG : LoRa PHY  ] compare response with:radio_err'
main-DEBUG-  2021-07-26 20:01:11,349-[32: DBG : LoRa PHY  ] compare response with:radio_rx'
main-DEBUG-  2021-07-26 20:01:14,345-[35: INFO: LoRa PHY  ] UART response:radio_err'
main-DEBUG-  2021-07-26 20:01:14,347-[35: DBG : LoRa PHY  ] compare response with:radio_err'
main-DEBUG-  2021-07-26 20:01:14,348-[35: DBG : LoRa PHY  ]  expected !'
main-DEBUG-  2021-07-26 20:01:15,185-[36: INFO: LoRa MAC  ] retransmit timeout !'
main-DEBUG-  2021-07-26 20:01:15,188-[36: ERR : LoRa MAC  ] STOP retransmit timer thanks to retransmit_timeout'
main-DEBUG-  2021-07-26 20:01:15,190-[36: DBG : LoRa MAC  ] retransmit frame: {src:27:24859 dest:1:0 k:0 seq:0 next:0 cmd:0 data:'
main-DEBUG-  2021-07-26 20:01:15,206-[36: DBG : LoRa PHY  ] enter UART_TX'
main-DEBUG-  2021-07-26 20:01:15,207-[36: DBG : LoRa PHY  ] append { cmd:radio set wdt  resp: [ok, none] }[36: DBG : LoRa PHY  ]  to UART TX buffer'
main-DEBUG-  2021-07-26 20:01:15,208-[36: DBG : LoRa PHY  ] enter UART_TX'
main-DEBUG-  2021-07-26 20:01:15,228-[36: DBG : LoRa PHY  ] append { cmd:radio tx  resp: [radio_tx_ok, radio_err] }[36: DBG : LoRa PHY  ]  to UART TX buffer'
main-DEBUG-  2021-07-26 20:01:15,230-[36: ERR : LoRa MAC  ] RESTART retransmit timer because a frame was retransmit'
main-DEBUG-  2021-07-26 20:01:15,230-[36: DBG : LoRa PHY  ] enter UART_TX'
main-DEBUG-  2021-07-26 20:01:15,247-[36: DBG : LoRa PHY  ] append { cmd:radio set wdt  resp: [ok, none] }[36: DBG : LoRa PHY  ]  to UART TX buffer'
main-DEBUG-  2021-07-26 20:01:15,248-[36: DBG : LoRa PHY  ] enter UART_TX'
main-DEBUG-  2021-07-26 20:01:15,252-[36: DBG : LoRa PHY  ] append { cmd:radio rx  resp: [radio_err, radio_rx] }[36: DBG : LoRa PHY  ]  to UART TX buffer'
main-DEBUG-  2021-07-26 20:01:15,253-[36: INFO: LoRa PHY  ] Write UART:radio set wdt 0'
main-DEBUG-  2021-07-26 20:01:15,276-[36: INFO: LoRa PHY  ] UART response:ok'
main-DEBUG-  2021-07-26 20:01:15,278-[36: DBG : LoRa PHY  ] compare response with:ok'
main-DEBUG-  2021-07-26 20:01:15,279-[36: DBG : LoRa PHY  ]  expected !'
main-DEBUG-  2021-07-26 20:01:15,280-[36: DBG : LoRa PHY  ] to frame receive: {src:27:24859 dest:1:0 k:0 seq:0 next:0 cmd:0 data:'
main-DEBUG-  2021-07-26 20:01:15,280-[36: DBG : LoRa PHY  ]'
main-DEBUG-  2021-07-26 20:01:15,296-[36: DBG : LoRa PHY  ] src.prefix: 27'
main-DEBUG-  2021-07-26 20:01:15,298-[36: DBG : LoRa PHY  ] src addr: 1B611B'
main-DEBUG-  2021-07-26 20:01:15,298-[36: DBG : LoRa PHY  ] dest addr: 010000'
main-DEBUG-  2021-07-26 20:01:15,299-[36: DBG : LoRa PHY  ] flags and command:00'
main-DEBUG-  2021-07-26 20:01:15,301-[36: DBG : LoRa PHY  ] SN:00'
main-DEBUG-  2021-07-26 20:01:15,302-[36: DBG : LoRa PHY  ] TO HEX frame: 1B611B0100000000'
main-DEBUG-  2021-07-26 20:01:15,303-[36: INFO: LoRa PHY  ] Write UART:radio tx 1B611B010000000'
main-DEBUG-  2021-07-26 20:01:15,323-[36: INFO: LoRa PHY  ] UART response:ok'
main-DEBUG-  2021-07-26 20:01:15,324-[36: DBG : LoRa PHY  ] compare response with:radio_tx_ok'
main-DEBUG-  2021-07-26 20:01:15,325-[36: DBG : LoRa PHY  ] compare response with:radio_err'
main-DEBUG-  2021-07-26 20:01:16,321-[37: INFO: LoRa PHY  ] UART response:radio_tx_ok'
main-DEBUG-  2021-07-26 20:01:16,322-[37: DBG : LoRa PHY  ] compare response with:radio_tx_ok'
main-DEBUG-  2021-07-26 20:01:16,323-[37: DBG : LoRa PHY  ]  expected !'
main-DEBUG-  2021-07-26 20:01:16,324-[37: INFO: LoRa PHY  ] Write UART:radio set wdt 3000'
main-DEBUG-  2021-07-26 20:01:16,344-[37: INFO: LoRa PHY  ] UART response:ok'
main-DEBUG-  2021-07-26 20:01:16,351-[37: DBG : LoRa PHY  ] compare response with:ok'
main-DEBUG-  2021-07-26 20:01:16,356-[37: DBG : LoRa PHY  ]  expected !'
main-DEBUG-  2021-07-26 20:01:16,358-[37: INFO: LoRa PHY  ] Write UART:radio rx 0'
main-DEBUG-  2021-07-26 20:01:16,363-[37: INFO: LoRa PHY  ] UART response:ok'
main-DEBUG-  2021-07-26 20:01:16,364-[37: DBG : LoRa PHY  ] compare response with:radio_err'
main-DEBUG-  2021-07-26 20:01:16,365-[37: DBG : LoRa PHY  ] compare response with:radio_rx'