lora_mac-INFO-  2021-08-05 15:20:10,247-Init MAC
lora_phy-INFO-  2021-08-05 15:20:10,248-Init PHY
lora_phy-INFO-  2021-08-05 15:20:10,252-PHY TX:mac pause
lora_phy-INFO-  2021-08-05 15:20:10,266-PHY TX:radio set freq 868100000
lora_phy-INFO-  2021-08-05 15:20:10,282-PHY TX:radio set wdt 0
lora_phy-INFO-  2021-08-05 15:20:10,289-PHY TX:radio rx 0
main-DEBUG-  2021-08-05 15:20:12,548-[0: INFO: Main      ] Starting Contiki-NG-develop/v4.7-23-g8118b245d-dirty
main-DEBUG-  2021-08-05 15:20:12,550-[0: INFO: Main      ] - Routing: RPL Lite
main-DEBUG-  2021-08-05 15:20:12,552-[0: INFO: Main      ] - Net: sicslowpan
main-DEBUG-  2021-08-05 15:20:12,552-[0: INFO: Main      ] - MAC: CSMA
main-DEBUG-  2021-08-05 15:20:12,553-[0: INFO: Main      ] - 802.15.4 PANID: 0xabcd
main-DEBUG-  2021-08-05 15:20:12,569-[0: INFO: Main      ] - 802.15.4 Default channel: 26
main-DEBUG-  2021-08-05 15:20:12,570-[0: INFO: Main      ] Node ID: 24859
main-DEBUG-  2021-08-05 15:20:12,571-[0: INFO: Main      ] Link-layer address: 0012.4b00.060d.611b
main-DEBUG-  2021-08-05 15:20:12,573-[0: INFO: Interface ] Welcome to LoRaMAC interface !
main-DEBUG-  2021-08-05 15:20:12,574-[0: INFO: LoRa MAC  ] Init LoRa MAC
main-DEBUG-  2021-08-05 15:20:12,592-[0: INFO: Interface ] Init LoRaMAC Interface
main-DEBUG-  2021-08-05 15:20:12,593-[0: INFO: Interface ] Welcome !
main-DEBUG-  2021-08-05 15:20:12,593-[0: INFO: RPL       ] initializing
main-DEBUG-  2021-08-05 15:20:12,595-[0: INFO: Main      ] Tentative link-local IPv6 address: fe80::212:4b00:60d:611b
main-DEBUG-  2021-08-05 15:20:12,596-[0: INFO: Zoul      ] Zolertia RE-Mote revision B platform
main-DEBUG-  2021-08-05 15:20:12,915-[1: INFO: App       ] Welcome server
main-DEBUG-  2021-08-05 15:20:13,936-[2: INFO: Interface ] Button pushed
main-DEBUG-  2021-08-05 15:20:13,938-[2: INFO: LoRa MAC  ] Start LoRaMAC RPL root
main-DEBUG-  2021-08-05 15:20:13,939-[2: DBG : LoRa MAC  ] initial state: 0
main-DEBUG-  2021-08-05 15:20:13,941-[2: INFO: LoRa PHY  ] Init LoRa PHY
main-DEBUG-  2021-08-05 15:20:13,943-[2: DBG : LoRa MAC  ] SET retransmit timer
main-DEBUG-  2021-08-05 15:20:13,945-[2: DBG : LoRa MAC  ] initialization complete
main-DEBUG-  2021-08-05 15:20:13,945-[2: INFO: LoRa PHY  ] PHY TX:mac pause
main-DEBUG-  2021-08-05 15:20:13,956-[2: INFO: LoRa PHY  ] PHY TX:radio set freq 868100000
main-DEBUG-  2021-08-05 15:20:13,972-[2: INFO: LoRa PHY  ] PHY TX:radio set wdt 0
main-DEBUG-  2021-08-05 15:20:13,982-[2: INFO: LoRa PHY  ] PHY TX:radio tx 1B611B0100000000
main-DEBUG-  2021-08-05 15:20:14,989-[3: INFO: LoRa PHY  ] PHY TX:radio set wdt 3000
main-DEBUG-  2021-08-05 15:20:14,999-[3: INFO: LoRa PHY  ] PHY TX:radio rx 0
lora_phy-INFO-  2021-08-05 15:20:15,016-PHY RX:1B611B0100000000
lora_mac-DEBUG-  2021-08-05 15:20:15,016-RX process receive
lora_mac-DEBUG-  2021-08-05 15:20:15,016-RX process set is_listen=False
lora_mac-DEBUG-  2021-08-05 15:20:15,016-RX process: call mac_rx
lora_mac-DEBUG-  2021-08-05 15:20:15,016-MAC RX: LoraFrame(src_addr=LoraAddr(prefix=27, node_id=24859), dest_addr=LoraAddr(prefix=1, node_id=0), command=<MacCommand.JOIN: 0>, payload='', seq=0, k=False, has_next=False)
lora_mac-DEBUG-  2021-08-05 15:20:15,017-look child with prefix: 27
lora_mac-DEBUG-  2021-08-05 15:20:15,017-child is: None
lora_mac-INFO-  2021-08-05 15:20:15,017-reveive join frame LoraFrame(src_addr=LoraAddr(prefix=27, node_id=24859), dest_addr=LoraAddr(prefix=1, node_id=0), command=<MacCommand.JOIN: 0>, payload='', seq=0, k=False, has_next=False)
lora_mac-DEBUG-  2021-08-05 15:20:15,017-new child Child(2:24859) created
lora_mac-DEBUG-  2021-08-05 15:20:15,017-send join response
lora_phy-INFO-  2021-08-05 15:20:15,017-MAC send:LoraFrame(src_addr=LoraAddr(prefix=1, node_id=0), dest_addr=LoraAddr(prefix=27, node_id=24859), command=<MacCommand.JOIN_RESPONSE: 1>, payload='02', seq=0, k=False, has_next=False)
lora_mac-DEBUG-  2021-08-05 15:20:15,017-RX process: mac_rx end
lora_phy-INFO-  2021-08-05 15:20:15,017-PHY TX:radio tx 0100001B611B010002
lora_mac-DEBUG-  2021-08-05 15:20:15,018-RX process acquire lock for can_listen
lora_mac-DEBUG-  2021-08-05 15:20:15,018-can listen: True
lora_mac-DEBUG-  2021-08-05 15:20:15,018-is_listen: False
lora_phy-INFO-  2021-08-05 15:20:16,023-PHY TX:radio rx 0
main-DEBUG-  2021-08-05 15:20:16,078-[4: INFO: LoRa PHY  ] PHY RX:0100001B611B010002
main-DEBUG-  2021-08-05 15:20:16,081-[4: INFO: LoRa MAC  ] RX LoRa frame: {src:1:0 dest:27:24859 k:0 seq:0 next:0 cmd:1 data:02
main-DEBUG-  2021-08-05 15:20:16,082-[4: DBG : LoRa MAC  ] JOIN RESPONSE
main-DEBUG-  2021-08-05 15:20:16,083-[4: DBG : LoRa MAC  ] state = READY
main-DEBUG-  2021-08-05 15:20:16,101-[4: DBG : LoRa MAC  ] STOP retransmit timer
main-DEBUG-  2021-08-05 15:20:16,101-[4: INFO: LoRa MAC  ] Lora Root joined
main-DEBUG-  2021-08-05 15:20:16,102-[4: INFO: LoRa MAC  ] Node addr: 2:24859
main-DEBUG-  2021-08-05 15:20:16,102-[4: DBG : LoRa MAC  ] START TX_PROCESS
main-DEBUG-  2021-08-05 15:20:16,103-[4: DBG : LoRa MAC  ] MAC_TX process started
main-DEBUG-  2021-08-05 15:20:16,104-[4: DBG : LoRa MAC  ] SET query timer
main-DEBUG-  2021-08-05 15:20:16,123-[4: INFO: Interface ] RECEIVE LORAMAC JOINED EVENT !
main-DEBUG-  2021-08-05 15:20:16,123-[4: INFO: Interface ] PREFIX: 2
main-DEBUG-  2021-08-05 15:20:16,124-[4: INFO: RPL       ] IPv6 addresses:
main-DEBUG-  2021-08-05 15:20:16,124-[4: INFO: RPL       ] -- fd00::ee00:9845:20:8f00:0
main-DEBUG-  2021-08-05 15:20:16,125-[4: INFO: RPL       ] -- fe80::212:4b00:60d:611b
main-DEBUG-  2021-08-05 15:20:16,143-[4: INFO: RPL       ] adding global IP address fd00::ee00:212:4b00:60d:611b
main-DEBUG-  2021-08-05 15:20:16,147-[4: INFO: RPL       ] reset DIO timer (Init root)
main-DEBUG-  2021-08-05 15:20:16,156-[4: INFO: RPL       ] created DAG with instance ID 0, DAG ID fd00::ee00:9845:20:8f00:0, rank 128
main-DEBUG-  2021-08-05 15:20:16,157-[4: INFO: RPL       ] created a new RPL DAG
main-DEBUG-  2021-08-05 15:20:18,601-[6: INFO: RPL       ] sending a multicast-DIO with rank 128 to ff02::1a
main-DEBUG-  2021-08-05 15:20:24,570-[12: INFO: RPL       ] sending a multicast-DIO with rank 128 to ff02::1a
main-DEBUG-  2021-08-05 15:20:26,078-[14: INFO: LoRa MAC  ] Query timeout !
main-DEBUG-  2021-08-05 15:20:26,080-[14: DBG : LoRa MAC  ] STOP query timer thanks to query_timeout
main-DEBUG-  2021-08-05 15:20:26,082-[14: DBG : LoRa MAC  ] query frame built
main-DEBUG-  2021-08-05 15:20:26,099-[14: DBG : LoRa MAC  ] Enter enqueue_packet with frame: {src:2:24859 dest:1:0 k:0 seq:1 next:0 cmd:6 data:
main-DEBUG-  2021-08-05 15:20:26,099-[14: INFO: LoRa MAC  ] YOOOOOO 1
main-DEBUG-  2021-08-05 15:20:26,101-[14: INFO: LoRa MAC  ] YOOOOOO 2
main-DEBUG-  2021-08-05 15:20:26,101-[14: DBG : LoRa MAC  ] append to buffer
main-DEBUG-  2021-08-05 15:20:26,102-[14: INFO: LoRa MAC  ] YOOOOOO 3
main-DEBUG-  2021-08-05 15:20:26,103-[14: DBG : LoRa MAC  ] post new_tx_frame_event to TX_PROCESS
main-DEBUG-  2021-08-05 15:20:26,121-[14: INFO: LoRa MAC  ] YOOOOOO 4
main-DEBUG-  2021-08-05 15:20:26,123-[14: DBG : LoRa MAC  ] frame from buffer: {src:2:24859 dest:1:0 k:0 seq:1 next:0 cmd:6 data:
main-DEBUG-  2021-08-05 15:20:26,123-[14: DBG : LoRa MAC  ] buffer size: 0
main-DEBUG-  2021-08-05 15:20:26,125-[14: DBG : LoRa MAC  ] frame sended to PHY layer
main-DEBUG-  2021-08-05 15:20:26,134-[14: DBG : LoRa MAC  ] START retransmit timer in mac_tx process
main-DEBUG-  2021-08-05 15:20:26,135-[14: DBG : LoRa MAC  ] Listen during 3 s
main-DEBUG-  2021-08-05 15:20:26,136-[14: DBG : LoRa MAC  ] wait state change to READY
main-DEBUG-  2021-08-05 15:20:26,137-[14: INFO: LoRa PHY  ] PHY TX:radio set wdt 0
main-DEBUG-  2021-08-05 15:20:26,144-[14: INFO: LoRa PHY  ] PHY TX:radio tx 02611B0100000601
main-DEBUG-  2021-08-05 15:20:27,151-[15: INFO: LoRa PHY  ] PHY TX:radio set wdt 3000
main-DEBUG-  2021-08-05 15:20:27,161-[15: INFO: LoRa PHY  ] PHY TX:radio rx 0
lora_phy-INFO-  2021-08-05 15:20:27,177-PHY RX:02611B0100000601
lora_mac-DEBUG-  2021-08-05 15:20:27,178-RX process receive
lora_mac-DEBUG-  2021-08-05 15:20:27,178-RX process set is_listen=False
lora_mac-DEBUG-  2021-08-05 15:20:27,178-RX process: call mac_rx
lora_mac-DEBUG-  2021-08-05 15:20:27,178-MAC RX: LoraFrame(src_addr=LoraAddr(prefix=2, node_id=24859), dest_addr=LoraAddr(prefix=1, node_id=0), command=<MacCommand.QUERY: 6>, payload='', seq=1, k=False, has_next=False)
lora_mac-DEBUG-  2021-08-05 15:20:27,178-look child with prefix: 2
lora_mac-DEBUG-  2021-08-05 15:20:27,178-child is: Child(2:24859)
lora_mac-DEBUG-  2021-08-05 15:20:27,178-In _on_query
lora_mac-DEBUG-  2021-08-05 15:20:27,178-child buffer empty -> send ack
lora_phy-INFO-  2021-08-05 15:20:27,178-MAC send:LoraFrame(src_addr=LoraAddr(prefix=1, node_id=0), dest_addr=LoraAddr(prefix=2, node_id=24859), command=<MacCommand.ACK: 3>, payload='', seq=1, k=False, has_next=False)
lora_mac-DEBUG-  2021-08-05 15:20:27,179-RX process: mac_rx end
lora_mac-DEBUG-  2021-08-05 15:20:27,179-RX process acquire lock for can_listen
lora_mac-DEBUG-  2021-08-05 15:20:27,179-can listen: True
lora_mac-DEBUG-  2021-08-05 15:20:27,179-is_listen: False
lora_phy-INFO-  2021-08-05 15:20:27,179-PHY TX:radio tx 01000002611B0301
