lora_mac-INFO-  2021-07-27 20:54:31,612-Init MAC
lora_phy-INFO-  2021-07-27 20:54:31,612-Init PHY
lora_phy-DEBUG-  2021-07-27 20:54:31,614-append UartFrame(expected_response=[<UartResponse.U_INT: '4294967245'>], data='', cmd=<UartCommand.MAC_PAUSE: 'mac pause'>) to tx_buf
lora_phy-DEBUG-  2021-07-27 20:54:31,614-append UartFrame(expected_response=[<UartResponse.OK: 'ok'>], data='868100000', cmd=<UartCommand.SET_FREQ: 'radio set freq '>) to tx_buf
lora_phy-INFO-  2021-07-27 20:54:31,615-Send UART data:UartFrame(expected_response=[<UartResponse.U_INT: '4294967245'>], data='', cmd=<UartCommand.MAC_PAUSE: 'mac pause'>)
lora_phy-DEBUG-  2021-07-27 20:54:31,615-append UartFrame(expected_response=[<UartResponse.OK: 'ok'>], data='0', cmd=<UartCommand.SET_WDT: 'radio set wdt '>) to tx_buf
lora_phy-DEBUG-  2021-07-27 20:54:31,616-append UartFrame(expected_response=[<UartResponse.RADIO_ERR: 'radio_err'>, <UartResponse.RADIO_RX: 'radio_rx'>], data='0', cmd=<UartCommand.RX: 'radio rx '>) to tx_buf
lora_phy-INFO-  2021-07-27 20:54:31,629-process uart response: 4294967245
lora_phy-INFO-  2021-07-27 20:54:31,629-Send UART data:UartFrame(expected_response=[<UartResponse.OK: 'ok'>], data='868100000', cmd=<UartCommand.SET_FREQ: 'radio set freq '>)
lora_phy-INFO-  2021-07-27 20:54:31,644-process uart response: ok
lora_phy-INFO-  2021-07-27 20:54:31,644-Send UART data:UartFrame(expected_response=[<UartResponse.OK: 'ok'>], data='0', cmd=<UartCommand.SET_WDT: 'radio set wdt '>)
lora_phy-INFO-  2021-07-27 20:54:31,655-process uart response: ok
lora_phy-INFO-  2021-07-27 20:54:31,655-Send UART data:UartFrame(expected_response=[<UartResponse.RADIO_ERR: 'radio_err'>, <UartResponse.RADIO_RX: 'radio_rx'>], data='0', cmd=<UartCommand.RX: 'radio rx '>)
lora_phy-INFO-  2021-07-27 20:54:31,662-process uart response: ok
lora_phy-DEBUG-  2021-07-27 20:54:31,662-unexpected response
main-DEBUG-  2021-07-27 20:54:33,856-[4: INFO: Interface ] Button pushed
main-DEBUG-  2021-07-27 20:54:33,857-[4: INFO: LoRa MAC  ] Init LoRa MAC
main-DEBUG-  2021-07-27 20:54:33,859-[4: INFO: LoRa MAC  ] Node ID: 24859
main-DEBUG-  2021-07-27 20:54:33,861-[4: INFO: LoRa MAC  ] New Link-layer address: 5f75.6d6f.6e73.611b[4: INFO: LoRa MAC  ]
main-DEBUG-  2021-07-27 20:54:33,862-[4: DBG : LoRa MAC  ] initial state: 0
main-DEBUG-  2021-07-27 20:54:33,878-[4: INFO: LoRa PHY  ] Init LoRa PHY
main-DEBUG-  2021-07-27 20:54:33,878-[4: DBG : LoRa PHY  ] enter UART_TX
main-DEBUG-  2021-07-27 20:54:33,881-[4: DBG : LoRa PHY  ] append { cmd:mac pause resp: [4294967245, none] }[4: DBG : LoRa PHY  ]  to UART TX buffer
main-DEBUG-  2021-07-27 20:54:33,882-[4: DBG : LoRa PHY  ] enter UART_TX
main-DEBUG-  2021-07-27 20:54:33,900-[4: DBG : LoRa PHY  ] append { cmd:radio set freq  resp: [ok, none] }[4: DBG : LoRa PHY  ]  to UART TX buffer
main-DEBUG-  2021-07-27 20:54:33,903-[4: DBG : LoRa PHY  ] enter UART_TX
main-DEBUG-  2021-07-27 20:54:33,904-[4: DBG : LoRa PHY  ] append { cmd:radio set wdt  resp: [ok, none] }[4: DBG : LoRa PHY  ]  to UART TX buffer
main-DEBUG-  2021-07-27 20:54:33,923-[4: DBG : LoRa PHY  ] enter UART_TX
main-DEBUG-  2021-07-27 20:54:33,926-[4: DBG : LoRa PHY  ] append { cmd:radio tx  resp: [radio_tx_ok, radio_err] }[4: DBG : LoRa PHY  ]  to UART TX buffer
main-DEBUG-  2021-07-27 20:54:33,926-[4: DBG : LoRa PHY  ] enter UART_TX
main-DEBUG-  2021-07-27 20:54:33,945-[4: DBG : LoRa PHY  ] append { cmd:radio set wdt  resp: [ok, none] }[4: DBG : LoRa PHY  ]  to UART TX buffer
main-DEBUG-  2021-07-27 20:54:33,945-[4: DBG : LoRa PHY  ] enter UART_TX
main-DEBUG-  2021-07-27 20:54:33,948-[4: DBG : LoRa PHY  ] append { cmd:radio rx  resp: [radio_err, radio_rx] }[4: DBG : LoRa PHY  ]  to UART TX buffer
main-DEBUG-  2021-07-27 20:54:33,948-[4: DBG : LoRa MAC  ] SET retransmit timer
main-DEBUG-  2021-07-27 20:54:33,952-[4: DBG : LoRa MAC  ] initialization complete
main-DEBUG-  2021-07-27 20:54:33,953-[4: INFO: LoRa PHY  ] Write UART:mac pause
main-DEBUG-  2021-07-27 20:54:33,980-[4: INFO: LoRa PHY  ] UART response:4294967245
main-DEBUG-  2021-07-27 20:54:33,982-[4: DBG : LoRa PHY  ] compare response with:4294967245
main-DEBUG-  2021-07-27 20:54:33,984-[4: DBG : LoRa PHY  ]  expected !
main-DEBUG-  2021-07-27 20:54:33,988-[4: INFO: LoRa PHY  ] Write UART:radio set freq 868100000
main-DEBUG-  2021-07-27 20:54:34,007-[4: INFO: LoRa PHY  ] UART response:ok
main-DEBUG-  2021-07-27 20:54:34,008-[4: DBG : LoRa PHY  ] compare response with:ok
main-DEBUG-  2021-07-27 20:54:34,009-[4: DBG : LoRa PHY  ]  expected !
main-DEBUG-  2021-07-27 20:54:34,010-[4: INFO: LoRa PHY  ] Write UART:radio set wdt 0
main-DEBUG-  2021-07-27 20:54:34,034-[4: INFO: LoRa PHY  ] UART response:ok
main-DEBUG-  2021-07-27 20:54:34,034-[4: DBG : LoRa PHY  ] compare response with:ok
main-DEBUG-  2021-07-27 20:54:34,035-[4: DBG : LoRa PHY  ]  expected !
main-DEBUG-  2021-07-27 20:54:34,037-[4: DBG : LoRa PHY  ] to frame receive: {src:27:24859 dest:1:0 k:0 seq:0 next:0 cmd:0 data:
main-DEBUG-  2021-07-27 20:54:34,037-[4: DBG : LoRa PHY  ]
main-DEBUG-  2021-07-27 20:54:34,057-[4: DBG : LoRa PHY  ] src.prefix: 27
main-DEBUG-  2021-07-27 20:54:34,057-[4: DBG : LoRa PHY  ] src addr: 1B611B
main-DEBUG-  2021-07-27 20:54:34,059-[4: DBG : LoRa PHY  ] dest addr: 010000
main-DEBUG-  2021-07-27 20:54:34,060-[4: DBG : LoRa PHY  ] flags and command:00
main-DEBUG-  2021-07-27 20:54:34,061-[4: DBG : LoRa PHY  ] SN:00
main-DEBUG-  2021-07-27 20:54:34,063-[4: DBG : LoRa PHY  ] TO HEX frame: 1B611B0100000000
main-DEBUG-  2021-07-27 20:54:34,064-[4: INFO: LoRa PHY  ] Write UART:radio tx 1B611B0100000000
main-DEBUG-  2021-07-27 20:54:34,083-[4: INFO: LoRa PHY  ] UART response:ok
main-DEBUG-  2021-07-27 20:54:34,083-[4: DBG : LoRa PHY  ] compare response with:radio_tx_ok
main-DEBUG-  2021-07-27 20:54:34,085-[4: DBG : LoRa PHY  ] compare response with:radio_err
main-DEBUG-  2021-07-27 20:54:35,081-[5: INFO: LoRa PHY  ] UART response:radio_tx_ok
main-DEBUG-  2021-07-27 20:54:35,083-[5: DBG : LoRa PHY  ] compare response with:radio_tx_ok
main-DEBUG-  2021-07-27 20:54:35,084-[5: DBG : LoRa PHY  ]  expected !
main-DEBUG-  2021-07-27 20:54:35,086-[5: INFO: LoRa PHY  ] Write UART:radio set wdt 3000
lora_phy-INFO-  2021-07-27 20:54:35,095-process uart response: radio_rx  1B611B0100000000
lora_phy-DEBUG-  2021-07-27 20:54:35,095-build frame receive data: 1B611B0100000000
lora_mac-DEBUG-  2021-07-27 20:54:35,095-MAC RX: LoraFrame(src_addr=LoraAddr(prefix=27, node_id=24859), dest_addr=LoraAddr(prefix=1, node_id=0), command=<MacCommand.JOIN: 0>, payload='', seq=0, k=False, has_next=False)
lora_mac-DEBUG-  2021-07-27 20:54:35,095-look child with prefix: 27
lora_mac-DEBUG-  2021-07-27 20:54:35,096-child is: None
lora_mac-INFO-  2021-07-27 20:54:35,096-reveive join frame LoraFrame(src_addr=LoraAddr(prefix=27, node_id=24859), dest_addr=LoraAddr(prefix=1, node_id=0), command=<MacCommand.JOIN: 0>, payload='', seq=0, k=False, has_next=False)
lora_mac-DEBUG-  2021-07-27 20:54:35,096-new child Child(2:24859) created
lora_mac-DEBUG-  2021-07-27 20:54:35,096-send join response
lora_phy-DEBUG-  2021-07-27 20:54:35,096-append UartFrame(expected_response=[<UartResponse.RADIO_TX_OK: 'radio_tx_ok'>, <UartResponse.RADIO_ERR: 'radio_err'>], data='0100001B611B010002', cmd=<UartCommand.TX: 'radio tx '>) to tx_buf
lora_phy-DEBUG-  2021-07-27 20:54:35,096-append UartFrame(expected_response=[<UartResponse.OK: 'ok'>], data='0', cmd=<UartCommand.SET_WDT: 'radio set wdt '>) to tx_buf
lora_phy-DEBUG-  2021-07-27 20:54:35,096-append UartFrame(expected_response=[<UartResponse.RADIO_ERR: 'radio_err'>, <UartResponse.RADIO_RX: 'radio_rx'>], data='0', cmd=<UartCommand.RX: 'radio rx '>) to tx_buf
lora_phy-INFO-  2021-07-27 20:54:35,097-Send UART data:UartFrame(expected_response=[<UartResponse.RADIO_TX_OK: 'radio_tx_ok'>, <UartResponse.RADIO_ERR: 'radio_err'>], data='0100001B611B010002', cmd=<UartCommand.TX: 'radio tx '>)
main-DEBUG-  2021-07-27 20:54:35,103-[5: INFO: LoRa PHY  ] UART response:ok
main-DEBUG-  2021-07-27 20:54:35,103-[5: DBG : LoRa PHY  ] compare response with:ok
main-DEBUG-  2021-07-27 20:54:35,104-[5: DBG : LoRa PHY  ]  expected !
main-DEBUG-  2021-07-27 20:54:35,104-[5: INFO: LoRa PHY  ] Write UART:radio rx 0
lora_phy-INFO-  2021-07-27 20:54:35,108-process uart response: ok
lora_phy-DEBUG-  2021-07-27 20:54:35,108-unexpected response
main-DEBUG-  2021-07-27 20:54:35,121-[5: INFO: LoRa PHY  ] UART response:ok
main-DEBUG-  2021-07-27 20:54:35,121-[5: DBG : LoRa PHY  ] compare response with:radio_err
main-DEBUG-  2021-07-27 20:54:35,122-[5: DBG : LoRa PHY  ] compare response with:radio_rx
lora_phy-INFO-  2021-07-27 20:54:36,101-process uart response: radio_tx_ok
lora_phy-INFO-  2021-07-27 20:54:36,102-Send UART data:UartFrame(expected_response=[<UartResponse.OK: 'ok'>], data='0', cmd=<UartCommand.SET_WDT: 'radio set wdt '>)
lora_phy-INFO-  2021-07-27 20:54:36,109-process uart response: ok
lora_phy-INFO-  2021-07-27 20:54:36,109-Send UART data:UartFrame(expected_response=[<UartResponse.RADIO_ERR: 'radio_err'>, <UartResponse.RADIO_RX: 'radio_rx'>], data='0', cmd=<UartCommand.RX: 'radio rx '>)
lora_phy-INFO-  2021-07-27 20:54:36,116-process uart response: ok
lora_phy-DEBUG-  2021-07-27 20:54:36,116-unexpected response
main-DEBUG-  2021-07-27 20:54:36,157-[6: INFO: LoRa PHY  ] UART response:radio_rx  0100001B611B010002
main-DEBUG-  2021-07-27 20:54:36,158-[6: DBG : LoRa PHY  ] compare response with:radio_err
main-DEBUG-  2021-07-27 20:54:36,159-[6: DBG : LoRa PHY  ] compare response with:radio_rx
main-DEBUG-  2021-07-27 20:54:36,160-[6: DBG : LoRa PHY  ] created frame a LoRa frame
main-DEBUG-  2021-07-27 20:54:36,180-[6: INFO: LoRa MAC  ] RX LoRa frame: {src:1:0 dest:27:24859 k:0 seq:0 next:0 cmd:1 data:02
main-DEBUG-  2021-07-27 20:54:36,181-[6: DBG : LoRa MAC  ] JOIN RESPONSE
main-DEBUG-  2021-07-27 20:54:36,181-[6: DBG : LoRa MAC  ] state = READY
main-DEBUG-  2021-07-27 20:54:36,182-[6: DBG : LoRa MAC  ] STOP retransmit timer
main-DEBUG-  2021-07-27 20:54:36,184-[6: INFO: LoRa MAC  ] Lora Root joined
main-DEBUG-  2021-07-27 20:54:36,196-[6: INFO: LoRa MAC  ] Node addr: 2:24859
-----------------------------------------------------------------------------------------
main-DEBUG-  2021-07-27 20:54:36,199-[6: DBG : LoRa MAC  ] START TX_PROCESS
main-DEBUG-  2021-07-27 20:54:36,200-[6: DBG : LoRa MAC  ] MAC_TX process started
main-DEBUG-  2021-07-27 20:54:36,200-[6: DBG : LoRa MAC  ] SET query timer
main-DEBUG-  2021-07-27 20:54:36,200-[6: DBG : LoRa PHY  ]  expected !
main-DEBUG-  2021-07-27 20:54:46,154-[16: INFO: LoRa MAC  ] Query timeout !
main-DEBUG-  2021-07-27 20:54:46,156-[16: DBG : LoRa MAC  ] STOP query timer thanks to query_timeout
main-DEBUG-  2021-07-27 20:54:46,158-[16: DBG : LoRa MAC  ] query frame built
main-DEBUG-  2021-07-27 20:54:46,175-[16: DBG : LoRa MAC  ] Enter enqueue_packet with frame: {src:2:24859 dest:1:0 k:0 seq:1 next:0 cmd:6 data:
main-DEBUG-  2021-07-27 20:54:46,175-[16: DBG : LoRa MAC  ] append to buffer
main-DEBUG-  2021-07-27 20:54:46,176-[16: DBG : LoRa MAC  ] post new_tx_frame_event to TX_PROCESS
main-DEBUG-  2021-07-27 20:54:46,177-[16: DBG : LoRa MAC  ] frame from buffer: {src:2:24859 dest:1:0 k:0 seq:1 next:0 cmd:6 data:
main-DEBUG-  2021-07-27 20:54:46,178-[16: DBG : LoRa MAC  ] buffer size: 0
main-DEBUG-  2021-07-27 20:54:46,197-[16: DBG : LoRa PHY  ] enter UART_TX
main-DEBUG-  2021-07-27 20:54:46,198-[16: DBG : LoRa PHY  ] append { cmd:radio set wdt  resp: [ok, none] }[16: DBG : LoRa PHY  ]  to UART TX buffer
main-DEBUG-  2021-07-27 20:54:46,199-[16: DBG : LoRa PHY  ] enter UART_TX
main-DEBUG-  2021-07-27 20:54:46,219-[16: DBG : LoRa PHY  ] append { cmd:radio tx  resp: [radio_tx_ok, radio_err] }[16: DBG : LoRa PHY  ]  to UART TX buffer
main-DEBUG-  2021-07-27 20:54:46,220-[16: DBG : LoRa MAC  ] frame sended to PHY layer
main-DEBUG-  2021-07-27 20:54:46,221-[16: DBG : LoRa MAC  ] START retransmit timer in mac_tx process
main-DEBUG-  2021-07-27 20:54:46,221-[16: DBG : LoRa MAC  ] Listen during 3 s
main-DEBUG-  2021-07-27 20:54:46,242-[16: DBG : LoRa PHY  ] enter UART_TX
main-DEBUG-  2021-07-27 20:54:46,246-[16: DBG : LoRa PHY  ] append { cmd:radio set wdt  resp: [ok, none] }[16: DBG : LoRa PHY  ]  to UART TX buffer
main-DEBUG-  2021-07-27 20:54:46,248-[16: DBG : LoRa PHY  ] enter UART_TX
main-DEBUG-  2021-07-27 20:54:46,252-[16: DBG : LoRa PHY  ] append { cmd:radio rx  resp: [radio_err, radio_rx] }[16: DBG : LoRa PHY  ]  to UART TX buffer
main-DEBUG-  2021-07-27 20:54:46,253-[16: DBG : LoRa MAC  ] wait state change to READY
main-DEBUG-  2021-07-27 20:54:46,254-[16: INFO: LoRa PHY  ] Write UART:radio set wdt 0
main-DEBUG-  2021-07-27 20:54:46,279-[16: INFO: LoRa PHY  ] UART response:ok
main-DEBUG-  2021-07-27 20:54:46,279-[16: DBG : LoRa PHY  ] compare response with:ok
main-DEBUG-  2021-07-27 20:54:46,280-[16: DBG : LoRa PHY  ]  expected !
main-DEBUG-  2021-07-27 20:54:46,281-[16: DBG : LoRa PHY  ] to frame receive: {src:2:24859 dest:1:0 k:0 seq:1 next:0 cmd:6 data:
main-DEBUG-  2021-07-27 20:54:46,282-[16: DBG : LoRa PHY  ]
main-DEBUG-  2021-07-27 20:54:46,302-[16: DBG : LoRa PHY  ] src.prefix: 2
main-DEBUG-  2021-07-27 20:54:46,304-[16: DBG : LoRa PHY  ] src addr: 02611B
main-DEBUG-  2021-07-27 20:54:46,306-[16: DBG : LoRa PHY  ] dest addr: 010000
main-DEBUG-  2021-07-27 20:54:46,307-[16: DBG : LoRa PHY  ] flags and command:06
main-DEBUG-  2021-07-27 20:54:46,307-[16: DBG : LoRa PHY  ] SN:01
main-DEBUG-  2021-07-27 20:54:46,308-[16: DBG : LoRa PHY  ] TO HEX frame: 02611B0100000601
main-DEBUG-  2021-07-27 20:54:46,308-[16: INFO: LoRa PHY  ] Write UART:radio tx 02611B0100000601
main-DEBUG-  2021-07-27 20:54:46,329-[16: INFO: LoRa PHY  ] UART response:ok
main-DEBUG-  2021-07-27 20:54:46,329-[16: DBG : LoRa PHY  ] compare response with:radio_tx_ok
main-DEBUG-  2021-07-27 20:54:46,331-[16: DBG : LoRa PHY  ] compare response with:radio_err
main-DEBUG-  2021-07-27 20:54:47,327-[17: INFO: LoRa PHY  ] UART response:radio_tx_ok
main-DEBUG-  2021-07-27 20:54:47,328-[17: DBG : LoRa PHY  ] compare response with:radio_tx_ok
main-DEBUG-  2021-07-27 20:54:47,330-[17: DBG : LoRa PHY  ]  expected !
main-DEBUG-  2021-07-27 20:54:47,331-[17: INFO: LoRa PHY  ] Write UART:radio set wdt 3000
lora_phy-INFO-  2021-07-27 20:54:47,341-process uart response: radio_rx  02611B0100000601
lora_phy-DEBUG-  2021-07-27 20:54:47,341-build frame receive data: 02611B0100000601
lora_mac-DEBUG-  2021-07-27 20:54:47,341-MAC RX: LoraFrame(src_addr=LoraAddr(prefix=2, node_id=24859), dest_addr=LoraAddr(prefix=1, node_id=0), command=<MacCommand.QUERY: 6>, payload='', seq=1, k=False, has_next=False)
lora_mac-DEBUG-  2021-07-27 20:54:47,341-look child with prefix: 2
lora_mac-DEBUG-  2021-07-27 20:54:47,341-child is: Child(2:24859)
lora_mac-DEBUG-  2021-07-27 20:54:47,341-In _on_query
lora_mac-DEBUG-  2021-07-27 20:54:47,342-child buffer empty -> send ack
lora_phy-DEBUG-  2021-07-27 20:54:47,342-append UartFrame(expected_response=[<UartResponse.RADIO_TX_OK: 'radio_tx_ok'>, <UartResponse.RADIO_ERR: 'radio_err'>], data='01000002611B0301', cmd=<UartCommand.TX: 'radio tx '>) to tx_buf
lora_phy-INFO-  2021-07-27 20:54:47,342-Send UART data:UartFrame(expected_response=[<UartResponse.RADIO_TX_OK: 'radio_tx_ok'>, <UartResponse.RADIO_ERR: 'radio_err'>], data='01000002611B0301', cmd=<UartCommand.TX: 'radio tx '>)
main-DEBUG-  2021-07-27 20:54:47,350-[17: INFO: LoRa PHY  ] UART response:ok
main-DEBUG-  2021-07-27 20:54:47,351-[17: DBG : LoRa PHY  ] compare response with:ok
lora_phy-INFO-  2021-07-27 20:54:47,352-process uart response: ok
lora_phy-DEBUG-  2021-07-27 20:54:47,352-unexpected response
main-DEBUG-  2021-07-27 20:54:47,353-[17: DBG : LoRa PHY  ]  expected !
main-DEBUG-  2021-07-27 20:54:47,354-[17: INFO: LoRa PHY  ] Write UART:radio rx 0
main-DEBUG-  2021-07-27 20:54:47,368-[17: INFO: LoRa PHY  ] UART response:ok
main-DEBUG-  2021-07-27 20:54:47,369-[17: DBG : LoRa PHY  ] compare response with:radio_err
main-DEBUG-  2021-07-27 20:54:47,369-[17: DBG : LoRa PHY  ] compare response with:radio_rx
lora_phy-INFO-  2021-07-27 20:54:48,346-process uart response: radio_tx_ok
main-DEBUG-  2021-07-27 20:54:48,401-[18: INFO: LoRa PHY  ] UART response:radio_rx  01000002611B0301
main-DEBUG-  2021-07-27 20:54:48,402-[18: DBG : LoRa PHY  ] compare response with:radio_err
main-DEBUG-  2021-07-27 20:54:48,402-[18: DBG : LoRa PHY  ] compare response with:radio_rx
main-DEBUG-  2021-07-27 20:54:48,404-[18: DBG : LoRa PHY  ] created frame a LoRa frame
main-DEBUG-  2021-07-27 20:54:48,410-[18: INFO: LoRa MAC  ] RX LoRa frame: {src:1:0 dest:2:24859 k:0 seq:1 next:0 cmd:3 data:
main-DEBUG-  2021-07-27 20:54:48,411-[18: DBG : LoRa PHY  ]  expected !
main-DEBUG-  2021-07-27 20:54:48,438-[18: INFO: App       ] Not reachable yet
main-DEBUG-  2021-07-27 20:54:51,231-[21: INFO: LoRa MAC  ] retransmit timeout !
main-DEBUG-  2021-07-27 20:54:51,233-[21: ERR : LoRa MAC  ] STOP retransmit timer thanks to retransmit_timeout
main-DEBUG-  2021-07-27 20:54:51,236-[21: DBG : LoRa MAC  ] retransmit frame: {src:2:24859 dest:1:0 k:0 seq:1 next:0 cmd:6 data:
main-DEBUG-  2021-07-27 20:54:51,253-[21: DBG : LoRa PHY  ] enter UART_TX
main-DEBUG-  2021-07-27 20:54:51,254-[21: DBG : LoRa PHY  ] append { cmd:radio set wdt  resp: [ok, none] }[21: DBG : LoRa PHY  ]  to UART TX buffer
main-DEBUG-  2021-07-27 20:54:51,255-[21: DBG : LoRa PHY  ] enter UART_TX
main-DEBUG-  2021-07-27 20:54:51,275-[21: DBG : LoRa PHY  ] append { cmd:radio tx  resp: [radio_tx_ok, radio_err] }[21: DBG : LoRa PHY  ]  to UART TX buffer
main-DEBUG-  2021-07-27 20:54:51,276-[21: ERR : LoRa MAC  ] RESTART retransmit timer because a frame was retransmit
main-DEBUG-  2021-07-27 20:54:51,280-[21: DBG : LoRa PHY  ] enter UART_TX
main-DEBUG-  2021-07-27 20:54:51,294-[21: DBG : LoRa PHY  ] append { cmd:radio set wdt  resp: [ok, none] }[21: DBG : LoRa PHY  ]  to UART TX buffer
main-DEBUG-  2021-07-27 20:54:51,294-[21: DBG : LoRa PHY  ] enter UART_TX
main-DEBUG-  2021-07-27 20:54:51,297-[21: DBG : LoRa PHY  ] append { cmd:radio rx  resp: [radio_err, radio_rx] }[21: DBG : LoRa PHY  ]  to UART TX buffer
main-DEBUG-  2021-07-27 20:54:51,297-[21: INFO: LoRa PHY  ] Write UART:radio set wdt 0
main-DEBUG-  2021-07-27 20:54:51,321-[21: INFO: LoRa PHY  ] UART response:ok
main-DEBUG-  2021-07-27 20:54:51,322-[21: DBG : LoRa PHY  ] compare response with:ok
main-DEBUG-  2021-07-27 20:54:51,322-[21: DBG : LoRa PHY  ]  expected !
main-DEBUG-  2021-07-27 20:54:51,323-[21: DBG : LoRa PHY  ] to frame receive: {src:2:24859 dest:1:0 k:0 seq:1 next:0 cmd:6 data:
main-DEBUG-  2021-07-27 20:54:51,324-[21: DBG : LoRa PHY  ]
main-DEBUG-  2021-07-27 20:54:51,343-[21: DBG : LoRa PHY  ] src.prefix: 2
main-DEBUG-  2021-07-27 20:54:51,343-[21: DBG : LoRa PHY  ] src addr: 02611B
main-DEBUG-  2021-07-27 20:54:51,344-[21: DBG : LoRa PHY  ] dest addr: 010000
main-DEBUG-  2021-07-27 20:54:51,344-[21: DBG : LoRa PHY  ] flags and command:06
main-DEBUG-  2021-07-27 20:54:51,345-[21: DBG : LoRa PHY  ] SN:01
main-DEBUG-  2021-07-27 20:54:51,348-[21: DBG : LoRa PHY  ] TO HEX frame: 02611B0100000601
main-DEBUG-  2021-07-27 20:54:51,349-[21: INFO: LoRa PHY  ] Write UART:radio tx 02611B0100000601
main-DEBUG-  2021-07-27 20:54:51,370-[21: INFO: LoRa PHY  ] UART response:ok
main-DEBUG-  2021-07-27 20:54:51,373-[21: DBG : LoRa PHY  ] compare response with:radio_tx_ok
main-DEBUG-  2021-07-27 20:54:51,376-[21: DBG : LoRa PHY  ] compare response with:radio_err
main-DEBUG-  2021-07-27 20:54:52,368-[22: INFO: LoRa PHY  ] UART response:radio_tx_ok
main-DEBUG-  2021-07-27 20:54:52,370-[22: DBG : LoRa PHY  ] compare response with:radio_tx_ok
main-DEBUG-  2021-07-27 20:54:52,371-[22: DBG : LoRa PHY  ]  expected !
main-DEBUG-  2021-07-27 20:54:52,372-[22: INFO: LoRa PHY  ] Write UART:radio set wdt 3000
main-DEBUG-  2021-07-27 20:54:52,391-[22: INFO: LoRa PHY  ] UART response:ok
main-DEBUG-  2021-07-27 20:54:52,392-[22: DBG : LoRa PHY  ] compare response with:ok
main-DEBUG-  2021-07-27 20:54:52,392-[22: DBG : LoRa PHY  ]  expected !
main-DEBUG-  2021-07-27 20:54:52,393-[22: INFO: LoRa PHY  ] Write UART:radio rx 0
main-DEBUG-  2021-07-27 20:54:52,409-[22: INFO: LoRa PHY  ] UART response:ok
main-DEBUG-  2021-07-27 20:54:52,410-[22: DBG : LoRa PHY  ] compare response with:radio_err
main-DEBUG-  2021-07-27 20:54:52,411-[22: DBG : LoRa PHY  ] compare response with:radio_rx
main-DEBUG-  2021-07-27 20:54:55,410-[25: INFO: LoRa PHY  ] UART response:radio_err
main-DEBUG-  2021-07-27 20:54:55,412-[25: DBG : LoRa PHY  ] compare response with:radio_err
main-DEBUG-  2021-07-27 20:54:55,415-[25: DBG : LoRa PHY  ]  expected !
main-DEBUG-  2021-07-27 20:54:56,309-[26: INFO: LoRa MAC  ] retransmit timeout !
main-DEBUG-  2021-07-27 20:54:56,312-[26: ERR : LoRa MAC  ] STOP retransmit timer thanks to retransmit_timeout
main-DEBUG-  2021-07-27 20:54:56,314-[26: DBG : LoRa MAC  ] retransmit frame: {src:2:24859 dest:1:0 k:0 seq:1 next:0 cmd:6 data:
main-DEBUG-  2021-07-27 20:54:56,331-[26: DBG : LoRa PHY  ] enter UART_TX
main-DEBUG-  2021-07-27 20:54:56,332-[26: DBG : LoRa PHY  ] append { cmd:radio set wdt  resp: [ok, none] }[26: DBG : LoRa PHY  ]  to UART TX buffer
main-DEBUG-  2021-07-27 20:54:56,333-[26: DBG : LoRa PHY  ] enter UART_TX
main-DEBUG-  2021-07-27 20:54:56,353-[26: DBG : LoRa PHY  ] append { cmd:radio tx  resp: [radio_tx_ok, radio_err] }[26: DBG : LoRa PHY  ]  to UART TX buffer
main-DEBUG-  2021-07-27 20:54:56,355-[26: ERR : LoRa MAC  ] RESTART retransmit timer because a frame was retransmit
main-DEBUG-  2021-07-27 20:54:56,356-[26: DBG : LoRa PHY  ] enter UART_TX
main-DEBUG-  2021-07-27 20:54:56,372-[26: DBG : LoRa PHY  ] append { cmd:radio set wdt  resp: [ok, none] }[26: DBG : LoRa PHY  ]  to UART TX buffer
main-DEBUG-  2021-07-27 20:54:56,372-[26: DBG : LoRa PHY  ] enter UART_TX
main-DEBUG-  2021-07-27 20:54:56,374-[26: DBG : LoRa PHY  ] append { cmd:radio rx  resp: [radio_err, radio_rx] }[26: DBG : LoRa PHY  ]  to UART TX buffer
main-DEBUG-  2021-07-27 20:54:56,375-[26: INFO: LoRa PHY  ] Write UART:radio set wdt 0
main-DEBUG-  2021-07-27 20:54:56,399-[26: INFO: LoRa PHY  ] UART response:ok
main-DEBUG-  2021-07-27 20:54:56,400-[26: DBG : LoRa PHY  ] compare response with:ok
main-DEBUG-  2021-07-27 20:54:56,400-[26: DBG : LoRa PHY  ]  expected !
main-DEBUG-  2021-07-27 20:54:56,401-[26: DBG : LoRa PHY  ] to frame receive: {src:2:24859 dest:1:0 k:0 seq:1 next:0 cmd:6 data:
main-DEBUG-  2021-07-27 20:54:56,402-[26: DBG : LoRa PHY  ]
main-DEBUG-  2021-07-27 20:54:56,421-[26: DBG : LoRa PHY  ] src.prefix: 2
main-DEBUG-  2021-07-27 20:54:56,421-[26: DBG : LoRa PHY  ] src addr: 02611B
main-DEBUG-  2021-07-27 20:54:56,422-[26: DBG : LoRa PHY  ] dest addr: 010000
main-DEBUG-  2021-07-27 20:54:56,423-[26: DBG : LoRa PHY  ] flags and command:06
main-DEBUG-  2021-07-27 20:54:56,424-[26: DBG : LoRa PHY  ] SN:01
main-DEBUG-  2021-07-27 20:54:56,426-[26: DBG : LoRa PHY  ] TO HEX frame: 02611B0100000601
main-DEBUG-  2021-07-27 20:54:56,427-[26: INFO: LoRa PHY  ] Write UART:radio tx 02611B0100000601
main-DEBUG-  2021-07-27 20:54:56,448-[26: INFO: LoRa PHY  ] UART response:ok
main-DEBUG-  2021-07-27 20:54:56,452-[26: DBG : LoRa PHY  ] compare response with:radio_tx_ok
main-DEBUG-  2021-07-27 20:54:56,454-[26: DBG : LoRa PHY  ] compare response with:radio_err
main-DEBUG-  2021-07-27 20:54:57,447-[27: INFO: LoRa PHY  ] UART response:radio_tx_ok
main-DEBUG-  2021-07-27 20:54:57,449-[27: DBG : LoRa PHY  ] compare response with:radio_tx_ok
main-DEBUG-  2021-07-27 20:54:57,451-[27: DBG : LoRa PHY  ]  expected !
main-DEBUG-  2021-07-27 20:54:57,452-[27: INFO: LoRa PHY  ] Write UART:radio set wdt 3000
main-DEBUG-  2021-07-27 20:54:57,469-[27: INFO: LoRa PHY  ] UART response:ok
main-DEBUG-  2021-07-27 20:54:57,470-[27: DBG : LoRa PHY  ] compare response with:ok
main-DEBUG-  2021-07-27 20:54:57,470-[27: DBG : LoRa PHY  ]  expected !
main-DEBUG-  2021-07-27 20:54:57,472-[27: INFO: LoRa PHY  ] Write UART:radio rx 0
main-DEBUG-  2021-07-27 20:54:57,487-[27: INFO: LoRa PHY  ] UART response:ok
main-DEBUG-  2021-07-27 20:54:57,488-[27: DBG : LoRa PHY  ] compare response with:radio_err
main-DEBUG-  2021-07-27 20:54:57,490-[27: DBG : LoRa PHY  ] compare response with:radio_rx
main-DEBUG-  2021-07-27 20:55:00,488-[30: INFO: LoRa PHY  ] UART response:radio_err
main-DEBUG-  2021-07-27 20:55:00,490-[30: DBG : LoRa PHY  ] compare response with:radio_err
main-DEBUG-  2021-07-27 20:55:00,492-[30: DBG : LoRa PHY  ]  expected !
main-DEBUG-  2021-07-27 20:55:01,388-[31: INFO: LoRa MAC  ] retransmit timeout !
main-DEBUG-  2021-07-27 20:55:01,391-[31: ERR : LoRa MAC  ] STOP retransmit timer thanks to retransmit_timeout
main-DEBUG-  2021-07-27 20:55:01,393-[31: DBG : LoRa MAC  ] retransmit frame: {src:2:24859 dest:1:0 k:0 seq:1 next:0 cmd:6 data:
main-DEBUG-  2021-07-27 20:55:01,409-[31: DBG : LoRa PHY  ] enter UART_TX
main-DEBUG-  2021-07-27 20:55:01,410-[31: DBG : LoRa PHY  ] append { cmd:radio set wdt  resp: [ok, none] }[31: DBG : LoRa PHY  ]  to UART TX buffer
main-DEBUG-  2021-07-27 20:55:01,410-[31: DBG : LoRa PHY  ] enter UART_TX
main-DEBUG-  2021-07-27 20:55:01,432-[31: DBG : LoRa PHY  ] append { cmd:radio tx  resp: [radio_tx_ok, radio_err] }[31: DBG : LoRa PHY  ]  to UART TX buffer
main-DEBUG-  2021-07-27 20:55:01,433-[31: ERR : LoRa MAC  ] RESTART retransmit timer because a frame was retransmit
main-DEBUG-  2021-07-27 20:55:01,434-[31: DBG : LoRa PHY  ] enter UART_TX
main-DEBUG-  2021-07-27 20:55:01,450-[31: DBG : LoRa PHY  ] append { cmd:radio set wdt  resp: [ok, none] }[31: DBG : LoRa PHY  ]  to UART TX buffer
main-DEBUG-  2021-07-27 20:55:01,450-[31: DBG : LoRa PHY  ] enter UART_TX
main-DEBUG-  2021-07-27 20:55:01,451-[31: DBG : LoRa PHY  ] append { cmd:radio rx  resp: [radio_err, radio_rx] }[31: DBG : LoRa PHY  ]  to UART TX buffer
main-DEBUG-  2021-07-27 20:55:01,452-[31: INFO: LoRa PHY  ] Write UART:radio set wdt 0
main-DEBUG-  2021-07-27 20:55:01,477-[31: INFO: LoRa PHY  ] UART response:ok
main-DEBUG-  2021-07-27 20:55:01,479-[31: DBG : LoRa PHY  ] compare response with:ok
main-DEBUG-  2021-07-27 20:55:01,480-[31: DBG : LoRa PHY  ]  expected !
main-DEBUG-  2021-07-27 20:55:01,489-[31: DBG : LoRa PHY  ] to frame receive: {src:2:24859 dest:1:0 k:0 seq:1 next:0 cmd:6 data:
main-DEBUG-  2021-07-27 20:55:01,490-[31: DBG : LoRa PHY  ]
main-DEBUG-  2021-07-27 20:55:01,499-[31: DBG : LoRa PHY  ] src.prefix: 2
main-DEBUG-  2021-07-27 20:55:01,500-[31: DBG : LoRa PHY  ] src addr: 02611B
main-DEBUG-  2021-07-27 20:55:01,501-[31: DBG : LoRa PHY  ] dest addr: 010000
main-DEBUG-  2021-07-27 20:55:01,502-[31: DBG : LoRa PHY  ] flags and command:06
main-DEBUG-  2021-07-27 20:55:01,503-[31: DBG : LoRa PHY  ] SN:01
main-DEBUG-  2021-07-27 20:55:01,505-[31: DBG : LoRa PHY  ] TO HEX frame: 02611B0100000601
main-DEBUG-  2021-07-27 20:55:01,506-[31: INFO: LoRa PHY  ] Write UART:radio tx 02611B0100000601
main-DEBUG-  2021-07-27 20:55:01,526-[32: INFO: LoRa PHY  ] UART response:ok
main-DEBUG-  2021-07-27 20:55:01,527-[32: DBG : LoRa PHY  ] compare response with:radio_tx_ok
main-DEBUG-  2021-07-27 20:55:01,528-[32: DBG : LoRa PHY  ] compare response with:radio_err
main-DEBUG-  2021-07-27 20:55:02,525-[33: INFO: LoRa PHY  ] UART response:radio_tx_ok
main-DEBUG-  2021-07-27 20:55:02,527-[33: DBG : LoRa PHY  ] compare response with:radio_tx_ok
main-DEBUG-  2021-07-27 20:55:02,528-[33: DBG : LoRa PHY  ]  expected !
main-DEBUG-  2021-07-27 20:55:02,531-[33: INFO: LoRa PHY  ] Write UART:radio set wdt 3000
main-DEBUG-  2021-07-27 20:55:02,547-[33: INFO: LoRa PHY  ] UART response:ok
main-DEBUG-  2021-07-27 20:55:02,548-[33: DBG : LoRa PHY  ] compare response with:ok
main-DEBUG-  2021-07-27 20:55:02,548-[33: DBG : LoRa PHY  ]  expected !
main-DEBUG-  2021-07-27 20:55:02,549-[33: INFO: LoRa PHY  ] Write UART:radio rx 0
main-DEBUG-  2021-07-27 20:55:02,566-[33: INFO: LoRa PHY  ] UART response:ok
main-DEBUG-  2021-07-27 20:55:02,567-[33: DBG : LoRa PHY  ] compare response with:radio_err
main-DEBUG-  2021-07-27 20:55:02,568-[33: DBG : LoRa PHY  ] compare response with:radio_rx
main-DEBUG-  2021-07-27 20:55:05,566-[36: INFO: LoRa PHY  ] UART response:radio_err
main-DEBUG-  2021-07-27 20:55:05,568-[36: DBG : LoRa PHY  ] compare response with:radio_err
main-DEBUG-  2021-07-27 20:55:05,570-[36: DBG : LoRa PHY  ]  expected !
main-DEBUG-  2021-07-27 20:55:06,465-[36: INFO: LoRa MAC  ] retransmit timeout !
main-DEBUG-  2021-07-27 20:55:06,466-[36: ERR : LoRa MAC  ] STOP retransmit timer thanks to retransmit_timeout
main-DEBUG-  2021-07-27 20:55:06,467-[36: INFO: LoRa MAC  ] Unable to send frame {src:2:24859 dest:1:0 k:0 seq:1 next:0 cmd:6 data:
main-DEBUG-  2021-07-27 20:55:06,476-[36: DBG : LoRa MAC  ] START query_timer because last send frame is a QUERY
main-DEBUG-  2021-07-27 20:55:06,477-[36: DBG : LoRa MAC  ] state is READY
main-DEBUG-  2021-07-27 20:55:06,478-[36: WARN: LoRa MAC  ] buf not empty: 0
main-ERROR-  2021-07-27 20:55:14,153-
 Type:<class 'KeyboardInterrupt'>
 Value:
 Traceback:<traceback object at 0x7f9a95de52c0>
NoneType: None
