lora_mac-INFO-  2021-07-27 20:46:46,342-Init MAC
lora_phy-INFO-  2021-07-27 20:46:46,342-Init PHY
lora_phy-DEBUG-  2021-07-27 20:46:46,344-append UartFrame(expected_response=[<UartResponse.U_INT: '4294967245'>], data='', cmd=<UartCommand.MAC_PAUSE: 'mac pause'>) to tx_buf
lora_phy-DEBUG-  2021-07-27 20:46:46,344-append UartFrame(expected_response=[<UartResponse.OK: 'ok'>], data='868100000', cmd=<UartCommand.SET_FREQ: 'radio set freq '>) to tx_buf
lora_phy-INFO-  2021-07-27 20:46:46,345-Send UART data:UartFrame(expected_response=[<UartResponse.U_INT: '4294967245'>], data='', cmd=<UartCommand.MAC_PAUSE: 'mac pause'>)
lora_phy-DEBUG-  2021-07-27 20:46:46,346-append UartFrame(expected_response=[<UartResponse.OK: 'ok'>], data='0', cmd=<UartCommand.SET_WDT: 'radio set wdt '>) to tx_buf
lora_phy-DEBUG-  2021-07-27 20:46:46,346-append UartFrame(expected_response=[<UartResponse.RADIO_ERR: 'radio_err'>, <UartResponse.RADIO_RX: 'radio_rx'>], data='0', cmd=<UartCommand.RX: 'radio rx '>) to tx_buf
lora_phy-INFO-  2021-07-27 20:46:46,359-process uart response: 4294967245
lora_phy-INFO-  2021-07-27 20:46:46,359-Send UART data:UartFrame(expected_response=[<UartResponse.OK: 'ok'>], data='868100000', cmd=<UartCommand.SET_FREQ: 'radio set freq '>)
lora_phy-INFO-  2021-07-27 20:46:46,373-process uart response: ok
lora_phy-INFO-  2021-07-27 20:46:46,374-Send UART data:UartFrame(expected_response=[<UartResponse.OK: 'ok'>], data='0', cmd=<UartCommand.SET_WDT: 'radio set wdt '>)
lora_phy-INFO-  2021-07-27 20:46:46,380-process uart response: ok
lora_phy-INFO-  2021-07-27 20:46:46,389-Send UART data:UartFrame(expected_response=[<UartResponse.RADIO_ERR: 'radio_err'>, <UartResponse.RADIO_RX: 'radio_rx'>], data='0', cmd=<UartCommand.RX: 'radio rx '>)
lora_phy-INFO-  2021-07-27 20:46:46,396-process uart response: ok
lora_phy-DEBUG-  2021-07-27 20:46:46,397-unexpected response
main-DEBUG-  2021-07-27 20:46:51,378-[7: INFO: Interface ] Button pushed
main-DEBUG-  2021-07-27 20:46:51,380-[7: INFO: LoRa MAC  ] Init LoRa MAC
main-DEBUG-  2021-07-27 20:46:51,382-[7: INFO: LoRa MAC  ] Node ID: 24859
main-DEBUG-  2021-07-27 20:46:51,384-[7: INFO: LoRa MAC  ] New Link-layer address: 5f75.6d6f.6e73.611b[7: INFO: LoRa MAC  ]
main-DEBUG-  2021-07-27 20:46:51,385-[7: DBG : LoRa MAC  ] initial state: 0
main-DEBUG-  2021-07-27 20:46:51,400-[7: INFO: LoRa PHY  ] Init LoRa PHY
main-DEBUG-  2021-07-27 20:46:51,402-[7: DBG : LoRa PHY  ] enter UART_TX
main-DEBUG-  2021-07-27 20:46:51,404-[7: DBG : LoRa PHY  ] append { cmd:mac pause resp: [4294967245, none] }[7: DBG : LoRa PHY  ]  to UART TX buffer
main-DEBUG-  2021-07-27 20:46:51,406-[7: DBG : LoRa PHY  ] enter UART_TX
main-DEBUG-  2021-07-27 20:46:51,423-[7: DBG : LoRa PHY  ] append { cmd:radio set freq  resp: [ok, none] }[7: DBG : LoRa PHY  ]  to UART TX buffer
main-DEBUG-  2021-07-27 20:46:51,423-[7: DBG : LoRa PHY  ] enter UART_TX
main-DEBUG-  2021-07-27 20:46:51,424-[7: DBG : LoRa PHY  ] append { cmd:radio set wdt  resp: [ok, none] }[7: DBG : LoRa PHY  ]  to UART TX buffer
main-DEBUG-  2021-07-27 20:46:51,444-[7: DBG : LoRa PHY  ] enter UART_TX
main-DEBUG-  2021-07-27 20:46:51,446-[7: DBG : LoRa PHY  ] append { cmd:radio tx  resp: [radio_tx_ok, radio_err] }[7: DBG : LoRa PHY  ]  to UART TX buffer
main-DEBUG-  2021-07-27 20:46:51,446-[7: DBG : LoRa PHY  ] enter UART_TX
main-DEBUG-  2021-07-27 20:46:51,466-[7: DBG : LoRa PHY  ] append { cmd:radio set wdt  resp: [ok, none] }[7: DBG : LoRa PHY  ]  to UART TX buffer
main-DEBUG-  2021-07-27 20:46:51,467-[7: DBG : LoRa PHY  ] enter UART_TX
main-DEBUG-  2021-07-27 20:46:51,468-[7: DBG : LoRa PHY  ] append { cmd:radio rx  resp: [radio_err, radio_rx] }[7: DBG : LoRa PHY  ]  to UART TX buffer
main-DEBUG-  2021-07-27 20:46:51,469-[7: DBG : LoRa MAC  ] SET retransmit timer
main-DEBUG-  2021-07-27 20:46:51,473-[7: DBG : LoRa MAC  ] initialization complete
main-DEBUG-  2021-07-27 20:46:51,474-[7: INFO: LoRa PHY  ] Write UART:mac pause
main-DEBUG-  2021-07-27 20:46:51,502-[7: INFO: LoRa PHY  ] UART response:4294967245
main-DEBUG-  2021-07-27 20:46:51,503-[7: DBG : LoRa PHY  ] compare response with:4294967245
main-DEBUG-  2021-07-27 20:46:51,503-[7: DBG : LoRa PHY  ]  expected !
main-DEBUG-  2021-07-27 20:46:51,504-[7: INFO: LoRa PHY  ] Write UART:radio set freq 868100000
main-DEBUG-  2021-07-27 20:46:51,530-[7: INFO: LoRa PHY  ] UART response:ok
main-DEBUG-  2021-07-27 20:46:51,530-[7: DBG : LoRa PHY  ] compare response with:ok
main-DEBUG-  2021-07-27 20:46:51,532-[7: DBG : LoRa PHY  ]  expected !
main-DEBUG-  2021-07-27 20:46:51,534-[7: INFO: LoRa PHY  ] Write UART:radio set wdt 0
main-DEBUG-  2021-07-27 20:46:51,556-[7: INFO: LoRa PHY  ] UART response:ok
main-DEBUG-  2021-07-27 20:46:51,557-[7: DBG : LoRa PHY  ] compare response with:ok
main-DEBUG-  2021-07-27 20:46:51,557-[7: DBG : LoRa PHY  ]  expected !
main-DEBUG-  2021-07-27 20:46:51,559-[7: DBG : LoRa PHY  ] to frame receive: {src:27:24859 dest:1:0 k:0 seq:0 next:0 cmd:0 data:
main-DEBUG-  2021-07-27 20:46:51,560-[7: DBG : LoRa PHY  ]
main-DEBUG-  2021-07-27 20:46:51,578-[7: DBG : LoRa PHY  ] src.prefix: 27
main-DEBUG-  2021-07-27 20:46:51,579-[7: DBG : LoRa PHY  ] src addr: 1B611B
main-DEBUG-  2021-07-27 20:46:51,580-[7: DBG : LoRa PHY  ] dest addr: 010000
main-DEBUG-  2021-07-27 20:46:51,581-[7: DBG : LoRa PHY  ] flags and command:00
main-DEBUG-  2021-07-27 20:46:51,582-[7: DBG : LoRa PHY  ] SN:00
main-DEBUG-  2021-07-27 20:46:51,583-[7: DBG : LoRa PHY  ] TO HEX frame: 1B611B0100000000
main-DEBUG-  2021-07-27 20:46:51,585-[7: INFO: LoRa PHY  ] Write UART:radio tx 1B611B0100000000
main-DEBUG-  2021-07-27 20:46:51,605-[7: INFO: LoRa PHY  ] UART response:ok
main-DEBUG-  2021-07-27 20:46:51,605-[7: DBG : LoRa PHY  ] compare response with:radio_tx_ok
main-DEBUG-  2021-07-27 20:46:51,607-[7: DBG : LoRa PHY  ] compare response with:radio_err
main-DEBUG-  2021-07-27 20:46:52,603-[8: INFO: LoRa PHY  ] UART response:radio_tx_ok
main-DEBUG-  2021-07-27 20:46:52,605-[8: DBG : LoRa PHY  ] compare response with:radio_tx_ok
main-DEBUG-  2021-07-27 20:46:52,608-[8: DBG : LoRa PHY  ]  expected !
main-DEBUG-  2021-07-27 20:46:52,610-[8: INFO: LoRa PHY  ] Write UART:radio set wdt 3000
lora_phy-INFO-  2021-07-27 20:46:52,617-process uart response: radio_rx  1B611B0100000000
lora_phy-DEBUG-  2021-07-27 20:46:52,617-build frame receive data: 1B611B0100000000
lora_mac-DEBUG-  2021-07-27 20:46:52,618-MAC RX: LoraFrame(src_addr=LoraAddr(prefix=27, node_id=24859), dest_addr=LoraAddr(prefix=1, node_id=0), command=<MacCommand.JOIN: 0>, payload='', seq=0, k=False, has_next=False)
lora_mac-DEBUG-  2021-07-27 20:46:52,618-look child with prefix: 27
lora_mac-DEBUG-  2021-07-27 20:46:52,618-child is: None
lora_mac-INFO-  2021-07-27 20:46:52,618-reveive join frame LoraFrame(src_addr=LoraAddr(prefix=27, node_id=24859), dest_addr=LoraAddr(prefix=1, node_id=0), command=<MacCommand.JOIN: 0>, payload='', seq=0, k=False, has_next=False)
lora_mac-DEBUG-  2021-07-27 20:46:52,618-new child Child(2:24859) created
lora_mac-DEBUG-  2021-07-27 20:46:52,618-send join response
lora_phy-DEBUG-  2021-07-27 20:46:52,618-append UartFrame(expected_response=[<UartResponse.RADIO_TX_OK: 'radio_tx_ok'>, <UartResponse.RADIO_ERR: 'radio_err'>], data='0100001B611B010002', cmd=<UartCommand.TX: 'radio tx '>) to tx_buf
lora_phy-DEBUG-  2021-07-27 20:46:52,619-append UartFrame(expected_response=[<UartResponse.OK: 'ok'>], data='0', cmd=<UartCommand.SET_WDT: 'radio set wdt '>) to tx_buf
lora_phy-DEBUG-  2021-07-27 20:46:52,619-append UartFrame(expected_response=[<UartResponse.RADIO_ERR: 'radio_err'>, <UartResponse.RADIO_RX: 'radio_rx'>], data='0', cmd=<UartCommand.RX: 'radio rx '>) to tx_buf
lora_phy-INFO-  2021-07-27 20:46:52,619-Send UART data:UartFrame(expected_response=[<UartResponse.RADIO_TX_OK: 'radio_tx_ok'>, <UartResponse.RADIO_ERR: 'radio_err'>], data='0100001B611B010002', cmd=<UartCommand.TX: 'radio tx '>)
main-DEBUG-  2021-07-27 20:46:52,625-[8: INFO: LoRa PHY  ] UART response:ok
main-DEBUG-  2021-07-27 20:46:52,628-[8: DBG : LoRa PHY  ] compare response with:ok
lora_phy-INFO-  2021-07-27 20:46:52,630-process uart response: ok
lora_phy-DEBUG-  2021-07-27 20:46:52,630-unexpected response
main-DEBUG-  2021-07-27 20:46:52,631-[8: DBG : LoRa PHY  ]  expected !
main-DEBUG-  2021-07-27 20:46:52,631-[8: INFO: LoRa PHY  ] Write UART:radio rx 0
main-DEBUG-  2021-07-27 20:46:52,643-[8: INFO: LoRa PHY  ] UART response:ok
main-DEBUG-  2021-07-27 20:46:52,646-[8: DBG : LoRa PHY  ] compare response with:radio_err
main-DEBUG-  2021-07-27 20:46:52,647-[8: DBG : LoRa PHY  ] compare response with:radio_rx
lora_phy-INFO-  2021-07-27 20:46:53,623-process uart response: radio_tx_ok
lora_phy-INFO-  2021-07-27 20:46:53,624-Send UART data:UartFrame(expected_response=[<UartResponse.OK: 'ok'>], data='0', cmd=<UartCommand.SET_WDT: 'radio set wdt '>)
lora_phy-INFO-  2021-07-27 20:46:53,631-process uart response: ok
lora_phy-INFO-  2021-07-27 20:46:53,632-Send UART data:UartFrame(expected_response=[<UartResponse.RADIO_ERR: 'radio_err'>, <UartResponse.RADIO_RX: 'radio_rx'>], data='0', cmd=<UartCommand.RX: 'radio rx '>)
lora_phy-INFO-  2021-07-27 20:46:53,638-process uart response: ok
lora_phy-DEBUG-  2021-07-27 20:46:53,639-unexpected response
main-DEBUG-  2021-07-27 20:46:53,678-[9: INFO: LoRa PHY  ] UART response:radio_rx  0100001B611B010002
main-DEBUG-  2021-07-27 20:46:53,679-[9: DBG : LoRa PHY  ] compare response with:radio_err
main-DEBUG-  2021-07-27 20:46:53,680-[9: DBG : LoRa PHY  ] compare response with:radio_rx
main-DEBUG-  2021-07-27 20:46:53,681-[9: DBG : LoRa PHY  ] created frame a LoRa frame
main-DEBUG-  2021-07-27 20:46:53,702-[9: INFO: LoRa MAC  ] RX LoRa frame: {src:1:0 dest:27:24859 k:0 seq:0 next:0 cmd:1 data:02
main-DEBUG-  2021-07-27 20:46:53,702-[9: DBG : LoRa MAC  ] JOIN RESPONSE
main-DEBUG-  2021-07-27 20:46:53,703-[9: DBG : LoRa MAC  ] state = READY
main-DEBUG-  2021-07-27 20:46:53,704-[9: DBG : LoRa MAC  ] STOP retransmit timer
main-DEBUG-  2021-07-27 20:46:53,705-[9: INFO: LoRa MAC  ] Lora Root joined
main-DEBUG-  2021-07-27 20:46:53,718-[9: INFO: LoRa MAC  ] Node addr: 2:24859
main-DEBUG-  2021-07-27 20:46:53,718-[9: DBG : LoRa MAC  ] START TX_PROCESS
main-DEBUG-  2021-07-27 20:46:53,719-[9: DBG : LoRa MAC  ] MAC_TX process started
main-DEBUG-  2021-07-27 20:46:53,720-[9: DBG : LoRa MAC  ] SET query timer
main-DEBUG-  2021-07-27 20:46:53,721-[9: DBG : LoRa PHY  ]  expected !
main-DEBUG-  2021-07-27 20:47:03,675-[19: INFO: LoRa MAC  ] Query timeout !
main-DEBUG-  2021-07-27 20:47:03,678-[19: DBG : LoRa MAC  ] STOP query timer thanks to query_timeout
main-DEBUG-  2021-07-27 20:47:03,680-[19: DBG : LoRa MAC  ] query frame built
main-DEBUG-  2021-07-27 20:47:03,696-[19: DBG : LoRa MAC  ] Enter enqueue_packet with frame: {src:2:24859 dest:1:0 k:0 seq:1 next:0 cmd:6 data:
main-DEBUG-  2021-07-27 20:47:03,697-[19: DBG : LoRa MAC  ] append to buffer
main-DEBUG-  2021-07-27 20:47:03,698-[19: DBG : LoRa MAC  ] post new_tx_frame_event to TX_PROCESS
main-DEBUG-  2021-07-27 20:47:03,698-[19: DBG : LoRa MAC  ] frame from buffer: {src:2:24859 dest:1:0 k:0 seq:1 next:0 cmd:6 data:
main-DEBUG-  2021-07-27 20:47:03,699-[19: DBG : LoRa MAC  ] buffer size: 0
main-DEBUG-  2021-07-27 20:47:03,719-[19: DBG : LoRa PHY  ] enter UART_TX
main-DEBUG-  2021-07-27 20:47:03,722-[19: DBG : LoRa PHY  ] append { cmd:radio set wdt  resp: [ok, none] }[19: DBG : LoRa PHY  ]  to UART TX buffer
main-DEBUG-  2021-07-27 20:47:03,723-[19: DBG : LoRa PHY  ] enter UART_TX
main-DEBUG-  2021-07-27 20:47:03,742-[19: DBG : LoRa PHY  ] append { cmd:radio tx  resp: [radio_tx_ok, radio_err] }[19: DBG : LoRa PHY  ]  to UART TX buffer
main-DEBUG-  2021-07-27 20:47:03,742-[19: DBG : LoRa MAC  ] frame sended to PHY layer
main-DEBUG-  2021-07-27 20:47:03,743-[19: DBG : LoRa MAC  ] START retransmit timer in mac_tx process
main-DEBUG-  2021-07-27 20:47:03,744-[19: DBG : LoRa MAC  ] Listen during 3 s
main-DEBUG-  2021-07-27 20:47:03,763-[19: DBG : LoRa PHY  ] enter UART_TX
main-DEBUG-  2021-07-27 20:47:03,764-[19: DBG : LoRa PHY  ] append { cmd:radio set wdt  resp: [ok, none] }[19: DBG : LoRa PHY  ]  to UART TX buffer
main-DEBUG-  2021-07-27 20:47:03,765-[19: DBG : LoRa PHY  ] enter UART_TX
main-DEBUG-  2021-07-27 20:47:03,774-[19: DBG : LoRa PHY  ] append { cmd:radio rx  resp: [radio_err, radio_rx] }[19: DBG : LoRa PHY  ]  to UART TX buffer
main-DEBUG-  2021-07-27 20:47:03,775-[19: DBG : LoRa MAC  ] wait state change to READY
main-DEBUG-  2021-07-27 20:47:03,775-[19: INFO: LoRa PHY  ] Write UART:radio set wdt 0
main-DEBUG-  2021-07-27 20:47:03,801-[19: INFO: LoRa PHY  ] UART response:ok
main-DEBUG-  2021-07-27 20:47:03,802-[19: DBG : LoRa PHY  ] compare response with:ok
main-DEBUG-  2021-07-27 20:47:03,803-[19: DBG : LoRa PHY  ]  expected !
main-DEBUG-  2021-07-27 20:47:03,804-[19: DBG : LoRa PHY  ] to frame receive: {src:2:24859 dest:1:0 k:0 seq:1 next:0 cmd:6 data:
main-DEBUG-  2021-07-27 20:47:03,805-[19: DBG : LoRa PHY  ]
main-DEBUG-  2021-07-27 20:47:03,824-[19: DBG : LoRa PHY  ] src.prefix: 2
main-DEBUG-  2021-07-27 20:47:03,825-[19: DBG : LoRa PHY  ] src addr: 02611B
main-DEBUG-  2021-07-27 20:47:03,826-[19: DBG : LoRa PHY  ] dest addr: 010000
main-DEBUG-  2021-07-27 20:47:03,827-[19: DBG : LoRa PHY  ] flags and command:06
main-DEBUG-  2021-07-27 20:47:03,828-[19: DBG : LoRa PHY  ] SN:01
main-DEBUG-  2021-07-27 20:47:03,830-[19: DBG : LoRa PHY  ] TO HEX frame: 02611B0100000601
main-DEBUG-  2021-07-27 20:47:03,832-[19: INFO: LoRa PHY  ] Write UART:radio tx 02611B0100000601
main-DEBUG-  2021-07-27 20:47:03,851-[19: INFO: LoRa PHY  ] UART response:ok
main-DEBUG-  2021-07-27 20:47:03,852-[19: DBG : LoRa PHY  ] compare response with:radio_tx_ok
main-DEBUG-  2021-07-27 20:47:03,853-[19: DBG : LoRa PHY  ] compare response with:radio_err
main-DEBUG-  2021-07-27 20:47:04,849-[20: INFO: LoRa PHY  ] UART response:radio_tx_ok
main-DEBUG-  2021-07-27 20:47:04,851-[20: DBG : LoRa PHY  ] compare response with:radio_tx_ok
main-DEBUG-  2021-07-27 20:47:04,852-[20: DBG : LoRa PHY  ]  expected !
main-DEBUG-  2021-07-27 20:47:04,853-[20: INFO: LoRa PHY  ] Write UART:radio set wdt 3000
lora_phy-INFO-  2021-07-27 20:47:04,863-process uart response: radio_rx  02611B0100000601
lora_phy-DEBUG-  2021-07-27 20:47:04,863-build frame receive data: 02611B0100000601
lora_mac-DEBUG-  2021-07-27 20:47:04,863-MAC RX: LoraFrame(src_addr=LoraAddr(prefix=2, node_id=24859), dest_addr=LoraAddr(prefix=1, node_id=0), command=<MacCommand.QUERY: 6>, payload='', seq=1, k=False, has_next=False)
lora_mac-DEBUG-  2021-07-27 20:47:04,863-look child with prefix: 2
lora_mac-DEBUG-  2021-07-27 20:47:04,863-child is: Child(2:24859)

Exception in thread Thread-2:
Traceback (most recent call last):
  File "/usr/lib/python3.8/threading.py", line 932, in _bootstrap_inner
    self.run()
  File "/usr/lib/python3.8/threading.py", line 870, in run
    self._target(*self._args, **self._kwargs)
  File "/home/arnaud/Documents/cours/universite/cours2020-2021/memoire/ma2_memoire/developpement/py_lora_mac/lora_phy.py", line 240, in uart_rx
    if self.process_response(data.strip()):
  File "/home/arnaud/Documents/cours/universite/cours2020-2021/memoire/ma2_memoire/developpement/py_lora_mac/lora_phy.py", line 232, in process_response
    self.listener(LoraFrame.build(decode_data[10:].strip()))
  File "/home/arnaud/Documents/cours/universite/cours2020-2021/memoire/ma2_memoire/developpement/py_lora_mac/lora_mac.py", line 240, in _mac_rx
    self.not_joined_childs.popitem(child.addr.node_id & 255, None)
TypeError: popitem() takes no arguments (2 given)

main-DEBUG-  2021-07-27 20:47:04,873-[20: INFO: LoRa PHY  ] UART response:ok
main-DEBUG-  2021-07-27 20:47:04,875-[20: DBG : LoRa PHY  ] compare response with:ok
main-DEBUG-  2021-07-27 20:47:04,876-[20: DBG : LoRa PHY  ]  expected !
main-DEBUG-  2021-07-27 20:47:04,878-[20: INFO: LoRa PHY  ] Write UART:radio rx 0
main-DEBUG-  2021-07-27 20:47:04,905-[20: INFO: LoRa PHY  ] UART response:ok
main-DEBUG-  2021-07-27 20:47:04,907-[20: DBG : LoRa PHY  ] compare response with:radio_err
main-DEBUG-  2021-07-27 20:47:04,908-[20: DBG : LoRa PHY  ] compare response with:radio_rx
main-DEBUG-  2021-07-27 20:47:07,890-[23: INFO: LoRa PHY  ] UART response:radio_err
main-DEBUG-  2021-07-27 20:47:07,892-[23: DBG : LoRa PHY  ] compare response with:radio_err
main-DEBUG-  2021-07-27 20:47:07,893-[23: DBG : LoRa PHY  ]  expected !
main-DEBUG-  2021-07-27 20:47:08,753-[24: INFO: LoRa MAC  ] retransmit timeout !
main-DEBUG-  2021-07-27 20:47:08,755-[24: ERR : LoRa MAC  ] STOP retransmit timer thanks to retransmit_timeout
main-DEBUG-  2021-07-27 20:47:08,758-[24: DBG : LoRa MAC  ] retransmit frame: {src:2:24859 dest:1:0 k:0 seq:1 next:0 cmd:6 data:
main-DEBUG-  2021-07-27 20:47:08,775-[24: DBG : LoRa PHY  ] enter UART_TX
main-DEBUG-  2021-07-27 20:47:08,777-[24: DBG : LoRa PHY  ] append { cmd:radio set wdt  resp: [ok, none] }[24: DBG : LoRa PHY  ]  to UART TX buffer
main-DEBUG-  2021-07-27 20:47:08,777-[24: DBG : LoRa PHY  ] enter UART_TX
main-DEBUG-  2021-07-27 20:47:08,797-[24: DBG : LoRa PHY  ] append { cmd:radio tx  resp: [radio_tx_ok, radio_err] }[24: DBG : LoRa PHY  ]  to UART TX buffer
main-DEBUG-  2021-07-27 20:47:08,799-[24: ERR : LoRa MAC  ] RESTART retransmit timer because a frame was retransmit
main-DEBUG-  2021-07-27 20:47:08,801-[24: DBG : LoRa PHY  ] enter UART_TX
main-DEBUG-  2021-07-27 20:47:08,815-[24: DBG : LoRa PHY  ] append { cmd:radio set wdt  resp: [ok, none] }[24: DBG : LoRa PHY  ]  to UART TX buffer
main-DEBUG-  2021-07-27 20:47:08,816-[24: DBG : LoRa PHY  ] enter UART_TX
main-DEBUG-  2021-07-27 20:47:08,817-[24: DBG : LoRa PHY  ] append { cmd:radio rx  resp: [radio_err, radio_rx] }[24: DBG : LoRa PHY  ]  to UART TX buffer
main-DEBUG-  2021-07-27 20:47:08,818-[24: INFO: LoRa PHY  ] Write UART:radio set wdt 0
main-DEBUG-  2021-07-27 20:47:08,843-[24: INFO: LoRa PHY  ] UART response:ok
main-DEBUG-  2021-07-27 20:47:08,846-[24: DBG : LoRa PHY  ] compare response with:ok
main-DEBUG-  2021-07-27 20:47:08,849-[24: DBG : LoRa PHY  ]  expected !
main-DEBUG-  2021-07-27 20:47:08,853-[24: DBG : LoRa PHY  ] to frame receive: {src:2:24859 dest:1:0 k:0 seq:1 next:0 cmd:6 data:
main-DEBUG-  2021-07-27 20:47:08,856-[24: DBG : LoRa PHY  ]
main-DEBUG-  2021-07-27 20:47:08,864-[24: DBG : LoRa PHY  ] src.prefix: 2
main-DEBUG-  2021-07-27 20:47:08,865-[24: DBG : LoRa PHY  ] src addr: 02611B
main-DEBUG-  2021-07-27 20:47:08,866-[24: DBG : LoRa PHY  ] dest addr: 010000
main-DEBUG-  2021-07-27 20:47:08,867-[24: DBG : LoRa PHY  ] flags and command:06
main-DEBUG-  2021-07-27 20:47:08,869-[24: DBG : LoRa PHY  ] SN:01
main-DEBUG-  2021-07-27 20:47:08,871-[24: DBG : LoRa PHY  ] TO HEX frame: 02611B0100000601
main-DEBUG-  2021-07-27 20:47:08,872-[24: INFO: LoRa PHY  ] Write UART:radio tx 02611B0100000601
main-DEBUG-  2021-07-27 20:47:08,896-[24: INFO: LoRa PHY  ] UART response:ok
main-DEBUG-  2021-07-27 20:47:08,897-[24: DBG : LoRa PHY  ] compare response with:radio_tx_ok
main-DEBUG-  2021-07-27 20:47:08,901-[24: DBG : LoRa PHY  ] compare response with:radio_err
main-ERROR-  2021-07-27 20:47:09,310-
 Type:<class 'KeyboardInterrupt'>
 Value:
 Traceback:<traceback object at 0x7fe4d58e8d40>
NoneType: None
