'lora_mac-INFO-  2021-07-26 20:10:46,640-Init MAC'
'lora_phy-INFO-  2021-07-26 20:10:46,641-Init PHY'
'lora_phy-DEBUG-  2021-07-26 20:10:46,642-append UartFrame(expected_response=[<UartResponse.U_INT: '4294967245'>], data='', cmd=<UartCommand.MAC_PAUSE: 'mac pause'>) to tx_buf'
'lora_phy-DEBUG-  2021-07-26 20:10:46,643-append UartFrame(expected_response=[<UartResponse.OK: 'ok'>], data='868100000', cmd=<UartCommand.SET_FREQ: 'radio set freq '>) to tx_buf'
'lora_phy-INFO-  2021-07-26 20:10:46,643-Send UART data:UartFrame(expected_response=[<UartResponse.U_INT: '4294967245'>], data='', cmd=<UartCommand.MAC_PAUSE: 'mac pause'>)'
'lora_phy-DEBUG-  2021-07-26 20:10:46,643-append UartFrame(expected_response=[<UartResponse.OK: 'ok'>], data='0', cmd=<UartCommand.SET_WDT: 'radio set wdt '>) to tx_buf'
'lora_phy-DEBUG-  2021-07-26 20:10:46,644-append UartFrame(expected_response=[<UartResponse.RADIO_ERR: 'radio_err'>, <UartResponse.RADIO_RX: 'radio_rx'>], data='0', cmd=<UartCommand.RX: 'radio rx '>) to tx_buf'
'lora_phy-INFO-  2021-07-26 20:10:46,657-process uart response: 4294967245'
'lora_phy-INFO-  2021-07-26 20:10:46,658-Send UART data:UartFrame(expected_response=[<UartResponse.OK: 'ok'>], data='868100000', cmd=<UartCommand.SET_FREQ: 'radio set freq '>)'
'lora_phy-INFO-  2021-07-26 20:10:46,672-process uart response: ok'
'lora_phy-INFO-  2021-07-26 20:10:46,673-Send UART data:UartFrame(expected_response=[<UartResponse.OK: 'ok'>], data='0', cmd=<UartCommand.SET_WDT: 'radio set wdt '>)'
'lora_phy-INFO-  2021-07-26 20:10:46,679-process uart response: ok'
'lora_phy-INFO-  2021-07-26 20:10:46,680-Send UART data:UartFrame(expected_response=[<UartResponse.RADIO_ERR: 'radio_err'>, <UartResponse.RADIO_RX: 'radio_rx'>], data='0', cmd=<UartCommand.RX: 'radio rx '>)'
'lora_phy-INFO-  2021-07-26 20:10:46,687-process uart response: ok'
'lora_phy-DEBUG-  2021-07-26 20:10:46,687-unexpected response'
'main-DEBUG-  2021-07-26 20:10:49,760-[13: INFO: Interface ] Button pushed'
'main-DEBUG-  2021-07-26 20:10:49,761-[13: INFO: LoRa MAC  ] Init LoRa MAC'
'main-DEBUG-  2021-07-26 20:10:49,763-[13: INFO: LoRa MAC  ] Node ID: 24859'
'main-DEBUG-  2021-07-26 20:10:49,766-[13: INFO: LoRa MAC  ] New Link-layer address: 5f75.6d6f.6e73.611b[13: INFO: LoRa MAC  ]'
'main-DEBUG-  2021-07-26 20:10:49,768-[13: DBG : LoRa MAC  ] initial state: 0'
'main-DEBUG-  2021-07-26 20:10:49,781-[13: INFO: LoRa PHY  ] Init LoRa PHY'
'main-DEBUG-  2021-07-26 20:10:49,781-[13: DBG : LoRa PHY  ] enter UART_TX'
'main-DEBUG-  2021-07-26 20:10:49,783-[13: DBG : LoRa PHY  ] append { cmd:mac pause resp: [4294967245, none] }[13: DBG : LoRa PHY  ]  to UART TX buffer'
'main-DEBUG-  2021-07-26 20:10:49,783-[13: DBG : LoRa PHY  ] enter UART_TX'
'main-DEBUG-  2021-07-26 20:10:49,804-[13: DBG : LoRa PHY  ] append { cmd:radio set freq  resp: [ok, none] }[13: DBG : LoRa PHY  ]  to UART TX buffer'
'main-DEBUG-  2021-07-26 20:10:49,805-[13: DBG : LoRa PHY  ] enter UART_TX'
'main-DEBUG-  2021-07-26 20:10:49,806-[13: DBG : LoRa PHY  ] append { cmd:radio set wdt  resp: [ok, none] }[13: DBG : LoRa PHY  ]  to UART TX buffer'
'main-DEBUG-  2021-07-26 20:10:49,826-[13: DBG : LoRa PHY  ] enter UART_TX'
'main-DEBUG-  2021-07-26 20:10:49,827-[13: DBG : LoRa PHY  ] append { cmd:radio tx  resp: [radio_tx_ok, radio_err] }[13: DBG : LoRa PHY  ]  to UART TX buffer'
'main-DEBUG-  2021-07-26 20:10:49,829-[13: DBG : LoRa PHY  ] enter UART_TX'
'main-DEBUG-  2021-07-26 20:10:49,848-[13: DBG : LoRa PHY  ] append { cmd:radio set wdt  resp: [ok, none] }[13: DBG : LoRa PHY  ]  to UART TX buffer'
'main-DEBUG-  2021-07-26 20:10:49,850-[13: DBG : LoRa PHY  ] enter UART_TX'
'main-DEBUG-  2021-07-26 20:10:49,854-[13: DBG : LoRa PHY  ] append { cmd:radio rx  resp: [radio_err, radio_rx] }[13: DBG : LoRa PHY  ]  to UART TX buffer'
'main-DEBUG-  2021-07-26 20:10:49,856-[13: DBG : LoRa MAC  ] SET retransmit timer'
'main-DEBUG-  2021-07-26 20:10:49,857-[13: DBG : LoRa MAC  ] initialization complete'
'main-DEBUG-  2021-07-26 20:10:49,859-[13: INFO: LoRa PHY  ] Write UART:mac pause'
'main-DEBUG-  2021-07-26 20:10:49,885-[13: INFO: LoRa PHY  ] UART response:4294967245'
'main-DEBUG-  2021-07-26 20:10:49,886-[13: DBG : LoRa PHY  ] compare response with:4294967245'
'main-DEBUG-  2021-07-26 20:10:49,887-[13: DBG : LoRa PHY  ]  expected !'
'main-DEBUG-  2021-07-26 20:10:49,887-[13: INFO: LoRa PHY  ] Write UART:radio set freq 868100000'
'main-DEBUG-  2021-07-26 20:10:49,913-[13: INFO: LoRa PHY  ] UART response:ok'
'main-DEBUG-  2021-07-26 20:10:49,914-[13: DBG : LoRa PHY  ] compare response with:ok'
'main-DEBUG-  2021-07-26 20:10:49,914-[13: DBG : LoRa PHY  ]  expected !'
'main-DEBUG-  2021-07-26 20:10:49,915-[13: INFO: LoRa PHY  ] Write UART:radio set wdt 0'
'main-DEBUG-  2021-07-26 20:10:49,940-[13: INFO: LoRa PHY  ] UART response:ok'
'main-DEBUG-  2021-07-26 20:10:49,941-[13: DBG : LoRa PHY  ] compare response with:ok'
'main-DEBUG-  2021-07-26 20:10:49,941-[13: DBG : LoRa PHY  ]  expected !'
'main-DEBUG-  2021-07-26 20:10:49,942-[14: DBG : LoRa PHY  ] to frame receive: {src:27:24859 dest:1:0 k:0 seq:0 next:0 cmd:0 data:'
'main-DEBUG-  2021-07-26 20:10:49,942-[14: DBG : LoRa PHY  ]'
'main-DEBUG-  2021-07-26 20:10:49,963-[14: DBG : LoRa PHY  ] src.prefix: 27'
'main-DEBUG-  2021-07-26 20:10:49,965-[14: DBG : LoRa PHY  ] src addr: 1B611B'
'main-DEBUG-  2021-07-26 20:10:49,965-[14: DBG : LoRa PHY  ] dest addr: 010000'
'main-DEBUG-  2021-07-26 20:10:49,966-[14: DBG : LoRa PHY  ] flags and command:00'
'main-DEBUG-  2021-07-26 20:10:49,966-[14: DBG : LoRa PHY  ] SN:00'
'main-DEBUG-  2021-07-26 20:10:49,968-[14: DBG : LoRa PHY  ] TO HEX frame: 1B611B0100000000'
'main-DEBUG-  2021-07-26 20:10:49,969-[14: INFO: LoRa PHY  ] Write UART:radio tx 1B611B0100000000'
'main-DEBUG-  2021-07-26 20:10:49,990-[14: INFO: LoRa PHY  ] UART response:ok'
'main-DEBUG-  2021-07-26 20:10:49,991-[14: DBG : LoRa PHY  ] compare response with:radio_tx_ok'
'main-DEBUG-  2021-07-26 20:10:49,992-[14: DBG : LoRa PHY  ] compare response with:radio_err'
'main-DEBUG-  2021-07-26 20:10:50,988-[15: INFO: LoRa PHY  ] UART response:radio_tx_ok'
'main-DEBUG-  2021-07-26 20:10:50,991-[15: DBG : LoRa PHY  ] compare response with:radio_tx_ok'
'main-DEBUG-  2021-07-26 20:10:50,992-[15: DBG : LoRa PHY  ]  expected !'
'main-DEBUG-  2021-07-26 20:10:50,994-[15: INFO: LoRa PHY  ] Write UART:radio set wdt 3000'
'lora_phy-INFO-  2021-07-26 20:10:51,002-process uart response: radio_rx  1B611B0100000000'
'lora_phy-DEBUG-  2021-07-26 20:10:51,002-build frame receive data: 1B611B0100000000'
'lora_mac-DEBUG-  2021-07-26 20:10:51,002-MAC RX: LoraFrame(src_addr=LoraAddr(prefix=27, node_id=24859), dest_addr=LoraAddr(prefix=1, node_id=0), command=<MacCommand.JOIN: 0>, payload='', seq=0, k=False, has_next=False)'
'lora_mac-DEBUG-  2021-07-26 20:10:51,003-look child with prefix: 27'
'lora_mac-DEBUG-  2021-07-26 20:10:51,003-child is: None'
'lora_mac-INFO-  2021-07-26 20:10:51,003-reveive join frame LoraFrame(src_addr=LoraAddr(prefix=27, node_id=24859), dest_addr=LoraAddr(prefix=1, node_id=0), command=<MacCommand.JOIN: 0>, payload='', seq=0, k=False, has_next=False)'
'main-DEBUG-  2021-07-26 20:10:51,011-[15: INFO: LoRa PHY  ] UART response:ok'
'main-DEBUG-  2021-07-26 20:10:51,011-[15: DBG : LoRa PHY  ] compare response with:ok'
'main-DEBUG-  2021-07-26 20:10:51,012-[15: DBG : LoRa PHY  ]  expected !'
'main-DEBUG-  2021-07-26 20:10:51,013-[15: INFO: LoRa PHY  ] Write UART:radio rx 0'
'main-DEBUG-  2021-07-26 20:10:51,029-[15: INFO: LoRa PHY  ] UART response:ok'
'main-DEBUG-  2021-07-26 20:10:51,030-[15: DBG : LoRa PHY  ] compare response with:radio_err'
'main-DEBUG-  2021-07-26 20:10:51,030-[15: DBG : LoRa PHY  ] compare response with:radio_rx'
'main-DEBUG-  2021-07-26 20:10:54,030-[18: INFO: LoRa PHY  ] UART response:radio_err'
'main-DEBUG-  2021-07-26 20:10:54,032-[18: DBG : LoRa PHY  ] compare response with:radio_err'
'main-DEBUG-  2021-07-26 20:10:54,034-[18: DBG : LoRa PHY  ]  expected !'
'main-DEBUG-  2021-07-26 20:10:54,868-[18: INFO: LoRa MAC  ] retransmit timeout !'
'main-DEBUG-  2021-07-26 20:10:54,870-[18: ERR : LoRa MAC  ] STOP retransmit timer thanks to retransmit_timeout'
'main-DEBUG-  2021-07-26 20:10:54,873-[18: DBG : LoRa MAC  ] retransmit frame: {src:27:24859 dest:1:0 k:0 seq:0 next:0 cmd:0 data:'
'main-DEBUG-  2021-07-26 20:10:54,891-[18: DBG : LoRa PHY  ] enter UART_TX'
'main-DEBUG-  2021-07-26 20:10:54,892-[18: DBG : LoRa PHY  ] append { cmd:radio set wdt  resp: [ok, none] }[18: DBG : LoRa PHY  ]  to UART TX buffer'
'main-DEBUG-  2021-07-26 20:10:54,893-[18: DBG : LoRa PHY  ] enter UART_TX'
'main-DEBUG-  2021-07-26 20:10:54,913-[18: DBG : LoRa PHY  ] append { cmd:radio tx  resp: [radio_tx_ok, radio_err] }[18: DBG : LoRa PHY  ]  to UART TX buffer'
'main-DEBUG-  2021-07-26 20:10:54,914-[18: ERR : LoRa MAC  ] RESTART retransmit timer because a frame was retransmit'
'main-DEBUG-  2021-07-26 20:10:54,915-[18: DBG : LoRa PHY  ] enter UART_TX'
'main-DEBUG-  2021-07-26 20:10:54,931-[18: DBG : LoRa PHY  ] append { cmd:radio set wdt  resp: [ok, none] }[18: DBG : LoRa PHY  ]  to UART TX buffer'
'main-DEBUG-  2021-07-26 20:10:54,931-[18: DBG : LoRa PHY  ] enter UART_TX'
'main-DEBUG-  2021-07-26 20:10:54,932-[18: DBG : LoRa PHY  ] append { cmd:radio rx  resp: [radio_err, radio_rx] }[18: DBG : LoRa PHY  ]  to UART TX buffer'
'main-DEBUG-  2021-07-26 20:10:54,933-[18: INFO: LoRa PHY  ] Write UART:radio set wdt 0'
'main-DEBUG-  2021-07-26 20:10:54,958-[19: INFO: LoRa PHY  ] UART response:ok'
'main-DEBUG-  2021-07-26 20:10:54,958-[19: DBG : LoRa PHY  ] compare response with:ok'
'main-DEBUG-  2021-07-26 20:10:54,960-[19: DBG : LoRa PHY  ]  expected !'
'main-DEBUG-  2021-07-26 20:10:54,962-[19: DBG : LoRa PHY  ] to frame receive: {src:27:24859 dest:1:0 k:0 seq:0 next:0 cmd:0 data:'
'main-DEBUG-  2021-07-26 20:10:54,962-[19: DBG : LoRa PHY  ]'
'main-DEBUG-  2021-07-26 20:10:54,980-[19: DBG : LoRa PHY  ] src.prefix: 27'
'main-DEBUG-  2021-07-26 20:10:54,981-[19: DBG : LoRa PHY  ] src addr: 1B611B'
'main-DEBUG-  2021-07-26 20:10:54,982-[19: DBG : LoRa PHY  ] dest addr: 010000'
'main-DEBUG-  2021-07-26 20:10:54,984-[19: DBG : LoRa PHY  ] flags and command:00'
'main-DEBUG-  2021-07-26 20:10:54,985-[19: DBG : LoRa PHY  ] SN:00'
'main-DEBUG-  2021-07-26 20:10:54,986-[19: DBG : LoRa PHY  ] TO HEX frame: 1B611B0100000000'
'main-DEBUG-  2021-07-26 20:10:54,987-[19: INFO: LoRa PHY  ] Write UART:radio tx 1B611B0100000000'
'main-DEBUG-  2021-07-26 20:10:55,008-[19: INFO: LoRa PHY  ] UART response:ok'
'main-DEBUG-  2021-07-26 20:10:55,009-[19: DBG : LoRa PHY  ] compare response with:radio_tx_ok'
'main-DEBUG-  2021-07-26 20:10:55,011-[19: DBG : LoRa PHY  ] compare response with:radio_err'
