lora_ip-INFO-  2021-08-08 19:12:41,883-Init IP layer
lora_mac-INFO-  2021-08-08 19:12:41,883-Init MAC
lora_phy-INFO-  2021-08-08 19:12:41,883-Init PHY
lora_phy-INFO-  2021-08-08 19:12:41,886-PHY TX:mac pause
lora_phy-INFO-  2021-08-08 19:12:41,887-MAC set watchdog timer to 0 ms
lora_phy-INFO-  2021-08-08 19:12:41,887-MAC switch to reception mode
lora_phy-INFO-  2021-08-08 19:12:41,900-PHY TX:radio set freq 868100000
lora_phy-INFO-  2021-08-08 19:12:41,914-PHY TX:radio set wdt 0
lora_phy-INFO-  2021-08-08 19:12:41,921-PHY TX:radio rx 0
lora_phy-INFO-  2021-08-08 19:12:51,749-PHY RX:1B611B0100000000
lora_mac-INFO-  2021-08-08 19:12:51,749-MAC RX: LoraFrame(src_addr=LoraAddr(prefix=27, node_id=24859), dest_addr=LoraAddr(prefix=1, node_id=0), command=<MacCommand.JOIN: 0>, payload='', seq=0, k=False, has_next=False)
lora_phy-INFO-  2021-08-08 19:12:51,749-MAC send:LoraFrame(src_addr=LoraAddr(prefix=1, node_id=0), dest_addr=LoraAddr(prefix=27, node_id=24859), command=<MacCommand.JOIN_RESPONSE: 1>, payload='02', seq=0, k=False, has_next=False)
lora_phy-INFO-  2021-08-08 19:12:51,750-MAC switch to reception mode
lora_phy-INFO-  2021-08-08 19:12:51,750-PHY TX:radio tx 0100001B611B010002
lora_phy-INFO-  2021-08-08 19:12:52,755-PHY TX:radio rx 0
lora_phy-INFO-  2021-08-08 19:12:56,192-PHY RX:02611B010000820160000000000E1140223D162E000E4F9C50494E472030
lora_mac-INFO-  2021-08-08 19:12:56,193-MAC RX: LoraFrame(src_addr=LoraAddr(prefix=2, node_id=24859), dest_addr=LoraAddr(prefix=1, node_id=0), command=<MacCommand.DATA: 2>, payload='60000000000E1140223D162E000E4F9C50494E472030', seq=1, k=True, has_next=False)
lora_mac-WARNING-  2021-08-08 19:12:56,193-Loss of 1 frames
lora_phy-INFO-  2021-08-08 19:12:56,193-MAC send:LoraFrame(src_addr=LoraAddr(prefix=1, node_id=0), dest_addr=LoraAddr(prefix=2, node_id=24859), command=<MacCommand.ACK: 3>, payload='', seq=1, k=False, has_next=False)
lora_ip-INFO-  2021-08-08 19:12:56,194-IP RX: 60000000000E1140223D162E000E4F9C50494E472030 from: 2:24859
lora_phy-INFO-  2021-08-08 19:12:56,194-PHY TX:radio tx 01000002611B0301
lora_phy-INFO-  2021-08-08 19:12:56,197-MAC switch to reception mode
lora_mac-INFO-  2021-08-08 19:12:56,201-IP send 60000000000E1140162E223D000E0742504F4E472030 to: 2:24859
lora_phy-INFO-  2021-08-08 19:12:57,200-PHY TX:radio rx 0
lora_phy-INFO-  2021-08-08 19:13:03,910-PHY RX:02611B0100000402
lora_mac-INFO-  2021-08-08 19:13:03,911-MAC RX: LoraFrame(src_addr=LoraAddr(prefix=2, node_id=24859), dest_addr=LoraAddr(prefix=1, node_id=0), command=<MacCommand.QUERY: 4>, payload='', seq=2, k=False, has_next=False)
lora_phy-INFO-  2021-08-08 19:13:03,911-MAC send:LoraFrame(src_addr=LoraAddr(prefix=1, node_id=0), dest_addr=LoraAddr(prefix=2, node_id=24859), command=<MacCommand.DATA: 2>, payload='60000000000E1140162E223D000E0742504F4E472030', seq=1, k=False, has_next=False)
lora_phy-INFO-  2021-08-08 19:13:03,911-PHY TX:radio tx 01000002611B020160000000000E1140162E223D000E0742504F4E472030
lora_phy-INFO-  2021-08-08 19:13:04,912-MAC switch to reception mode
lora_phy-INFO-  2021-08-08 19:13:05,582-PHY TX:radio rx 0
lora_phy-INFO-  2021-08-08 19:13:07,687-PHY RX:02611B010000820360000000000E1140223D162E000E074750494E472031
lora_mac-INFO-  2021-08-08 19:13:07,687-MAC RX: LoraFrame(src_addr=LoraAddr(prefix=2, node_id=24859), dest_addr=LoraAddr(prefix=1, node_id=0), command=<MacCommand.DATA: 2>, payload='60000000000E1140223D162E000E074750494E472031', seq=3, k=True, has_next=False)
lora_phy-INFO-  2021-08-08 19:13:07,688-MAC send:LoraFrame(src_addr=LoraAddr(prefix=1, node_id=0), dest_addr=LoraAddr(prefix=2, node_id=24859), command=<MacCommand.ACK: 3>, payload='', seq=3, k=False, has_next=False)
lora_ip-INFO-  2021-08-08 19:13:07,688-IP RX: 60000000000E1140223D162E000E074750494E472031 from: 2:24859
lora_phy-INFO-  2021-08-08 19:13:07,691-PHY TX:radio tx 01000002611B0303
lora_phy-INFO-  2021-08-08 19:13:07,692-MAC switch to reception mode
lora_mac-INFO-  2021-08-08 19:13:07,694-IP send 60000000000E1140162E223D000E0741504F4E472031 to: 2:24859
lora_phy-INFO-  2021-08-08 19:13:08,695-PHY TX:radio rx 0
lora_phy-INFO-  2021-08-08 19:13:16,747-PHY RX:02611B0100000404
lora_mac-INFO-  2021-08-08 19:13:16,748-MAC RX: LoraFrame(src_addr=LoraAddr(prefix=2, node_id=24859), dest_addr=LoraAddr(prefix=1, node_id=0), command=<MacCommand.QUERY: 4>, payload='', seq=4, k=False, has_next=False)
lora_phy-INFO-  2021-08-08 19:13:16,749-MAC send:LoraFrame(src_addr=LoraAddr(prefix=1, node_id=0), dest_addr=LoraAddr(prefix=2, node_id=24859), command=<MacCommand.DATA: 2>, payload='60000000000E1140162E223D000E0741504F4E472031', seq=2, k=False, has_next=False)
lora_phy-INFO-  2021-08-08 19:13:16,749-PHY TX:radio tx 01000002611B020260000000000E1140162E223D000E0741504F4E472031
lora_phy-INFO-  2021-08-08 19:13:17,749-MAC switch to reception mode
lora_phy-INFO-  2021-08-08 19:13:18,420-PHY TX:radio rx 0
lora_phy-INFO-  2021-08-08 19:13:20,524-PHY RX:02611B010000820560000000000E1140223D162E000E074750494E472031
lora_mac-INFO-  2021-08-08 19:13:20,525-MAC RX: LoraFrame(src_addr=LoraAddr(prefix=2, node_id=24859), dest_addr=LoraAddr(prefix=1, node_id=0), command=<MacCommand.DATA: 2>, payload='60000000000E1140223D162E000E074750494E472031', seq=5, k=True, has_next=False)
lora_phy-INFO-  2021-08-08 19:13:20,525-MAC send:LoraFrame(src_addr=LoraAddr(prefix=1, node_id=0), dest_addr=LoraAddr(prefix=2, node_id=24859), command=<MacCommand.ACK: 3>, payload='', seq=5, k=False, has_next=False)
lora_ip-INFO-  2021-08-08 19:13:20,525-IP RX: 60000000000E1140223D162E000E074750494E472031 from: 2:24859
lora_phy-INFO-  2021-08-08 19:13:20,527-PHY TX:radio tx 01000002611B0305
lora_phy-INFO-  2021-08-08 19:13:20,527-MAC switch to reception mode
lora_mac-INFO-  2021-08-08 19:13:20,530-IP send 60000000000E1140162E223D000E0740504F4E472032 to: 2:24859
lora_phy-INFO-  2021-08-08 19:13:21,531-PHY TX:radio rx 0
lora_phy-INFO-  2021-08-08 19:13:29,590-PHY RX:02611B0100000406
lora_mac-INFO-  2021-08-08 19:13:29,590-MAC RX: LoraFrame(src_addr=LoraAddr(prefix=2, node_id=24859), dest_addr=LoraAddr(prefix=1, node_id=0), command=<MacCommand.QUERY: 4>, payload='', seq=6, k=False, has_next=False)
lora_phy-INFO-  2021-08-08 19:13:29,591-MAC send:LoraFrame(src_addr=LoraAddr(prefix=1, node_id=0), dest_addr=LoraAddr(prefix=2, node_id=24859), command=<MacCommand.DATA: 2>, payload='60000000000E1140162E223D000E0740504F4E472032', seq=3, k=False, has_next=False)
lora_phy-INFO-  2021-08-08 19:13:29,591-PHY TX:radio tx 01000002611B020360000000000E1140162E223D000E0740504F4E472032
lora_phy-INFO-  2021-08-08 19:13:30,591-MAC switch to reception mode
lora_phy-INFO-  2021-08-08 19:13:31,262-PHY TX:radio rx 0
lora_phy-INFO-  2021-08-08 19:13:33,366-PHY RX:02611B010000820760000000000E1140223D162E000E074750494E472031
lora_mac-INFO-  2021-08-08 19:13:33,366-MAC RX: LoraFrame(src_addr=LoraAddr(prefix=2, node_id=24859), dest_addr=LoraAddr(prefix=1, node_id=0), command=<MacCommand.DATA: 2>, payload='60000000000E1140223D162E000E074750494E472031', seq=7, k=True, has_next=False)
lora_phy-INFO-  2021-08-08 19:13:33,366-MAC send:LoraFrame(src_addr=LoraAddr(prefix=1, node_id=0), dest_addr=LoraAddr(prefix=2, node_id=24859), command=<MacCommand.ACK: 3>, payload='', seq=7, k=False, has_next=False)
lora_ip-INFO-  2021-08-08 19:13:33,367-IP RX: 60000000000E1140223D162E000E074750494E472031 from: 2:24859
lora_phy-INFO-  2021-08-08 19:13:33,367-PHY TX:radio tx 01000002611B0307
lora_phy-INFO-  2021-08-08 19:13:33,369-MAC switch to reception mode
lora_mac-INFO-  2021-08-08 19:13:33,374-IP send 60000000000E1140162E223D000E073F504F4E472033 to: 2:24859
lora_phy-INFO-  2021-08-08 19:13:34,372-PHY TX:radio rx 0
lora_phy-INFO-  2021-08-08 19:13:42,426-PHY RX:02611B0100000408
lora_mac-INFO-  2021-08-08 19:13:42,426-MAC RX: LoraFrame(src_addr=LoraAddr(prefix=2, node_id=24859), dest_addr=LoraAddr(prefix=1, node_id=0), command=<MacCommand.QUERY: 4>, payload='', seq=8, k=False, has_next=False)
lora_phy-INFO-  2021-08-08 19:13:42,427-MAC send:LoraFrame(src_addr=LoraAddr(prefix=1, node_id=0), dest_addr=LoraAddr(prefix=2, node_id=24859), command=<MacCommand.DATA: 2>, payload='60000000000E1140162E223D000E073F504F4E472033', seq=4, k=False, has_next=False)
lora_phy-INFO-  2021-08-08 19:13:42,427-PHY TX:radio tx 01000002611B020460000000000E1140162E223D000E073F504F4E472033
lora_phy-INFO-  2021-08-08 19:13:43,427-MAC switch to reception mode
lora_phy-INFO-  2021-08-08 19:13:44,097-PHY TX:radio rx 0
lora_phy-INFO-  2021-08-08 19:13:46,201-PHY RX:02611B010000820960000000000E1140223D162E000E074750494E472031
lora_mac-INFO-  2021-08-08 19:13:46,202-MAC RX: LoraFrame(src_addr=LoraAddr(prefix=2, node_id=24859), dest_addr=LoraAddr(prefix=1, node_id=0), command=<MacCommand.DATA: 2>, payload='60000000000E1140223D162E000E074750494E472031', seq=9, k=True, has_next=False)
lora_phy-INFO-  2021-08-08 19:13:46,202-MAC send:LoraFrame(src_addr=LoraAddr(prefix=1, node_id=0), dest_addr=LoraAddr(prefix=2, node_id=24859), command=<MacCommand.ACK: 3>, payload='', seq=9, k=False, has_next=False)
lora_ip-INFO-  2021-08-08 19:13:46,202-IP RX: 60000000000E1140223D162E000E074750494E472031 from: 2:24859
lora_phy-INFO-  2021-08-08 19:13:46,204-MAC switch to reception mode
lora_phy-INFO-  2021-08-08 19:13:46,206-PHY TX:radio tx 01000002611B0309
lora_mac-INFO-  2021-08-08 19:13:46,207-IP send 60000000000E1140162E223D000E073E504F4E472034 to: 2:24859
lora_phy-INFO-  2021-08-08 19:13:47,211-PHY TX:radio rx 0
