lora_ip-INFO-  2021-08-14 19:43:04,024-Init IP layer
lora_mac-INFO-  2021-08-14 19:43:04,024-Init MAC
lora_phy-INFO-  2021-08-14 19:43:04,024-Init PHY
lora_phy-INFO-  2021-08-14 19:43:04,026-Radio configuration: {'txBufSize': 10, 'rxBufSize': 10, 'port': '/dev/ttyUSB0', 'baudrate': '57600', 'frequence': '868100000', 'bandwidth': '125', 'cr': '4/5', 'pwr': '1', 'sf': 'sf12'}
lora_phy-INFO-  2021-08-14 19:43:04,026-PHY TX:mac pause
lora_phy-INFO-  2021-08-14 19:43:04,027-MAC set watchdog timer to 0 ms
lora_phy-INFO-  2021-08-14 19:43:04,027-MAC switch to reception mode
lora_phy-INFO-  2021-08-14 19:43:04,040-PHY TX:radio set mod lora
lora_phy-INFO-  2021-08-14 19:43:04,046-PHY TX:radio set freq 868100000
lora_phy-INFO-  2021-08-14 19:43:04,061-PHY TX:radio set bw 125
lora_phy-INFO-  2021-08-14 19:43:04,067-PHY TX:radio set cr 4/5
lora_phy-INFO-  2021-08-14 19:43:04,073-PHY TX:radio set pwr 1
lora_phy-INFO-  2021-08-14 19:43:04,079-PHY TX:radio set sf sf12
lora_phy-INFO-  2021-08-14 19:43:04,085-PHY TX:radio set wdt 0
lora_phy-INFO-  2021-08-14 19:43:04,092-PHY TX:radio rx 0
lora_phy-INFO-  2021-08-14 19:43:22,548-PHY RX:1B611B0100000000
lora_mac-INFO-  2021-08-14 19:43:22,548-MAC RX: LoraFrame(src_addr=LoraAddr(prefix=27, node_id=24859), dest_addr=LoraAddr(prefix=1, node_id=0), command=<MacCommand.JOIN: 0>, payload='', seq=0, k=False, has_next=False)
lora_phy-INFO-  2021-08-14 19:43:22,549-MAC send:LoraFrame(src_addr=LoraAddr(prefix=1, node_id=0), dest_addr=LoraAddr(prefix=27, node_id=24859), command=<MacCommand.JOIN_RESPONSE: 1>, payload='02', seq=0, k=False, has_next=False)
lora_phy-INFO-  2021-08-14 19:43:22,549-MAC switch to reception mode
lora_phy-INFO-  2021-08-14 19:43:22,550-PHY TX:radio tx 0100001B611B010002
lora_phy-INFO-  2021-08-14 19:43:23,554-PHY TX:radio rx 0
lora_phy-INFO-  2021-08-14 19:43:25,513-PHY RX:02611B010000820160000000000E1140223D162E000E4F9C50494E472030
lora_mac-INFO-  2021-08-14 19:43:25,514-MAC RX: LoraFrame(src_addr=LoraAddr(prefix=2, node_id=24859), dest_addr=LoraAddr(prefix=1, node_id=0), command=<MacCommand.DATA: 2>, payload='60000000000E1140223D162E000E4F9C50494E472030', seq=1, k=True, has_next=False)
lora_mac-WARNING-  2021-08-14 19:43:25,514-Loss of 1 frames
lora_phy-INFO-  2021-08-14 19:43:25,514-MAC send:LoraFrame(src_addr=LoraAddr(prefix=1, node_id=0), dest_addr=LoraAddr(prefix=2, node_id=24859), command=<MacCommand.ACK: 3>, payload='', seq=1, k=False, has_next=False)
lora_ip-INFO-  2021-08-14 19:43:25,514-IP RX: 60000000000E1140223D162E000E4F9C50494E472030 from: 2:24859
lora_phy-INFO-  2021-08-14 19:43:25,514-PHY TX:radio tx 01000002611B0301
lora_phy-INFO-  2021-08-14 19:43:25,516-MAC switch to reception mode
lora_mac-INFO-  2021-08-14 19:43:25,520-IP send 60000000000E1140162E223D000E0742504F4E472030 to: 2:24859
lora_phy-INFO-  2021-08-14 19:43:26,520-PHY TX:radio rx 0
lora_phy-INFO-  2021-08-14 19:43:54,640-PHY RX:02611B0100000402
lora_mac-INFO-  2021-08-14 19:43:54,641-MAC RX: LoraFrame(src_addr=LoraAddr(prefix=2, node_id=24859), dest_addr=LoraAddr(prefix=1, node_id=0), command=<MacCommand.QUERY: 4>, payload='', seq=2, k=False, has_next=False)
lora_phy-INFO-  2021-08-14 19:43:54,641-MAC send:LoraFrame(src_addr=LoraAddr(prefix=1, node_id=0), dest_addr=LoraAddr(prefix=2, node_id=24859), command=<MacCommand.DATA: 2>, payload='60000000000E1140162E223D000E0742504F4E472030', seq=1, k=False, has_next=False)
lora_phy-INFO-  2021-08-14 19:43:54,642-MAC switch to reception mode
lora_phy-INFO-  2021-08-14 19:43:54,642-PHY TX:radio tx 01000002611B020160000000000E1140162E223D000E0742504F4E472030
lora_phy-INFO-  2021-08-14 19:43:56,312-PHY TX:radio rx 0
lora_phy-INFO-  2021-08-14 19:43:57,999-PHY RX:02611B01000082036000000000091140223D162E0009761250
lora_mac-INFO-  2021-08-14 19:43:58,000-MAC RX: LoraFrame(src_addr=LoraAddr(prefix=2, node_id=24859), dest_addr=LoraAddr(prefix=1, node_id=0), command=<MacCommand.DATA: 2>, payload='6000000000091140223D162E0009761250', seq=3, k=True, has_next=False)
lora_phy-INFO-  2021-08-14 19:43:58,000-MAC send:LoraFrame(src_addr=LoraAddr(prefix=1, node_id=0), dest_addr=LoraAddr(prefix=2, node_id=24859), command=<MacCommand.ACK: 3>, payload='', seq=3, k=False, has_next=False)
lora_ip-INFO-  2021-08-14 19:43:58,000-IP RX: 6000000000091140223D162E0009761250 from: 2:24859
lora_phy-INFO-  2021-08-14 19:43:58,001-PHY TX:radio tx 01000002611B0303
lora_phy-INFO-  2021-08-14 19:43:58,004-MAC switch to reception mode
lora_mac-INFO-  2021-08-14 19:43:58,007-IP send 60000000000E1140162E223D000E0741504F4E472031 to: 2:24859
lora_phy-INFO-  2021-08-14 19:43:59,008-PHY TX:radio rx 0
lora_phy-INFO-  2021-08-14 19:44:27,414-PHY RX:02611B0100000404
lora_mac-INFO-  2021-08-14 19:44:27,415-MAC RX: LoraFrame(src_addr=LoraAddr(prefix=2, node_id=24859), dest_addr=LoraAddr(prefix=1, node_id=0), command=<MacCommand.QUERY: 4>, payload='', seq=4, k=False, has_next=False)
lora_phy-INFO-  2021-08-14 19:44:27,416-MAC send:LoraFrame(src_addr=LoraAddr(prefix=1, node_id=0), dest_addr=LoraAddr(prefix=2, node_id=24859), command=<MacCommand.DATA: 2>, payload='60000000000E1140162E223D000E0741504F4E472031', seq=2, k=False, has_next=False)
lora_phy-INFO-  2021-08-14 19:44:27,416-MAC switch to reception mode
lora_phy-INFO-  2021-08-14 19:44:27,416-PHY TX:radio tx 01000002611B020260000000000E1140162E223D000E0741504F4E472031
lora_phy-INFO-  2021-08-14 19:44:29,087-PHY TX:radio rx 0
lora_phy-INFO-  2021-08-14 19:44:30,773-PHY RX:02611B01000082056000000000091140223D162E0009761250
lora_mac-INFO-  2021-08-14 19:44:30,774-MAC RX: LoraFrame(src_addr=LoraAddr(prefix=2, node_id=24859), dest_addr=LoraAddr(prefix=1, node_id=0), command=<MacCommand.DATA: 2>, payload='6000000000091140223D162E0009761250', seq=5, k=True, has_next=False)
lora_phy-INFO-  2021-08-14 19:44:30,774-MAC send:LoraFrame(src_addr=LoraAddr(prefix=1, node_id=0), dest_addr=LoraAddr(prefix=2, node_id=24859), command=<MacCommand.ACK: 3>, payload='', seq=5, k=False, has_next=False)
lora_ip-INFO-  2021-08-14 19:44:30,775-IP RX: 6000000000091140223D162E0009761250 from: 2:24859
lora_phy-INFO-  2021-08-14 19:44:30,775-PHY TX:radio tx 01000002611B0305
lora_phy-INFO-  2021-08-14 19:44:30,778-MAC switch to reception mode
lora_mac-INFO-  2021-08-14 19:44:30,783-IP send 60000000000E1140162E223D000E0740504F4E472032 to: 2:24859
lora_phy-INFO-  2021-08-14 19:44:31,781-PHY TX:radio rx 0
lora_phy-INFO-  2021-08-14 19:45:00,187-PHY RX:02611B0100000406
lora_mac-INFO-  2021-08-14 19:45:00,188-MAC RX: LoraFrame(src_addr=LoraAddr(prefix=2, node_id=24859), dest_addr=LoraAddr(prefix=1, node_id=0), command=<MacCommand.QUERY: 4>, payload='', seq=6, k=False, has_next=False)
lora_phy-INFO-  2021-08-14 19:45:00,188-MAC send:LoraFrame(src_addr=LoraAddr(prefix=1, node_id=0), dest_addr=LoraAddr(prefix=2, node_id=24859), command=<MacCommand.DATA: 2>, payload='60000000000E1140162E223D000E0740504F4E472032', seq=3, k=False, has_next=False)
lora_phy-INFO-  2021-08-14 19:45:00,189-MAC switch to reception mode
lora_phy-INFO-  2021-08-14 19:45:00,189-PHY TX:radio tx 01000002611B020360000000000E1140162E223D000E0740504F4E472032
lora_phy-INFO-  2021-08-14 19:45:01,860-PHY TX:radio rx 0
lora_phy-INFO-  2021-08-14 19:45:03,547-PHY RX:02611B01000082076000000000091140223D162E0009761250
lora_mac-INFO-  2021-08-14 19:45:03,547-MAC RX: LoraFrame(src_addr=LoraAddr(prefix=2, node_id=24859), dest_addr=LoraAddr(prefix=1, node_id=0), command=<MacCommand.DATA: 2>, payload='6000000000091140223D162E0009761250', seq=7, k=True, has_next=False)
lora_phy-INFO-  2021-08-14 19:45:03,547-MAC send:LoraFrame(src_addr=LoraAddr(prefix=1, node_id=0), dest_addr=LoraAddr(prefix=2, node_id=24859), command=<MacCommand.ACK: 3>, payload='', seq=7, k=False, has_next=False)
lora_ip-INFO-  2021-08-14 19:45:03,548-IP RX: 6000000000091140223D162E0009761250 from: 2:24859
lora_phy-INFO-  2021-08-14 19:45:03,548-PHY TX:radio tx 01000002611B0307
lora_phy-INFO-  2021-08-14 19:45:03,549-MAC switch to reception mode
lora_mac-INFO-  2021-08-14 19:45:03,551-IP send 60000000000E1140162E223D000E073F504F4E472033 to: 2:24859
lora_phy-INFO-  2021-08-14 19:45:04,553-PHY TX:radio rx 0
lora_phy-INFO-  2021-08-14 19:45:32,962-PHY RX:02611B0100000408
lora_mac-INFO-  2021-08-14 19:45:32,963-MAC RX: LoraFrame(src_addr=LoraAddr(prefix=2, node_id=24859), dest_addr=LoraAddr(prefix=1, node_id=0), command=<MacCommand.QUERY: 4>, payload='', seq=8, k=False, has_next=False)
lora_phy-INFO-  2021-08-14 19:45:32,964-MAC send:LoraFrame(src_addr=LoraAddr(prefix=1, node_id=0), dest_addr=LoraAddr(prefix=2, node_id=24859), command=<MacCommand.DATA: 2>, payload='60000000000E1140162E223D000E073F504F4E472033', seq=4, k=False, has_next=False)
lora_phy-INFO-  2021-08-14 19:45:32,964-MAC switch to reception mode
lora_phy-INFO-  2021-08-14 19:45:32,964-PHY TX:radio tx 01000002611B020460000000000E1140162E223D000E073F504F4E472033
lora_phy-INFO-  2021-08-14 19:45:34,635-PHY TX:radio rx 0
lora_phy-INFO-  2021-08-14 19:45:36,323-PHY RX:02611B01000082096000000000091140223D162E0009761250
lora_mac-INFO-  2021-08-14 19:45:36,323-MAC RX: LoraFrame(src_addr=LoraAddr(prefix=2, node_id=24859), dest_addr=LoraAddr(prefix=1, node_id=0), command=<MacCommand.DATA: 2>, payload='6000000000091140223D162E0009761250', seq=9, k=True, has_next=False)
lora_phy-INFO-  2021-08-14 19:45:36,323-MAC send:LoraFrame(src_addr=LoraAddr(prefix=1, node_id=0), dest_addr=LoraAddr(prefix=2, node_id=24859), command=<MacCommand.ACK: 3>, payload='', seq=9, k=False, has_next=False)
lora_ip-INFO-  2021-08-14 19:45:36,324-IP RX: 6000000000091140223D162E0009761250 from: 2:24859
lora_phy-INFO-  2021-08-14 19:45:36,324-PHY TX:radio tx 01000002611B0309
lora_phy-INFO-  2021-08-14 19:45:36,327-MAC switch to reception mode
lora_mac-INFO-  2021-08-14 19:45:36,330-IP send 60000000000E1140162E223D000E073E504F4E472034 to: 2:24859
lora_phy-INFO-  2021-08-14 19:45:37,331-PHY TX:radio rx 0
lora_phy-INFO-  2021-08-14 19:46:05,735-PHY RX:02611B010000040A
lora_mac-INFO-  2021-08-14 19:46:05,735-MAC RX: LoraFrame(src_addr=LoraAddr(prefix=2, node_id=24859), dest_addr=LoraAddr(prefix=1, node_id=0), command=<MacCommand.QUERY: 4>, payload='', seq=10, k=False, has_next=False)
lora_phy-INFO-  2021-08-14 19:46:05,736-MAC send:LoraFrame(src_addr=LoraAddr(prefix=1, node_id=0), dest_addr=LoraAddr(prefix=2, node_id=24859), command=<MacCommand.DATA: 2>, payload='60000000000E1140162E223D000E073E504F4E472034', seq=5, k=False, has_next=False)
lora_phy-INFO-  2021-08-14 19:46:05,736-MAC switch to reception mode
lora_phy-INFO-  2021-08-14 19:46:05,736-PHY TX:radio tx 01000002611B020560000000000E1140162E223D000E073E504F4E472034
lora_phy-INFO-  2021-08-14 19:46:07,407-PHY TX:radio rx 0
lora_phy-INFO-  2021-08-14 19:46:09,095-PHY RX:02611B010000820B6000000000091140223D162E0009761250
lora_mac-INFO-  2021-08-14 19:46:09,095-MAC RX: LoraFrame(src_addr=LoraAddr(prefix=2, node_id=24859), dest_addr=LoraAddr(prefix=1, node_id=0), command=<MacCommand.DATA: 2>, payload='6000000000091140223D162E0009761250', seq=11, k=True, has_next=False)
lora_phy-INFO-  2021-08-14 19:46:09,095-MAC send:LoraFrame(src_addr=LoraAddr(prefix=1, node_id=0), dest_addr=LoraAddr(prefix=2, node_id=24859), command=<MacCommand.ACK: 3>, payload='', seq=11, k=False, has_next=False)
lora_ip-INFO-  2021-08-14 19:46:09,096-IP RX: 6000000000091140223D162E0009761250 from: 2:24859
lora_phy-INFO-  2021-08-14 19:46:09,096-PHY TX:radio tx 01000002611B030B
lora_phy-INFO-  2021-08-14 19:46:09,100-MAC switch to reception mode
lora_mac-INFO-  2021-08-14 19:46:09,105-IP send 60000000000E1140162E223D000E073D504F4E472035 to: 2:24859
lora_phy-INFO-  2021-08-14 19:46:10,104-PHY TX:radio rx 0
lora_phy-INFO-  2021-08-14 19:46:38,508-PHY RX:02611B010000040C
lora_mac-INFO-  2021-08-14 19:46:38,508-MAC RX: LoraFrame(src_addr=LoraAddr(prefix=2, node_id=24859), dest_addr=LoraAddr(prefix=1, node_id=0), command=<MacCommand.QUERY: 4>, payload='', seq=12, k=False, has_next=False)
lora_phy-INFO-  2021-08-14 19:46:38,509-MAC send:LoraFrame(src_addr=LoraAddr(prefix=1, node_id=0), dest_addr=LoraAddr(prefix=2, node_id=24859), command=<MacCommand.DATA: 2>, payload='60000000000E1140162E223D000E073D504F4E472035', seq=6, k=False, has_next=False)
lora_phy-INFO-  2021-08-14 19:46:38,509-MAC switch to reception mode
lora_phy-INFO-  2021-08-14 19:46:38,509-PHY TX:radio tx 01000002611B020660000000000E1140162E223D000E073D504F4E472035
lora_phy-INFO-  2021-08-14 19:46:40,179-PHY TX:radio rx 0
lora_phy-INFO-  2021-08-14 19:46:41,867-PHY RX:02611B010000820D6000000000091140223D162E0009761250
lora_mac-INFO-  2021-08-14 19:46:41,867-MAC RX: LoraFrame(src_addr=LoraAddr(prefix=2, node_id=24859), dest_addr=LoraAddr(prefix=1, node_id=0), command=<MacCommand.DATA: 2>, payload='6000000000091140223D162E0009761250', seq=13, k=True, has_next=False)
lora_phy-INFO-  2021-08-14 19:46:41,868-MAC send:LoraFrame(src_addr=LoraAddr(prefix=1, node_id=0), dest_addr=LoraAddr(prefix=2, node_id=24859), command=<MacCommand.ACK: 3>, payload='', seq=13, k=False, has_next=False)
lora_ip-INFO-  2021-08-14 19:46:41,868-IP RX: 6000000000091140223D162E0009761250 from: 2:24859
lora_phy-INFO-  2021-08-14 19:46:41,868-PHY TX:radio tx 01000002611B030D
lora_phy-INFO-  2021-08-14 19:46:41,870-MAC switch to reception mode
lora_mac-INFO-  2021-08-14 19:46:41,873-IP send 60000000000E1140162E223D000E073C504F4E472036 to: 2:24859
lora_phy-INFO-  2021-08-14 19:46:42,874-PHY TX:radio rx 0
lora_phy-INFO-  2021-08-14 19:47:11,282-PHY RX:02611B010000040E
lora_mac-INFO-  2021-08-14 19:47:11,286-MAC RX: LoraFrame(src_addr=LoraAddr(prefix=2, node_id=24859), dest_addr=LoraAddr(prefix=1, node_id=0), command=<MacCommand.QUERY: 4>, payload='', seq=14, k=False, has_next=False)
lora_phy-INFO-  2021-08-14 19:47:11,286-MAC send:LoraFrame(src_addr=LoraAddr(prefix=1, node_id=0), dest_addr=LoraAddr(prefix=2, node_id=24859), command=<MacCommand.DATA: 2>, payload='60000000000E1140162E223D000E073C504F4E472036', seq=7, k=False, has_next=False)
lora_phy-INFO-  2021-08-14 19:47:11,287-MAC switch to reception mode
lora_phy-INFO-  2021-08-14 19:47:11,287-PHY TX:radio tx 01000002611B020760000000000E1140162E223D000E073C504F4E472036
lora_phy-INFO-  2021-08-14 19:47:12,958-PHY TX:radio rx 0
lora_phy-INFO-  2021-08-14 19:47:14,646-PHY RX:02611B010000820F6000000000091140223D162E0009761250
lora_mac-INFO-  2021-08-14 19:47:14,646-MAC RX: LoraFrame(src_addr=LoraAddr(prefix=2, node_id=24859), dest_addr=LoraAddr(prefix=1, node_id=0), command=<MacCommand.DATA: 2>, payload='6000000000091140223D162E0009761250', seq=15, k=True, has_next=False)
lora_phy-INFO-  2021-08-14 19:47:14,646-MAC send:LoraFrame(src_addr=LoraAddr(prefix=1, node_id=0), dest_addr=LoraAddr(prefix=2, node_id=24859), command=<MacCommand.ACK: 3>, payload='', seq=15, k=False, has_next=False)
lora_ip-INFO-  2021-08-14 19:47:14,647-IP RX: 6000000000091140223D162E0009761250 from: 2:24859
lora_phy-INFO-  2021-08-14 19:47:14,647-PHY TX:radio tx 01000002611B030F
lora_phy-INFO-  2021-08-14 19:47:14,652-MAC switch to reception mode
lora_mac-INFO-  2021-08-14 19:47:14,654-IP send 60000000000E1140162E223D000E073B504F4E472037 to: 2:24859
lora_phy-INFO-  2021-08-14 19:47:15,655-PHY TX:radio rx 0
lora_phy-INFO-  2021-08-14 19:47:44,063-PHY RX:02611B0100000410
lora_mac-INFO-  2021-08-14 19:47:44,063-MAC RX: LoraFrame(src_addr=LoraAddr(prefix=2, node_id=24859), dest_addr=LoraAddr(prefix=1, node_id=0), command=<MacCommand.QUERY: 4>, payload='', seq=16, k=False, has_next=False)
lora_phy-INFO-  2021-08-14 19:47:44,064-MAC send:LoraFrame(src_addr=LoraAddr(prefix=1, node_id=0), dest_addr=LoraAddr(prefix=2, node_id=24859), command=<MacCommand.DATA: 2>, payload='60000000000E1140162E223D000E073B504F4E472037', seq=8, k=False, has_next=False)
lora_phy-INFO-  2021-08-14 19:47:44,064-MAC switch to reception mode
lora_phy-INFO-  2021-08-14 19:47:44,065-PHY TX:radio tx 01000002611B020860000000000E1140162E223D000E073B504F4E472037
lora_phy-INFO-  2021-08-14 19:47:45,735-PHY TX:radio rx 0
lora_phy-INFO-  2021-08-14 19:47:47,425-PHY RX:02611B01000082116000000000091140223D162E0009761250
lora_mac-INFO-  2021-08-14 19:47:47,425-MAC RX: LoraFrame(src_addr=LoraAddr(prefix=2, node_id=24859), dest_addr=LoraAddr(prefix=1, node_id=0), command=<MacCommand.DATA: 2>, payload='6000000000091140223D162E0009761250', seq=17, k=True, has_next=False)
lora_phy-INFO-  2021-08-14 19:47:47,425-MAC send:LoraFrame(src_addr=LoraAddr(prefix=1, node_id=0), dest_addr=LoraAddr(prefix=2, node_id=24859), command=<MacCommand.ACK: 3>, payload='', seq=17, k=False, has_next=False)
lora_ip-INFO-  2021-08-14 19:47:47,425-IP RX: 6000000000091140223D162E0009761250 from: 2:24859
lora_phy-INFO-  2021-08-14 19:47:47,427-PHY TX:radio tx 01000002611B0311
lora_phy-INFO-  2021-08-14 19:47:47,427-MAC switch to reception mode
lora_mac-INFO-  2021-08-14 19:47:47,431-IP send 60000000000E1140162E223D000E073A504F4E472038 to: 2:24859
lora_phy-INFO-  2021-08-14 19:47:48,431-PHY TX:radio rx 0
lora_phy-INFO-  2021-08-14 19:48:16,837-PHY RX:02611B0100000412
lora_mac-INFO-  2021-08-14 19:48:16,838-MAC RX: LoraFrame(src_addr=LoraAddr(prefix=2, node_id=24859), dest_addr=LoraAddr(prefix=1, node_id=0), command=<MacCommand.QUERY: 4>, payload='', seq=18, k=False, has_next=False)
lora_phy-INFO-  2021-08-14 19:48:16,841-MAC send:LoraFrame(src_addr=LoraAddr(prefix=1, node_id=0), dest_addr=LoraAddr(prefix=2, node_id=24859), command=<MacCommand.DATA: 2>, payload='60000000000E1140162E223D000E073A504F4E472038', seq=9, k=False, has_next=False)
lora_phy-INFO-  2021-08-14 19:48:16,841-MAC switch to reception mode
lora_phy-INFO-  2021-08-14 19:48:16,842-PHY TX:radio tx 01000002611B020960000000000E1140162E223D000E073A504F4E472038
lora_phy-INFO-  2021-08-14 19:48:18,512-PHY TX:radio rx 0
lora_phy-INFO-  2021-08-14 19:48:20,200-PHY RX:02611B01000082136000000000091140223D162E0009761250
lora_mac-INFO-  2021-08-14 19:48:20,201-MAC RX: LoraFrame(src_addr=LoraAddr(prefix=2, node_id=24859), dest_addr=LoraAddr(prefix=1, node_id=0), command=<MacCommand.DATA: 2>, payload='6000000000091140223D162E0009761250', seq=19, k=True, has_next=False)
lora_phy-INFO-  2021-08-14 19:48:20,201-MAC send:LoraFrame(src_addr=LoraAddr(prefix=1, node_id=0), dest_addr=LoraAddr(prefix=2, node_id=24859), command=<MacCommand.ACK: 3>, payload='', seq=19, k=False, has_next=False)
lora_ip-INFO-  2021-08-14 19:48:20,201-IP RX: 6000000000091140223D162E0009761250 from: 2:24859
lora_phy-INFO-  2021-08-14 19:48:20,201-PHY TX:radio tx 01000002611B0313
lora_phy-INFO-  2021-08-14 19:48:20,205-MAC switch to reception mode
lora_mac-INFO-  2021-08-14 19:48:20,210-IP send 60000000000E1140162E223D000E0739504F4E472039 to: 2:24859
lora_phy-INFO-  2021-08-14 19:48:21,208-PHY TX:radio rx 0
lora_phy-INFO-  2021-08-14 19:48:49,618-PHY RX:02611B0100000414
lora_mac-INFO-  2021-08-14 19:48:49,618-MAC RX: LoraFrame(src_addr=LoraAddr(prefix=2, node_id=24859), dest_addr=LoraAddr(prefix=1, node_id=0), command=<MacCommand.QUERY: 4>, payload='', seq=20, k=False, has_next=False)
lora_phy-INFO-  2021-08-14 19:48:49,619-MAC send:LoraFrame(src_addr=LoraAddr(prefix=1, node_id=0), dest_addr=LoraAddr(prefix=2, node_id=24859), command=<MacCommand.DATA: 2>, payload='60000000000E1140162E223D000E0739504F4E472039', seq=10, k=False, has_next=False)
lora_phy-INFO-  2021-08-14 19:48:49,619-MAC switch to reception mode
lora_phy-INFO-  2021-08-14 19:48:49,619-PHY TX:radio tx 01000002611B020A60000000000E1140162E223D000E0739504F4E472039
lora_phy-INFO-  2021-08-14 19:48:51,290-PHY TX:radio rx 0
lora_phy-INFO-  2021-08-14 19:48:52,978-PHY RX:02611B01000082156000000000091140223D162E0009761250
lora_mac-INFO-  2021-08-14 19:48:52,978-MAC RX: LoraFrame(src_addr=LoraAddr(prefix=2, node_id=24859), dest_addr=LoraAddr(prefix=1, node_id=0), command=<MacCommand.DATA: 2>, payload='6000000000091140223D162E0009761250', seq=21, k=True, has_next=False)
lora_phy-INFO-  2021-08-14 19:48:52,979-MAC send:LoraFrame(src_addr=LoraAddr(prefix=1, node_id=0), dest_addr=LoraAddr(prefix=2, node_id=24859), command=<MacCommand.ACK: 3>, payload='', seq=21, k=False, has_next=False)
lora_ip-INFO-  2021-08-14 19:48:52,979-IP RX: 6000000000091140223D162E0009761250 from: 2:24859
lora_phy-INFO-  2021-08-14 19:48:52,979-PHY TX:radio tx 01000002611B0315
lora_phy-INFO-  2021-08-14 19:48:52,983-MAC switch to reception mode
lora_phy-INFO-  2021-08-14 19:48:53,986-PHY TX:radio rx 0
lora_phy-INFO-  2021-08-14 19:49:22,391-PHY RX:02611B0100000416
lora_mac-INFO-  2021-08-14 19:49:22,392-MAC RX: LoraFrame(src_addr=LoraAddr(prefix=2, node_id=24859), dest_addr=LoraAddr(prefix=1, node_id=0), command=<MacCommand.QUERY: 4>, payload='', seq=22, k=False, has_next=False)
lora_phy-INFO-  2021-08-14 19:49:22,392-MAC send:LoraFrame(src_addr=LoraAddr(prefix=1, node_id=0), dest_addr=LoraAddr(prefix=2, node_id=24859), command=<MacCommand.ACK: 3>, payload='', seq=22, k=False, has_next=False)
lora_phy-INFO-  2021-08-14 19:49:22,393-MAC switch to reception mode
lora_phy-INFO-  2021-08-14 19:49:22,393-PHY TX:radio tx 01000002611B0316
lora_phy-INFO-  2021-08-14 19:49:23,397-PHY TX:radio rx 0
lora_phy-INFO-  2021-08-14 19:49:54,485-PHY RX:02611B0100000417
lora_mac-INFO-  2021-08-14 19:49:54,486-MAC RX: LoraFrame(src_addr=LoraAddr(prefix=2, node_id=24859), dest_addr=LoraAddr(prefix=1, node_id=0), command=<MacCommand.QUERY: 4>, payload='', seq=23, k=False, has_next=False)
lora_phy-INFO-  2021-08-14 19:49:54,486-MAC send:LoraFrame(src_addr=LoraAddr(prefix=1, node_id=0), dest_addr=LoraAddr(prefix=2, node_id=24859), command=<MacCommand.ACK: 3>, payload='', seq=23, k=False, has_next=False)
lora_phy-INFO-  2021-08-14 19:49:54,487-MAC switch to reception mode
lora_phy-INFO-  2021-08-14 19:49:54,487-PHY TX:radio tx 01000002611B0317
lora_phy-INFO-  2021-08-14 19:49:55,491-PHY TX:radio rx 0
