lora_ip-INFO-  2021-08-14 20:09:59,070-Init IP layer
lora_mac-INFO-  2021-08-14 20:09:59,072-Init MAC
lora_phy-INFO-  2021-08-14 20:09:59,072-Init PHY
lora_phy-INFO-  2021-08-14 20:09:59,073-Radio configuration: {'txBufSize': 10, 'rxBufSize': 10, 'port': '/dev/ttyUSB0', 'baudrate': '57600', 'frequence': '868100000', 'bandwidth': '125', 'cr': '4/5', 'pwr': '1', 'sf': 'sf12'}
lora_phy-INFO-  2021-08-14 20:09:59,074-PHY TX:mac pause
lora_phy-INFO-  2021-08-14 20:09:59,074-MAC set watchdog timer to 0 ms
lora_phy-INFO-  2021-08-14 20:09:59,074-MAC switch to reception mode
lora_phy-INFO-  2021-08-14 20:09:59,087-PHY TX:radio set mod lora
lora_phy-INFO-  2021-08-14 20:09:59,094-PHY TX:radio set freq 868100000
lora_phy-INFO-  2021-08-14 20:09:59,109-PHY TX:radio set bw 125
lora_phy-INFO-  2021-08-14 20:09:59,115-PHY TX:radio set cr 4/5
lora_phy-INFO-  2021-08-14 20:09:59,121-PHY TX:radio set pwr 1
lora_phy-INFO-  2021-08-14 20:09:59,127-PHY TX:radio set sf sf12
lora_phy-INFO-  2021-08-14 20:09:59,133-PHY TX:radio set wdt 0
lora_phy-INFO-  2021-08-14 20:09:59,140-PHY TX:radio rx 0
lora_phy-INFO-  2021-08-14 20:10:02,064-PHY RX:1B611B0100000000
lora_mac-INFO-  2021-08-14 20:10:02,065-MAC RX: LoraFrame(src_addr=LoraAddr(prefix=27, node_id=24859), dest_addr=LoraAddr(prefix=1, node_id=0), command=<MacCommand.JOIN: 0>, payload='', seq=0, k=False, has_next=False)
lora_phy-INFO-  2021-08-14 20:10:02,065-MAC send:LoraFrame(src_addr=LoraAddr(prefix=1, node_id=0), dest_addr=LoraAddr(prefix=27, node_id=24859), command=<MacCommand.JOIN_RESPONSE: 1>, payload='02', seq=0, k=False, has_next=False)
lora_phy-INFO-  2021-08-14 20:10:02,066-MAC switch to reception mode
lora_phy-INFO-  2021-08-14 20:10:02,066-PHY TX:radio tx 0100001B611B010002
lora_phy-INFO-  2021-08-14 20:10:03,071-PHY TX:radio rx 0
lora_phy-INFO-  2021-08-14 20:10:05,348-PHY RX:02611B010000820160000000000E1140223D162E000E4F9C50494E472030
lora_mac-INFO-  2021-08-14 20:10:05,348-MAC RX: LoraFrame(src_addr=LoraAddr(prefix=2, node_id=24859), dest_addr=LoraAddr(prefix=1, node_id=0), command=<MacCommand.DATA: 2>, payload='60000000000E1140223D162E000E4F9C50494E472030', seq=1, k=True, has_next=False)
lora_mac-WARNING-  2021-08-14 20:10:05,350-Loss of 1 frames
lora_phy-INFO-  2021-08-14 20:10:05,351-MAC send:LoraFrame(src_addr=LoraAddr(prefix=1, node_id=0), dest_addr=LoraAddr(prefix=2, node_id=24859), command=<MacCommand.ACK: 3>, payload='', seq=1, k=False, has_next=False)
lora_ip-INFO-  2021-08-14 20:10:05,351-IP RX: 60000000000E1140223D162E000E4F9C50494E472030 from: 2:24859
lora_phy-INFO-  2021-08-14 20:10:05,351-PHY TX:radio tx 01000002611B0301
lora_phy-INFO-  2021-08-14 20:10:05,355-MAC switch to reception mode
lora_mac-INFO-  2021-08-14 20:10:05,358-IP send 60000000000E1140162E223D000E0742504F4E472030 to: 2:24859
lora_phy-INFO-  2021-08-14 20:10:06,358-PHY TX:radio rx 0
lora_phy-INFO-  2021-08-14 20:10:34,161-PHY RX:02611B0100000402
lora_mac-INFO-  2021-08-14 20:10:34,162-MAC RX: LoraFrame(src_addr=LoraAddr(prefix=2, node_id=24859), dest_addr=LoraAddr(prefix=1, node_id=0), command=<MacCommand.QUERY: 4>, payload='', seq=2, k=False, has_next=False)
lora_phy-INFO-  2021-08-14 20:10:34,163-MAC send:LoraFrame(src_addr=LoraAddr(prefix=1, node_id=0), dest_addr=LoraAddr(prefix=2, node_id=24859), command=<MacCommand.DATA: 2>, payload='60000000000E1140162E223D000E0742504F4E472030', seq=1, k=False, has_next=False)
lora_phy-INFO-  2021-08-14 20:10:34,164-MAC switch to reception mode
lora_phy-INFO-  2021-08-14 20:10:34,164-PHY TX:radio tx 01000002611B020160000000000E1140162E223D000E0742504F4E472030
lora_phy-INFO-  2021-08-14 20:10:35,834-PHY TX:radio rx 0
lora_phy-INFO-  2021-08-14 20:10:37,522-PHY RX:02611B01000082036000000000091140223D162E0009761250
lora_mac-INFO-  2021-08-14 20:10:37,522-MAC RX: LoraFrame(src_addr=LoraAddr(prefix=2, node_id=24859), dest_addr=LoraAddr(prefix=1, node_id=0), command=<MacCommand.DATA: 2>, payload='6000000000091140223D162E0009761250', seq=3, k=True, has_next=False)
lora_phy-INFO-  2021-08-14 20:10:37,523-MAC send:LoraFrame(src_addr=LoraAddr(prefix=1, node_id=0), dest_addr=LoraAddr(prefix=2, node_id=24859), command=<MacCommand.ACK: 3>, payload='', seq=3, k=False, has_next=False)
lora_ip-INFO-  2021-08-14 20:10:37,523-IP RX: 6000000000091140223D162E0009761250 from: 2:24859
lora_phy-INFO-  2021-08-14 20:10:37,523-PHY TX:radio tx 01000002611B0303
lora_phy-INFO-  2021-08-14 20:10:37,528-MAC switch to reception mode
lora_mac-INFO-  2021-08-14 20:10:37,530-IP send 60000000000E1140162E223D000E0741504F4E472031 to: 2:24859
lora_phy-INFO-  2021-08-14 20:10:38,531-PHY TX:radio rx 0
lora_phy-INFO-  2021-08-14 20:11:06,935-PHY RX:02611B0100000404
lora_mac-INFO-  2021-08-14 20:11:06,936-MAC RX: LoraFrame(src_addr=LoraAddr(prefix=2, node_id=24859), dest_addr=LoraAddr(prefix=1, node_id=0), command=<MacCommand.QUERY: 4>, payload='', seq=4, k=False, has_next=False)
lora_phy-INFO-  2021-08-14 20:11:06,937-MAC send:LoraFrame(src_addr=LoraAddr(prefix=1, node_id=0), dest_addr=LoraAddr(prefix=2, node_id=24859), command=<MacCommand.DATA: 2>, payload='60000000000E1140162E223D000E0741504F4E472031', seq=2, k=False, has_next=False)
lora_phy-INFO-  2021-08-14 20:11:06,937-MAC switch to reception mode
lora_phy-INFO-  2021-08-14 20:11:06,937-PHY TX:radio tx 01000002611B020260000000000E1140162E223D000E0741504F4E472031
lora_phy-INFO-  2021-08-14 20:11:08,608-PHY TX:radio rx 0
lora_phy-INFO-  2021-08-14 20:11:10,294-PHY RX:02611B01000082056000000000091140223D162E0009761250
lora_mac-INFO-  2021-08-14 20:11:10,295-MAC RX: LoraFrame(src_addr=LoraAddr(prefix=2, node_id=24859), dest_addr=LoraAddr(prefix=1, node_id=0), command=<MacCommand.DATA: 2>, payload='6000000000091140223D162E0009761250', seq=5, k=True, has_next=False)
lora_phy-INFO-  2021-08-14 20:11:10,295-MAC send:LoraFrame(src_addr=LoraAddr(prefix=1, node_id=0), dest_addr=LoraAddr(prefix=2, node_id=24859), command=<MacCommand.ACK: 3>, payload='', seq=5, k=False, has_next=False)
lora_ip-INFO-  2021-08-14 20:11:10,295-IP RX: 6000000000091140223D162E0009761250 from: 2:24859
lora_phy-INFO-  2021-08-14 20:11:10,295-PHY TX:radio tx 01000002611B0305
lora_phy-INFO-  2021-08-14 20:11:10,298-MAC switch to reception mode
lora_mac-INFO-  2021-08-14 20:11:10,303-IP send 60000000000E1140162E223D000E0740504F4E472032 to: 2:24859
lora_phy-INFO-  2021-08-14 20:11:11,302-PHY TX:radio rx 0
lora_phy-INFO-  2021-08-14 20:11:39,708-PHY RX:02611B0100000406
lora_mac-INFO-  2021-08-14 20:11:39,709-MAC RX: LoraFrame(src_addr=LoraAddr(prefix=2, node_id=24859), dest_addr=LoraAddr(prefix=1, node_id=0), command=<MacCommand.QUERY: 4>, payload='', seq=6, k=False, has_next=False)
lora_phy-INFO-  2021-08-14 20:11:39,710-MAC send:LoraFrame(src_addr=LoraAddr(prefix=1, node_id=0), dest_addr=LoraAddr(prefix=2, node_id=24859), command=<MacCommand.DATA: 2>, payload='60000000000E1140162E223D000E0740504F4E472032', seq=3, k=False, has_next=False)
lora_phy-INFO-  2021-08-14 20:11:39,710-MAC switch to reception mode
lora_phy-INFO-  2021-08-14 20:11:39,711-PHY TX:radio tx 01000002611B020360000000000E1140162E223D000E0740504F4E472032
lora_phy-INFO-  2021-08-14 20:11:41,382-PHY TX:radio rx 0
lora_phy-INFO-  2021-08-14 20:11:43,070-PHY RX:02611B01000082076000000000091140223D162E0009761250
lora_mac-INFO-  2021-08-14 20:11:43,070-MAC RX: LoraFrame(src_addr=LoraAddr(prefix=2, node_id=24859), dest_addr=LoraAddr(prefix=1, node_id=0), command=<MacCommand.DATA: 2>, payload='6000000000091140223D162E0009761250', seq=7, k=True, has_next=False)
lora_phy-INFO-  2021-08-14 20:11:43,071-MAC send:LoraFrame(src_addr=LoraAddr(prefix=1, node_id=0), dest_addr=LoraAddr(prefix=2, node_id=24859), command=<MacCommand.ACK: 3>, payload='', seq=7, k=False, has_next=False)
lora_ip-INFO-  2021-08-14 20:11:43,071-IP RX: 6000000000091140223D162E0009761250 from: 2:24859
lora_phy-INFO-  2021-08-14 20:11:43,073-PHY TX:radio tx 01000002611B0307
lora_phy-INFO-  2021-08-14 20:11:43,074-MAC switch to reception mode
lora_mac-INFO-  2021-08-14 20:11:43,078-IP send 60000000000E1140162E223D000E073F504F4E472033 to: 2:24859
lora_phy-INFO-  2021-08-14 20:11:44,078-PHY TX:radio rx 0
lora_phy-INFO-  2021-08-14 20:12:12,482-PHY RX:02611B0100000408
lora_mac-INFO-  2021-08-14 20:12:12,482-MAC RX: LoraFrame(src_addr=LoraAddr(prefix=2, node_id=24859), dest_addr=LoraAddr(prefix=1, node_id=0), command=<MacCommand.QUERY: 4>, payload='', seq=8, k=False, has_next=False)
lora_phy-INFO-  2021-08-14 20:12:12,483-MAC send:LoraFrame(src_addr=LoraAddr(prefix=1, node_id=0), dest_addr=LoraAddr(prefix=2, node_id=24859), command=<MacCommand.DATA: 2>, payload='60000000000E1140162E223D000E073F504F4E472033', seq=4, k=False, has_next=False)
lora_phy-INFO-  2021-08-14 20:12:12,483-MAC switch to reception mode
lora_phy-INFO-  2021-08-14 20:12:12,483-PHY TX:radio tx 01000002611B020460000000000E1140162E223D000E073F504F4E472033
lora_phy-INFO-  2021-08-14 20:12:14,154-PHY TX:radio rx 0
lora_phy-INFO-  2021-08-14 20:12:15,842-PHY RX:02611B01000082096000000000091140223D162E0009761250
lora_mac-INFO-  2021-08-14 20:12:15,842-MAC RX: LoraFrame(src_addr=LoraAddr(prefix=2, node_id=24859), dest_addr=LoraAddr(prefix=1, node_id=0), command=<MacCommand.DATA: 2>, payload='6000000000091140223D162E0009761250', seq=9, k=True, has_next=False)
lora_phy-INFO-  2021-08-14 20:12:15,843-MAC send:LoraFrame(src_addr=LoraAddr(prefix=1, node_id=0), dest_addr=LoraAddr(prefix=2, node_id=24859), command=<MacCommand.ACK: 3>, payload='', seq=9, k=False, has_next=False)
lora_ip-INFO-  2021-08-14 20:12:15,843-IP RX: 6000000000091140223D162E0009761250 from: 2:24859
lora_phy-INFO-  2021-08-14 20:12:15,843-PHY TX:radio tx 01000002611B0309
lora_phy-INFO-  2021-08-14 20:12:15,846-MAC switch to reception mode
lora_mac-INFO-  2021-08-14 20:12:15,849-IP send 60000000000E1140162E223D000E073E504F4E472034 to: 2:24859
lora_phy-INFO-  2021-08-14 20:12:16,850-PHY TX:radio rx 0
lora_phy-INFO-  2021-08-14 20:12:45,255-PHY RX:02611B010000040A
lora_mac-INFO-  2021-08-14 20:12:45,256-MAC RX: LoraFrame(src_addr=LoraAddr(prefix=2, node_id=24859), dest_addr=LoraAddr(prefix=1, node_id=0), command=<MacCommand.QUERY: 4>, payload='', seq=10, k=False, has_next=False)
lora_phy-INFO-  2021-08-14 20:12:45,256-MAC send:LoraFrame(src_addr=LoraAddr(prefix=1, node_id=0), dest_addr=LoraAddr(prefix=2, node_id=24859), command=<MacCommand.DATA: 2>, payload='60000000000E1140162E223D000E073E504F4E472034', seq=5, k=False, has_next=False)
lora_phy-INFO-  2021-08-14 20:12:45,256-MAC switch to reception mode
lora_phy-INFO-  2021-08-14 20:12:45,256-PHY TX:radio tx 01000002611B020560000000000E1140162E223D000E073E504F4E472034
lora_phy-INFO-  2021-08-14 20:12:46,927-PHY TX:radio rx 0
lora_phy-INFO-  2021-08-14 20:12:48,615-PHY RX:02611B010000820B6000000000091140223D162E0009761250
lora_mac-INFO-  2021-08-14 20:12:48,615-MAC RX: LoraFrame(src_addr=LoraAddr(prefix=2, node_id=24859), dest_addr=LoraAddr(prefix=1, node_id=0), command=<MacCommand.DATA: 2>, payload='6000000000091140223D162E0009761250', seq=11, k=True, has_next=False)
lora_phy-INFO-  2021-08-14 20:12:48,617-MAC send:LoraFrame(src_addr=LoraAddr(prefix=1, node_id=0), dest_addr=LoraAddr(prefix=2, node_id=24859), command=<MacCommand.ACK: 3>, payload='', seq=11, k=False, has_next=False)
lora_ip-INFO-  2021-08-14 20:12:48,617-IP RX: 6000000000091140223D162E0009761250 from: 2:24859
lora_phy-INFO-  2021-08-14 20:12:48,618-PHY TX:radio tx 01000002611B030B
lora_phy-INFO-  2021-08-14 20:12:48,620-MAC switch to reception mode
lora_mac-INFO-  2021-08-14 20:12:48,623-IP send 60000000000E1140162E223D000E073D504F4E472035 to: 2:24859
lora_phy-INFO-  2021-08-14 20:12:49,624-PHY TX:radio rx 0
lora_phy-INFO-  2021-08-14 20:13:18,028-PHY RX:02611B010000040C
lora_mac-INFO-  2021-08-14 20:13:18,029-MAC RX: LoraFrame(src_addr=LoraAddr(prefix=2, node_id=24859), dest_addr=LoraAddr(prefix=1, node_id=0), command=<MacCommand.QUERY: 4>, payload='', seq=12, k=False, has_next=False)
lora_phy-INFO-  2021-08-14 20:13:18,029-MAC send:LoraFrame(src_addr=LoraAddr(prefix=1, node_id=0), dest_addr=LoraAddr(prefix=2, node_id=24859), command=<MacCommand.DATA: 2>, payload='60000000000E1140162E223D000E073D504F4E472035', seq=6, k=False, has_next=False)
lora_phy-INFO-  2021-08-14 20:13:18,030-MAC switch to reception mode
lora_phy-INFO-  2021-08-14 20:13:18,030-PHY TX:radio tx 01000002611B020660000000000E1140162E223D000E073D504F4E472035
lora_phy-INFO-  2021-08-14 20:13:19,700-PHY TX:radio rx 0
lora_phy-INFO-  2021-08-14 20:13:21,389-PHY RX:02611B010000820D6000000000091140223D162E0009761250
lora_mac-INFO-  2021-08-14 20:13:21,389-MAC RX: LoraFrame(src_addr=LoraAddr(prefix=2, node_id=24859), dest_addr=LoraAddr(prefix=1, node_id=0), command=<MacCommand.DATA: 2>, payload='6000000000091140223D162E0009761250', seq=13, k=True, has_next=False)
lora_phy-INFO-  2021-08-14 20:13:21,390-MAC send:LoraFrame(src_addr=LoraAddr(prefix=1, node_id=0), dest_addr=LoraAddr(prefix=2, node_id=24859), command=<MacCommand.ACK: 3>, payload='', seq=13, k=False, has_next=False)
lora_ip-INFO-  2021-08-14 20:13:21,390-IP RX: 6000000000091140223D162E0009761250 from: 2:24859
lora_phy-INFO-  2021-08-14 20:13:21,390-PHY TX:radio tx 01000002611B030D
lora_phy-INFO-  2021-08-14 20:13:21,394-MAC switch to reception mode
lora_mac-INFO-  2021-08-14 20:13:21,396-IP send 60000000000E1140162E223D000E073C504F4E472036 to: 2:24859
lora_phy-INFO-  2021-08-14 20:13:22,397-PHY TX:radio rx 0
lora_phy-INFO-  2021-08-14 20:13:50,802-PHY RX:02611B010000040E
lora_mac-INFO-  2021-08-14 20:13:50,803-MAC RX: LoraFrame(src_addr=LoraAddr(prefix=2, node_id=24859), dest_addr=LoraAddr(prefix=1, node_id=0), command=<MacCommand.QUERY: 4>, payload='', seq=14, k=False, has_next=False)
lora_phy-INFO-  2021-08-14 20:13:50,804-MAC send:LoraFrame(src_addr=LoraAddr(prefix=1, node_id=0), dest_addr=LoraAddr(prefix=2, node_id=24859), command=<MacCommand.DATA: 2>, payload='60000000000E1140162E223D000E073C504F4E472036', seq=7, k=False, has_next=False)
lora_phy-INFO-  2021-08-14 20:13:50,804-MAC switch to reception mode
lora_phy-INFO-  2021-08-14 20:13:50,805-PHY TX:radio tx 01000002611B020760000000000E1140162E223D000E073C504F4E472036
lora_phy-INFO-  2021-08-14 20:13:52,476-PHY TX:radio rx 0
lora_phy-INFO-  2021-08-14 20:13:54,164-PHY RX:02611B010000820F6000000000091140223D162E0009761250
lora_mac-INFO-  2021-08-14 20:13:54,164-MAC RX: LoraFrame(src_addr=LoraAddr(prefix=2, node_id=24859), dest_addr=LoraAddr(prefix=1, node_id=0), command=<MacCommand.DATA: 2>, payload='6000000000091140223D162E0009761250', seq=15, k=True, has_next=False)
lora_phy-INFO-  2021-08-14 20:13:54,164-MAC send:LoraFrame(src_addr=LoraAddr(prefix=1, node_id=0), dest_addr=LoraAddr(prefix=2, node_id=24859), command=<MacCommand.ACK: 3>, payload='', seq=15, k=False, has_next=False)
lora_ip-INFO-  2021-08-14 20:13:54,165-IP RX: 6000000000091140223D162E0009761250 from: 2:24859
lora_phy-INFO-  2021-08-14 20:13:54,165-PHY TX:radio tx 01000002611B030F
lora_phy-INFO-  2021-08-14 20:13:54,168-MAC switch to reception mode
lora_mac-INFO-  2021-08-14 20:13:54,171-IP send 60000000000E1140162E223D000E073B504F4E472037 to: 2:24859
lora_phy-INFO-  2021-08-14 20:13:55,172-PHY TX:radio rx 0
lora_phy-INFO-  2021-08-14 20:14:23,576-PHY RX:02611B0100000410
lora_mac-INFO-  2021-08-14 20:14:23,577-MAC RX: LoraFrame(src_addr=LoraAddr(prefix=2, node_id=24859), dest_addr=LoraAddr(prefix=1, node_id=0), command=<MacCommand.QUERY: 4>, payload='', seq=16, k=False, has_next=False)
lora_phy-INFO-  2021-08-14 20:14:23,578-MAC send:LoraFrame(src_addr=LoraAddr(prefix=1, node_id=0), dest_addr=LoraAddr(prefix=2, node_id=24859), command=<MacCommand.DATA: 2>, payload='60000000000E1140162E223D000E073B504F4E472037', seq=8, k=False, has_next=False)
lora_phy-INFO-  2021-08-14 20:14:23,578-MAC switch to reception mode
lora_phy-INFO-  2021-08-14 20:14:23,579-PHY TX:radio tx 01000002611B020860000000000E1140162E223D000E073B504F4E472037
lora_phy-INFO-  2021-08-14 20:14:25,250-PHY TX:radio rx 0
lora_phy-INFO-  2021-08-14 20:14:26,938-PHY RX:02611B01000082116000000000091140223D162E0009761250
lora_mac-INFO-  2021-08-14 20:14:26,938-MAC RX: LoraFrame(src_addr=LoraAddr(prefix=2, node_id=24859), dest_addr=LoraAddr(prefix=1, node_id=0), command=<MacCommand.DATA: 2>, payload='6000000000091140223D162E0009761250', seq=17, k=True, has_next=False)
lora_phy-INFO-  2021-08-14 20:14:26,939-MAC send:LoraFrame(src_addr=LoraAddr(prefix=1, node_id=0), dest_addr=LoraAddr(prefix=2, node_id=24859), command=<MacCommand.ACK: 3>, payload='', seq=17, k=False, has_next=False)
lora_ip-INFO-  2021-08-14 20:14:26,939-IP RX: 6000000000091140223D162E0009761250 from: 2:24859
lora_phy-INFO-  2021-08-14 20:14:26,940-PHY TX:radio tx 01000002611B0311
lora_phy-INFO-  2021-08-14 20:14:26,943-MAC switch to reception mode
lora_mac-INFO-  2021-08-14 20:14:26,947-IP send 60000000000E1140162E223D000E073A504F4E472038 to: 2:24859
lora_phy-INFO-  2021-08-14 20:14:27,947-PHY TX:radio rx 0
lora_phy-INFO-  2021-08-14 20:14:56,357-PHY RX:02611B0100000412
lora_mac-INFO-  2021-08-14 20:14:56,358-MAC RX: LoraFrame(src_addr=LoraAddr(prefix=2, node_id=24859), dest_addr=LoraAddr(prefix=1, node_id=0), command=<MacCommand.QUERY: 4>, payload='', seq=18, k=False, has_next=False)
lora_phy-INFO-  2021-08-14 20:14:56,359-MAC send:LoraFrame(src_addr=LoraAddr(prefix=1, node_id=0), dest_addr=LoraAddr(prefix=2, node_id=24859), command=<MacCommand.DATA: 2>, payload='60000000000E1140162E223D000E073A504F4E472038', seq=9, k=False, has_next=False)
lora_phy-INFO-  2021-08-14 20:14:56,359-MAC switch to reception mode
lora_phy-INFO-  2021-08-14 20:14:56,360-PHY TX:radio tx 01000002611B020960000000000E1140162E223D000E073A504F4E472038
lora_phy-INFO-  2021-08-14 20:14:58,030-PHY TX:radio rx 0
lora_phy-INFO-  2021-08-14 20:14:59,718-PHY RX:02611B01000082136000000000091140223D162E0009761250
lora_mac-INFO-  2021-08-14 20:14:59,719-MAC RX: LoraFrame(src_addr=LoraAddr(prefix=2, node_id=24859), dest_addr=LoraAddr(prefix=1, node_id=0), command=<MacCommand.DATA: 2>, payload='6000000000091140223D162E0009761250', seq=19, k=True, has_next=False)
lora_phy-INFO-  2021-08-14 20:14:59,719-MAC send:LoraFrame(src_addr=LoraAddr(prefix=1, node_id=0), dest_addr=LoraAddr(prefix=2, node_id=24859), command=<MacCommand.ACK: 3>, payload='', seq=19, k=False, has_next=False)
lora_ip-INFO-  2021-08-14 20:14:59,719-IP RX: 6000000000091140223D162E0009761250 from: 2:24859
lora_phy-INFO-  2021-08-14 20:14:59,720-PHY TX:radio tx 01000002611B0313
lora_phy-INFO-  2021-08-14 20:14:59,723-MAC switch to reception mode
lora_mac-INFO-  2021-08-14 20:14:59,727-IP send 60000000000E1140162E223D000E0739504F4E472039 to: 2:24859
lora_phy-INFO-  2021-08-14 20:15:00,727-PHY TX:radio rx 0
