lora_ip-INFO-  2021-08-14 20:26:24,832-Init IP layer
lora_mac-INFO-  2021-08-14 20:26:24,832-Init MAC
lora_phy-INFO-  2021-08-14 20:26:24,832-Init PHY
lora_phy-INFO-  2021-08-14 20:26:24,834-Radio configuration: {'txBufSize': 10, 'rxBufSize': 10, 'port': '/dev/ttyUSB0', 'baudrate': '57600', 'frequence': '868100000', 'bandwidth': '125', 'cr': '4/5', 'pwr': '1', 'sf': 'sf12'}
lora_phy-INFO-  2021-08-14 20:26:24,835-PHY TX:mac pause
lora_phy-INFO-  2021-08-14 20:26:24,835-MAC set watchdog timer to 0 ms
lora_phy-INFO-  2021-08-14 20:26:24,835-MAC switch to reception mode
lora_phy-INFO-  2021-08-14 20:26:24,848-PHY TX:radio set mod lora
lora_phy-INFO-  2021-08-14 20:26:24,855-PHY TX:radio set freq 868100000
lora_phy-INFO-  2021-08-14 20:26:24,869-PHY TX:radio set bw 125
lora_phy-INFO-  2021-08-14 20:26:24,876-PHY TX:radio set cr 4/5
lora_phy-INFO-  2021-08-14 20:26:24,882-PHY TX:radio set pwr 1
lora_phy-INFO-  2021-08-14 20:26:24,887-PHY TX:radio set sf sf12
lora_phy-INFO-  2021-08-14 20:26:24,894-PHY TX:radio set wdt 0
lora_phy-INFO-  2021-08-14 20:26:24,901-PHY TX:radio rx 0
lora_phy-INFO-  2021-08-14 20:26:27,054-PHY RX:1B611B0100000000
lora_mac-INFO-  2021-08-14 20:26:27,054-MAC RX: LoraFrame(src_addr=LoraAddr(prefix=27, node_id=24859), dest_addr=LoraAddr(prefix=1, node_id=0), command=<MacCommand.JOIN: 0>, payload='', seq=0, k=False, has_next=False)
lora_phy-INFO-  2021-08-14 20:26:27,055-MAC send:LoraFrame(src_addr=LoraAddr(prefix=1, node_id=0), dest_addr=LoraAddr(prefix=27, node_id=24859), command=<MacCommand.JOIN_RESPONSE: 1>, payload='02', seq=0, k=False, has_next=False)
lora_phy-INFO-  2021-08-14 20:26:27,056-MAC switch to reception mode
lora_phy-INFO-  2021-08-14 20:26:27,056-PHY TX:radio tx 0100001B611B010002
lora_phy-INFO-  2021-08-14 20:26:28,061-PHY TX:radio rx 0
lora_phy-INFO-  2021-08-14 20:26:31,534-PHY RX:02611B010000820160000000000E1140223D162E000E4F9C50494E472030
lora_mac-INFO-  2021-08-14 20:26:31,535-MAC RX: LoraFrame(src_addr=LoraAddr(prefix=2, node_id=24859), dest_addr=LoraAddr(prefix=1, node_id=0), command=<MacCommand.DATA: 2>, payload='60000000000E1140223D162E000E4F9C50494E472030', seq=1, k=True, has_next=False)
lora_mac-WARNING-  2021-08-14 20:26:31,537-Loss of 1 frames
lora_phy-INFO-  2021-08-14 20:26:31,537-MAC send:LoraFrame(src_addr=LoraAddr(prefix=1, node_id=0), dest_addr=LoraAddr(prefix=2, node_id=24859), command=<MacCommand.ACK: 3>, payload='', seq=1, k=False, has_next=False)
lora_ip-INFO-  2021-08-14 20:26:31,537-IP RX: 60000000000E1140223D162E000E4F9C50494E472030 from: 2:24859
lora_phy-INFO-  2021-08-14 20:26:31,537-PHY TX:radio tx 01000002611B0301
lora_phy-INFO-  2021-08-14 20:26:31,541-MAC switch to reception mode
lora_mac-INFO-  2021-08-14 20:26:31,545-IP send 60000000000E1140162E223D000E0742504F4E472030 to: 2:24859
lora_phy-INFO-  2021-08-14 20:26:32,545-PHY TX:radio rx 0
lora_phy-INFO-  2021-08-14 20:26:59,153-PHY RX:02611B0100000402
lora_mac-INFO-  2021-08-14 20:26:59,153-MAC RX: LoraFrame(src_addr=LoraAddr(prefix=2, node_id=24859), dest_addr=LoraAddr(prefix=1, node_id=0), command=<MacCommand.QUERY: 4>, payload='', seq=2, k=False, has_next=False)
lora_phy-INFO-  2021-08-14 20:26:59,154-MAC send:LoraFrame(src_addr=LoraAddr(prefix=1, node_id=0), dest_addr=LoraAddr(prefix=2, node_id=24859), command=<MacCommand.DATA: 2>, payload='60000000000E1140162E223D000E0742504F4E472030', seq=1, k=False, has_next=False)
lora_phy-INFO-  2021-08-14 20:26:59,155-MAC switch to reception mode
lora_phy-INFO-  2021-08-14 20:26:59,155-PHY TX:radio tx 01000002611B020160000000000E1140162E223D000E0742504F4E472030
lora_phy-INFO-  2021-08-14 20:27:00,826-PHY TX:radio rx 0
lora_phy-INFO-  2021-08-14 20:27:02,513-PHY RX:02611B01000082036000000000091140223D162E0009761250
lora_mac-INFO-  2021-08-14 20:27:02,513-MAC RX: LoraFrame(src_addr=LoraAddr(prefix=2, node_id=24859), dest_addr=LoraAddr(prefix=1, node_id=0), command=<MacCommand.DATA: 2>, payload='6000000000091140223D162E0009761250', seq=3, k=True, has_next=False)
lora_phy-INFO-  2021-08-14 20:27:02,514-MAC send:LoraFrame(src_addr=LoraAddr(prefix=1, node_id=0), dest_addr=LoraAddr(prefix=2, node_id=24859), command=<MacCommand.ACK: 3>, payload='', seq=3, k=False, has_next=False)
lora_ip-INFO-  2021-08-14 20:27:02,514-IP RX: 6000000000091140223D162E0009761250 from: 2:24859
lora_phy-INFO-  2021-08-14 20:27:02,514-PHY TX:radio tx 01000002611B0303
lora_phy-INFO-  2021-08-14 20:27:02,516-MAC switch to reception mode
lora_mac-INFO-  2021-08-14 20:27:02,520-IP send 60000000000E1140162E223D000E0741504F4E472031 to: 2:24859
lora_phy-INFO-  2021-08-14 20:27:03,523-PHY TX:radio rx 0
lora_phy-INFO-  2021-08-14 20:27:31,926-PHY RX:02611B0100000404
lora_mac-INFO-  2021-08-14 20:27:31,926-MAC RX: LoraFrame(src_addr=LoraAddr(prefix=2, node_id=24859), dest_addr=LoraAddr(prefix=1, node_id=0), command=<MacCommand.QUERY: 4>, payload='', seq=4, k=False, has_next=False)
lora_phy-INFO-  2021-08-14 20:27:31,927-MAC send:LoraFrame(src_addr=LoraAddr(prefix=1, node_id=0), dest_addr=LoraAddr(prefix=2, node_id=24859), command=<MacCommand.DATA: 2>, payload='60000000000E1140162E223D000E0741504F4E472031', seq=2, k=False, has_next=False)
lora_phy-INFO-  2021-08-14 20:27:31,927-MAC switch to reception mode
lora_phy-INFO-  2021-08-14 20:27:31,927-PHY TX:radio tx 01000002611B020260000000000E1140162E223D000E0741504F4E472031
lora_phy-INFO-  2021-08-14 20:27:33,598-PHY TX:radio rx 0
lora_phy-INFO-  2021-08-14 20:27:35,284-PHY RX:02611B01000082056000000000091140223D162E0009761250
lora_mac-INFO-  2021-08-14 20:27:35,285-MAC RX: LoraFrame(src_addr=LoraAddr(prefix=2, node_id=24859), dest_addr=LoraAddr(prefix=1, node_id=0), command=<MacCommand.DATA: 2>, payload='6000000000091140223D162E0009761250', seq=5, k=True, has_next=False)
lora_phy-INFO-  2021-08-14 20:27:35,285-MAC send:LoraFrame(src_addr=LoraAddr(prefix=1, node_id=0), dest_addr=LoraAddr(prefix=2, node_id=24859), command=<MacCommand.ACK: 3>, payload='', seq=5, k=False, has_next=False)
lora_ip-INFO-  2021-08-14 20:27:35,286-IP RX: 6000000000091140223D162E0009761250 from: 2:24859
lora_phy-INFO-  2021-08-14 20:27:35,286-PHY TX:radio tx 01000002611B0305
lora_phy-INFO-  2021-08-14 20:27:35,288-MAC switch to reception mode
lora_phy-INFO-  2021-08-14 20:27:36,292-PHY TX:radio rx 0
