lora_ip-INFO-  2021-08-14 15:30:33,113-Init IP layer
lora_mac-INFO-  2021-08-14 15:30:33,113-Init MAC
lora_phy-INFO-  2021-08-14 15:30:33,113-Init PHY
lora_phy-INFO-  2021-08-14 15:30:33,114-Radio configuration: {'txBufSize': 10, 'rxBufSize': 10, 'port': '/dev/ttyUSB0', 'baudrate': '57600', 'frequence': '868100000', 'bandwidth': '125', 'cr': '4/5', 'pwr': '1', 'sf': 'sf12'}
lora_phy-INFO-  2021-08-14 15:30:33,115-PHY TX:mac pause
lora_phy-INFO-  2021-08-14 15:30:33,115-MAC set watchdog timer to 0 ms
lora_phy-INFO-  2021-08-14 15:30:33,116-MAC switch to reception mode
lora_phy-INFO-  2021-08-14 15:30:33,129-PHY TX:radio set mod lora
lora_phy-INFO-  2021-08-14 15:30:33,135-PHY TX:radio set freq 868100000
lora_phy-INFO-  2021-08-14 15:30:33,151-PHY TX:radio set bw 125
lora_phy-INFO-  2021-08-14 15:30:33,157-PHY TX:radio set cr 4/5
lora_phy-INFO-  2021-08-14 15:30:33,163-PHY TX:radio set pwr 1
lora_phy-INFO-  2021-08-14 15:30:33,169-PHY TX:radio set sf sf12
lora_phy-INFO-  2021-08-14 15:30:33,175-PHY TX:radio set wdt 0
lora_phy-INFO-  2021-08-14 15:30:33,182-PHY TX:radio rx 0
lora_phy-INFO-  2021-08-14 15:30:40,844-PHY RX:1B611B0100000000
lora_mac-INFO-  2021-08-14 15:30:40,845-MAC RX: LoraFrame(src_addr=LoraAddr(prefix=27, node_id=24859), dest_addr=LoraAddr(prefix=1, node_id=0), command=<MacCommand.JOIN: 0>, payload='', seq=0, k=False, has_next=False)
lora_phy-INFO-  2021-08-14 15:30:40,845-MAC send:LoraFrame(src_addr=LoraAddr(prefix=1, node_id=0), dest_addr=LoraAddr(prefix=27, node_id=24859), command=<MacCommand.JOIN_RESPONSE: 1>, payload='02', seq=0, k=False, has_next=False)
lora_phy-INFO-  2021-08-14 15:30:40,846-MAC switch to reception mode
lora_phy-INFO-  2021-08-14 15:30:40,846-PHY TX:radio tx 0100001B611B010002
lora_phy-INFO-  2021-08-14 15:30:41,851-PHY TX:radio rx 0
lora_phy-INFO-  2021-08-14 15:30:44,173-PHY RX:02611B01000082016000000000111140223D162E0011FF53413334626F6E28FF01
lora_mac-INFO-  2021-08-14 15:30:44,173-MAC RX: LoraFrame(src_addr=LoraAddr(prefix=2, node_id=24859), dest_addr=LoraAddr(prefix=1, node_id=0), command=<MacCommand.DATA: 2>, payload='6000000000111140223D162E0011FF53413334626F6E28FF01', seq=1, k=True, has_next=False)
lora_mac-WARNING-  2021-08-14 15:30:44,174-Loss of 1 frames
lora_phy-INFO-  2021-08-14 15:30:44,174-MAC send:LoraFrame(src_addr=LoraAddr(prefix=1, node_id=0), dest_addr=LoraAddr(prefix=2, node_id=24859), command=<MacCommand.ACK: 3>, payload='', seq=1, k=False, has_next=False)
lora_ip-INFO-  2021-08-14 15:30:44,174-IP RX: 6000000000111140223D162E0011FF53413334626F6E28FF01 from: 2:24859
lora_phy-INFO-  2021-08-14 15:30:44,174-PHY TX:radio tx 01000002611B0301
lora_phy-INFO-  2021-08-14 15:30:44,177-MAC switch to reception mode
lora_mac-INFO-  2021-08-14 15:30:44,182-IP send 60000000000E1140162E223D000E0742504F4E472030 to: 2:24859
lora_phy-INFO-  2021-08-14 15:30:45,180-PHY TX:radio rx 0
lora_phy-INFO-  2021-08-14 15:31:43,086-PHY RX:02611B0100000402
lora_mac-INFO-  2021-08-14 15:31:43,087-MAC RX: LoraFrame(src_addr=LoraAddr(prefix=2, node_id=24859), dest_addr=LoraAddr(prefix=1, node_id=0), command=<MacCommand.QUERY: 4>, payload='', seq=2, k=False, has_next=False)
lora_phy-INFO-  2021-08-14 15:31:43,094-MAC send:LoraFrame(src_addr=LoraAddr(prefix=1, node_id=0), dest_addr=LoraAddr(prefix=2, node_id=24859), command=<MacCommand.DATA: 2>, payload='60000000000E1140162E223D000E0742504F4E472030', seq=1, k=False, has_next=False)
lora_phy-INFO-  2021-08-14 15:31:43,094-MAC switch to reception mode
lora_phy-INFO-  2021-08-14 15:31:43,100-PHY TX:radio tx 01000002611B020160000000000E1140162E223D000E0742504F4E472030
lora_phy-INFO-  2021-08-14 15:31:44,771-PHY TX:radio rx 0
lora_phy-INFO-  2021-08-14 15:31:46,749-PHY RX:02611B01000082036000000000091140223D162E0009851241
lora_mac-INFO-  2021-08-14 15:31:46,749-MAC RX: LoraFrame(src_addr=LoraAddr(prefix=2, node_id=24859), dest_addr=LoraAddr(prefix=1, node_id=0), command=<MacCommand.DATA: 2>, payload='6000000000091140223D162E0009851241', seq=3, k=True, has_next=False)
lora_phy-INFO-  2021-08-14 15:31:46,750-MAC send:LoraFrame(src_addr=LoraAddr(prefix=1, node_id=0), dest_addr=LoraAddr(prefix=2, node_id=24859), command=<MacCommand.ACK: 3>, payload='', seq=3, k=False, has_next=False)
lora_ip-INFO-  2021-08-14 15:31:46,750-IP RX: 6000000000091140223D162E0009851241 from: 2:24859
lora_phy-INFO-  2021-08-14 15:31:46,751-PHY TX:radio tx 01000002611B0303
lora_phy-INFO-  2021-08-14 15:31:46,751-MAC switch to reception mode
lora_mac-INFO-  2021-08-14 15:31:46,755-IP send 60000000000E1140162E223D000E0741504F4E472031 to: 2:24859
lora_phy-INFO-  2021-08-14 15:31:47,754-PHY TX:radio rx 0
lora_phy-INFO-  2021-08-14 15:32:46,021-PHY RX:02611B0100000404
lora_mac-INFO-  2021-08-14 15:32:46,022-MAC RX: LoraFrame(src_addr=LoraAddr(prefix=2, node_id=24859), dest_addr=LoraAddr(prefix=1, node_id=0), command=<MacCommand.QUERY: 4>, payload='', seq=4, k=False, has_next=False)
lora_phy-INFO-  2021-08-14 15:32:46,023-MAC send:LoraFrame(src_addr=LoraAddr(prefix=1, node_id=0), dest_addr=LoraAddr(prefix=2, node_id=24859), command=<MacCommand.DATA: 2>, payload='60000000000E1140162E223D000E0741504F4E472031', seq=2, k=False, has_next=False)
lora_phy-INFO-  2021-08-14 15:32:46,023-MAC switch to reception mode
lora_phy-INFO-  2021-08-14 15:32:46,024-PHY TX:radio tx 01000002611B020260000000000E1140162E223D000E0741504F4E472031
lora_phy-INFO-  2021-08-14 15:32:47,694-PHY TX:radio rx 0
lora_phy-INFO-  2021-08-14 15:32:49,678-PHY RX:02611B01000082056000000000091140223D162E0009851241
lora_mac-INFO-  2021-08-14 15:32:49,678-MAC RX: LoraFrame(src_addr=LoraAddr(prefix=2, node_id=24859), dest_addr=LoraAddr(prefix=1, node_id=0), command=<MacCommand.DATA: 2>, payload='6000000000091140223D162E0009851241', seq=5, k=True, has_next=False)
lora_phy-INFO-  2021-08-14 15:32:49,678-MAC send:LoraFrame(src_addr=LoraAddr(prefix=1, node_id=0), dest_addr=LoraAddr(prefix=2, node_id=24859), command=<MacCommand.ACK: 3>, payload='', seq=5, k=False, has_next=False)
lora_ip-INFO-  2021-08-14 15:32:49,679-IP RX: 6000000000091140223D162E0009851241 from: 2:24859
lora_phy-INFO-  2021-08-14 15:32:49,680-PHY TX:radio tx 01000002611B0305
lora_phy-INFO-  2021-08-14 15:32:49,682-MAC switch to reception mode
lora_mac-INFO-  2021-08-14 15:32:49,685-IP send 60000000000E1140162E223D000E0740504F4E472032 to: 2:24859
lora_phy-INFO-  2021-08-14 15:32:50,684-PHY TX:radio rx 0
lora_phy-INFO-  2021-08-14 15:33:48,945-PHY RX:02611B0100000406
lora_mac-INFO-  2021-08-14 15:33:48,946-MAC RX: LoraFrame(src_addr=LoraAddr(prefix=2, node_id=24859), dest_addr=LoraAddr(prefix=1, node_id=0), command=<MacCommand.QUERY: 4>, payload='', seq=6, k=False, has_next=False)
lora_phy-INFO-  2021-08-14 15:33:48,947-MAC send:LoraFrame(src_addr=LoraAddr(prefix=1, node_id=0), dest_addr=LoraAddr(prefix=2, node_id=24859), command=<MacCommand.DATA: 2>, payload='60000000000E1140162E223D000E0740504F4E472032', seq=3, k=False, has_next=False)
lora_phy-INFO-  2021-08-14 15:33:48,947-MAC switch to reception mode
lora_phy-INFO-  2021-08-14 15:33:48,947-PHY TX:radio tx 01000002611B020360000000000E1140162E223D000E0740504F4E472032
lora_phy-INFO-  2021-08-14 15:33:50,618-PHY TX:radio rx 0
lora_phy-INFO-  2021-08-14 15:33:52,602-PHY RX:02611B01000082076000000000091140223D162E0009851241
lora_mac-INFO-  2021-08-14 15:33:52,603-MAC RX: LoraFrame(src_addr=LoraAddr(prefix=2, node_id=24859), dest_addr=LoraAddr(prefix=1, node_id=0), command=<MacCommand.DATA: 2>, payload='6000000000091140223D162E0009851241', seq=7, k=True, has_next=False)
lora_phy-INFO-  2021-08-14 15:33:52,604-MAC send:LoraFrame(src_addr=LoraAddr(prefix=1, node_id=0), dest_addr=LoraAddr(prefix=2, node_id=24859), command=<MacCommand.ACK: 3>, payload='', seq=7, k=False, has_next=False)
lora_ip-INFO-  2021-08-14 15:33:52,604-IP RX: 6000000000091140223D162E0009851241 from: 2:24859
lora_phy-INFO-  2021-08-14 15:33:52,606-PHY TX:radio tx 01000002611B0307
lora_phy-INFO-  2021-08-14 15:33:52,606-MAC switch to reception mode
lora_mac-INFO-  2021-08-14 15:33:52,609-IP send 60000000000E1140162E223D000E073F504F4E472033 to: 2:24859
lora_phy-INFO-  2021-08-14 15:33:53,609-PHY TX:radio rx 0
