lora_ip-INFO-  2021-08-14 20:18:55,620-Init IP layer
lora_mac-INFO-  2021-08-14 20:18:55,620-Init MAC
lora_phy-INFO-  2021-08-14 20:18:55,620-Init PHY
lora_phy-INFO-  2021-08-14 20:18:55,622-Radio configuration: {'txBufSize': 10, 'rxBufSize': 10, 'port': '/dev/ttyUSB0', 'baudrate': '57600', 'frequence': '868100000', 'bandwidth': '125', 'cr': '4/5', 'pwr': '1', 'sf': 'sf12'}
lora_phy-INFO-  2021-08-14 20:18:55,622-PHY TX:mac pause
lora_phy-INFO-  2021-08-14 20:18:55,622-MAC set watchdog timer to 0 ms
lora_phy-INFO-  2021-08-14 20:18:55,622-MAC switch to reception mode
lora_phy-INFO-  2021-08-14 20:18:55,635-PHY TX:radio set mod lora
lora_phy-INFO-  2021-08-14 20:18:55,642-PHY TX:radio set freq 868100000
lora_phy-INFO-  2021-08-14 20:18:55,656-PHY TX:radio set bw 125
lora_phy-INFO-  2021-08-14 20:18:55,663-PHY TX:radio set cr 4/5
lora_phy-INFO-  2021-08-14 20:18:55,669-PHY TX:radio set pwr 1
lora_phy-INFO-  2021-08-14 20:18:55,675-PHY TX:radio set sf sf12
lora_phy-INFO-  2021-08-14 20:18:55,681-PHY TX:radio set wdt 0
lora_phy-INFO-  2021-08-14 20:18:55,688-PHY TX:radio rx 0
lora_phy-INFO-  2021-08-14 20:18:57,364-PHY RX:1B611B0100000000
lora_mac-INFO-  2021-08-14 20:18:57,364-MAC RX: LoraFrame(src_addr=LoraAddr(prefix=27, node_id=24859), dest_addr=LoraAddr(prefix=1, node_id=0), command=<MacCommand.JOIN: 0>, payload='', seq=0, k=False, has_next=False)
lora_phy-INFO-  2021-08-14 20:18:57,365-MAC send:LoraFrame(src_addr=LoraAddr(prefix=1, node_id=0), dest_addr=LoraAddr(prefix=27, node_id=24859), command=<MacCommand.JOIN_RESPONSE: 1>, payload='02', seq=0, k=False, has_next=False)
lora_phy-INFO-  2021-08-14 20:18:57,366-MAC switch to reception mode
lora_phy-INFO-  2021-08-14 20:18:57,366-PHY TX:radio tx 0100001B611B010002
lora_phy-INFO-  2021-08-14 20:18:58,371-PHY TX:radio rx 0
lora_phy-INFO-  2021-08-14 20:19:02,306-PHY RX:02611B010000820160000000000E1140223D162E000E4F9C50494E472030
lora_mac-INFO-  2021-08-14 20:19:02,306-MAC RX: LoraFrame(src_addr=LoraAddr(prefix=2, node_id=24859), dest_addr=LoraAddr(prefix=1, node_id=0), command=<MacCommand.DATA: 2>, payload='60000000000E1140223D162E000E4F9C50494E472030', seq=1, k=True, has_next=False)
lora_mac-WARNING-  2021-08-14 20:19:02,307-Loss of 1 frames
lora_phy-INFO-  2021-08-14 20:19:02,307-MAC send:LoraFrame(src_addr=LoraAddr(prefix=1, node_id=0), dest_addr=LoraAddr(prefix=2, node_id=24859), command=<MacCommand.ACK: 3>, payload='', seq=1, k=False, has_next=False)
lora_ip-INFO-  2021-08-14 20:19:02,307-IP RX: 60000000000E1140223D162E000E4F9C50494E472030 from: 2:24859
lora_phy-INFO-  2021-08-14 20:19:02,309-PHY TX:radio tx 01000002611B0301
lora_phy-INFO-  2021-08-14 20:19:02,310-MAC switch to reception mode
lora_mac-INFO-  2021-08-14 20:19:02,313-IP send 60000000000E1140162E223D000E0742504F4E472030 to: 2:24859
lora_phy-INFO-  2021-08-14 20:19:03,313-PHY TX:radio rx 0
lora_phy-INFO-  2021-08-14 20:19:29,455-PHY RX:02611B0100000402
lora_mac-INFO-  2021-08-14 20:19:29,456-MAC RX: LoraFrame(src_addr=LoraAddr(prefix=2, node_id=24859), dest_addr=LoraAddr(prefix=1, node_id=0), command=<MacCommand.QUERY: 4>, payload='', seq=2, k=False, has_next=False)
lora_phy-INFO-  2021-08-14 20:19:29,457-MAC send:LoraFrame(src_addr=LoraAddr(prefix=1, node_id=0), dest_addr=LoraAddr(prefix=2, node_id=24859), command=<MacCommand.DATA: 2>, payload='60000000000E1140162E223D000E0742504F4E472030', seq=1, k=False, has_next=False)
lora_phy-INFO-  2021-08-14 20:19:29,457-MAC switch to reception mode
lora_phy-INFO-  2021-08-14 20:19:29,458-PHY TX:radio tx 01000002611B020160000000000E1140162E223D000E0742504F4E472030
lora_phy-INFO-  2021-08-14 20:19:31,130-PHY TX:radio rx 0
lora_phy-INFO-  2021-08-14 20:19:32,817-PHY RX:02611B01000082036000000000091140223D162E0009761250
lora_mac-INFO-  2021-08-14 20:19:32,818-MAC RX: LoraFrame(src_addr=LoraAddr(prefix=2, node_id=24859), dest_addr=LoraAddr(prefix=1, node_id=0), command=<MacCommand.DATA: 2>, payload='6000000000091140223D162E0009761250', seq=3, k=True, has_next=False)
lora_phy-INFO-  2021-08-14 20:19:32,818-MAC send:LoraFrame(src_addr=LoraAddr(prefix=1, node_id=0), dest_addr=LoraAddr(prefix=2, node_id=24859), command=<MacCommand.ACK: 3>, payload='', seq=3, k=False, has_next=False)
lora_ip-INFO-  2021-08-14 20:19:32,819-IP RX: 6000000000091140223D162E0009761250 from: 2:24859
lora_phy-INFO-  2021-08-14 20:19:32,819-PHY TX:radio tx 01000002611B0303
lora_phy-INFO-  2021-08-14 20:19:32,823-MAC switch to reception mode
lora_mac-INFO-  2021-08-14 20:19:32,825-IP send 60000000000E1140162E223D000E0741504F4E472031 to: 2:24859
lora_phy-INFO-  2021-08-14 20:19:33,826-PHY TX:radio rx 0
lora_phy-INFO-  2021-08-14 20:20:02,236-PHY RX:02611B0100000404
lora_mac-INFO-  2021-08-14 20:20:02,237-MAC RX: LoraFrame(src_addr=LoraAddr(prefix=2, node_id=24859), dest_addr=LoraAddr(prefix=1, node_id=0), command=<MacCommand.QUERY: 4>, payload='', seq=4, k=False, has_next=False)
lora_phy-INFO-  2021-08-14 20:20:02,237-MAC send:LoraFrame(src_addr=LoraAddr(prefix=1, node_id=0), dest_addr=LoraAddr(prefix=2, node_id=24859), command=<MacCommand.DATA: 2>, payload='60000000000E1140162E223D000E0741504F4E472031', seq=2, k=False, has_next=False)
lora_phy-INFO-  2021-08-14 20:20:02,237-MAC switch to reception mode
lora_phy-INFO-  2021-08-14 20:20:02,237-PHY TX:radio tx 01000002611B020260000000000E1140162E223D000E0741504F4E472031
lora_phy-INFO-  2021-08-14 20:20:03,908-PHY TX:radio rx 0
lora_phy-INFO-  2021-08-14 20:20:05,594-PHY RX:02611B01000082056000000000091140223D162E0009761250
lora_mac-INFO-  2021-08-14 20:20:05,595-MAC RX: LoraFrame(src_addr=LoraAddr(prefix=2, node_id=24859), dest_addr=LoraAddr(prefix=1, node_id=0), command=<MacCommand.DATA: 2>, payload='6000000000091140223D162E0009761250', seq=5, k=True, has_next=False)
lora_phy-INFO-  2021-08-14 20:20:05,595-MAC send:LoraFrame(src_addr=LoraAddr(prefix=1, node_id=0), dest_addr=LoraAddr(prefix=2, node_id=24859), command=<MacCommand.ACK: 3>, payload='', seq=5, k=False, has_next=False)
lora_ip-INFO-  2021-08-14 20:20:05,596-IP RX: 6000000000091140223D162E0009761250 from: 2:24859
lora_phy-INFO-  2021-08-14 20:20:05,596-PHY TX:radio tx 01000002611B0305
lora_phy-INFO-  2021-08-14 20:20:05,599-MAC switch to reception mode
lora_phy-INFO-  2021-08-14 20:20:06,603-PHY TX:radio rx 0
lora_phy-INFO-  2021-08-14 20:20:35,010-PHY RX:02611B0100000406
lora_mac-INFO-  2021-08-14 20:20:35,011-MAC RX: LoraFrame(src_addr=LoraAddr(prefix=2, node_id=24859), dest_addr=LoraAddr(prefix=1, node_id=0), command=<MacCommand.QUERY: 4>, payload='', seq=6, k=False, has_next=False)
lora_phy-INFO-  2021-08-14 20:20:35,011-MAC send:LoraFrame(src_addr=LoraAddr(prefix=1, node_id=0), dest_addr=LoraAddr(prefix=2, node_id=24859), command=<MacCommand.ACK: 3>, payload='', seq=6, k=False, has_next=False)
lora_phy-INFO-  2021-08-14 20:20:35,012-MAC switch to reception mode
lora_phy-INFO-  2021-08-14 20:20:35,012-PHY TX:radio tx 01000002611B0306
lora_phy-INFO-  2021-08-14 20:20:36,016-PHY TX:radio rx 0
