lora_ip-INFO-  2021-08-14 20:02:25,097-Init IP layer
lora_mac-INFO-  2021-08-14 20:02:25,097-Init MAC
lora_phy-INFO-  2021-08-14 20:02:25,097-Init PHY
lora_phy-INFO-  2021-08-14 20:02:25,099-Radio configuration: {'txBufSize': 10, 'rxBufSize': 10, 'port': '/dev/ttyUSB0', 'baudrate': '57600', 'frequence': '868100000', 'bandwidth': '125', 'cr': '4/5', 'pwr': '1', 'sf': 'sf12'}
lora_phy-INFO-  2021-08-14 20:02:25,099-PHY TX:mac pause
lora_phy-INFO-  2021-08-14 20:02:25,100-MAC set watchdog timer to 0 ms
lora_phy-INFO-  2021-08-14 20:02:25,100-MAC switch to reception mode
lora_phy-INFO-  2021-08-14 20:02:25,113-PHY TX:radio set mod lora
lora_phy-INFO-  2021-08-14 20:02:25,119-PHY TX:radio set freq 868100000
lora_phy-INFO-  2021-08-14 20:02:25,134-PHY TX:radio set bw 125
lora_phy-INFO-  2021-08-14 20:02:25,140-PHY TX:radio set cr 4/5
lora_phy-INFO-  2021-08-14 20:02:25,146-PHY TX:radio set pwr 1
lora_phy-INFO-  2021-08-14 20:02:25,152-PHY TX:radio set sf sf12
lora_phy-INFO-  2021-08-14 20:02:25,158-PHY TX:radio set wdt 0
lora_phy-INFO-  2021-08-14 20:02:25,165-PHY TX:radio rx 0
lora_phy-INFO-  2021-08-14 20:02:27,163-PHY RX:1B611B0100000000
lora_mac-INFO-  2021-08-14 20:02:27,164-MAC RX: LoraFrame(src_addr=LoraAddr(prefix=27, node_id=24859), dest_addr=LoraAddr(prefix=1, node_id=0), command=<MacCommand.JOIN: 0>, payload='', seq=0, k=False, has_next=False)
lora_phy-INFO-  2021-08-14 20:02:27,165-MAC send:LoraFrame(src_addr=LoraAddr(prefix=1, node_id=0), dest_addr=LoraAddr(prefix=27, node_id=24859), command=<MacCommand.JOIN_RESPONSE: 1>, payload='02', seq=0, k=False, has_next=False)
lora_phy-INFO-  2021-08-14 20:02:27,165-MAC switch to reception mode
lora_phy-INFO-  2021-08-14 20:02:27,166-PHY TX:radio tx 0100001B611B010002
lora_phy-INFO-  2021-08-14 20:02:28,170-PHY TX:radio rx 0
lora_phy-INFO-  2021-08-14 20:02:31,245-PHY RX:02611B010000820160000000000E1140223D162E000E4F9C50494E472030
lora_mac-INFO-  2021-08-14 20:02:31,246-MAC RX: LoraFrame(src_addr=LoraAddr(prefix=2, node_id=24859), dest_addr=LoraAddr(prefix=1, node_id=0), command=<MacCommand.DATA: 2>, payload='60000000000E1140223D162E000E4F9C50494E472030', seq=1, k=True, has_next=False)
lora_mac-WARNING-  2021-08-14 20:02:31,246-Loss of 1 frames
lora_phy-INFO-  2021-08-14 20:02:31,246-MAC send:LoraFrame(src_addr=LoraAddr(prefix=1, node_id=0), dest_addr=LoraAddr(prefix=2, node_id=24859), command=<MacCommand.ACK: 3>, payload='', seq=1, k=False, has_next=False)
lora_ip-INFO-  2021-08-14 20:02:31,247-IP RX: 60000000000E1140223D162E000E4F9C50494E472030 from: 2:24859
lora_phy-INFO-  2021-08-14 20:02:31,247-PHY TX:radio tx 01000002611B0301
lora_phy-INFO-  2021-08-14 20:02:31,250-MAC switch to reception mode
lora_mac-INFO-  2021-08-14 20:02:31,253-IP send 60000000000E1140162E223D000E0742504F4E472030 to: 2:24859
lora_phy-INFO-  2021-08-14 20:02:32,254-PHY TX:radio rx 0
lora_phy-INFO-  2021-08-14 20:02:59,263-PHY RX:02611B0100000402
lora_mac-INFO-  2021-08-14 20:02:59,263-MAC RX: LoraFrame(src_addr=LoraAddr(prefix=2, node_id=24859), dest_addr=LoraAddr(prefix=1, node_id=0), command=<MacCommand.QUERY: 4>, payload='', seq=2, k=False, has_next=False)
lora_phy-INFO-  2021-08-14 20:02:59,265-MAC send:LoraFrame(src_addr=LoraAddr(prefix=1, node_id=0), dest_addr=LoraAddr(prefix=2, node_id=24859), command=<MacCommand.DATA: 2>, payload='60000000000E1140162E223D000E0742504F4E472030', seq=1, k=False, has_next=False)
lora_phy-INFO-  2021-08-14 20:02:59,265-MAC switch to reception mode
lora_phy-INFO-  2021-08-14 20:02:59,265-PHY TX:radio tx 01000002611B020160000000000E1140162E223D000E0742504F4E472030
lora_phy-INFO-  2021-08-14 20:03:00,936-PHY TX:radio rx 0
lora_phy-INFO-  2021-08-14 20:03:02,622-PHY RX:02611B01000082036000000000091140223D162E0009761250
lora_mac-INFO-  2021-08-14 20:03:02,623-MAC RX: LoraFrame(src_addr=LoraAddr(prefix=2, node_id=24859), dest_addr=LoraAddr(prefix=1, node_id=0), command=<MacCommand.DATA: 2>, payload='6000000000091140223D162E0009761250', seq=3, k=True, has_next=False)
lora_phy-INFO-  2021-08-14 20:03:02,623-MAC send:LoraFrame(src_addr=LoraAddr(prefix=1, node_id=0), dest_addr=LoraAddr(prefix=2, node_id=24859), command=<MacCommand.ACK: 3>, payload='', seq=3, k=False, has_next=False)
lora_ip-INFO-  2021-08-14 20:03:02,624-IP RX: 6000000000091140223D162E0009761250 from: 2:24859
lora_phy-INFO-  2021-08-14 20:03:02,627-PHY TX:radio tx 01000002611B0303
lora_phy-INFO-  2021-08-14 20:03:02,627-MAC switch to reception mode
lora_mac-INFO-  2021-08-14 20:03:02,631-IP send 60000000000E1140162E223D000E0741504F4E472031 to: 2:24859
lora_phy-INFO-  2021-08-14 20:03:03,633-PHY TX:radio rx 0
lora_phy-INFO-  2021-08-14 20:03:32,036-PHY RX:02611B0100000404
lora_mac-INFO-  2021-08-14 20:03:32,037-MAC RX: LoraFrame(src_addr=LoraAddr(prefix=2, node_id=24859), dest_addr=LoraAddr(prefix=1, node_id=0), command=<MacCommand.QUERY: 4>, payload='', seq=4, k=False, has_next=False)
lora_phy-INFO-  2021-08-14 20:03:32,038-MAC send:LoraFrame(src_addr=LoraAddr(prefix=1, node_id=0), dest_addr=LoraAddr(prefix=2, node_id=24859), command=<MacCommand.DATA: 2>, payload='60000000000E1140162E223D000E0741504F4E472031', seq=2, k=False, has_next=False)
lora_phy-INFO-  2021-08-14 20:03:32,038-MAC switch to reception mode
lora_phy-INFO-  2021-08-14 20:03:32,039-PHY TX:radio tx 01000002611B020260000000000E1140162E223D000E0741504F4E472031
lora_phy-INFO-  2021-08-14 20:03:33,710-PHY TX:radio rx 0
lora_phy-INFO-  2021-08-14 20:03:35,396-PHY RX:02611B01000082056000000000091140223D162E0009761250
lora_mac-INFO-  2021-08-14 20:03:35,397-MAC RX: LoraFrame(src_addr=LoraAddr(prefix=2, node_id=24859), dest_addr=LoraAddr(prefix=1, node_id=0), command=<MacCommand.DATA: 2>, payload='6000000000091140223D162E0009761250', seq=5, k=True, has_next=False)
lora_phy-INFO-  2021-08-14 20:03:35,397-MAC send:LoraFrame(src_addr=LoraAddr(prefix=1, node_id=0), dest_addr=LoraAddr(prefix=2, node_id=24859), command=<MacCommand.ACK: 3>, payload='', seq=5, k=False, has_next=False)
lora_ip-INFO-  2021-08-14 20:03:35,397-IP RX: 6000000000091140223D162E0009761250 from: 2:24859
lora_phy-INFO-  2021-08-14 20:03:35,399-PHY TX:radio tx 01000002611B0305
lora_phy-INFO-  2021-08-14 20:03:35,400-MAC switch to reception mode
lora_mac-INFO-  2021-08-14 20:03:35,405-IP send 60000000000E1140162E223D000E0740504F4E472032 to: 2:24859
lora_phy-INFO-  2021-08-14 20:03:36,403-PHY TX:radio rx 0
lora_phy-INFO-  2021-08-14 20:04:04,810-PHY RX:02611B0100000406
lora_mac-INFO-  2021-08-14 20:04:04,810-MAC RX: LoraFrame(src_addr=LoraAddr(prefix=2, node_id=24859), dest_addr=LoraAddr(prefix=1, node_id=0), command=<MacCommand.QUERY: 4>, payload='', seq=6, k=False, has_next=False)
lora_phy-INFO-  2021-08-14 20:04:04,811-MAC send:LoraFrame(src_addr=LoraAddr(prefix=1, node_id=0), dest_addr=LoraAddr(prefix=2, node_id=24859), command=<MacCommand.DATA: 2>, payload='60000000000E1140162E223D000E0740504F4E472032', seq=3, k=False, has_next=False)
lora_phy-INFO-  2021-08-14 20:04:04,811-MAC switch to reception mode
lora_phy-INFO-  2021-08-14 20:04:04,812-PHY TX:radio tx 01000002611B020360000000000E1140162E223D000E0740504F4E472032
lora_phy-INFO-  2021-08-14 20:04:06,483-PHY TX:radio rx 0
lora_phy-INFO-  2021-08-14 20:04:08,170-PHY RX:02611B01000082076000000000091140223D162E0009761250
lora_mac-INFO-  2021-08-14 20:04:08,170-MAC RX: LoraFrame(src_addr=LoraAddr(prefix=2, node_id=24859), dest_addr=LoraAddr(prefix=1, node_id=0), command=<MacCommand.DATA: 2>, payload='6000000000091140223D162E0009761250', seq=7, k=True, has_next=False)
lora_phy-INFO-  2021-08-14 20:04:08,171-MAC send:LoraFrame(src_addr=LoraAddr(prefix=1, node_id=0), dest_addr=LoraAddr(prefix=2, node_id=24859), command=<MacCommand.ACK: 3>, payload='', seq=7, k=False, has_next=False)
lora_ip-INFO-  2021-08-14 20:04:08,171-IP RX: 6000000000091140223D162E0009761250 from: 2:24859
lora_phy-INFO-  2021-08-14 20:04:08,171-PHY TX:radio tx 01000002611B0307
lora_phy-INFO-  2021-08-14 20:04:08,173-MAC switch to reception mode
lora_mac-INFO-  2021-08-14 20:04:08,176-IP send 60000000000E1140162E223D000E073F504F4E472033 to: 2:24859
lora_phy-INFO-  2021-08-14 20:04:09,177-PHY TX:radio rx 0
lora_phy-INFO-  2021-08-14 20:04:37,583-PHY RX:02611B0100000408
lora_mac-INFO-  2021-08-14 20:04:37,583-MAC RX: LoraFrame(src_addr=LoraAddr(prefix=2, node_id=24859), dest_addr=LoraAddr(prefix=1, node_id=0), command=<MacCommand.QUERY: 4>, payload='', seq=8, k=False, has_next=False)
lora_phy-INFO-  2021-08-14 20:04:37,584-MAC send:LoraFrame(src_addr=LoraAddr(prefix=1, node_id=0), dest_addr=LoraAddr(prefix=2, node_id=24859), command=<MacCommand.DATA: 2>, payload='60000000000E1140162E223D000E073F504F4E472033', seq=4, k=False, has_next=False)
lora_phy-INFO-  2021-08-14 20:04:37,584-MAC switch to reception mode
lora_phy-INFO-  2021-08-14 20:04:37,584-PHY TX:radio tx 01000002611B020460000000000E1140162E223D000E073F504F4E472033
lora_phy-INFO-  2021-08-14 20:04:39,254-PHY TX:radio rx 0
lora_phy-INFO-  2021-08-14 20:04:40,942-PHY RX:02611B01000082096000000000091140223D162E0009761250
lora_mac-INFO-  2021-08-14 20:04:40,943-MAC RX: LoraFrame(src_addr=LoraAddr(prefix=2, node_id=24859), dest_addr=LoraAddr(prefix=1, node_id=0), command=<MacCommand.DATA: 2>, payload='6000000000091140223D162E0009761250', seq=9, k=True, has_next=False)
lora_phy-INFO-  2021-08-14 20:04:40,943-MAC send:LoraFrame(src_addr=LoraAddr(prefix=1, node_id=0), dest_addr=LoraAddr(prefix=2, node_id=24859), command=<MacCommand.ACK: 3>, payload='', seq=9, k=False, has_next=False)
lora_ip-INFO-  2021-08-14 20:04:40,943-IP RX: 6000000000091140223D162E0009761250 from: 2:24859
lora_phy-INFO-  2021-08-14 20:04:40,943-PHY TX:radio tx 01000002611B0309
lora_phy-INFO-  2021-08-14 20:04:40,947-MAC switch to reception mode
lora_mac-INFO-  2021-08-14 20:04:40,954-IP send 60000000000E1140162E223D000E073E504F4E472034 to: 2:24859
lora_phy-INFO-  2021-08-14 20:04:41,957-PHY TX:radio rx 0
lora_phy-INFO-  2021-08-14 20:05:10,357-PHY RX:02611B010000040A
lora_mac-INFO-  2021-08-14 20:05:10,357-MAC RX: LoraFrame(src_addr=LoraAddr(prefix=2, node_id=24859), dest_addr=LoraAddr(prefix=1, node_id=0), command=<MacCommand.QUERY: 4>, payload='', seq=10, k=False, has_next=False)
lora_phy-INFO-  2021-08-14 20:05:10,358-MAC send:LoraFrame(src_addr=LoraAddr(prefix=1, node_id=0), dest_addr=LoraAddr(prefix=2, node_id=24859), command=<MacCommand.DATA: 2>, payload='60000000000E1140162E223D000E073E504F4E472034', seq=5, k=False, has_next=False)
lora_phy-INFO-  2021-08-14 20:05:10,358-MAC switch to reception mode
lora_phy-INFO-  2021-08-14 20:05:10,359-PHY TX:radio tx 01000002611B020560000000000E1140162E223D000E073E504F4E472034
lora_phy-INFO-  2021-08-14 20:05:12,029-PHY TX:radio rx 0
lora_phy-INFO-  2021-08-14 20:05:13,717-PHY RX:02611B010000820B6000000000091140223D162E0009761250
lora_mac-INFO-  2021-08-14 20:05:13,717-MAC RX: LoraFrame(src_addr=LoraAddr(prefix=2, node_id=24859), dest_addr=LoraAddr(prefix=1, node_id=0), command=<MacCommand.DATA: 2>, payload='6000000000091140223D162E0009761250', seq=11, k=True, has_next=False)
lora_phy-INFO-  2021-08-14 20:05:13,717-MAC send:LoraFrame(src_addr=LoraAddr(prefix=1, node_id=0), dest_addr=LoraAddr(prefix=2, node_id=24859), command=<MacCommand.ACK: 3>, payload='', seq=11, k=False, has_next=False)
lora_ip-INFO-  2021-08-14 20:05:13,718-IP RX: 6000000000091140223D162E0009761250 from: 2:24859
lora_phy-INFO-  2021-08-14 20:05:13,718-PHY TX:radio tx 01000002611B030B
lora_phy-INFO-  2021-08-14 20:05:13,720-MAC switch to reception mode
lora_mac-INFO-  2021-08-14 20:05:13,724-IP send 60000000000E1140162E223D000E073D504F4E472035 to: 2:24859
lora_phy-INFO-  2021-08-14 20:05:14,723-PHY TX:radio rx 0
lora_phy-INFO-  2021-08-14 20:05:43,130-PHY RX:02611B010000040C
lora_mac-INFO-  2021-08-14 20:05:43,130-MAC RX: LoraFrame(src_addr=LoraAddr(prefix=2, node_id=24859), dest_addr=LoraAddr(prefix=1, node_id=0), command=<MacCommand.QUERY: 4>, payload='', seq=12, k=False, has_next=False)
lora_phy-INFO-  2021-08-14 20:05:43,131-MAC send:LoraFrame(src_addr=LoraAddr(prefix=1, node_id=0), dest_addr=LoraAddr(prefix=2, node_id=24859), command=<MacCommand.DATA: 2>, payload='60000000000E1140162E223D000E073D504F4E472035', seq=6, k=False, has_next=False)
lora_phy-INFO-  2021-08-14 20:05:43,131-MAC switch to reception mode
lora_phy-INFO-  2021-08-14 20:05:43,131-PHY TX:radio tx 01000002611B020660000000000E1140162E223D000E073D504F4E472035
lora_phy-INFO-  2021-08-14 20:05:44,802-PHY TX:radio rx 0
lora_phy-INFO-  2021-08-14 20:05:46,491-PHY RX:02611B010000820D6000000000091140223D162E0009761250
lora_mac-INFO-  2021-08-14 20:05:46,491-MAC RX: LoraFrame(src_addr=LoraAddr(prefix=2, node_id=24859), dest_addr=LoraAddr(prefix=1, node_id=0), command=<MacCommand.DATA: 2>, payload='6000000000091140223D162E0009761250', seq=13, k=True, has_next=False)
lora_phy-INFO-  2021-08-14 20:05:46,491-MAC send:LoraFrame(src_addr=LoraAddr(prefix=1, node_id=0), dest_addr=LoraAddr(prefix=2, node_id=24859), command=<MacCommand.ACK: 3>, payload='', seq=13, k=False, has_next=False)
lora_ip-INFO-  2021-08-14 20:05:46,492-IP RX: 6000000000091140223D162E0009761250 from: 2:24859
lora_phy-INFO-  2021-08-14 20:05:46,492-PHY TX:radio tx 01000002611B030D
lora_phy-INFO-  2021-08-14 20:05:46,493-MAC switch to reception mode
lora_mac-INFO-  2021-08-14 20:05:46,496-IP send 60000000000E1140162E223D000E073C504F4E472036 to: 2:24859
lora_phy-INFO-  2021-08-14 20:05:47,497-PHY TX:radio rx 0
lora_phy-INFO-  2021-08-14 20:06:15,904-PHY RX:02611B010000040E
lora_mac-INFO-  2021-08-14 20:06:15,905-MAC RX: LoraFrame(src_addr=LoraAddr(prefix=2, node_id=24859), dest_addr=LoraAddr(prefix=1, node_id=0), command=<MacCommand.QUERY: 4>, payload='', seq=14, k=False, has_next=False)
lora_phy-INFO-  2021-08-14 20:06:15,906-MAC send:LoraFrame(src_addr=LoraAddr(prefix=1, node_id=0), dest_addr=LoraAddr(prefix=2, node_id=24859), command=<MacCommand.DATA: 2>, payload='60000000000E1140162E223D000E073C504F4E472036', seq=7, k=False, has_next=False)
lora_phy-INFO-  2021-08-14 20:06:15,906-MAC switch to reception mode
lora_phy-INFO-  2021-08-14 20:06:15,907-PHY TX:radio tx 01000002611B020760000000000E1140162E223D000E073C504F4E472036
lora_phy-INFO-  2021-08-14 20:06:17,577-PHY TX:radio rx 0
lora_phy-INFO-  2021-08-14 20:06:19,265-PHY RX:02611B010000820F6000000000091140223D162E0009761250
lora_mac-INFO-  2021-08-14 20:06:19,266-MAC RX: LoraFrame(src_addr=LoraAddr(prefix=2, node_id=24859), dest_addr=LoraAddr(prefix=1, node_id=0), command=<MacCommand.DATA: 2>, payload='6000000000091140223D162E0009761250', seq=15, k=True, has_next=False)
lora_phy-INFO-  2021-08-14 20:06:19,266-MAC send:LoraFrame(src_addr=LoraAddr(prefix=1, node_id=0), dest_addr=LoraAddr(prefix=2, node_id=24859), command=<MacCommand.ACK: 3>, payload='', seq=15, k=False, has_next=False)
lora_ip-INFO-  2021-08-14 20:06:19,266-IP RX: 6000000000091140223D162E0009761250 from: 2:24859
lora_phy-INFO-  2021-08-14 20:06:19,268-PHY TX:radio tx 01000002611B030F
lora_phy-INFO-  2021-08-14 20:06:19,270-MAC switch to reception mode
lora_mac-INFO-  2021-08-14 20:06:19,272-IP send 60000000000E1140162E223D000E073B504F4E472037 to: 2:24859
lora_phy-INFO-  2021-08-14 20:06:20,273-PHY TX:radio rx 0
lora_phy-INFO-  2021-08-14 20:06:48,685-PHY RX:02611B0100000410
lora_mac-INFO-  2021-08-14 20:06:48,686-MAC RX: LoraFrame(src_addr=LoraAddr(prefix=2, node_id=24859), dest_addr=LoraAddr(prefix=1, node_id=0), command=<MacCommand.QUERY: 4>, payload='', seq=16, k=False, has_next=False)
lora_phy-INFO-  2021-08-14 20:06:48,687-MAC send:LoraFrame(src_addr=LoraAddr(prefix=1, node_id=0), dest_addr=LoraAddr(prefix=2, node_id=24859), command=<MacCommand.DATA: 2>, payload='60000000000E1140162E223D000E073B504F4E472037', seq=8, k=False, has_next=False)
lora_phy-INFO-  2021-08-14 20:06:48,687-MAC switch to reception mode
lora_phy-INFO-  2021-08-14 20:06:48,688-PHY TX:radio tx 01000002611B020860000000000E1140162E223D000E073B504F4E472037
lora_phy-INFO-  2021-08-14 20:06:50,358-PHY TX:radio rx 0
lora_phy-INFO-  2021-08-14 20:06:52,046-PHY RX:02611B01000082116000000000091140223D162E0009761250
lora_mac-INFO-  2021-08-14 20:06:52,046-MAC RX: LoraFrame(src_addr=LoraAddr(prefix=2, node_id=24859), dest_addr=LoraAddr(prefix=1, node_id=0), command=<MacCommand.DATA: 2>, payload='6000000000091140223D162E0009761250', seq=17, k=True, has_next=False)
lora_phy-INFO-  2021-08-14 20:06:52,047-MAC send:LoraFrame(src_addr=LoraAddr(prefix=1, node_id=0), dest_addr=LoraAddr(prefix=2, node_id=24859), command=<MacCommand.ACK: 3>, payload='', seq=17, k=False, has_next=False)
lora_ip-INFO-  2021-08-14 20:06:52,047-IP RX: 6000000000091140223D162E0009761250 from: 2:24859
lora_phy-INFO-  2021-08-14 20:06:52,047-PHY TX:radio tx 01000002611B0311
lora_phy-INFO-  2021-08-14 20:06:52,049-MAC switch to reception mode
lora_mac-INFO-  2021-08-14 20:06:52,050-IP send 60000000000E1140162E223D000E073A504F4E472038 to: 2:24859
lora_phy-INFO-  2021-08-14 20:06:53,052-PHY TX:radio rx 0
lora_phy-INFO-  2021-08-14 20:07:21,466-PHY RX:02611B0100000412
lora_mac-INFO-  2021-08-14 20:07:21,466-MAC RX: LoraFrame(src_addr=LoraAddr(prefix=2, node_id=24859), dest_addr=LoraAddr(prefix=1, node_id=0), command=<MacCommand.QUERY: 4>, payload='', seq=18, k=False, has_next=False)
lora_phy-INFO-  2021-08-14 20:07:21,467-MAC send:LoraFrame(src_addr=LoraAddr(prefix=1, node_id=0), dest_addr=LoraAddr(prefix=2, node_id=24859), command=<MacCommand.DATA: 2>, payload='60000000000E1140162E223D000E073A504F4E472038', seq=9, k=False, has_next=False)
lora_phy-INFO-  2021-08-14 20:07:21,467-MAC switch to reception mode
lora_phy-INFO-  2021-08-14 20:07:21,467-PHY TX:radio tx 01000002611B020960000000000E1140162E223D000E073A504F4E472038
lora_phy-INFO-  2021-08-14 20:07:23,138-PHY TX:radio rx 0
lora_phy-INFO-  2021-08-14 20:07:24,826-PHY RX:02611B01000082136000000000091140223D162E0009761250
lora_mac-INFO-  2021-08-14 20:07:24,826-MAC RX: LoraFrame(src_addr=LoraAddr(prefix=2, node_id=24859), dest_addr=LoraAddr(prefix=1, node_id=0), command=<MacCommand.DATA: 2>, payload='6000000000091140223D162E0009761250', seq=19, k=True, has_next=False)
lora_phy-INFO-  2021-08-14 20:07:24,827-MAC send:LoraFrame(src_addr=LoraAddr(prefix=1, node_id=0), dest_addr=LoraAddr(prefix=2, node_id=24859), command=<MacCommand.ACK: 3>, payload='', seq=19, k=False, has_next=False)
lora_ip-INFO-  2021-08-14 20:07:24,827-IP RX: 6000000000091140223D162E0009761250 from: 2:24859
lora_phy-INFO-  2021-08-14 20:07:24,829-PHY TX:radio tx 01000002611B0313
lora_phy-INFO-  2021-08-14 20:07:24,829-MAC switch to reception mode
lora_mac-INFO-  2021-08-14 20:07:24,833-IP send 60000000000E1140162E223D000E0739504F4E472039 to: 2:24859
lora_phy-INFO-  2021-08-14 20:07:25,833-PHY TX:radio rx 0
