lora_ip-INFO-  2021-08-14 20:21:19,109-Init IP layer
lora_mac-INFO-  2021-08-14 20:21:19,109-Init MAC
lora_phy-INFO-  2021-08-14 20:21:19,109-Init PHY
lora_phy-INFO-  2021-08-14 20:21:19,111-Radio configuration: {'txBufSize': 10, 'rxBufSize': 10, 'port': '/dev/ttyUSB0', 'baudrate': '57600', 'frequence': '868100000', 'bandwidth': '125', 'cr': '4/5', 'pwr': '1', 'sf': 'sf12'}
lora_phy-INFO-  2021-08-14 20:21:19,112-PHY TX:mac pause
lora_phy-INFO-  2021-08-14 20:21:19,112-MAC set watchdog timer to 0 ms
lora_phy-INFO-  2021-08-14 20:21:19,112-MAC switch to reception mode
lora_phy-INFO-  2021-08-14 20:21:19,125-PHY TX:radio set mod lora
lora_phy-INFO-  2021-08-14 20:21:19,131-PHY TX:radio set freq 868100000
lora_phy-INFO-  2021-08-14 20:21:19,146-PHY TX:radio set bw 125
lora_phy-INFO-  2021-08-14 20:21:19,152-PHY TX:radio set cr 4/5
lora_phy-INFO-  2021-08-14 20:21:19,158-PHY TX:radio set pwr 1
lora_phy-INFO-  2021-08-14 20:21:19,164-PHY TX:radio set sf sf12
lora_phy-INFO-  2021-08-14 20:21:19,170-PHY TX:radio set wdt 0
lora_phy-INFO-  2021-08-14 20:21:19,177-PHY TX:radio rx 0
lora_phy-INFO-  2021-08-14 20:21:20,753-PHY RX:1B611B0100000000
lora_mac-INFO-  2021-08-14 20:21:20,754-MAC RX: LoraFrame(src_addr=LoraAddr(prefix=27, node_id=24859), dest_addr=LoraAddr(prefix=1, node_id=0), command=<MacCommand.JOIN: 0>, payload='', seq=0, k=False, has_next=False)
lora_phy-INFO-  2021-08-14 20:21:20,755-MAC send:LoraFrame(src_addr=LoraAddr(prefix=1, node_id=0), dest_addr=LoraAddr(prefix=27, node_id=24859), command=<MacCommand.JOIN_RESPONSE: 1>, payload='02', seq=0, k=False, has_next=False)
lora_phy-INFO-  2021-08-14 20:21:20,755-MAC switch to reception mode
lora_phy-INFO-  2021-08-14 20:21:20,755-PHY TX:radio tx 0100001B611B010002
lora_phy-INFO-  2021-08-14 20:21:21,760-PHY TX:radio rx 0
lora_phy-INFO-  2021-08-14 20:21:25,288-PHY RX:02611B010000820160000000000E1140223D162E000E4F9C50494E472030
lora_mac-INFO-  2021-08-14 20:21:25,289-MAC RX: LoraFrame(src_addr=LoraAddr(prefix=2, node_id=24859), dest_addr=LoraAddr(prefix=1, node_id=0), command=<MacCommand.DATA: 2>, payload='60000000000E1140223D162E000E4F9C50494E472030', seq=1, k=True, has_next=False)
lora_mac-WARNING-  2021-08-14 20:21:25,289-Loss of 1 frames
lora_phy-INFO-  2021-08-14 20:21:25,290-MAC send:LoraFrame(src_addr=LoraAddr(prefix=1, node_id=0), dest_addr=LoraAddr(prefix=2, node_id=24859), command=<MacCommand.ACK: 3>, payload='', seq=1, k=False, has_next=False)
lora_ip-INFO-  2021-08-14 20:21:25,290-IP RX: 60000000000E1140223D162E000E4F9C50494E472030 from: 2:24859
lora_phy-INFO-  2021-08-14 20:21:25,290-PHY TX:radio tx 01000002611B0301
lora_phy-INFO-  2021-08-14 20:21:25,294-MAC switch to reception mode
lora_mac-INFO-  2021-08-14 20:21:25,298-IP send 60000000000E1140162E223D000E0742504F4E472030 to: 2:24859
lora_phy-INFO-  2021-08-14 20:21:26,298-PHY TX:radio rx 0
lora_phy-INFO-  2021-08-14 20:21:52,845-PHY RX:02611B0100000402
lora_mac-INFO-  2021-08-14 20:21:52,845-MAC RX: LoraFrame(src_addr=LoraAddr(prefix=2, node_id=24859), dest_addr=LoraAddr(prefix=1, node_id=0), command=<MacCommand.QUERY: 4>, payload='', seq=2, k=False, has_next=False)
lora_phy-INFO-  2021-08-14 20:21:52,847-MAC send:LoraFrame(src_addr=LoraAddr(prefix=1, node_id=0), dest_addr=LoraAddr(prefix=2, node_id=24859), command=<MacCommand.DATA: 2>, payload='60000000000E1140162E223D000E0742504F4E472030', seq=1, k=False, has_next=False)
lora_phy-INFO-  2021-08-14 20:21:52,848-MAC switch to reception mode
lora_phy-INFO-  2021-08-14 20:21:52,848-PHY TX:radio tx 01000002611B020160000000000E1140162E223D000E0742504F4E472030
lora_phy-INFO-  2021-08-14 20:21:54,521-PHY TX:radio rx 0
lora_phy-INFO-  2021-08-14 20:21:56,208-PHY RX:02611B01000082036000000000091140223D162E0009761250
lora_mac-INFO-  2021-08-14 20:21:56,209-MAC RX: LoraFrame(src_addr=LoraAddr(prefix=2, node_id=24859), dest_addr=LoraAddr(prefix=1, node_id=0), command=<MacCommand.DATA: 2>, payload='6000000000091140223D162E0009761250', seq=3, k=True, has_next=False)
lora_phy-INFO-  2021-08-14 20:21:56,209-MAC send:LoraFrame(src_addr=LoraAddr(prefix=1, node_id=0), dest_addr=LoraAddr(prefix=2, node_id=24859), command=<MacCommand.ACK: 3>, payload='', seq=3, k=False, has_next=False)
lora_ip-INFO-  2021-08-14 20:21:56,210-IP RX: 6000000000091140223D162E0009761250 from: 2:24859
lora_phy-INFO-  2021-08-14 20:21:56,210-PHY TX:radio tx 01000002611B0303
lora_phy-INFO-  2021-08-14 20:21:56,212-MAC switch to reception mode
lora_mac-INFO-  2021-08-14 20:21:56,215-IP send 60000000000E1140162E223D000E0741504F4E472031 to: 2:24859
lora_phy-INFO-  2021-08-14 20:21:57,216-PHY TX:radio rx 0
lora_phy-INFO-  2021-08-14 20:22:25,626-PHY RX:02611B0100000404
lora_mac-INFO-  2021-08-14 20:22:25,626-MAC RX: LoraFrame(src_addr=LoraAddr(prefix=2, node_id=24859), dest_addr=LoraAddr(prefix=1, node_id=0), command=<MacCommand.QUERY: 4>, payload='', seq=4, k=False, has_next=False)
lora_phy-INFO-  2021-08-14 20:22:25,627-MAC send:LoraFrame(src_addr=LoraAddr(prefix=1, node_id=0), dest_addr=LoraAddr(prefix=2, node_id=24859), command=<MacCommand.DATA: 2>, payload='60000000000E1140162E223D000E0741504F4E472031', seq=2, k=False, has_next=False)
lora_phy-INFO-  2021-08-14 20:22:25,627-MAC switch to reception mode
lora_phy-INFO-  2021-08-14 20:22:25,628-PHY TX:radio tx 01000002611B020260000000000E1140162E223D000E0741504F4E472031
lora_phy-INFO-  2021-08-14 20:22:27,298-PHY TX:radio rx 0
lora_phy-INFO-  2021-08-14 20:22:28,985-PHY RX:02611B01000082056000000000091140223D162E0009761250
lora_mac-INFO-  2021-08-14 20:22:28,985-MAC RX: LoraFrame(src_addr=LoraAddr(prefix=2, node_id=24859), dest_addr=LoraAddr(prefix=1, node_id=0), command=<MacCommand.DATA: 2>, payload='6000000000091140223D162E0009761250', seq=5, k=True, has_next=False)
lora_phy-INFO-  2021-08-14 20:22:28,985-MAC send:LoraFrame(src_addr=LoraAddr(prefix=1, node_id=0), dest_addr=LoraAddr(prefix=2, node_id=24859), command=<MacCommand.ACK: 3>, payload='', seq=5, k=False, has_next=False)
lora_ip-INFO-  2021-08-14 20:22:28,985-IP RX: 6000000000091140223D162E0009761250 from: 2:24859
lora_phy-INFO-  2021-08-14 20:22:28,986-PHY TX:radio tx 01000002611B0305
lora_phy-INFO-  2021-08-14 20:22:28,988-MAC switch to reception mode
lora_phy-INFO-  2021-08-14 20:22:29,992-PHY TX:radio rx 0
